#
# A fatal error has been detected by the Java Runtime Environment:
#
#  EXCEPTION_ACCESS_VIOLATION (0xc0000005) at pc=0x00007ffa608ad7c0, pid=3296, tid=13424
#
# JRE version: OpenJDK Runtime Environment (17.0.6) (build 17.0.6+0-b2043.56-10027231)
# Java VM: OpenJDK 64-Bit Server VM (17.0.6+0-b2043.56-10027231, mixed mode, tiered, compressed oops, compressed class ptrs, g1 gc, windows-amd64)
# Problematic frame:
# V  [jvm.dll+0x36d7c0]
#
# No core dump will be written. Minidumps are not enabled by default on client versions of Windows
#
# If you would like to submit a bug report, please visit:
#   https://bugreport.java.com/bugreport/crash.jsp
#

---------------  S U M M A R Y ------------

Command Line: --add-opens=java.base/java.util=ALL-UNNAMED --add-opens=java.base/java.lang=ALL-UNNAMED --add-opens=java.base/java.lang.invoke=ALL-UNNAMED --add-opens=java.prefs/java.util.prefs=ALL-UNNAMED --add-opens=java.base/java.nio.charset=ALL-UNNAMED --add-opens=java.base/java.net=ALL-UNNAMED --add-opens=java.base/java.util.concurrent.atomic=ALL-UNNAMED -Xmx2048m -Dfile.encoding=UTF-8 -Duser.country=RU -Duser.language=ru -Duser.variant -javaagent:C:\Users\RoGad\OneDrive\Рабочий стол\gradle-8.4\lib\agents\gradle-instrumentation-agent-8.4.jar org.gradle.launcher.daemon.bootstrap.GradleDaemon 8.4

Host: AMD Ryzen 5 3500U with Radeon Vega Mobile Gfx  , 8 cores, 14G,  Windows 11 , 64 bit Build 22621 (10.0.22621.2428)
Time: Tue Oct 31 21:05:30 2023  Windows 11 , 64 bit Build 22621 (10.0.22621.2428) elapsed time: 59.235820 seconds (0d 0h 0m 59s)

---------------  T H R E A D  ---------------

Current thread (0x000001bbdf814a60):  JavaThread "C2 CompilerThread1" daemon [_thread_in_native, id=13424, stack(0x0000002c11300000,0x0000002c11400000)]


Current CompileTask:
C2:  59236 8190       4       java.lang.String::split (327 bytes)

Stack: [0x0000002c11300000,0x0000002c11400000],  sp=0x0000002c113fbd20,  free space=1007k
Native frames: (J=compiled Java code, j=interpreted, Vv=VM code, C=native code)
V  [jvm.dll+0x36d7c0]
V  [jvm.dll+0x368d67]
V  [jvm.dll+0x1bd4f1]
V  [jvm.dll+0x1bd15b]
V  [jvm.dll+0x21c359]
V  [jvm.dll+0x21b621]
V  [jvm.dll+0x1a4fdd]
V  [jvm.dll+0x22b098]
V  [jvm.dll+0x229159]
V  [jvm.dll+0x7f81ec]
V  [jvm.dll+0x7f274a]
V  [jvm.dll+0x682ad5]
C  [ucrtbase.dll+0x29363]
C  [KERNEL32.DLL+0x1257d]
C  [ntdll.dll+0x5aa78]


siginfo: EXCEPTION_ACCESS_VIOLATION (0xc0000005), reading address 0x00007ffa690d11c8


Register to memory mapping:

RIP=0x00007ffa608ad7c0 jvm.dll
RAX=0x0 is NULL
RBX=0x0000002c113fbd70 is pointing into the stack for thread: 0x000001bbdf814a60
RCX=0x0 is NULL
RDX=0x00007ffa690d11c8 is an unknown value
RSP=0x0000002c113fbd20 is pointing into the stack for thread: 0x000001bbdf814a60
RBP=0x0000002c113fbf70 is pointing into the stack for thread: 0x000001bbdf814a60
RSI=0x00007ffa610d11c8 jvm.dll
RDI=0x0000000000000002 is an unknown value
R8 =0x000001bbe6972860 points into unknown readable memory: 0x0000001000000006 | 06 00 00 00 10 00 00 00
R9 =0x000001bbe2301084 points into unknown readable memory: 54 00 00 00
R10=0x0000000000000002 is an unknown value
R11=0x000001bbe4eafc38 points into unknown readable memory: 0x0000000000000003 | 03 00 00 00 00 00 00 00
R12=0x000000000007b3e0 is an unknown value
R13=0x0000002c113fc310 is pointing into the stack for thread: 0x000001bbdf814a60
R14=0x0000000000000021 is an unknown value
R15=0x00007ffa610d11c8 jvm.dll


Registers:
RAX=0x0000000000000000, RBX=0x0000002c113fbd70, RCX=0x0000000000000000, RDX=0x00007ffa690d11c8
RSP=0x0000002c113fbd20, RBP=0x0000002c113fbf70, RSI=0x00007ffa610d11c8, RDI=0x0000000000000002
R8 =0x000001bbe6972860, R9 =0x000001bbe2301084, R10=0x0000000000000002, R11=0x000001bbe4eafc38
R12=0x000000000007b3e0, R13=0x0000002c113fc310, R14=0x0000000000000021, R15=0x00007ffa610d11c8
RIP=0x00007ffa608ad7c0, EFLAGS=0x0000000000010246

Top of Stack: (sp=0x0000002c113fbd20)
0x0000002c113fbd20:   0000000000000000 0000000000000000
0x0000002c113fbd30:   0000000000000000 0000000000000000
0x0000002c113fbd40:   000000000000752f 00007ffa608a8d67
0x0000002c113fbd50:   0000000000000000 0000000000000c61
0x0000002c113fbd60:   0000000000000000 0000000000000000
0x0000002c113fbd70:   0000000000000000 0000000400000000
0x0000002c113fbd80:   0000001000000000 00007ffa690d11c8
0x0000002c113fbd90:   000001bbe23bd138 000001bbe6972860
0x0000002c113fbda0:   0000000000000c61 0000000000000000
0x0000002c113fbdb0:   0000000000000000 00007ffa606fd4f1
0x0000002c113fbdc0:   000000000000752f 0000000000000000
0x0000002c113fbdd0:   000001bbe4eb05a0 00007ffa60e7edd8
0x0000002c113fbde0:   0000000000000000 0000000200000f45
0x0000002c113fbdf0:   0000001000000010 000001bbe2f6dd40
0x0000002c113fbe00:   000001bbe23bc9c8 000001bbe6971fa0
0x0000002c113fbe10:   0000000000000000 0000000000000000 

Instructions: (pc=0x00007ffa608ad7c0)
0x00007ffa608ad6c0:   48 8b a8 80 00 00 00 48 8b 8d d0 08 00 00 48 85
0x00007ffa608ad6d0:   c9 75 0c e8 e8 0b 00 00 48 8b 8d d0 08 00 00 48
0x00007ffa608ad6e0:   8b 01 0f 57 c0 48 89 85 d0 08 00 00 0f 11 01 0f
0x00007ffa608ad6f0:   11 41 10 41 0f 10 06 0f 11 01 41 0f 10 4e 10 0f
0x00007ffa608ad700:   11 49 10 48 8b 43 08 48 89 0c 06 ff c7 ba 50 00
0x00007ffa608ad710:   00 00 3b bb 90 00 00 00 0f 82 62 ff ff ff 4c 8b
0x00007ffa608ad720:   74 24 60 4c 8b 6c 24 58 4c 8b 64 24 50 48 8b c3
0x00007ffa608ad730:   48 83 c4 20 41 5f 5f 5e 5d 5b c3 cc cc cc cc cc
0x00007ffa608ad740:   40 53 48 83 ec 20 8b 51 0c 48 8b d9 83 fa 04 73
0x00007ffa608ad750:   2a 4c 8b 59 18 66 66 66 0f 1f 84 00 00 00 00 00
0x00007ffa608ad760:   44 8b d2 44 8d 4a 01 4b 83 3c d3 00 0f 85 8f 00
0x00007ffa608ad770:   00 00 41 8b d1 41 83 f9 04 72 e5 48 89 74 24 30
0x00007ffa608ad780:   48 89 7c 24 38 8b 79 10 3b 79 14 73 62 48 8d 35
0x00007ffa608ad790:   34 3a 82 00 0f 1f 40 00 0f 1f 84 00 00 00 00 00
0x00007ffa608ad7a0:   48 8b 43 20 8b cf 48 8b 14 c8 48 3b d6 74 39 33
0x00007ffa608ad7b0:   c0 48 89 53 18 33 c9 66 0f 1f 84 00 00 00 00 00
0x00007ffa608ad7c0:   48 83 3c 11 00 44 8d 48 01 75 6f 48 83 c1 08 41
0x00007ffa608ad7d0:   8b c1 41 83 f9 04 72 e8 48 8b 4b 28 48 85 c9 74
0x00007ffa608ad7e0:   07 8b d7 e8 58 01 00 00 ff c7 3b 7b 14 72 b1 48
0x00007ffa608ad7f0:   8b 74 24 30 33 c0 48 8b 7c 24 38 48 83 c4 20 5b
0x00007ffa608ad800:   c3 8b 41 10 44 8d 04 82 41 c1 e0 06 41 81 c0 00
0x00007ffa608ad810:   ff ff ff 44 89 41 08 4b 8b 14 d3 48 0f bc c2 44
0x00007ffa608ad820:   89 49 0c 8b c8 48 d3 ea 48 ff ca 41 03 c0 48 89
0x00007ffa608ad830:   13 89 43 08 48 83 c4 20 5b c3 48 8b 74 24 30 44
0x00007ffa608ad840:   8d 04 b8 8b c8 8d 47 01 48 8b 7c 24 38 41 c1 e0
0x00007ffa608ad850:   06 44 89 43 08 48 8b 14 ca 89 43 10 48 0f bc c2
0x00007ffa608ad860:   44 89 4b 0c 8b c8 48 d3 ea 48 ff ca 41 03 c0 48
0x00007ffa608ad870:   89 13 89 43 08 48 83 c4 20 5b c3 cc cc cc cc cc
0x00007ffa608ad880:   40 53 48 83 ec 20 65 48 8b 04 25 58 00 00 00 8b
0x00007ffa608ad890:   0d 23 21 86 00 48 8b 1c c8 b8 50 00 00 00 80 3c
0x00007ffa608ad8a0:   18 00 75 05 e8 27 02 53 00 b8 20 00 00 00 48 8b
0x00007ffa608ad8b0:   04 18 48 8b 88 d0 04 00 00 48 8b 99 80 00 00 00 


Stack slot to memory mapping:
stack at sp + 0 slots: 0x0 is NULL
stack at sp + 1 slots: 0x0 is NULL
stack at sp + 2 slots: 0x0 is NULL
stack at sp + 3 slots: 0x0 is NULL
stack at sp + 4 slots: 0x000000000000752f is an unknown value
stack at sp + 5 slots: 0x00007ffa608a8d67 jvm.dll
stack at sp + 6 slots: 0x0 is NULL
stack at sp + 7 slots: 0x0000000000000c61 is an unknown value


---------------  P R O C E S S  ---------------

Threads class SMR info:
_java_thread_list=0x000001bbe11ffce0, length=43, elements={
0x000001bbc23db130, 0x000001bbdcc45020, 0x000001bbdcc46c50, 0x000001bbdcc5bf90,
0x000001bbdcc5c850, 0x000001bbdcc5f310, 0x000001bbdcc5fcc0, 0x000001bbdcc7e730,
0x000001bbdcc81700, 0x000001bbdcc820f0, 0x000001bbdcd4eab0, 0x000001bbdceaf520,
0x000001bbde2919d0, 0x000001bbddde7060, 0x000001bbddb86fb0, 0x000001bbdd2ce800,
0x000001bbdd2c92e0, 0x000001bbdd383050, 0x000001bbdd3838f0, 0x000001bbdd58fdb0,
0x000001bbdd58c8c0, 0x000001bbdd58cd90, 0x000001bbdd58c3f0, 0x000001bbdd58e0d0,
0x000001bbdd58e5a0, 0x000001bbdd58ea70, 0x000001bbdd58ef40, 0x000001bbdd58f8e0,
0x000001bbdd58d260, 0x000001bbdd58d730, 0x000001bbdd520d30, 0x000001bbdd51f520,
0x000001bbdd51c9d0, 0x000001bbdd519e80, 0x000001bbdd51a820, 0x000001bbdd51bb60,
0x000001bbdd51e1e0, 0x000001bbdd51d370, 0x000001bbdd51e6b0, 0x000001bbdd51a350,
0x000001bbdd51acf0, 0x000001bbdd51eb80, 0x000001bbdf814a60
}

Java Threads: ( => current thread )
  0x000001bbc23db130 JavaThread "main" [_thread_blocked, id=18864, stack(0x0000002c0db00000,0x0000002c0dc00000)]
  0x000001bbdcc45020 JavaThread "Reference Handler" daemon [_thread_blocked, id=19200, stack(0x0000002c0e200000,0x0000002c0e300000)]
  0x000001bbdcc46c50 JavaThread "Finalizer" daemon [_thread_blocked, id=12636, stack(0x0000002c0e300000,0x0000002c0e400000)]
  0x000001bbdcc5bf90 JavaThread "Signal Dispatcher" daemon [_thread_blocked, id=19408, stack(0x0000002c0e400000,0x0000002c0e500000)]
  0x000001bbdcc5c850 JavaThread "Attach Listener" daemon [_thread_blocked, id=19404, stack(0x0000002c0e500000,0x0000002c0e600000)]
  0x000001bbdcc5f310 JavaThread "Service Thread" daemon [_thread_blocked, id=19400, stack(0x0000002c0e600000,0x0000002c0e700000)]
  0x000001bbdcc5fcc0 JavaThread "Monitor Deflation Thread" daemon [_thread_blocked, id=19380, stack(0x0000002c0e700000,0x0000002c0e800000)]
  0x000001bbdcc7e730 JavaThread "C2 CompilerThread0" daemon [_thread_in_native, id=19376, stack(0x0000002c0e800000,0x0000002c0e900000)]
  0x000001bbdcc81700 JavaThread "C1 CompilerThread0" daemon [_thread_blocked, id=8224, stack(0x0000002c0e900000,0x0000002c0ea00000)]
  0x000001bbdcc820f0 JavaThread "Sweeper thread" daemon [_thread_blocked, id=16508, stack(0x0000002c0ea00000,0x0000002c0eb00000)]
  0x000001bbdcd4eab0 JavaThread "Common-Cleaner" daemon [_thread_blocked, id=6836, stack(0x0000002c0eb00000,0x0000002c0ec00000)]
  0x000001bbdceaf520 JavaThread "Notification Thread" daemon [_thread_blocked, id=7784, stack(0x0000002c0ec00000,0x0000002c0ed00000)]
  0x000001bbde2919d0 JavaThread "Daemon health stats" [_thread_blocked, id=19088, stack(0x0000002c0ee00000,0x0000002c0ef00000)]
  0x000001bbddde7060 JavaThread "Incoming local TCP Connector on port 53674" [_thread_in_native, id=19240, stack(0x0000002c0ef00000,0x0000002c0f000000)]
  0x000001bbddb86fb0 JavaThread "Daemon periodic checks" [_thread_blocked, id=19244, stack(0x0000002c0f400000,0x0000002c0f500000)]
  0x000001bbdd2ce800 JavaThread "Daemon" [_thread_blocked, id=19248, stack(0x0000002c0f500000,0x0000002c0f600000)]
  0x000001bbdd2c92e0 JavaThread "Handler for socket connection from /127.0.0.1:53674 to /127.0.0.1:53675" [_thread_in_native, id=19252, stack(0x0000002c0f600000,0x0000002c0f700000)]
  0x000001bbdd383050 JavaThread "Cancel handler" [_thread_blocked, id=19344, stack(0x0000002c0f800000,0x0000002c0f900000)]
  0x000001bbdd3838f0 JavaThread "Daemon worker" [_thread_in_Java, id=19064, stack(0x0000002c0f900000,0x0000002c0fa00000)]
  0x000001bbdd58fdb0 JavaThread "Asynchronous log dispatcher for DefaultDaemonConnection: socket connection from /127.0.0.1:53674 to /127.0.0.1:53675" [_thread_blocked, id=18900, stack(0x0000002c0fa00000,0x0000002c0fb00000)]
  0x000001bbdd58c8c0 JavaThread "Stdin handler" [_thread_blocked, id=16448, stack(0x0000002c0fb00000,0x0000002c0fc00000)]
  0x000001bbdd58cd90 JavaThread "Daemon client event forwarder" [_thread_blocked, id=15552, stack(0x0000002c0fc00000,0x0000002c0fd00000)]
  0x000001bbdd58c3f0 JavaThread "Cache worker for journal cache (C:\Users\RoGad\.gradle\caches\journal-1)" [_thread_blocked, id=19020, stack(0x0000002c10000000,0x0000002c10100000)]
  0x000001bbdd58e0d0 JavaThread "File lock request listener" [_thread_in_native, id=19016, stack(0x0000002c10100000,0x0000002c10200000)]
  0x000001bbdd58e5a0 JavaThread "Cache worker for file hash cache (C:\Users\RoGad\.gradle\caches\8.4\fileHashes)" [_thread_blocked, id=18348, stack(0x0000002c10300000,0x0000002c10400000)]
  0x000001bbdd58ea70 JavaThread "File watcher server" daemon [_thread_in_native, id=4168, stack(0x0000002c10400000,0x0000002c10500000)]
  0x000001bbdd58ef40 JavaThread "File watcher consumer" daemon [_thread_blocked, id=14772, stack(0x0000002c10500000,0x0000002c10600000)]
  0x000001bbdd58f8e0 JavaThread "jar transforms" [_thread_blocked, id=18680, stack(0x0000002c10200000,0x0000002c10300000)]
  0x000001bbdd58d260 JavaThread "jar transforms Thread 2" [_thread_blocked, id=18624, stack(0x0000002c10600000,0x0000002c10700000)]
  0x000001bbdd58d730 JavaThread "jar transforms Thread 3" [_thread_blocked, id=19128, stack(0x0000002c10700000,0x0000002c10800000)]
  0x000001bbdd520d30 JavaThread "jar transforms Thread 4" [_thread_blocked, id=19320, stack(0x0000002c10800000,0x0000002c10900000)]
  0x000001bbdd51f520 JavaThread "jar transforms Thread 5" [_thread_blocked, id=6796, stack(0x0000002c10900000,0x0000002c10a00000)]
  0x000001bbdd51c9d0 JavaThread "jar transforms Thread 6" [_thread_blocked, id=19308, stack(0x0000002c10a00000,0x0000002c10b00000)]
  0x000001bbdd519e80 JavaThread "jar transforms Thread 7" [_thread_blocked, id=19304, stack(0x0000002c10b00000,0x0000002c10c00000)]
  0x000001bbdd51a820 JavaThread "jar transforms Thread 8" [_thread_blocked, id=18820, stack(0x0000002c10c00000,0x0000002c10d00000)]
  0x000001bbdd51bb60 JavaThread "Cache worker for checksums cache (C:\Users\RoGad\AndroidStudioProjects\xuy\.gradle\8.4\checksums)" [_thread_blocked, id=1928, stack(0x0000002c10e00000,0x0000002c10f00000)]
  0x000001bbdd51e1e0 JavaThread "Cache worker for file hash cache (C:\Users\RoGad\AndroidStudioProjects\xuy\.gradle\8.4\fileHashes)" [_thread_blocked, id=13984, stack(0x0000002c10d00000,0x0000002c10e00000)]
  0x000001bbdd51d370 JavaThread "Cache worker for cache directory md-supplier (C:\Users\RoGad\.gradle\caches\8.4\md-supplier)" [_thread_blocked, id=3660, stack(0x0000002c10f00000,0x0000002c11000000)]
  0x000001bbdd51e6b0 JavaThread "Cache worker for file content cache (C:\Users\RoGad\.gradle\caches\8.4\fileContent)" [_thread_blocked, id=18204, stack(0x0000002c11000000,0x0000002c11100000)]
  0x000001bbdd51a350 JavaThread "Cache worker for cache directory md-rule (C:\Users\RoGad\.gradle\caches\8.4\md-rule)" [_thread_blocked, id=1616, stack(0x0000002c11100000,0x0000002c11200000)]
  0x000001bbdd51acf0 JavaThread "Cache worker for execution history cache (C:\Users\RoGad\.gradle\caches\8.4\executionHistory)" [_thread_blocked, id=13884, stack(0x0000002c11200000,0x0000002c11300000)]
  0x000001bbdd51eb80 JavaThread "Cache worker for kotlin-dsl (C:\Users\RoGad\.gradle\caches\8.4\kotlin-dsl)" [_thread_blocked, id=19008, stack(0x0000002c11700000,0x0000002c11800000)]
=>0x000001bbdf814a60 JavaThread "C2 CompilerThread1" daemon [_thread_in_native, id=13424, stack(0x0000002c11300000,0x0000002c11400000)]

Other Threads:
  0x000001bbdcc20620 VMThread "VM Thread" [stack: 0x0000002c0e100000,0x0000002c0e200000] [id=19208]
  0x000001bbc23dbfa0 WatcherThread [stack: 0x0000002c0ed00000,0x0000002c0ee00000] [id=15108]
  0x000001bbc24361f0 GCTaskThread "GC Thread#0" [stack: 0x0000002c0dc00000,0x0000002c0dd00000] [id=18860]
  0x000001bbde1df880 GCTaskThread "GC Thread#1" [stack: 0x0000002c0f000000,0x0000002c0f100000] [id=18328]
  0x000001bbde1dfb30 GCTaskThread "GC Thread#2" [stack: 0x0000002c0f100000,0x0000002c0f200000] [id=9676]
  0x000001bbde1dfde0 GCTaskThread "GC Thread#3" [stack: 0x0000002c0f200000,0x0000002c0f300000] [id=18600]
  0x000001bbde1e0090 GCTaskThread "GC Thread#4" [stack: 0x0000002c0f300000,0x0000002c0f400000] [id=18540]
  0x000001bbdccdf310 GCTaskThread "GC Thread#5" [stack: 0x0000002c0f700000,0x0000002c0f800000] [id=14272]
  0x000001bbdcce0330 GCTaskThread "GC Thread#6" [stack: 0x0000002c0fd00000,0x0000002c0fe00000] [id=17460]
  0x000001bbdccdfdd0 GCTaskThread "GC Thread#7" [stack: 0x0000002c0fe00000,0x0000002c0ff00000] [id=19232]
  0x000001bbc24498e0 ConcurrentGCThread "G1 Main Marker" [stack: 0x0000002c0dd00000,0x0000002c0de00000] [id=18856]
  0x000001bbc244a2f0 ConcurrentGCThread "G1 Conc#0" [stack: 0x0000002c0de00000,0x0000002c0df00000] [id=18848]
  0x000001bbdcce0890 ConcurrentGCThread "G1 Conc#1" [stack: 0x0000002c0ff00000,0x0000002c10000000] [id=19024]
  0x000001bbdc0e4970 ConcurrentGCThread "G1 Refine#0" [stack: 0x0000002c0df00000,0x0000002c0e000000] [id=18852]
  0x000001bbdc0e5390 ConcurrentGCThread "G1 Service" [stack: 0x0000002c0e000000,0x0000002c0e100000] [id=8788]

Threads with active compile tasks:
C2 CompilerThread0    59334 8193 %     4       org.objectweb.asm.ClassReader::readCode @ 2186 (5117 bytes)
C2 CompilerThread1    59335 8190       4       java.lang.String::split (327 bytes)

VM state: not at safepoint (normal execution)

VM Mutex/Monitor currently owned by a thread: None

Heap address: 0x0000000080000000, size: 2048 MB, Compressed Oops mode: 32-bit

CDS archive(s) not mapped
Compressed class space mapped at: 0x0000000100000000-0x0000000140000000, reserved size: 1073741824
Narrow klass base: 0x0000000000000000, Narrow klass shift: 3, Narrow klass range: 0x140000000

GC Precious Log:
 CPUs: 8 total, 8 available
 Memory: 15295M
 Large Page Support: Disabled
 NUMA Support: Disabled
 Compressed Oops: Enabled (32-bit)
 Heap Region Size: 1M
 Heap Min Capacity: 8M
 Heap Initial Capacity: 240M
 Heap Max Capacity: 2G
 Pre-touch: Disabled
 Parallel Workers: 8
 Concurrent Workers: 2
 Concurrent Refinement Workers: 8
 Periodic GC: Disabled

Heap:
 garbage-first heap   total 249856K, used 134331K [0x0000000080000000, 0x0000000100000000)
  region size 1024K, 54 young (55296K), 2 survivors (2048K)
 Metaspace       used 58862K, committed 59456K, reserved 1105920K
  class space    used 7697K, committed 7936K, reserved 1048576K

Heap Regions: E=young(eden), S=young(survivor), O=old, HS=humongous(starts), HC=humongous(continues), CS=collection set, F=free, OA=open archive, CA=closed archive, TAMS=top-at-mark-start (previous, next)
|   0|0x0000000080000000, 0x0000000080100000, 0x0000000080100000|100%|HS|  |TAMS 0x0000000080100000, 0x0000000080000000| Complete 
|   1|0x0000000080100000, 0x0000000080200000, 0x0000000080200000|100%|HC|  |TAMS 0x0000000080200000, 0x0000000080100000| Complete 
|   2|0x0000000080200000, 0x0000000080300000, 0x0000000080300000|100%|HC|  |TAMS 0x0000000080300000, 0x0000000080200000| Complete 
|   3|0x0000000080300000, 0x0000000080400000, 0x0000000080400000|100%|HC|  |TAMS 0x0000000080400000, 0x0000000080300000| Complete 
|   4|0x0000000080400000, 0x0000000080500000, 0x0000000080500000|100%| O|  |TAMS 0x0000000080500000, 0x0000000080400000| Untracked 
|   5|0x0000000080500000, 0x0000000080600000, 0x0000000080600000|100%| O|  |TAMS 0x0000000080600000, 0x0000000080500000| Untracked 
|   6|0x0000000080600000, 0x0000000080700000, 0x0000000080700000|100%| O|  |TAMS 0x0000000080700000, 0x0000000080600000| Untracked 
|   7|0x0000000080700000, 0x0000000080800000, 0x0000000080800000|100%| O|  |TAMS 0x0000000080800000, 0x0000000080700000| Untracked 
|   8|0x0000000080800000, 0x0000000080900000, 0x0000000080900000|100%| O|  |TAMS 0x0000000080900000, 0x0000000080800000| Untracked 
|   9|0x0000000080900000, 0x0000000080a00000, 0x0000000080a00000|100%| O|  |TAMS 0x0000000080a00000, 0x0000000080900000| Untracked 
|  10|0x0000000080a00000, 0x0000000080a00000, 0x0000000080b00000|  0%| F|  |TAMS 0x0000000080a00000, 0x0000000080a00000| Untracked 
|  11|0x0000000080b00000, 0x0000000080c00000, 0x0000000080c00000|100%| O|  |TAMS 0x0000000080c00000, 0x0000000080b00000| Untracked 
|  12|0x0000000080c00000, 0x0000000080d00000, 0x0000000080d00000|100%| O|  |TAMS 0x0000000080d00000, 0x0000000080c00000| Untracked 
|  13|0x0000000080d00000, 0x0000000080e00000, 0x0000000080e00000|100%| O|  |TAMS 0x0000000080e00000, 0x0000000080d00000| Untracked 
|  14|0x0000000080e00000, 0x0000000080f00000, 0x0000000080f00000|100%| O|  |TAMS 0x0000000080f00000, 0x0000000080e00000| Untracked 
|  15|0x0000000080f00000, 0x0000000081000000, 0x0000000081000000|100%| O|  |TAMS 0x0000000081000000, 0x0000000080f00000| Untracked 
|  16|0x0000000081000000, 0x0000000081100000, 0x0000000081100000|100%| O|  |TAMS 0x0000000081100000, 0x0000000081000000| Untracked 
|  17|0x0000000081100000, 0x0000000081200000, 0x0000000081200000|100%| O|  |TAMS 0x0000000081200000, 0x0000000081100000| Untracked 
|  18|0x0000000081200000, 0x0000000081300000, 0x0000000081300000|100%| O|  |TAMS 0x0000000081300000, 0x0000000081200000| Untracked 
|  19|0x0000000081300000, 0x0000000081400000, 0x0000000081400000|100%|HS|  |TAMS 0x0000000081400000, 0x0000000081300000| Complete 
|  20|0x0000000081400000, 0x0000000081500000, 0x0000000081500000|100%|HC|  |TAMS 0x0000000081500000, 0x0000000081400000| Complete 
|  21|0x0000000081500000, 0x0000000081600000, 0x0000000081600000|100%|HS|  |TAMS 0x0000000081600000, 0x0000000081500000| Complete 
|  22|0x0000000081600000, 0x0000000081700000, 0x0000000081700000|100%|HC|  |TAMS 0x0000000081700000, 0x0000000081600000| Complete 
|  23|0x0000000081700000, 0x0000000081800000, 0x0000000081800000|100%|HC|  |TAMS 0x0000000081800000, 0x0000000081700000| Complete 
|  24|0x0000000081800000, 0x0000000081900000, 0x0000000081900000|100%|HS|  |TAMS 0x0000000081900000, 0x0000000081800000| Complete 
|  25|0x0000000081900000, 0x0000000081a00000, 0x0000000081a00000|100%|HC|  |TAMS 0x0000000081a00000, 0x0000000081900000| Complete 
|  26|0x0000000081a00000, 0x0000000081b00000, 0x0000000081b00000|100%|HC|  |TAMS 0x0000000081b00000, 0x0000000081a00000| Complete 
|  27|0x0000000081b00000, 0x0000000081c00000, 0x0000000081c00000|100%| O|  |TAMS 0x0000000081c00000, 0x0000000081b00000| Untracked 
|  28|0x0000000081c00000, 0x0000000081d00000, 0x0000000081d00000|100%| O|  |TAMS 0x0000000081d00000, 0x0000000081c00000| Untracked 
|  29|0x0000000081d00000, 0x0000000081e00000, 0x0000000081e00000|100%|HS|  |TAMS 0x0000000081e00000, 0x0000000081d00000| Complete 
|  30|0x0000000081e00000, 0x0000000081f00000, 0x0000000081f00000|100%|HC|  |TAMS 0x0000000081f00000, 0x0000000081e00000| Complete 
|  31|0x0000000081f00000, 0x0000000082000000, 0x0000000082000000|100%|HC|  |TAMS 0x0000000082000000, 0x0000000081f00000| Complete 
|  32|0x0000000082000000, 0x0000000082100000, 0x0000000082100000|100%|HC|  |TAMS 0x0000000082100000, 0x0000000082000000| Complete 
|  33|0x0000000082100000, 0x0000000082200000, 0x0000000082200000|100%|HC|  |TAMS 0x0000000082200000, 0x0000000082100000| Complete 
|  34|0x0000000082200000, 0x0000000082300000, 0x0000000082300000|100%|HC|  |TAMS 0x0000000082300000, 0x0000000082200000| Complete 
|  35|0x0000000082300000, 0x0000000082400000, 0x0000000082400000|100%|HC|  |TAMS 0x0000000082400000, 0x0000000082300000| Complete 
|  36|0x0000000082400000, 0x0000000082500000, 0x0000000082500000|100%|HC|  |TAMS 0x0000000082500000, 0x0000000082400000| Complete 
|  37|0x0000000082500000, 0x0000000082600000, 0x0000000082600000|100%|HC|  |TAMS 0x0000000082600000, 0x0000000082500000| Complete 
|  38|0x0000000082600000, 0x0000000082700000, 0x0000000082700000|100%|HC|  |TAMS 0x0000000082700000, 0x0000000082600000| Complete 
|  39|0x0000000082700000, 0x0000000082800000, 0x0000000082800000|100%|HC|  |TAMS 0x0000000082800000, 0x0000000082700000| Complete 
|  40|0x0000000082800000, 0x0000000082900000, 0x0000000082900000|100%|HC|  |TAMS 0x0000000082900000, 0x0000000082800000| Complete 
|  41|0x0000000082900000, 0x0000000082a00000, 0x0000000082a00000|100%| O|  |TAMS 0x0000000082a00000, 0x0000000082900000| Untracked 
|  42|0x0000000082a00000, 0x0000000082b00000, 0x0000000082b00000|100%| O|  |TAMS 0x0000000082b00000, 0x0000000082a00000| Untracked 
|  43|0x0000000082b00000, 0x0000000082c00000, 0x0000000082c00000|100%| O|  |TAMS 0x0000000082c00000, 0x0000000082b00000| Untracked 
|  44|0x0000000082c00000, 0x0000000082d00000, 0x0000000082d00000|100%| O|  |TAMS 0x0000000082d00000, 0x0000000082c00000| Untracked 
|  45|0x0000000082d00000, 0x0000000082e00000, 0x0000000082e00000|100%| O|  |TAMS 0x0000000082e00000, 0x0000000082d00000| Untracked 
|  46|0x0000000082e00000, 0x0000000082f00000, 0x0000000082f00000|100%|HS|  |TAMS 0x0000000082f00000, 0x0000000082e00000| Complete 
|  47|0x0000000082f00000, 0x0000000083000000, 0x0000000083000000|100%|HC|  |TAMS 0x0000000083000000, 0x0000000082f00000| Complete 
|  48|0x0000000083000000, 0x0000000083100000, 0x0000000083100000|100%| O|  |TAMS 0x0000000083100000, 0x0000000083000000| Untracked 
|  49|0x0000000083100000, 0x0000000083200000, 0x0000000083200000|100%| O|  |TAMS 0x0000000083200000, 0x0000000083100000| Untracked 
|  50|0x0000000083200000, 0x0000000083300000, 0x0000000083300000|100%| O|  |TAMS 0x0000000083300000, 0x0000000083200000| Untracked 
|  51|0x0000000083300000, 0x0000000083400000, 0x0000000083400000|100%| O|  |TAMS 0x0000000083400000, 0x0000000083300000| Untracked 
|  52|0x0000000083400000, 0x0000000083500000, 0x0000000083500000|100%| O|  |TAMS 0x0000000083500000, 0x0000000083400000| Untracked 
|  53|0x0000000083500000, 0x0000000083600000, 0x0000000083600000|100%| O|  |TAMS 0x0000000083600000, 0x0000000083500000| Untracked 
|  54|0x0000000083600000, 0x0000000083700000, 0x0000000083700000|100%| O|  |TAMS 0x0000000083700000, 0x0000000083600000| Untracked 
|  55|0x0000000083700000, 0x0000000083800000, 0x0000000083800000|100%| O|  |TAMS 0x0000000083800000, 0x0000000083700000| Untracked 
|  56|0x0000000083800000, 0x0000000083900000, 0x0000000083900000|100%| O|  |TAMS 0x0000000083900000, 0x0000000083800000| Untracked 
|  57|0x0000000083900000, 0x0000000083a00000, 0x0000000083a00000|100%| O|  |TAMS 0x0000000083a00000, 0x0000000083900000| Untracked 
|  58|0x0000000083a00000, 0x0000000083b00000, 0x0000000083b00000|100%| O|  |TAMS 0x0000000083b00000, 0x0000000083a00000| Untracked 
|  59|0x0000000083b00000, 0x0000000083c00000, 0x0000000083c00000|100%| O|  |TAMS 0x0000000083c00000, 0x0000000083b00000| Untracked 
|  60|0x0000000083c00000, 0x0000000083d00000, 0x0000000083d00000|100%| O|  |TAMS 0x0000000083d00000, 0x0000000083c00000| Untracked 
|  61|0x0000000083d00000, 0x0000000083e00000, 0x0000000083e00000|100%| O|  |TAMS 0x0000000083e00000, 0x0000000083d00000| Untracked 
|  62|0x0000000083e00000, 0x0000000083f00000, 0x0000000083f00000|100%| O|  |TAMS 0x0000000083f00000, 0x0000000083e00000| Untracked 
|  63|0x0000000083f00000, 0x0000000084000000, 0x0000000084000000|100%| O|  |TAMS 0x0000000084000000, 0x0000000083f00000| Untracked 
|  64|0x0000000084000000, 0x0000000084100000, 0x0000000084100000|100%| O|  |TAMS 0x0000000084100000, 0x0000000084000000| Untracked 
|  65|0x0000000084100000, 0x0000000084200000, 0x0000000084200000|100%| O|  |TAMS 0x0000000084100000, 0x0000000084100000| Untracked 
|  66|0x0000000084200000, 0x0000000084300000, 0x0000000084300000|100%| O|  |TAMS 0x0000000084300000, 0x0000000084200000| Untracked 
|  67|0x0000000084300000, 0x0000000084400000, 0x0000000084400000|100%| O|  |TAMS 0x0000000084300000, 0x0000000084300000| Untracked 
|  68|0x0000000084400000, 0x0000000084500000, 0x0000000084500000|100%| O|  |TAMS 0x0000000084500000, 0x0000000084400000| Untracked 
|  69|0x0000000084500000, 0x0000000084600000, 0x0000000084600000|100%| O|  |TAMS 0x0000000084600000, 0x0000000084500000| Untracked 
|  70|0x0000000084600000, 0x0000000084700000, 0x0000000084700000|100%| O|  |TAMS 0x00000000846e3000, 0x0000000084600000| Untracked 
|  71|0x0000000084700000, 0x0000000084800000, 0x0000000084800000|100%| O|  |TAMS 0x0000000084700000, 0x0000000084700000| Untracked 
|  72|0x0000000084800000, 0x0000000084900000, 0x0000000084900000|100%|HS|  |TAMS 0x0000000084900000, 0x0000000084800000| Complete 
|  73|0x0000000084900000, 0x0000000084a00000, 0x0000000084a00000|100%|HC|  |TAMS 0x0000000084a00000, 0x0000000084900000| Complete 
|  74|0x0000000084a00000, 0x0000000084b00000, 0x0000000084b00000|100%|HC|  |TAMS 0x0000000084b00000, 0x0000000084a00000| Complete 
|  75|0x0000000084b00000, 0x0000000084c00000, 0x0000000084c00000|100%| O|  |TAMS 0x0000000084c00000, 0x0000000084b00000| Untracked 
|  76|0x0000000084c00000, 0x0000000084d00000, 0x0000000084d00000|100%| O|  |TAMS 0x0000000084d00000, 0x0000000084c00000| Untracked 
|  77|0x0000000084d00000, 0x0000000084e00000, 0x0000000084e00000|100%| O|  |TAMS 0x0000000084e00000, 0x0000000084d00000| Untracked 
|  78|0x0000000084e00000, 0x0000000084f00000, 0x0000000084f00000|100%| O|  |TAMS 0x0000000084e00000, 0x0000000084e00000| Untracked 
|  79|0x0000000084f00000, 0x0000000084fd4c00, 0x0000000085000000| 83%| O|  |TAMS 0x0000000084f00000, 0x0000000084f00000| Untracked 
|  80|0x0000000085000000, 0x0000000085000000, 0x0000000085100000|  0%| F|  |TAMS 0x0000000085000000, 0x0000000085000000| Untracked 
|  81|0x0000000085100000, 0x0000000085100000, 0x0000000085200000|  0%| F|  |TAMS 0x0000000085100000, 0x0000000085100000| Untracked 
|  82|0x0000000085200000, 0x0000000085200000, 0x0000000085300000|  0%| F|  |TAMS 0x0000000085200000, 0x0000000085200000| Untracked 
|  83|0x0000000085300000, 0x0000000085300000, 0x0000000085400000|  0%| F|  |TAMS 0x0000000085300000, 0x0000000085300000| Untracked 
|  84|0x0000000085400000, 0x0000000085400000, 0x0000000085500000|  0%| F|  |TAMS 0x0000000085400000, 0x0000000085400000| Untracked 
|  85|0x0000000085500000, 0x0000000085500000, 0x0000000085600000|  0%| F|  |TAMS 0x0000000085500000, 0x0000000085500000| Untracked 
|  86|0x0000000085600000, 0x0000000085600000, 0x0000000085700000|  0%| F|  |TAMS 0x0000000085600000, 0x0000000085600000| Untracked 
|  87|0x0000000085700000, 0x0000000085700000, 0x0000000085800000|  0%| F|  |TAMS 0x0000000085700000, 0x0000000085700000| Untracked 
|  88|0x0000000085800000, 0x0000000085800000, 0x0000000085900000|  0%| F|  |TAMS 0x0000000085800000, 0x0000000085800000| Untracked 
|  89|0x0000000085900000, 0x0000000085900000, 0x0000000085a00000|  0%| F|  |TAMS 0x0000000085900000, 0x0000000085900000| Untracked 
|  90|0x0000000085a00000, 0x0000000085a00000, 0x0000000085b00000|  0%| F|  |TAMS 0x0000000085a00000, 0x0000000085a00000| Untracked 
|  91|0x0000000085b00000, 0x0000000085b00000, 0x0000000085c00000|  0%| F|  |TAMS 0x0000000085b00000, 0x0000000085b00000| Untracked 
|  92|0x0000000085c00000, 0x0000000085c00000, 0x0000000085d00000|  0%| F|  |TAMS 0x0000000085c00000, 0x0000000085c00000| Untracked 
|  93|0x0000000085d00000, 0x0000000085d00000, 0x0000000085e00000|  0%| F|  |TAMS 0x0000000085d00000, 0x0000000085d00000| Untracked 
|  94|0x0000000085e00000, 0x0000000085e00000, 0x0000000085f00000|  0%| F|  |TAMS 0x0000000085e00000, 0x0000000085e00000| Untracked 
|  95|0x0000000085f00000, 0x0000000085f00000, 0x0000000086000000|  0%| F|  |TAMS 0x0000000085f00000, 0x0000000085f00000| Untracked 
|  96|0x0000000086000000, 0x0000000086000000, 0x0000000086100000|  0%| F|  |TAMS 0x0000000086000000, 0x0000000086000000| Untracked 
|  97|0x0000000086100000, 0x0000000086100000, 0x0000000086200000|  0%| F|  |TAMS 0x0000000086100000, 0x0000000086100000| Untracked 
|  98|0x0000000086200000, 0x0000000086200000, 0x0000000086300000|  0%| F|  |TAMS 0x0000000086200000, 0x0000000086200000| Untracked 
|  99|0x0000000086300000, 0x0000000086300000, 0x0000000086400000|  0%| F|  |TAMS 0x0000000086300000, 0x0000000086300000| Untracked 
| 100|0x0000000086400000, 0x0000000086400000, 0x0000000086500000|  0%| F|  |TAMS 0x0000000086400000, 0x0000000086400000| Untracked 
| 101|0x0000000086500000, 0x0000000086500000, 0x0000000086600000|  0%| F|  |TAMS 0x0000000086500000, 0x0000000086500000| Untracked 
| 102|0x0000000086600000, 0x0000000086600000, 0x0000000086700000|  0%| F|  |TAMS 0x0000000086600000, 0x0000000086600000| Untracked 
| 103|0x0000000086700000, 0x0000000086700000, 0x0000000086800000|  0%| F|  |TAMS 0x0000000086700000, 0x0000000086700000| Untracked 
| 104|0x0000000086800000, 0x0000000086800000, 0x0000000086900000|  0%| F|  |TAMS 0x0000000086800000, 0x0000000086800000| Untracked 
| 105|0x0000000086900000, 0x0000000086900000, 0x0000000086a00000|  0%| F|  |TAMS 0x0000000086900000, 0x0000000086900000| Untracked 
| 106|0x0000000086a00000, 0x0000000086a00000, 0x0000000086b00000|  0%| F|  |TAMS 0x0000000086a00000, 0x0000000086a00000| Untracked 
| 107|0x0000000086b00000, 0x0000000086b00000, 0x0000000086c00000|  0%| F|  |TAMS 0x0000000086b00000, 0x0000000086b00000| Untracked 
| 108|0x0000000086c00000, 0x0000000086c00000, 0x0000000086d00000|  0%| F|  |TAMS 0x0000000086c00000, 0x0000000086c00000| Untracked 
| 109|0x0000000086d00000, 0x0000000086d00000, 0x0000000086e00000|  0%| F|  |TAMS 0x0000000086d00000, 0x0000000086d00000| Untracked 
| 110|0x0000000086e00000, 0x0000000086e00000, 0x0000000086f00000|  0%| F|  |TAMS 0x0000000086e00000, 0x0000000086e00000| Untracked 
| 111|0x0000000086f00000, 0x0000000086f00000, 0x0000000087000000|  0%| F|  |TAMS 0x0000000086f00000, 0x0000000086f00000| Untracked 
| 112|0x0000000087000000, 0x0000000087000000, 0x0000000087100000|  0%| F|  |TAMS 0x0000000087000000, 0x0000000087000000| Untracked 
| 113|0x0000000087100000, 0x0000000087100000, 0x0000000087200000|  0%| F|  |TAMS 0x0000000087100000, 0x0000000087100000| Untracked 
| 114|0x0000000087200000, 0x0000000087200000, 0x0000000087300000|  0%| F|  |TAMS 0x0000000087200000, 0x0000000087200000| Untracked 
| 115|0x0000000087300000, 0x0000000087300000, 0x0000000087400000|  0%| F|  |TAMS 0x0000000087300000, 0x0000000087300000| Untracked 
| 116|0x0000000087400000, 0x0000000087400000, 0x0000000087500000|  0%| F|  |TAMS 0x0000000087400000, 0x0000000087400000| Untracked 
| 117|0x0000000087500000, 0x0000000087500000, 0x0000000087600000|  0%| F|  |TAMS 0x0000000087500000, 0x0000000087500000| Untracked 
| 118|0x0000000087600000, 0x0000000087600000, 0x0000000087700000|  0%| F|  |TAMS 0x0000000087600000, 0x0000000087600000| Untracked 
| 119|0x0000000087700000, 0x0000000087700000, 0x0000000087800000|  0%| F|  |TAMS 0x0000000087700000, 0x0000000087700000| Untracked 
| 120|0x0000000087800000, 0x0000000087800000, 0x0000000087900000|  0%| F|  |TAMS 0x0000000087800000, 0x0000000087800000| Untracked 
| 121|0x0000000087900000, 0x0000000087900000, 0x0000000087a00000|  0%| F|  |TAMS 0x0000000087900000, 0x0000000087900000| Untracked 
| 122|0x0000000087a00000, 0x0000000087a00000, 0x0000000087b00000|  0%| F|  |TAMS 0x0000000087a00000, 0x0000000087a00000| Untracked 
| 123|0x0000000087b00000, 0x0000000087b00000, 0x0000000087c00000|  0%| F|  |TAMS 0x0000000087b00000, 0x0000000087b00000| Untracked 
| 124|0x0000000087c00000, 0x0000000087c00000, 0x0000000087d00000|  0%| F|  |TAMS 0x0000000087c00000, 0x0000000087c00000| Untracked 
| 125|0x0000000087d00000, 0x0000000087d00000, 0x0000000087e00000|  0%| F|  |TAMS 0x0000000087d00000, 0x0000000087d00000| Untracked 
| 126|0x0000000087e00000, 0x0000000087e00000, 0x0000000087f00000|  0%| F|  |TAMS 0x0000000087e00000, 0x0000000087e00000| Untracked 
| 127|0x0000000087f00000, 0x0000000087f00000, 0x0000000088000000|  0%| F|  |TAMS 0x0000000087f00000, 0x0000000087f00000| Untracked 
| 128|0x0000000088000000, 0x0000000088000000, 0x0000000088100000|  0%| F|  |TAMS 0x0000000088000000, 0x0000000088000000| Untracked 
| 129|0x0000000088100000, 0x0000000088100000, 0x0000000088200000|  0%| F|  |TAMS 0x0000000088100000, 0x0000000088100000| Untracked 
| 130|0x0000000088200000, 0x0000000088200000, 0x0000000088300000|  0%| F|  |TAMS 0x0000000088200000, 0x0000000088200000| Untracked 
| 131|0x0000000088300000, 0x0000000088300000, 0x0000000088400000|  0%| F|  |TAMS 0x0000000088300000, 0x0000000088300000| Untracked 
| 132|0x0000000088400000, 0x0000000088400000, 0x0000000088500000|  0%| F|  |TAMS 0x0000000088400000, 0x0000000088400000| Untracked 
| 133|0x0000000088500000, 0x0000000088500000, 0x0000000088600000|  0%| F|  |TAMS 0x0000000088500000, 0x0000000088500000| Untracked 
| 134|0x0000000088600000, 0x0000000088600000, 0x0000000088700000|  0%| F|  |TAMS 0x0000000088600000, 0x0000000088600000| Untracked 
| 135|0x0000000088700000, 0x0000000088700000, 0x0000000088800000|  0%| F|  |TAMS 0x0000000088700000, 0x0000000088700000| Untracked 
| 136|0x0000000088800000, 0x0000000088800000, 0x0000000088900000|  0%| F|  |TAMS 0x0000000088800000, 0x0000000088800000| Untracked 
| 137|0x0000000088900000, 0x0000000088900000, 0x0000000088a00000|  0%| F|  |TAMS 0x0000000088900000, 0x0000000088900000| Untracked 
| 138|0x0000000088a00000, 0x0000000088a00000, 0x0000000088b00000|  0%| F|  |TAMS 0x0000000088a00000, 0x0000000088a00000| Untracked 
| 139|0x0000000088b00000, 0x0000000088b00000, 0x0000000088c00000|  0%| F|  |TAMS 0x0000000088b00000, 0x0000000088b00000| Untracked 
| 140|0x0000000088c00000, 0x0000000088c00000, 0x0000000088d00000|  0%| F|  |TAMS 0x0000000088c00000, 0x0000000088c00000| Untracked 
| 141|0x0000000088d00000, 0x0000000088d00000, 0x0000000088e00000|  0%| F|  |TAMS 0x0000000088d00000, 0x0000000088d00000| Untracked 
| 142|0x0000000088e00000, 0x0000000088e00000, 0x0000000088f00000|  0%| F|  |TAMS 0x0000000088e00000, 0x0000000088e00000| Untracked 
| 143|0x0000000088f00000, 0x0000000088f00000, 0x0000000089000000|  0%| F|  |TAMS 0x0000000088f00000, 0x0000000088f00000| Untracked 
| 144|0x0000000089000000, 0x0000000089000000, 0x0000000089100000|  0%| F|  |TAMS 0x0000000089000000, 0x0000000089000000| Untracked 
| 145|0x0000000089100000, 0x0000000089100000, 0x0000000089200000|  0%| F|  |TAMS 0x0000000089100000, 0x0000000089100000| Untracked 
| 146|0x0000000089200000, 0x0000000089200000, 0x0000000089300000|  0%| F|  |TAMS 0x0000000089200000, 0x0000000089200000| Untracked 
| 147|0x0000000089300000, 0x0000000089300000, 0x0000000089400000|  0%| F|  |TAMS 0x0000000089300000, 0x0000000089300000| Untracked 
| 148|0x0000000089400000, 0x0000000089400000, 0x0000000089500000|  0%| F|  |TAMS 0x0000000089400000, 0x0000000089400000| Untracked 
| 149|0x0000000089500000, 0x0000000089500000, 0x0000000089600000|  0%| F|  |TAMS 0x0000000089500000, 0x0000000089500000| Untracked 
| 150|0x0000000089600000, 0x0000000089600000, 0x0000000089700000|  0%| F|  |TAMS 0x0000000089600000, 0x0000000089600000| Untracked 
| 151|0x0000000089700000, 0x0000000089700000, 0x0000000089800000|  0%| F|  |TAMS 0x0000000089700000, 0x0000000089700000| Untracked 
| 152|0x0000000089800000, 0x0000000089800000, 0x0000000089900000|  0%| F|  |TAMS 0x0000000089800000, 0x0000000089800000| Untracked 
| 153|0x0000000089900000, 0x0000000089900000, 0x0000000089a00000|  0%| F|  |TAMS 0x0000000089900000, 0x0000000089900000| Untracked 
| 154|0x0000000089a00000, 0x0000000089a00000, 0x0000000089b00000|  0%| F|  |TAMS 0x0000000089a00000, 0x0000000089a00000| Untracked 
| 155|0x0000000089b00000, 0x0000000089b00000, 0x0000000089c00000|  0%| F|  |TAMS 0x0000000089b00000, 0x0000000089b00000| Untracked 
| 156|0x0000000089c00000, 0x0000000089c00000, 0x0000000089d00000|  0%| F|  |TAMS 0x0000000089c00000, 0x0000000089c00000| Untracked 
| 157|0x0000000089d00000, 0x0000000089d00000, 0x0000000089e00000|  0%| F|  |TAMS 0x0000000089d00000, 0x0000000089d00000| Untracked 
| 158|0x0000000089e00000, 0x0000000089e00000, 0x0000000089f00000|  0%| F|  |TAMS 0x0000000089e00000, 0x0000000089e00000| Untracked 
| 159|0x0000000089f00000, 0x0000000089f00000, 0x000000008a000000|  0%| F|  |TAMS 0x0000000089f00000, 0x0000000089f00000| Untracked 
| 160|0x000000008a000000, 0x000000008a000000, 0x000000008a100000|  0%| F|  |TAMS 0x000000008a000000, 0x000000008a000000| Untracked 
| 161|0x000000008a100000, 0x000000008a100000, 0x000000008a200000|  0%| F|  |TAMS 0x000000008a100000, 0x000000008a100000| Untracked 
| 162|0x000000008a200000, 0x000000008a200000, 0x000000008a300000|  0%| F|  |TAMS 0x000000008a200000, 0x000000008a200000| Untracked 
| 163|0x000000008a300000, 0x000000008a300000, 0x000000008a400000|  0%| F|  |TAMS 0x000000008a300000, 0x000000008a300000| Untracked 
| 164|0x000000008a400000, 0x000000008a400000, 0x000000008a500000|  0%| F|  |TAMS 0x000000008a400000, 0x000000008a400000| Untracked 
| 165|0x000000008a500000, 0x000000008a500000, 0x000000008a600000|  0%| F|  |TAMS 0x000000008a500000, 0x000000008a500000| Untracked 
| 166|0x000000008a600000, 0x000000008a600000, 0x000000008a700000|  0%| F|  |TAMS 0x000000008a600000, 0x000000008a600000| Untracked 
| 167|0x000000008a700000, 0x000000008a700000, 0x000000008a800000|  0%| F|  |TAMS 0x000000008a700000, 0x000000008a700000| Untracked 
| 168|0x000000008a800000, 0x000000008a800000, 0x000000008a900000|  0%| F|  |TAMS 0x000000008a800000, 0x000000008a800000| Untracked 
| 169|0x000000008a900000, 0x000000008a900000, 0x000000008aa00000|  0%| F|  |TAMS 0x000000008a900000, 0x000000008a900000| Untracked 
| 170|0x000000008aa00000, 0x000000008aa00000, 0x000000008ab00000|  0%| F|  |TAMS 0x000000008aa00000, 0x000000008aa00000| Untracked 
| 171|0x000000008ab00000, 0x000000008ab00000, 0x000000008ac00000|  0%| F|  |TAMS 0x000000008ab00000, 0x000000008ab00000| Untracked 
| 172|0x000000008ac00000, 0x000000008ac00000, 0x000000008ad00000|  0%| F|  |TAMS 0x000000008ac00000, 0x000000008ac00000| Untracked 
| 173|0x000000008ad00000, 0x000000008ad00000, 0x000000008ae00000|  0%| F|  |TAMS 0x000000008ad00000, 0x000000008ad00000| Untracked 
| 174|0x000000008ae00000, 0x000000008ae00000, 0x000000008af00000|  0%| F|  |TAMS 0x000000008ae00000, 0x000000008ae00000| Untracked 
| 175|0x000000008af00000, 0x000000008af00000, 0x000000008b000000|  0%| F|  |TAMS 0x000000008af00000, 0x000000008af00000| Untracked 
| 176|0x000000008b000000, 0x000000008b000000, 0x000000008b100000|  0%| F|  |TAMS 0x000000008b000000, 0x000000008b000000| Untracked 
| 177|0x000000008b100000, 0x000000008b100000, 0x000000008b200000|  0%| F|  |TAMS 0x000000008b100000, 0x000000008b100000| Untracked 
| 178|0x000000008b200000, 0x000000008b200000, 0x000000008b300000|  0%| F|  |TAMS 0x000000008b200000, 0x000000008b200000| Untracked 
| 179|0x000000008b300000, 0x000000008b300000, 0x000000008b400000|  0%| F|  |TAMS 0x000000008b300000, 0x000000008b300000| Untracked 
| 180|0x000000008b400000, 0x000000008b400000, 0x000000008b500000|  0%| F|  |TAMS 0x000000008b400000, 0x000000008b400000| Untracked 
| 181|0x000000008b500000, 0x000000008b500000, 0x000000008b600000|  0%| F|  |TAMS 0x000000008b500000, 0x000000008b500000| Untracked 
| 182|0x000000008b600000, 0x000000008b600000, 0x000000008b700000|  0%| F|  |TAMS 0x000000008b600000, 0x000000008b600000| Untracked 
| 183|0x000000008b700000, 0x000000008b700000, 0x000000008b800000|  0%| F|  |TAMS 0x000000008b700000, 0x000000008b700000| Untracked 
| 184|0x000000008b800000, 0x000000008b800000, 0x000000008b900000|  0%| F|  |TAMS 0x000000008b800000, 0x000000008b800000| Untracked 
| 185|0x000000008b900000, 0x000000008b900000, 0x000000008ba00000|  0%| F|  |TAMS 0x000000008b900000, 0x000000008b900000| Untracked 
| 186|0x000000008ba00000, 0x000000008ba00000, 0x000000008bb00000|  0%| F|  |TAMS 0x000000008ba00000, 0x000000008ba00000| Untracked 
| 187|0x000000008bb00000, 0x000000008bb00000, 0x000000008bc00000|  0%| F|  |TAMS 0x000000008bb00000, 0x000000008bb00000| Untracked 
| 188|0x000000008bc00000, 0x000000008bc80800, 0x000000008bd00000| 50%| E|  |TAMS 0x000000008bc00000, 0x000000008bc00000| Complete 
| 189|0x000000008bd00000, 0x000000008be00000, 0x000000008be00000|100%| E|CS|TAMS 0x000000008bd00000, 0x000000008bd00000| Complete 
| 190|0x000000008be00000, 0x000000008bf00000, 0x000000008bf00000|100%| E|CS|TAMS 0x000000008be00000, 0x000000008be00000| Complete 
| 191|0x000000008bf00000, 0x000000008c000000, 0x000000008c000000|100%| E|CS|TAMS 0x000000008bf00000, 0x000000008bf00000| Complete 
| 192|0x000000008c000000, 0x000000008c100000, 0x000000008c100000|100%| E|CS|TAMS 0x000000008c000000, 0x000000008c000000| Complete 
| 193|0x000000008c100000, 0x000000008c200000, 0x000000008c200000|100%| E|CS|TAMS 0x000000008c100000, 0x000000008c100000| Complete 
| 194|0x000000008c200000, 0x000000008c300000, 0x000000008c300000|100%| E|CS|TAMS 0x000000008c200000, 0x000000008c200000| Complete 
| 195|0x000000008c300000, 0x000000008c400000, 0x000000008c400000|100%| E|CS|TAMS 0x000000008c300000, 0x000000008c300000| Complete 
| 196|0x000000008c400000, 0x000000008c500000, 0x000000008c500000|100%| E|CS|TAMS 0x000000008c400000, 0x000000008c400000| Complete 
| 197|0x000000008c500000, 0x000000008c600000, 0x000000008c600000|100%| E|CS|TAMS 0x000000008c500000, 0x000000008c500000| Complete 
| 198|0x000000008c600000, 0x000000008c700000, 0x000000008c700000|100%| E|CS|TAMS 0x000000008c600000, 0x000000008c600000| Complete 
| 199|0x000000008c700000, 0x000000008c800000, 0x000000008c800000|100%| E|CS|TAMS 0x000000008c700000, 0x000000008c700000| Complete 
| 200|0x000000008c800000, 0x000000008c900000, 0x000000008c900000|100%| E|CS|TAMS 0x000000008c800000, 0x000000008c800000| Complete 
| 201|0x000000008c900000, 0x000000008ca00000, 0x000000008ca00000|100%| E|CS|TAMS 0x000000008c900000, 0x000000008c900000| Complete 
| 202|0x000000008ca00000, 0x000000008cb00000, 0x000000008cb00000|100%| E|CS|TAMS 0x000000008ca00000, 0x000000008ca00000| Complete 
| 203|0x000000008cb00000, 0x000000008cc00000, 0x000000008cc00000|100%| E|CS|TAMS 0x000000008cb00000, 0x000000008cb00000| Complete 
| 204|0x000000008cc00000, 0x000000008cd00000, 0x000000008cd00000|100%| E|CS|TAMS 0x000000008cc00000, 0x000000008cc00000| Complete 
| 205|0x000000008cd00000, 0x000000008ce00000, 0x000000008ce00000|100%| E|CS|TAMS 0x000000008cd00000, 0x000000008cd00000| Complete 
| 206|0x000000008ce00000, 0x000000008cf00000, 0x000000008cf00000|100%| E|CS|TAMS 0x000000008ce00000, 0x000000008ce00000| Complete 
| 207|0x000000008cf00000, 0x000000008d000000, 0x000000008d000000|100%| E|CS|TAMS 0x000000008cf00000, 0x000000008cf00000| Complete 
| 208|0x000000008d000000, 0x000000008d100000, 0x000000008d100000|100%| E|CS|TAMS 0x000000008d000000, 0x000000008d000000| Complete 
| 209|0x000000008d100000, 0x000000008d200000, 0x000000008d200000|100%| E|CS|TAMS 0x000000008d100000, 0x000000008d100000| Complete 
| 210|0x000000008d200000, 0x000000008d300000, 0x000000008d300000|100%| E|CS|TAMS 0x000000008d200000, 0x000000008d200000| Complete 
| 211|0x000000008d300000, 0x000000008d400000, 0x000000008d400000|100%| E|CS|TAMS 0x000000008d300000, 0x000000008d300000| Complete 
| 212|0x000000008d400000, 0x000000008d500000, 0x000000008d500000|100%| E|CS|TAMS 0x000000008d400000, 0x000000008d400000| Complete 
| 213|0x000000008d500000, 0x000000008d600000, 0x000000008d600000|100%| E|CS|TAMS 0x000000008d500000, 0x000000008d500000| Complete 
| 214|0x000000008d600000, 0x000000008d700000, 0x000000008d700000|100%| E|CS|TAMS 0x000000008d600000, 0x000000008d600000| Complete 
| 215|0x000000008d700000, 0x000000008d800000, 0x000000008d800000|100%| E|CS|TAMS 0x000000008d700000, 0x000000008d700000| Complete 
| 216|0x000000008d800000, 0x000000008d900000, 0x000000008d900000|100%| E|CS|TAMS 0x000000008d800000, 0x000000008d800000| Complete 
| 217|0x000000008d900000, 0x000000008da00000, 0x000000008da00000|100%| E|CS|TAMS 0x000000008d900000, 0x000000008d900000| Complete 
| 218|0x000000008da00000, 0x000000008db00000, 0x000000008db00000|100%| E|CS|TAMS 0x000000008da00000, 0x000000008da00000| Complete 
| 219|0x000000008db00000, 0x000000008dc00000, 0x000000008dc00000|100%| E|CS|TAMS 0x000000008db00000, 0x000000008db00000| Complete 
| 220|0x000000008dc00000, 0x000000008dd00000, 0x000000008dd00000|100%| E|CS|TAMS 0x000000008dc00000, 0x000000008dc00000| Complete 
| 221|0x000000008dd00000, 0x000000008de00000, 0x000000008de00000|100%| E|CS|TAMS 0x000000008dd00000, 0x000000008dd00000| Complete 
| 222|0x000000008de00000, 0x000000008df00000, 0x000000008df00000|100%| E|CS|TAMS 0x000000008de00000, 0x000000008de00000| Complete 
| 223|0x000000008df00000, 0x000000008e000000, 0x000000008e000000|100%| E|CS|TAMS 0x000000008df00000, 0x000000008df00000| Complete 
| 224|0x000000008e000000, 0x000000008e100000, 0x000000008e100000|100%| E|CS|TAMS 0x000000008e000000, 0x000000008e000000| Complete 
| 225|0x000000008e100000, 0x000000008e200000, 0x000000008e200000|100%| E|CS|TAMS 0x000000008e100000, 0x000000008e100000| Complete 
| 226|0x000000008e200000, 0x000000008e300000, 0x000000008e300000|100%| E|CS|TAMS 0x000000008e200000, 0x000000008e200000| Complete 
| 227|0x000000008e300000, 0x000000008e400000, 0x000000008e400000|100%| E|CS|TAMS 0x000000008e300000, 0x000000008e300000| Complete 
| 228|0x000000008e400000, 0x000000008e500000, 0x000000008e500000|100%| E|CS|TAMS 0x000000008e400000, 0x000000008e400000| Complete 
| 229|0x000000008e500000, 0x000000008e600000, 0x000000008e600000|100%| E|CS|TAMS 0x000000008e500000, 0x000000008e500000| Complete 
| 230|0x000000008e600000, 0x000000008e700000, 0x000000008e700000|100%| E|CS|TAMS 0x000000008e600000, 0x000000008e600000| Complete 
| 231|0x000000008e700000, 0x000000008e800000, 0x000000008e800000|100%| E|CS|TAMS 0x000000008e700000, 0x000000008e700000| Complete 
| 232|0x000000008e800000, 0x000000008e900000, 0x000000008e900000|100%| E|CS|TAMS 0x000000008e800000, 0x000000008e800000| Complete 
| 233|0x000000008e900000, 0x000000008ea00000, 0x000000008ea00000|100%| E|CS|TAMS 0x000000008e900000, 0x000000008e900000| Complete 
| 234|0x000000008ea00000, 0x000000008eb00000, 0x000000008eb00000|100%| E|CS|TAMS 0x000000008ea00000, 0x000000008ea00000| Complete 
| 235|0x000000008eb00000, 0x000000008ec00000, 0x000000008ec00000|100%| E|CS|TAMS 0x000000008eb00000, 0x000000008eb00000| Complete 
| 236|0x000000008ec00000, 0x000000008ec5a000, 0x000000008ed00000| 35%| S|CS|TAMS 0x000000008ec00000, 0x000000008ec00000| Complete 
| 237|0x000000008ed00000, 0x000000008ee00000, 0x000000008ee00000|100%| S|CS|TAMS 0x000000008ed00000, 0x000000008ed00000| Complete 
| 238|0x000000008ee00000, 0x000000008ef00000, 0x000000008ef00000|100%| E|CS|TAMS 0x000000008ee00000, 0x000000008ee00000| Complete 
| 239|0x000000008ef00000, 0x000000008f000000, 0x000000008f000000|100%| E|CS|TAMS 0x000000008ef00000, 0x000000008ef00000| Complete 
| 240|0x000000008f000000, 0x000000008f100000, 0x000000008f100000|100%| E|CS|TAMS 0x000000008f000000, 0x000000008f000000| Complete 
| 241|0x000000008f100000, 0x000000008f200000, 0x000000008f200000|100%| E|CS|TAMS 0x000000008f100000, 0x000000008f100000| Complete 
| 242|0x000000008f200000, 0x000000008f300000, 0x000000008f300000|100%| E|CS|TAMS 0x000000008f200000, 0x000000008f200000| Complete 
| 243|0x000000008f300000, 0x000000008f400000, 0x000000008f400000|100%| E|CS|TAMS 0x000000008f300000, 0x000000008f300000| Complete 

Card table byte_map: [0x000001bbd4fd0000,0x000001bbd53d0000] _byte_map_base: 0x000001bbd4bd0000

Marking Bits (Prev, Next): (CMBitMap*) 0x000001bbc2436840, (CMBitMap*) 0x000001bbc2436800
 Prev Bits: [0x000001bbd77d0000, 0x000001bbd97d0000)
 Next Bits: [0x000001bbd57d0000, 0x000001bbd77d0000)

Polling page: 0x000001bbc1ba0000

Metaspace:

Usage:
  Non-class:     49.97 MB used.
      Class:      7.52 MB used.
       Both:     57.48 MB used.

Virtual space:
  Non-class space:       56.00 MB reserved,      50.31 MB ( 90%) committed,  7 nodes.
      Class space:        1.00 GB reserved,       7.75 MB ( <1%) committed,  1 nodes.
             Both:        1.05 GB reserved,      58.06 MB (  5%) committed. 

Chunk freelists:
   Non-Class:  1.11 MB
       Class:  266.00 KB
        Both:  1.37 MB

MaxMetaspaceSize: unlimited
CompressedClassSpaceSize: 1.00 GB
Initial GC threshold: 21.00 MB
Current GC threshold: 96.69 MB
CDS: off
MetaspaceReclaimPolicy: balanced
 - commit_granule_bytes: 65536.
 - commit_granule_words: 8192.
 - virtual_space_node_default_size: 1048576.
 - enlarge_chunks_in_place: 1.
 - new_chunks_are_fully_committed: 0.
 - uncommit_free_chunks: 1.
 - use_allocation_guard: 0.
 - handle_deallocations: 1.


Internal statistics:

num_allocs_failed_limit: 5.
num_arena_births: 624.
num_arena_deaths: 10.
num_vsnodes_births: 8.
num_vsnodes_deaths: 0.
num_space_committed: 929.
num_space_uncommitted: 0.
num_chunks_returned_to_freelist: 27.
num_chunks_taken_from_freelist: 2571.
num_chunk_merges: 2.
num_chunk_splits: 1697.
num_chunks_enlarged: 1176.
num_purges: 6.
num_inconsistent_stats: 0.

CodeHeap 'non-profiled nmethods': size=120000Kb used=6871Kb max_used=6871Kb free=113128Kb
 bounds [0x000001bbcd370000, 0x000001bbcda30000, 0x000001bbd48a0000]
CodeHeap 'profiled nmethods': size=120000Kb used=12496Kb max_used=12496Kb free=107504Kb
 bounds [0x000001bbc58a0000, 0x000001bbc64e0000, 0x000001bbccdd0000]
CodeHeap 'non-nmethods': size=5760Kb used=2327Kb max_used=2433Kb free=3432Kb
 bounds [0x000001bbccdd0000, 0x000001bbcd050000, 0x000001bbcd370000]
 total_blobs=7310 nmethods=6462 adapters=757
 compilation: enabled
              stopped_count=0, restarted_count=0
 full_count=0

Compilation events (20 events):
Event: 58.599 Thread 0x000001bbdf814a60 nmethod 8185 0x000001bbcda0b390 code [0x000001bbcda0b540, 0x000001bbcda0be88]
Event: 58.599 Thread 0x000001bbdf814a60 8177       4       org.objectweb.asm.Label::accept (69 bytes)
Event: 58.609 Thread 0x000001bbdf814a60 nmethod 8177 0x000001bbcda0c310 code [0x000001bbcda0c4c0, 0x000001bbcda0c838]
Event: 58.609 Thread 0x000001bbdf814a60 8180       4       org.objectweb.asm.ClassReader::getTypeAnnotationBytecodeOffset (34 bytes)
Event: 58.613 Thread 0x000001bbdf814a60 nmethod 8180 0x000001bbcda0cb90 code [0x000001bbcda0cd20, 0x000001bbcda0ce58]
Event: 58.613 Thread 0x000001bbdf814a60 8179       4       org.objectweb.asm.Label::addLineNumber (106 bytes)
Event: 58.619 Thread 0x000001bbdf814a60 nmethod 8179 0x000001bbcda0cf90 code [0x000001bbcda0d120, 0x000001bbcda0d3b8]
Event: 58.633 Thread 0x000001bbdcc81700 8187       3       org.objectweb.asm.commons.MethodRemapper::visitInvokeDynamicInsn (77 bytes)
Event: 58.634 Thread 0x000001bbdcc81700 nmethod 8187 0x000001bbc64ce790 code [0x000001bbc64ce9a0, 0x000001bbc64cf218]
Event: 58.666 Thread 0x000001bbdf814a60 8188       4       org.objectweb.asm.signature.SignatureWriter::visitTypeArgument (40 bytes)
Event: 58.692 Thread 0x000001bbdf814a60 nmethod 8188 0x000001bbcda0d510 code [0x000001bbcda0d6c0, 0x000001bbcda0e0f8]
Event: 58.746 Thread 0x000001bbdcc81700 8189       3       org.objectweb.asm.signature.SignatureWriter::visitSuperclass (6 bytes)
Event: 58.746 Thread 0x000001bbdcc81700 nmethod 8189 0x000001bbc64cf510 code [0x000001bbc64cf6c0, 0x000001bbc64cf928]
Event: 58.906 Thread 0x000001bbdf814a60 8190       4       java.lang.String::split (327 bytes)
Event: 59.038 Thread 0x000001bbdcc81700 8191       1       org.gradle.internal.serialize.Serializers$StatefulSerializerAdapter::access$000 (5 bytes)
Event: 59.038 Thread 0x000001bbdcc81700 nmethod 8191 0x000001bbcda0e690 code [0x000001bbcda0e820, 0x000001bbcda0e8d8]
Event: 59.058 Thread 0x000001bbdcc81700 8192   !   3       org.gradle.internal.event.AbstractBroadcastDispatch::dispatch (191 bytes)
Event: 59.061 Thread 0x000001bbdcc81700 nmethod 8192 0x000001bbc64cfa90 code [0x000001bbc64cfe00, 0x000001bbc64d1938]
Event: 59.084 Thread 0x000001bbdcc7e730 nmethod 8173% 0x000001bbcda0e990 code [0x000001bbcda0f060, 0x000001bbcda1d038]
Event: 59.091 Thread 0x000001bbdcc7e730 8193 %     4       org.objectweb.asm.ClassReader::readCode @ 2186 (5117 bytes)

GC Heap History (20 events):
Event: 55.371 GC heap before
{Heap before GC invocations=100 (full 0):
 garbage-first heap   total 165888K, used 144212K [0x0000000080000000, 0x0000000100000000)
  region size 1024K, 67 young (68608K), 2 survivors (2048K)
 Metaspace       used 58846K, committed 59456K, reserved 1105920K
  class space    used 7697K, committed 7936K, reserved 1048576K
}
Event: 55.373 GC heap after
{Heap after GC invocations=101 (full 0):
 garbage-first heap   total 165888K, used 77606K [0x0000000080000000, 0x0000000100000000)
  region size 1024K, 2 young (2048K), 2 survivors (2048K)
 Metaspace       used 58846K, committed 59456K, reserved 1105920K
  class space    used 7697K, committed 7936K, reserved 1048576K
}
Event: 55.545 GC heap before
{Heap before GC invocations=102 (full 0):
 garbage-first heap   total 184320K, used 144166K [0x0000000080000000, 0x0000000100000000)
  region size 1024K, 67 young (68608K), 2 survivors (2048K)
 Metaspace       used 58846K, committed 59456K, reserved 1105920K
  class space    used 7697K, committed 7936K, reserved 1048576K
}
Event: 55.547 GC heap after
{Heap after GC invocations=103 (full 0):
 garbage-first heap   total 184320K, used 77680K [0x0000000080000000, 0x0000000100000000)
  region size 1024K, 2 young (2048K), 2 survivors (2048K)
 Metaspace       used 58846K, committed 59456K, reserved 1105920K
  class space    used 7697K, committed 7936K, reserved 1048576K
}
Event: 55.562 GC heap before
{Heap before GC invocations=103 (full 0):
 garbage-first heap   total 184320K, used 84848K [0x0000000080000000, 0x0000000100000000)
  region size 1024K, 9 young (9216K), 2 survivors (2048K)
 Metaspace       used 58846K, committed 59456K, reserved 1105920K
  class space    used 7697K, committed 7936K, reserved 1048576K
}
Event: 55.566 GC heap after
{Heap after GC invocations=104 (full 0):
 garbage-first heap   total 249856K, used 77122K [0x0000000080000000, 0x0000000100000000)
  region size 1024K, 1 young (1024K), 1 survivors (1024K)
 Metaspace       used 58846K, committed 59456K, reserved 1105920K
  class space    used 7697K, committed 7936K, reserved 1048576K
}
Event: 56.218 GC heap before
{Heap before GC invocations=104 (full 0):
 garbage-first heap   total 249856K, used 222530K [0x0000000080000000, 0x0000000100000000)
  region size 1024K, 142 young (145408K), 1 survivors (1024K)
 Metaspace       used 58854K, committed 59456K, reserved 1105920K
  class space    used 7697K, committed 7936K, reserved 1048576K
}
Event: 56.220 GC heap after
{Heap after GC invocations=105 (full 0):
 garbage-first heap   total 249856K, used 77458K [0x0000000080000000, 0x0000000100000000)
  region size 1024K, 2 young (2048K), 2 survivors (2048K)
 Metaspace       used 58854K, committed 59456K, reserved 1105920K
  class space    used 7697K, committed 7936K, reserved 1048576K
}
Event: 56.735 GC heap before
{Heap before GC invocations=105 (full 0):
 garbage-first heap   total 249856K, used 220818K [0x0000000080000000, 0x0000000100000000)
  region size 1024K, 142 young (145408K), 2 survivors (2048K)
 Metaspace       used 58857K, committed 59456K, reserved 1105920K
  class space    used 7697K, committed 7936K, reserved 1048576K
}
Event: 56.737 GC heap after
{Heap after GC invocations=106 (full 0):
 garbage-first heap   total 249856K, used 78386K [0x0000000080000000, 0x0000000100000000)
  region size 1024K, 3 young (3072K), 3 survivors (3072K)
 Metaspace       used 58857K, committed 59456K, reserved 1105920K
  class space    used 7697K, committed 7936K, reserved 1048576K
}
Event: 57.226 GC heap before
{Heap before GC invocations=106 (full 0):
 garbage-first heap   total 249856K, used 219698K [0x0000000080000000, 0x0000000100000000)
  region size 1024K, 141 young (144384K), 3 survivors (3072K)
 Metaspace       used 58857K, committed 59456K, reserved 1105920K
  class space    used 7697K, committed 7936K, reserved 1048576K
}
Event: 57.229 GC heap after
{Heap after GC invocations=107 (full 0):
 garbage-first heap   total 249856K, used 79377K [0x0000000080000000, 0x0000000100000000)
  region size 1024K, 4 young (4096K), 4 survivors (4096K)
 Metaspace       used 58857K, committed 59456K, reserved 1105920K
  class space    used 7697K, committed 7936K, reserved 1048576K
}
Event: 57.759 GC heap before
{Heap before GC invocations=108 (full 0):
 garbage-first heap   total 249856K, used 218641K [0x0000000080000000, 0x0000000100000000)
  region size 1024K, 140 young (143360K), 4 survivors (4096K)
 Metaspace       used 58857K, committed 59456K, reserved 1105920K
  class space    used 7697K, committed 7936K, reserved 1048576K
}
Event: 57.763 GC heap after
{Heap after GC invocations=109 (full 0):
 garbage-first heap   total 249856K, used 80158K [0x0000000080000000, 0x0000000100000000)
  region size 1024K, 4 young (4096K), 4 survivors (4096K)
 Metaspace       used 58857K, committed 59456K, reserved 1105920K
  class space    used 7697K, committed 7936K, reserved 1048576K
}
Event: 58.350 GC heap before
{Heap before GC invocations=109 (full 0):
 garbage-first heap   total 249856K, used 219422K [0x0000000080000000, 0x0000000100000000)
  region size 1024K, 140 young (143360K), 4 survivors (4096K)
 Metaspace       used 58858K, committed 59456K, reserved 1105920K
  class space    used 7697K, committed 7936K, reserved 1048576K
}
Event: 58.353 GC heap after
{Heap after GC invocations=110 (full 0):
 garbage-first heap   total 249856K, used 80993K [0x0000000080000000, 0x0000000100000000)
  region size 1024K, 5 young (5120K), 5 survivors (5120K)
 Metaspace       used 58858K, committed 59456K, reserved 1105920K
  class space    used 7697K, committed 7936K, reserved 1048576K
}
Event: 59.032 GC heap before
{Heap before GC invocations=111 (full 0):
 garbage-first heap   total 249856K, used 218209K [0x0000000080000000, 0x0000000100000000)
  region size 1024K, 139 young (142336K), 5 survivors (5120K)
 Metaspace       used 58858K, committed 59456K, reserved 1105920K
  class space    used 7697K, committed 7936K, reserved 1048576K
}
Event: 59.037 GC heap after
{Heap after GC invocations=112 (full 0):
 garbage-first heap   total 249856K, used 81992K [0x0000000080000000, 0x0000000100000000)
  region size 1024K, 6 young (6144K), 6 survivors (6144K)
 Metaspace       used 58858K, committed 59456K, reserved 1105920K
  class space    used 7697K, committed 7936K, reserved 1048576K
}
Event: 59.063 GC heap before
{Heap before GC invocations=112 (full 0):
 garbage-first heap   total 249856K, used 88136K [0x0000000080000000, 0x0000000100000000)
  region size 1024K, 12 young (12288K), 6 survivors (6144K)
 Metaspace       used 58858K, committed 59456K, reserved 1105920K
  class space    used 7697K, committed 7936K, reserved 1048576K
}
Event: 59.069 GC heap after
{Heap after GC invocations=113 (full 0):
 garbage-first heap   total 249856K, used 82107K [0x0000000080000000, 0x0000000100000000)
  region size 1024K, 2 young (2048K), 2 survivors (2048K)
 Metaspace       used 58858K, committed 59456K, reserved 1105920K
  class space    used 7697K, committed 7936K, reserved 1048576K
}

Dll operation events (3 events):
Event: 0.014 Loaded shared library D:\Program Files\Android\Android Studio1\jbr\bin\java.dll
Event: 0.263 Loaded shared library D:\Program Files\Android\Android Studio1\jbr\bin\zip.dll
Event: 1.129 Loaded shared library D:\Program Files\Android\Android Studio1\jbr\bin\verify.dll

Deoptimization events (20 events):
Event: 57.730 Thread 0x000001bbdd3838f0 DEOPT PACKING pc=0x000001bbcd935e38 sp=0x0000002c0f9f7b90
Event: 57.730 Thread 0x000001bbdd3838f0 DEOPT UNPACKING pc=0x000001bbcce269a3 sp=0x0000002c0f9f7aa8 mode 2
Event: 57.736 Thread 0x000001bbdd3838f0 Uncommon trap: trap_request=0xffffff76 fr.pc=0x000001bbcd8c9820 relative=0x00000000000002e0
Event: 57.736 Thread 0x000001bbdd3838f0 Uncommon trap: reason=predicate action=maybe_recompile pc=0x000001bbcd8c9820 method=org.objectweb.asm.Label.accept(Lorg/objectweb/asm/MethodVisitor;Z)V @ 48 c2
Event: 57.736 Thread 0x000001bbdd3838f0 DEOPT PACKING pc=0x000001bbcd8c9820 sp=0x0000002c0f9f7ae0
Event: 57.736 Thread 0x000001bbdd3838f0 DEOPT UNPACKING pc=0x000001bbcce269a3 sp=0x0000002c0f9f7a90 mode 2
Event: 57.780 Thread 0x000001bbdd3838f0 Uncommon trap: trap_request=0xffffff76 fr.pc=0x000001bbcd8eb3f4 relative=0x000000000000b0d4
Event: 57.780 Thread 0x000001bbdd3838f0 Uncommon trap: reason=predicate action=maybe_recompile pc=0x000001bbcd8eb3f4 method=org.objectweb.asm.Label.accept(Lorg/objectweb/asm/MethodVisitor;Z)V @ 48 c2
Event: 57.780 Thread 0x000001bbdd3838f0 DEOPT PACKING pc=0x000001bbcd8eb3f4 sp=0x0000002c0f9f7b90
Event: 57.780 Thread 0x000001bbdd3838f0 DEOPT UNPACKING pc=0x000001bbcce269a3 sp=0x0000002c0f9f7aa8 mode 2
Event: 57.919 Thread 0x000001bbdd3838f0 Uncommon trap: trap_request=0xffffff45 fr.pc=0x000001bbcda0966c relative=0x000000000000076c
Event: 57.919 Thread 0x000001bbdd3838f0 Uncommon trap: reason=unstable_if action=reinterpret pc=0x000001bbcda0966c method=org.gradle.api.internal.runtimeshaded.RuntimeShadedJarCreator.processEntry(Lorg/gradle/internal/classpath/ClasspathBuilder$EntryBuilder;Lorg/gradle/internal/classpath/Classp
Event: 57.919 Thread 0x000001bbdd3838f0 DEOPT PACKING pc=0x000001bbcda0966c sp=0x0000002c0f9f8130
Event: 57.919 Thread 0x000001bbdd3838f0 DEOPT UNPACKING pc=0x000001bbcce269a3 sp=0x0000002c0f9f7fd8 mode 2
Event: 58.051 Thread 0x000001bbdd3838f0 Uncommon trap: trap_request=0xffffff45 fr.pc=0x000001bbcda0a810 relative=0x0000000000000710
Event: 58.051 Thread 0x000001bbdd3838f0 Uncommon trap: reason=unstable_if action=reinterpret pc=0x000001bbcda0a810 method=org.gradle.api.internal.runtimeshaded.RuntimeShadedJarCreator.processEntry(Lorg/gradle/internal/classpath/ClasspathBuilder$EntryBuilder;Lorg/gradle/internal/classpath/Classp
Event: 58.051 Thread 0x000001bbdd3838f0 DEOPT PACKING pc=0x000001bbcda0a810 sp=0x0000002c0f9f80d0
Event: 58.051 Thread 0x000001bbdd3838f0 DEOPT UNPACKING pc=0x000001bbcce269a3 sp=0x0000002c0f9f7fe0 mode 2
Event: 58.106 Thread 0x000001bbdd3838f0 DEOPT PACKING pc=0x000001bbc6142934 sp=0x0000002c0f9f78d0
Event: 58.106 Thread 0x000001bbdd3838f0 DEOPT UNPACKING pc=0x000001bbcce27143 sp=0x0000002c0f9f6de8 mode 0

Classes unloaded (19 events):
Event: 25.411 Thread 0x000001bbdcc20620 Unloading class 0x0000000100744000 '_BuildScript_$_run_closure1'
Event: 25.411 Thread 0x000001bbdcc20620 Unloading class 0x000000010073c800 '_BuildScript_'
Event: 25.411 Thread 0x000001bbdcc20620 Unloading class 0x00000001006bc968 '_BuildScript_$_run_closure1$_closure2'
Event: 25.411 Thread 0x000001bbdcc20620 Unloading class 0x00000001006bc558 '_BuildScript_$_run_closure1'
Event: 25.411 Thread 0x000001bbdcc20620 Unloading class 0x00000001006bc000 '_BuildScript_'
Event: 27.410 Thread 0x000001bbdcc20620 Unloading class 0x000000010074c968 '_BuildScript_$_run_closure1$_closure2'
Event: 27.410 Thread 0x000001bbdcc20620 Unloading class 0x000000010074c558 '_BuildScript_$_run_closure1'
Event: 27.410 Thread 0x000001bbdcc20620 Unloading class 0x000000010074c000 '_BuildScript_'
Event: 47.916 Thread 0x000001bbdcc20620 Unloading class 0x0000000100792000 '_BuildScript_$_run_closure1$_closure2$_closure4'
Event: 47.916 Thread 0x000001bbdcc20620 Unloading class 0x0000000100791820 '_BuildScript_$_run_closure1$_closure2$_closure3'
Event: 47.916 Thread 0x000001bbdcc20620 Unloading class 0x0000000100791410 '_BuildScript_$_run_closure1$_closure2'
Event: 47.916 Thread 0x000001bbdcc20620 Unloading class 0x0000000100791000 '_BuildScript_$_run_closure1'
Event: 47.916 Thread 0x000001bbdcc20620 Unloading class 0x0000000100790800 '_BuildScript_'
Event: 47.916 Thread 0x000001bbdcc20620 Unloading class 0x000000010075d2f0 '_BuildScript_'
Event: 47.916 Thread 0x000001bbdcc20620 Unloading class 0x000000010075d000 'RegistryProcessor'
Event: 47.916 Thread 0x000001bbdcc20620 Unloading class 0x000000010075cae0 'JetGradlePlugin$_apply_closure1$_closure2$_closure3'
Event: 47.916 Thread 0x000001bbdcc20620 Unloading class 0x000000010075c6d0 'JetGradlePlugin$_apply_closure1$_closure2'
Event: 47.916 Thread 0x000001bbdcc20620 Unloading class 0x000000010075c2c0 'JetGradlePlugin$_apply_closure1'
Event: 47.916 Thread 0x000001bbdcc20620 Unloading class 0x000000010075c000 'JetGradlePlugin'

Classes redefined (0 events):
No events

Internal exceptions (20 events):
Event: 45.221 Thread 0x000001bbdd3838f0 Exception <a 'java/lang/ClassNotFoundException'{0x0000000087374260}: org/gradle/configuration/internal/DefaultListenerBuildOperationDecorator$BuildOperationEmittingClosureCustomizer> (0x0000000087374260) 
thrown [s\src\hotspot\share\classfile\systemDictionary.cpp, line 256]
Event: 45.304 Thread 0x000001bbdd3838f0 Exception <a 'java/lang/NoSuchMethodError'{0x00000000872b72a0}: 'java.lang.Object java.lang.invoke.DirectMethodHandle$Holder.newInvokeSpecial(java.lang.Object, java.lang.Object, int, int)'> (0x00000000872b72a0) 
thrown [s\src\hotspot\share\interpreter\linkResolver.cpp, line 771]
Event: 45.465 Thread 0x000001bbdd3838f0 Exception <a 'java/lang/NoSuchMethodError'{0x00000000871398b0}: 'java.lang.Object java.lang.invoke.Invokers$Holder.invoker(java.lang.Object, java.lang.Object, java.lang.Object, java.lang.Object, java.lang.Object, java.lang.Object, java.lang.Object, java.lang.Object, java.lang.Object)'> (0x00000000871398b0) 
thrown [s\src\hotspot\share\interpreter\linkResolver.cpp, line 771]
Event: 45.561 Thread 0x000001bbdd3838f0 Exception <a 'java/lang/NoSuchMethodError'{0x00000000871f7090}: 'java.lang.Object java.lang.invoke.Invokers$Holder.invoker(java.lang.Object, java.lang.Object, java.lang.Object, java.lang.Object)'> (0x00000000871f7090) 
thrown [s\src\hotspot\share\interpreter\linkResolver.cpp, line 771]
Event: 45.731 Thread 0x000001bbdd3838f0 Exception <a 'java/lang/NoSuchMethodError'{0x00000000870a52d0}: 'java.lang.Object java.lang.invoke.DelegatingMethodHandle$Holder.reinvoke_L(java.lang.Object, java.lang.Object, java.lang.Object, java.lang.Object, java.lang.Object, java.lang.Object, java.lang.Object, java.lang.Object, java.lang.Object, java.lang.Object, java.lang.Object, java.lang.Object, java.lang.Object, java.lang.Object, java.lang.Object, java.lang.Object, java.lang.Object, java.lang.Object, java.lang.Object, java.lang.Object, java.lang.O
Event: 45.733 Thread 0x000001bbdd3838f0 Exception <a 'java/lang/NoSuchMethodError'{0x00000000870b0e88}: 'java.lang.Object java.lang.invoke.Invokers$Holder.invoker(java.lang.Object, java.lang.Object, java.lang.Object, java.lang.Object, java.lang.Object, java.lang.Object, java.lang.Object, java.lang.Object, java.lang.Object, java.lang.Object, java.lang.Object, java.lang.Object, java.lang.Object, java.lang.Object, java.lang.Object, java.lang.Object, java.lang.Object, java.lang.Object, java.lang.Object, java.lang.Object, java.lang.Object, java.lang.
Event: 45.735 Thread 0x000001bbdd3838f0 Exception <a 'java/lang/NoSuchMethodError'{0x00000000870b7a90}: 'java.lang.Object java.lang.invoke.DelegatingMethodHandle$Holder.delegate(java.lang.Object, java.lang.Object, java.lang.Object, java.lang.Object, java.lang.Object, java.lang.Object, java.lang.Object, java.lang.Object, java.lang.Object, java.lang.Object, java.lang.Object, java.lang.Object, java.lang.Object, java.lang.Object, java.lang.Object, java.lang.Object, java.lang.Object, java.lang.Object, java.lang.Object, java.lang.Object, java.lang.Obj
Event: 45.760 Thread 0x000001bbdd3838f0 Exception <a 'java/lang/NoSuchMethodError'{0x0000000086f31e70}: 'java.lang.Object java.lang.invoke.DirectMethodHandle$Holder.invokeStatic(java.lang.Object, java.lang.Object, java.lang.Object, java.lang.Object, java.lang.Object, java.lang.Object, java.lang.Object, java.lang.Object, java.lang.Object, java.lang.Object, java.lang.Object, java.lang.Object, java.lang.Object, java.lang.Object, java.lang.Object, java.lang.Object, java.lang.Object)'> (0x0000000086f31e70) 
thrown [s\src\hotspot\share\interpreter\lin
Event: 45.763 Thread 0x000001bbdd3838f0 Exception <a 'java/lang/NoSuchMethodError'{0x0000000086f5b218}: 'java.lang.Object java.lang.invoke.DirectMethodHandle$Holder.invokeStatic(java.lang.Object, java.lang.Object, java.lang.Object, java.lang.Object, java.lang.Object, java.lang.Object, java.lang.Object, java.lang.Object, java.lang.Object, java.lang.Object, java.lang.Object, java.lang.Object, java.lang.Object, java.lang.Object, java.lang.Object, java.lang.Object, java.lang.Object, java.lang.Object)'> (0x0000000086f5b218) 
thrown [s\src\hotspot\sha
Event: 45.769 Thread 0x000001bbdd3838f0 Exception <a 'java/lang/NoSuchMethodError'{0x0000000086f87108}: 'java.lang.Object java.lang.invoke.DirectMethodHandle$Holder.invokeStatic(java.lang.Object, java.lang.Object, java.lang.Object, java.lang.Object, java.lang.Object, java.lang.Object, java.lang.Object, java.lang.Object, java.lang.Object, java.lang.Object, java.lang.Object, java.lang.Object, java.lang.Object, java.lang.Object, java.lang.Object, java.lang.Object, java.lang.Object, java.lang.Object, java.lang.Object)'> (0x0000000086f87108) 
thrown 
Event: 45.774 Thread 0x000001bbdd3838f0 Exception <a 'java/lang/NoSuchMethodError'{0x0000000086fb23b8}: 'java.lang.Object java.lang.invoke.DirectMethodHandle$Holder.invokeStatic(java.lang.Object, java.lang.Object, java.lang.Object, java.lang.Object, java.lang.Object, java.lang.Object, java.lang.Object, java.lang.Object, java.lang.Object, java.lang.Object, java.lang.Object, java.lang.Object, java.lang.Object, java.lang.Object, java.lang.Object, java.lang.Object, java.lang.Object, java.lang.Object, java.lang.Object, java.lang.Object)'> (0x00000000
Event: 45.791 Thread 0x000001bbdd3838f0 Exception <a 'java/lang/NoSuchMethodError'{0x0000000086fde798}: 'java.lang.Object java.lang.invoke.DirectMethodHandle$Holder.invokeStatic(java.lang.Object, java.lang.Object, java.lang.Object, java.lang.Object, java.lang.Object, java.lang.Object, java.lang.Object, java.lang.Object, java.lang.Object, java.lang.Object, java.lang.Object, java.lang.Object, java.lang.Object, java.lang.Object, java.lang.Object, java.lang.Object, java.lang.Object, java.lang.Object, java.lang.Object, java.lang.Object, java.lang.Obj
Event: 45.798 Thread 0x000001bbdd3838f0 Exception <a 'java/lang/NoSuchMethodError'{0x0000000086e0c718}: 'java.lang.Object java.lang.invoke.DirectMethodHandle$Holder.invokeStatic(java.lang.Object, java.lang.Object, java.lang.Object, java.lang.Object, java.lang.Object, java.lang.Object, java.lang.Object, java.lang.Object, java.lang.Object, java.lang.Object, java.lang.Object, java.lang.Object, java.lang.Object, java.lang.Object, java.lang.Object, java.lang.Object, java.lang.Object, java.lang.Object, java.lang.Object, java.lang.Object, java.lang.Obj
Event: 45.818 Thread 0x000001bbdd3838f0 Exception <a 'java/lang/NoSuchMethodError'{0x0000000086e3a5f8}: 'java.lang.Object java.lang.invoke.DirectMethodHandle$Holder.invokeStatic(java.lang.Object, java.lang.Object, java.lang.Object, java.lang.Object, java.lang.Object, java.lang.Object, java.lang.Object, java.lang.Object, java.lang.Object, java.lang.Object, java.lang.Object, java.lang.Object, java.lang.Object, java.lang.Object, java.lang.Object, java.lang.Object, java.lang.Object, java.lang.Object, java.lang.Object, java.lang.Object, java.lang.Obj
Event: 45.829 Thread 0x000001bbdd3838f0 Exception <a 'java/lang/NoSuchMethodError'{0x0000000086e6a140}: 'java.lang.Object java.lang.invoke.DirectMethodHandle$Holder.invokeStatic(java.lang.Object, java.lang.Object, java.lang.Object, java.lang.Object, java.lang.Object, java.lang.Object, java.lang.Object, java.lang.Object, java.lang.Object, java.lang.Object, java.lang.Object, java.lang.Object, java.lang.Object, java.lang.Object, java.lang.Object, java.lang.Object, java.lang.Object, java.lang.Object, java.lang.Object, java.lang.Object, java.lang.Obj
Event: 45.865 Thread 0x000001bbdd3838f0 Exception <a 'java/lang/NoSuchMethodError'{0x0000000086e9b9d0}: 'java.lang.Object java.lang.invoke.DirectMethodHandle$Holder.invokeStatic(java.lang.Object, java.lang.Object, java.lang.Object, java.lang.Object, java.lang.Object, java.lang.Object, java.lang.Object, java.lang.Object, java.lang.Object, java.lang.Object, java.lang.Object, java.lang.Object, java.lang.Object, java.lang.Object, java.lang.Object, java.lang.Object, java.lang.Object, java.lang.Object, java.lang.Object, java.lang.Object, java.lang.Obj
Event: 46.612 Thread 0x000001bbdd3838f0 Exception <a 'sun/nio/fs/WindowsException'{0x0000000086062710}> (0x0000000086062710) 
thrown [s\src\hotspot\share\prims\jni.cpp, line 517]
Event: 46.633 Thread 0x000001bbdd3838f0 Implicit null exception at 0x000001bbcd66961a to 0x000001bbcd66994c
Event: 46.634 Thread 0x000001bbdd3838f0 Implicit null exception at 0x000001bbcd86a6ec to 0x000001bbcd86b7e4
Event: 55.035 Thread 0x000001bbdd3838f0 Implicit null exception at 0x000001bbcd968157 to 0x000001bbcd96c610

VM Operations (20 events):
Event: 56.734 Executing VM operation: G1CollectForAllocation
Event: 56.737 Executing VM operation: G1CollectForAllocation done
Event: 57.226 Executing VM operation: G1CollectForAllocation
Event: 57.229 Executing VM operation: G1CollectForAllocation done
Event: 57.299 Executing VM operation: G1Concurrent
Event: 57.308 Executing VM operation: G1Concurrent done
Event: 57.333 Executing VM operation: G1Concurrent
Event: 57.334 Executing VM operation: G1Concurrent done
Event: 57.759 Executing VM operation: G1CollectForAllocation
Event: 57.763 Executing VM operation: G1CollectForAllocation done
Event: 58.350 Executing VM operation: G1CollectForAllocation
Event: 58.354 Executing VM operation: G1CollectForAllocation done
Event: 58.438 Executing VM operation: G1Concurrent
Event: 58.447 Executing VM operation: G1Concurrent done
Event: 58.471 Executing VM operation: G1Concurrent
Event: 58.472 Executing VM operation: G1Concurrent done
Event: 59.032 Executing VM operation: G1CollectForAllocation
Event: 59.037 Executing VM operation: G1CollectForAllocation done
Event: 59.062 Executing VM operation: G1CollectForAllocation
Event: 59.069 Executing VM operation: G1CollectForAllocation done

Events (20 events):
Event: 49.173 Thread 0x000001bbdcc820f0 flushing nmethod 0x000001bbcd481b90
Event: 49.173 Thread 0x000001bbdcc820f0 flushing nmethod 0x000001bbcd482890
Event: 49.174 Thread 0x000001bbdcc820f0 flushing nmethod 0x000001bbcd62b210
Event: 49.175 Thread 0x000001bbdcc820f0 flushing nmethod 0x000001bbcd661b90
Event: 49.175 Thread 0x000001bbdcc820f0 flushing nmethod 0x000001bbcd69cb10
Event: 49.177 Thread 0x000001bbdcc820f0 flushing nmethod 0x000001bbcd88af10
Event: 49.178 Thread 0x000001bbdcc820f0 flushing nmethod 0x000001bbc58c4b10
Event: 49.182 Thread 0x000001bbdcc820f0 flushing nmethod 0x000001bbc5bbad90
Event: 49.185 Thread 0x000001bbdcc820f0 flushing nmethod 0x000001bbc5d6cf90
Event: 49.190 Thread 0x000001bbdcc820f0 flushing nmethod 0x000001bbc613ea10
Event: 49.190 Thread 0x000001bbdcc820f0 flushing nmethod 0x000001bbc6165a90
Event: 54.413 loading class java/util/regex/Pattern$Caret
Event: 54.414 loading class java/util/regex/Pattern$Caret done
Event: 54.997 Thread 0x000001bbdf814f70 Thread exited: 0x000001bbdf814f70
Event: 56.098 Thread 0x000001bbdf815990 Thread exited: 0x000001bbdf815990
Event: 56.500 Thread 0x000001bbdf814040 Thread added: 0x000001bbdf814040
Event: 56.500 Thread 0x000001bbdf814550 Thread added: 0x000001bbdf814550
Event: 56.791 Thread 0x000001bbdf814550 Thread exited: 0x000001bbdf814550
Event: 57.338 Thread 0x000001bbdf814040 Thread exited: 0x000001bbdf814040
Event: 58.565 Thread 0x000001bbdf814a60 Thread added: 0x000001bbdf814a60


Dynamic libraries:
0x00007ff6f8200000 - 0x00007ff6f820a000 	D:\Program Files\Android\Android Studio1\jbr\bin\java.exe
0x00007ffaa5810000 - 0x00007ffaa5a27000 	C:\Windows\SYSTEM32\ntdll.dll
0x00007ffaa3ea0000 - 0x00007ffaa3f64000 	C:\Windows\System32\KERNEL32.DLL
0x00007ffaa2d80000 - 0x00007ffaa3126000 	C:\Windows\System32\KERNELBASE.dll
0x00007ffaa3130000 - 0x00007ffaa3241000 	C:\Windows\System32\ucrtbase.dll
0x00007ffa8da10000 - 0x00007ffa8da27000 	D:\Program Files\Android\Android Studio1\jbr\bin\jli.dll
0x00007ffaa5620000 - 0x00007ffaa57cd000 	C:\Windows\System32\USER32.dll
0x00007ffaa2b90000 - 0x00007ffaa2bb6000 	C:\Windows\System32\win32u.dll
0x00007ffaa55f0000 - 0x00007ffaa5619000 	C:\Windows\System32\GDI32.dll
0x00007ffaa2c60000 - 0x00007ffaa2d78000 	C:\Windows\System32\gdi32full.dll
0x00007ffaa2bc0000 - 0x00007ffaa2c5a000 	C:\Windows\System32\msvcp_win.dll
0x00007ffaa1e50000 - 0x00007ffaa20e3000 	C:\Windows\WinSxS\amd64_microsoft.windows.common-controls_6595b64144ccf1df_6.0.22621.2361_none_2712ced57382f843\COMCTL32.dll
0x00007ffaa3570000 - 0x00007ffaa3617000 	C:\Windows\System32\msvcrt.dll
0x00007ffa88360000 - 0x00007ffa8837b000 	D:\Program Files\Android\Android Studio1\jbr\bin\VCRUNTIME140.dll
0x00007ffaa3620000 - 0x00007ffaa3651000 	C:\Windows\System32\IMM32.DLL
0x00007ffa88080000 - 0x00007ffa8808c000 	D:\Program Files\Android\Android Studio1\jbr\bin\vcruntime140_1.dll
0x00007ffa5f810000 - 0x00007ffa5f89d000 	D:\Program Files\Android\Android Studio1\jbr\bin\msvcp140.dll
0x00007ffa60540000 - 0x00007ffa611ae000 	D:\Program Files\Android\Android Studio1\jbr\bin\server\jvm.dll
0x00007ffaa3f70000 - 0x00007ffaa4020000 	C:\Windows\System32\ADVAPI32.dll
0x00007ffaa4030000 - 0x00007ffaa40d6000 	C:\Windows\System32\sechost.dll
0x00007ffaa3810000 - 0x00007ffaa3927000 	C:\Windows\System32\RPCRT4.dll
0x00007ffa7ccf0000 - 0x00007ffa7ccf9000 	C:\Windows\SYSTEM32\WSOCK32.dll
0x00007ffa9f880000 - 0x00007ffa9f8b4000 	C:\Windows\SYSTEM32\WINMM.dll
0x00007ffaa1370000 - 0x00007ffaa137a000 	C:\Windows\SYSTEM32\VERSION.dll
0x00007ffaa5570000 - 0x00007ffaa55e1000 	C:\Windows\System32\WS2_32.dll
0x00007ffaa0c10000 - 0x00007ffaa0c28000 	C:\Windows\SYSTEM32\kernel.appcore.dll
0x00007ffaa1c40000 - 0x00007ffaa1c4a000 	D:\Program Files\Android\Android Studio1\jbr\bin\jimage.dll
0x00007ffaa2430000 - 0x00007ffaa265e000 	C:\Windows\SYSTEM32\DBGHELP.DLL
0x00007ffaa40e0000 - 0x00007ffaa446a000 	C:\Windows\System32\combase.dll
0x00007ffaa5490000 - 0x00007ffaa5567000 	C:\Windows\System32\OLEAUT32.dll
0x00007ffaa22e0000 - 0x00007ffaa2312000 	C:\Windows\SYSTEM32\dbgcore.DLL
0x00007ffaa3430000 - 0x00007ffaa34aa000 	C:\Windows\System32\bcryptPrimitives.dll
0x00007ffa9a650000 - 0x00007ffa9a65e000 	D:\Program Files\Android\Android Studio1\jbr\bin\instrument.dll
0x00007ffa9bca0000 - 0x00007ffa9bcc5000 	D:\Program Files\Android\Android Studio1\jbr\bin\java.dll
0x00007ffa9a230000 - 0x00007ffa9a248000 	D:\Program Files\Android\Android Studio1\jbr\bin\zip.dll
0x00007ffaa4490000 - 0x00007ffaa4ce8000 	C:\Windows\System32\SHELL32.dll
0x00007ffa9fb90000 - 0x00007ffaa0482000 	C:\Windows\SYSTEM32\windows.storage.dll
0x00007ffa9fa50000 - 0x00007ffa9fb8e000 	C:\Windows\SYSTEM32\wintypes.dll
0x00007ffaa4ea0000 - 0x00007ffaa4f93000 	C:\Windows\System32\SHCORE.dll
0x00007ffaa3b10000 - 0x00007ffaa3b6e000 	C:\Windows\System32\shlwapi.dll
0x00007ffaa2ac0000 - 0x00007ffaa2ae6000 	C:\Windows\SYSTEM32\profapi.dll
0x00007ffa935e0000 - 0x00007ffa935f9000 	D:\Program Files\Android\Android Studio1\jbr\bin\net.dll
0x00007ffa95ba0000 - 0x00007ffa95cd7000 	C:\Windows\SYSTEM32\WINHTTP.dll
0x00007ffaa1050000 - 0x00007ffaa10b9000 	C:\Windows\system32\mswsock.dll
0x00007ffa8f2c0000 - 0x00007ffa8f2d6000 	D:\Program Files\Android\Android Studio1\jbr\bin\nio.dll
0x00007ffaa1c30000 - 0x00007ffaa1c40000 	D:\Program Files\Android\Android Studio1\jbr\bin\verify.dll
0x00007ffa787b0000 - 0x00007ffa787d7000 	C:\Users\RoGad\.gradle\native\c067742578af261105cb4f569cf0c3c89f3d7b1fecec35dd04571415982c5e48\windows-amd64\native-platform.dll
0x00007ffa1e180000 - 0x00007ffa1e2c4000 	C:\Users\RoGad\.gradle\native\38dada09dfb8b06ba9b0570ebf7e218e3eb74d4ef43ca46872605cf95ebc2f47\windows-amd64\native-platform-file-events.dll
0x00007ffa9c960000 - 0x00007ffa9c969000 	D:\Program Files\Android\Android Studio1\jbr\bin\management.dll
0x00007ffa9a680000 - 0x00007ffa9a68b000 	D:\Program Files\Android\Android Studio1\jbr\bin\management_ext.dll
0x00007ffaa3b00000 - 0x00007ffaa3b08000 	C:\Windows\System32\PSAPI.DLL
0x00007ffaa2740000 - 0x00007ffaa275b000 	C:\Windows\SYSTEM32\CRYPTSP.dll
0x00007ffaa0bd0000 - 0x00007ffaa0c05000 	C:\Windows\system32\rsaenh.dll
0x00007ffaa10f0000 - 0x00007ffaa111c000 	C:\Windows\SYSTEM32\USERENV.dll
0x00007ffaa2320000 - 0x00007ffaa2348000 	C:\Windows\SYSTEM32\bcrypt.dll
0x00007ffaa1350000 - 0x00007ffaa135c000 	C:\Windows\SYSTEM32\CRYPTBASE.dll
0x00007ffaa0730000 - 0x00007ffaa075d000 	C:\Windows\SYSTEM32\IPHLPAPI.DLL
0x00007ffaa4020000 - 0x00007ffaa4029000 	C:\Windows\System32\NSI.dll
0x00007ffa95b60000 - 0x00007ffa95b79000 	C:\Windows\SYSTEM32\dhcpcsvc6.DLL
0x00007ffa95b20000 - 0x00007ffa95b3f000 	C:\Windows\SYSTEM32\dhcpcsvc.DLL
0x00007ffaa0760000 - 0x00007ffaa0859000 	C:\Windows\SYSTEM32\DNSAPI.dll
0x00007ffa29610000 - 0x00007ffa29618000 	C:\Windows\system32\wshunix.dll
0x00007ffaa23e0000 - 0x00007ffaa2414000 	C:\Windows\SYSTEM32\ntmarta.dll

dbghelp: loaded successfully - version: 4.0.5 - missing functions: none
symbol engine: initialized successfully - sym options: 0x614 - pdb path: .;D:\Program Files\Android\Android Studio1\jbr\bin;C:\Windows\SYSTEM32;C:\Windows\WinSxS\amd64_microsoft.windows.common-controls_6595b64144ccf1df_6.0.22621.2361_none_2712ced57382f843;D:\Program Files\Android\Android Studio1\jbr\bin\server;C:\Users\RoGad\.gradle\native\c067742578af261105cb4f569cf0c3c89f3d7b1fecec35dd04571415982c5e48\windows-amd64;C:\Users\RoGad\.gradle\native\38dada09dfb8b06ba9b0570ebf7e218e3eb74d4ef43ca46872605cf95ebc2f47\windows-amd64

VM Arguments:
jvm_args: --add-opens=java.base/java.util=ALL-UNNAMED --add-opens=java.base/java.lang=ALL-UNNAMED --add-opens=java.base/java.lang.invoke=ALL-UNNAMED --add-opens=java.prefs/java.util.prefs=ALL-UNNAMED --add-opens=java.base/java.nio.charset=ALL-UNNAMED --add-opens=java.base/java.net=ALL-UNNAMED --add-opens=java.base/java.util.concurrent.atomic=ALL-UNNAMED -Xmx2048m -Dfile.encoding=UTF-8 -Duser.country=RU -Duser.language=ru -Duser.variant -javaagent:C:\Users\RoGad\OneDrive\Рабочий стол\gradle-8.4\lib\agents\gradle-instrumentation-agent-8.4.jar 
java_command: org.gradle.launcher.daemon.bootstrap.GradleDaemon 8.4
java_class_path (initial): C:\Users\RoGad\OneDrive\Рабочий стол\gradle-8.4\lib\gradle-launcher-8.4.jar
Launcher Type: SUN_STANDARD

[Global flags]
     intx CICompilerCount                          = 4                                         {product} {ergonomic}
     uint ConcGCThreads                            = 2                                         {product} {ergonomic}
     uint G1ConcRefinementThreads                  = 8                                         {product} {ergonomic}
   size_t G1HeapRegionSize                         = 1048576                                   {product} {ergonomic}
    uintx GCDrainStackTargetSize                   = 64                                        {product} {ergonomic}
   size_t InitialHeapSize                          = 251658240                                 {product} {ergonomic}
   size_t MarkStackSize                            = 4194304                                   {product} {ergonomic}
   size_t MaxHeapSize                              = 2147483648                                {product} {command line}
   size_t MaxNewSize                               = 1287651328                                {product} {ergonomic}
   size_t MinHeapDeltaBytes                        = 1048576                                   {product} {ergonomic}
   size_t MinHeapSize                              = 8388608                                   {product} {ergonomic}
    uintx NonNMethodCodeHeapSize                   = 5839372                                {pd product} {ergonomic}
    uintx NonProfiledCodeHeapSize                  = 122909434                              {pd product} {ergonomic}
    uintx ProfiledCodeHeapSize                     = 122909434                              {pd product} {ergonomic}
    uintx ReservedCodeCacheSize                    = 251658240                              {pd product} {ergonomic}
     bool SegmentedCodeCache                       = true                                      {product} {ergonomic}
   size_t SoftMaxHeapSize                          = 2147483648                             {manageable} {ergonomic}
     bool UseCompressedClassPointers               = true                           {product lp64_product} {ergonomic}
     bool UseCompressedOops                        = true                           {product lp64_product} {ergonomic}
     bool UseG1GC                                  = true                                      {product} {ergonomic}
     bool UseLargePagesIndividualAllocation        = false                                  {pd product} {ergonomic}

Logging:
Log output configuration:
 #0: stdout all=warning uptime,level,tags
 #1: stderr all=off uptime,level,tags

Environment Variables:
PATH=C:\Program Files (x86)\Common Files\Oracle\Java\javapath;C:\WINDOWS\system32;C:\WINDOWS;C:\WINDOWS\System32\Wbem;C:\WINDOWS\System32\WindowsPowerShell\v1.0\;C:\WINDOWS\System32\OpenSSH\;C:\Program Files\Microsoft SQL Server\150\Tools\Binn\;C:\Windows\system32;C:\Windows;C:\Windows\System32\Wbem;C:\Windows\System32\WindowsPowerShell\v1.0\;C:\Windows\System32\OpenSSH\;C:\Program Files\Git\cmd;C:\Program Files\dotnet\;C:\ProgramData\chocolatey\bin;C:\MinGW\bin;C:\Users\RoGad\AppData\Local\Microsoft\WindowsApps;C:\Users\RoGad\.dotnet\tools;C:\tools\dart-sdk\bin;C:\Users\RoGad\AppData\Local\Pub\Cache\bin;C:\Users\RoGad\AppData\Local\Programs\Microsoft VS Code\bin;C:\flutter\bin;
USERNAME=RoGad
OS=Windows_NT
PROCESSOR_IDENTIFIER=AMD64 Family 23 Model 24 Stepping 1, AuthenticAMD
TMP=C:\Users\RoGad\AppData\Local\Temp
TEMP=C:\Users\RoGad\AppData\Local\Temp


JNI global refs:
JNI global refs: 27, weak refs: 0

JNI global refs memory usage: 843, weak refs: 841


---------------  S Y S T E M  ---------------

OS:
 Windows 11 , 64 bit Build 22621 (10.0.22621.2428)
OS uptime: 0 days 2:26 hours
Hyper-V role detected

CPU: total 8 (initial active 8) (8 cores per cpu, 2 threads per core) family 23 model 24 stepping 1 microcode 0x0, cx8, cmov, fxsr, ht, mmx, 3dnowpref, sse, sse2, sse3, ssse3, sse4a, sse4.1, sse4.2, popcnt, lzcnt, tsc, tscinvbit, avx, avx2, aes, clmul, bmi1, bmi2, adx, sha, fma, vzeroupper, clflush, clflushopt, hv

Memory: 4k page, system-wide physical 15295M (5538M free)
TotalPageFile size 17599M (AvailPageFile size 5331M)
current process WorkingSet (physical memory assigned to process): 458M, peak: 458M
current process commit charge ("private bytes"): 492M, peak: 493M

vm_info: OpenJDK 64-Bit Server VM (17.0.6+0-b2043.56-10027231) for windows-amd64 JRE (17.0.6+0-b2043.56-10027231), built on Apr 28 2023 00:43:19 by "androidbuild" with MS VC++ 16.10 / 16.11 (VS2019)

END.
