#
# A fatal error has been detected by the Java Runtime Environment:
#
#  EXCEPTION_ACCESS_VIOLATION (0xc0000005) at pc=0x00007ffb3f1f9460, pid=8968, tid=6996
#
# JRE version: OpenJDK Runtime Environment (17.0.6) (build 17.0.6+0-b2043.56-10027231)
# Java VM: OpenJDK 64-Bit Server VM (17.0.6+0-b2043.56-10027231, mixed mode, tiered, compressed oops, compressed class ptrs, g1 gc, windows-amd64)
# Problematic frame:
# V  [jvm.dll+0x689460]
#
# No core dump will be written. Minidumps are not enabled by default on client versions of Windows
#
# If you would like to submit a bug report, please visit:
#   https://bugreport.java.com/bugreport/crash.jsp
#

---------------  S U M M A R Y ------------

Command Line: --add-opens=java.base/java.util=ALL-UNNAMED --add-opens=java.base/java.lang=ALL-UNNAMED --add-opens=java.base/java.lang.invoke=ALL-UNNAMED --add-opens=java.prefs/java.util.prefs=ALL-UNNAMED --add-opens=java.base/java.nio.charset=ALL-UNNAMED --add-opens=java.base/java.net=ALL-UNNAMED --add-opens=java.base/java.util.concurrent.atomic=ALL-UNNAMED -Xmx2048m -Dfile.encoding=UTF-8 -Duser.country=RU -Duser.language=ru -Duser.variant -javaagent:C:\Users\RoGad\OneDrive\Рабочий стол\gradle-8.4\lib\agents\gradle-instrumentation-agent-8.4.jar org.gradle.launcher.daemon.bootstrap.GradleDaemon 8.4

Host: AMD Ryzen 5 3500U with Radeon Vega Mobile Gfx  , 8 cores, 14G,  Windows 11 , 64 bit Build 22621 (10.0.22621.2428)
Time: Thu Nov  2 20:15:27 2023  Windows 11 , 64 bit Build 22621 (10.0.22621.2428) elapsed time: 5.807078 seconds (0d 0h 0m 5s)

---------------  T H R E A D  ---------------

Current thread (0x000001e1b0b75b80):  JavaThread "C2 CompilerThread1" daemon [_thread_in_native, id=6996, stack(0x000000b65bd00000,0x000000b65be00000)]


Current CompileTask:
C2:   5807 2106       4       jdk.internal.org.objectweb.asm.Frame::execute (2305 bytes)

Stack: [0x000000b65bd00000,0x000000b65be00000],  sp=0x000000b65bdfb8e0,  free space=1006k
Native frames: (J=compiled Java code, j=interpreted, Vv=VM code, C=native code)
V  [jvm.dll+0x689460]
V  [jvm.dll+0x68abf4]
V  [jvm.dll+0x6891dd]
V  [jvm.dll+0x21c5cf]
V  [jvm.dll+0x21b621]
V  [jvm.dll+0x1a4fdd]
V  [jvm.dll+0x22b098]
V  [jvm.dll+0x229159]
V  [jvm.dll+0x7f81ec]
V  [jvm.dll+0x7f274a]
V  [jvm.dll+0x682ad5]
C  [ucrtbase.dll+0x29363]
C  [KERNEL32.DLL+0x1257d]
C  [ntdll.dll+0x5aa78]


siginfo: EXCEPTION_ACCESS_VIOLATION (0xc0000005), reading address 0x000001e1ee5f01d8


Register to memory mapping:

RIP=0x00007ffb3f1f9460 jvm.dll
RAX=0x0000000008000006 is an unknown value
RBX=0x0 is NULL
RCX=0x000000b65bdfcef0 is pointing into the stack for thread: 0x000001e1b0b75b80
RDX=0x0 is NULL
RSP=0x000000b65bdfb8e0 is pointing into the stack for thread: 0x000001e1b0b75b80
RBP=0x000001e1ae5f00d8 points into unknown readable memory: 0x00007ffb3f463c50 | 50 3c 46 3f fb 7f 00 00
RSI=0x0 is NULL
RDI=0x000000000000000b is an unknown value
R8 =0x000001e1ae5f00d8 points into unknown readable memory: 0x00007ffb3f463c50 | 50 3c 46 3f fb 7f 00 00
R9 =0x000001e1ae5f01a8 points into unknown readable memory: 0x000001e1ae33f500 | 00 f5 33 ae e1 01 00 00
R10=0x0 is NULL
R11=0x000001e1b1a2fd50 points into unknown readable memory: 0x0000000000000000 | 00 00 00 00 00 00 00 00
R12=0x000001e1af03c5c0 points into unknown readable memory: 0x0000000000000000 | 00 00 00 00 00 00 00 00
R13=0x000001e1b1a2fd30 points into unknown readable memory: 0x0000000b00000000 | 00 00 00 00 0b 00 00 00
R14=0x000001e1b1a2fd00 points into unknown readable memory: 0x0000000200000000 | 00 00 00 00 02 00 00 00
R15=0x000000b65bdfcef0 is pointing into the stack for thread: 0x000001e1b0b75b80


Registers:
RAX=0x0000000008000006, RBX=0x0000000000000000, RCX=0x000000b65bdfcef0, RDX=0x0000000000000000
RSP=0x000000b65bdfb8e0, RBP=0x000001e1ae5f00d8, RSI=0x0000000000000000, RDI=0x000000000000000b
R8 =0x000001e1ae5f00d8, R9 =0x000001e1ae5f01a8, R10=0x0000000000000000, R11=0x000001e1b1a2fd50
R12=0x000001e1af03c5c0, R13=0x000001e1b1a2fd30, R14=0x000001e1b1a2fd00, R15=0x000000b65bdfcef0
RIP=0x00007ffb3f1f9460, EFLAGS=0x0000000000010206

Top of Stack: (sp=0x000000b65bdfb8e0)
0x000000b65bdfb8e0:   000001e1b1a2fd30 0000000000000000
0x000000b65bdfb8f0:   0000000000000000 0000000000000004
0x000000b65bdfb900:   000001e1b1a2fd30 000001e1b1a2fd00
0x000000b65bdfb910:   00000024ffffffff 000000b600000000
0x000000b65bdfb920:   00007ffb3f41f070 0000000000000000
0x000000b65bdfb930:   000000b600000000 0000000000000010
0x000000b65bdfb940:   0000000000000027 00007ffb3ec791d0
0x000000b65bdfb950:   0000000000000004 ffffffffffffffff
0x000000b65bdfb960:   00000000ffff0000 00000000ffffffff
0x000000b65bdfb970:   000000015bdfce00 000001e1ae52ed50
0x000000b65bdfb980:   0000000000000002 000001e1b1a2fd30
0x000000b65bdfb990:   0000000000000010 000001e1af03c5c0
0x000000b65bdfb9a0:   0000000000005b29 000001e1af03c580
0x000000b65bdfb9b0:   000001e1b1c736b0 00007ffb3eb83592
0x000000b65bdfb9c0:   000000b65bdfcf08 000001e1b1c736b0
0x000000b65bdfb9d0:   000000b65bdfce01 000001e1ae5f00d8 

Instructions: (pc=0x00007ffb3f1f9460)
0x00007ffb3f1f9360:   0f 11 00 4d 89 6e 10 eb 06 45 33 ed 45 8b f5 41
0x00007ffb3f1f9370:   8b c4 89 84 24 94 00 00 00 3b f8 0f 8c 15 08 00
0x00007ffb3f1f9380:   00 8b d0 48 8b cb e8 a5 48 b2 ff 4c 8b e0 48 89
0x00007ffb3f1f9390:   84 24 b8 00 00 00 48 8b 40 30 41 8b 54 24 14 48
0x00007ffb3f1f93a0:   89 84 24 98 00 00 00 48 85 c0 74 13 41 8b 7c 24
0x00007ffb3f1f93b0:   10 8b f2 41 2b 7c 24 0c 41 2b 74 24 10 eb 0e 4c
0x00007ffb3f1f93c0:   89 ac 24 98 00 00 00 41 8b fd 41 8b f5 41 8b 44
0x00007ffb3f1f93d0:   24 18 2b c2 33 d2 d1 f8 89 84 24 84 00 00 00 8d
0x00007ffb3f1f93e0:   4a 18 e8 39 14 05 00 48 89 84 24 a8 00 00 00 48
0x00007ffb3f1f93f0:   8b d8 48 85 c0 74 31 ba 08 00 00 00 8b cf e8 fd
0x00007ffb3f1f9400:   62 cc ff 44 89 2b 89 7b 04 48 89 43 08 85 ff 7e
0x00007ffb3f1f9410:   11 44 8b c7 33 d2 49 c1 e0 03 48 8b c8 e8 70 58
0x00007ffb3f1f9420:   21 00 4c 89 6b 10 eb 08 4c 89 ac 24 a8 00 00 00
0x00007ffb3f1f9430:   41 8b dd 85 ff 7e 3b 4c 8b ac 24 a8 00 00 00 90
0x00007ffb3f1f9440:   41 8b 44 24 0c 4c 8b c5 03 45 70 8b d3 4c 8b 4d
0x00007ffb3f1f9450:   08 03 c3 4c 89 74 24 28 49 8b cf 4c 89 6c 24 20
0x00007ffb3f1f9460:   4d 8b 0c c1 e8 87 f0 ff ff ff c3 3b df 7c d1 45
0x00007ffb3f1f9470:   33 ed 33 d2 8d 4a 18 e8 a4 13 05 00 48 89 84 24
0x00007ffb3f1f9480:   c0 00 00 00 48 8b f8 48 85 c0 74 31 ba 08 00 00
0x00007ffb3f1f9490:   00 8b ce e8 68 62 cc ff 44 89 2f 89 77 04 48 89
0x00007ffb3f1f94a0:   47 08 85 f6 7e 11 44 8b c6 33 d2 49 c1 e0 03 48
0x00007ffb3f1f94b0:   8b c8 e8 db 57 21 00 4c 89 6f 10 eb 0b 49 8b fd
0x00007ffb3f1f94c0:   4c 89 ac 24 c0 00 00 00 41 8b dd 85 f6 7e 30 90
0x00007ffb3f1f94d0:   8b 45 70 4c 8b c5 4c 8b 4d 08 03 c3 41 03 44 24
0x00007ffb3f1f94e0:   10 8b d3 4c 89 74 24 28 49 8b cf 48 89 7c 24 20
0x00007ffb3f1f94f0:   4d 8b 0c c1 e8 f7 ef ff ff ff c3 3b de 7c d1 33
0x00007ffb3f1f9500:   d2 8d 4a 18 e8 17 13 05 00 48 89 84 24 b0 00 00
0x00007ffb3f1f9510:   00 4c 8b f8 48 85 c0 74 39 8b 9c 24 84 00 00 00
0x00007ffb3f1f9520:   ba 08 00 00 00 8b cb e8 d4 61 cc ff 45 89 2f 41
0x00007ffb3f1f9530:   89 5f 04 49 89 47 08 85 db 7e 11 44 8b c3 33 d2
0x00007ffb3f1f9540:   49 c1 e0 03 48 8b c8 e8 46 57 21 00 4d 89 6f 10
0x00007ffb3f1f9550:   eb 12 8b 9c 24 84 00 00 00 4d 8b fd 4c 89 ac 24 


Stack slot to memory mapping:
stack at sp + 0 slots: 0x000001e1b1a2fd30 points into unknown readable memory: 0x0000000b00000000 | 00 00 00 00 0b 00 00 00
stack at sp + 1 slots: 0x0 is NULL
stack at sp + 2 slots: 0x0 is NULL
stack at sp + 3 slots: 0x0000000000000004 is an unknown value
stack at sp + 4 slots: 0x000001e1b1a2fd30 points into unknown readable memory: 0x0000000b00000000 | 00 00 00 00 0b 00 00 00
stack at sp + 5 slots: 0x000001e1b1a2fd00 points into unknown readable memory: 0x0000000200000000 | 00 00 00 00 02 00 00 00
stack at sp + 6 slots: 0x00000024ffffffff is an unknown value
stack at sp + 7 slots: 0x000000b600000000 is an unknown value


---------------  P R O C E S S  ---------------

Threads class SMR info:
_java_thread_list=0x000001e1b14c1b80, length=26, elements={
0x000001e19329a1e0, 0x000001e1adc25e50, 0x000001e1adc26bd0, 0x000001e1adc8a100,
0x000001e1adc8abc0, 0x000001e1adc8b670, 0x000001e1adc8c020, 0x000001e1adc83d70,
0x000001e1adc84810, 0x000001e1adc859e0, 0x000001e1add3b3e0, 0x000001e1aded5c70,
0x000001e1b05a0890, 0x000001e1b0961b30, 0x000001e1af7ce7a0, 0x000001e1b0c325d0,
0x000001e1b13059a0, 0x000001e1b065d960, 0x000001e1b04b57a0, 0x000001e1aed33de0,
0x000001e1aed35120, 0x000001e1b0b75b80, 0x000001e1aed355f0, 0x000001e1aed36460,
0x000001e1aed35ac0, 0x000001e1aed33440
}

Java Threads: ( => current thread )
  0x000001e19329a1e0 JavaThread "main" [_thread_blocked, id=11712, stack(0x000000b659d00000,0x000000b659e00000)]
  0x000001e1adc25e50 JavaThread "Reference Handler" daemon [_thread_blocked, id=9076, stack(0x000000b65a400000,0x000000b65a500000)]
  0x000001e1adc26bd0 JavaThread "Finalizer" daemon [_thread_blocked, id=7128, stack(0x000000b65a500000,0x000000b65a600000)]
  0x000001e1adc8a100 JavaThread "Signal Dispatcher" daemon [_thread_blocked, id=6468, stack(0x000000b65a600000,0x000000b65a700000)]
  0x000001e1adc8abc0 JavaThread "Attach Listener" daemon [_thread_blocked, id=16548, stack(0x000000b65a700000,0x000000b65a800000)]
  0x000001e1adc8b670 JavaThread "Service Thread" daemon [_thread_blocked, id=12568, stack(0x000000b65a800000,0x000000b65a900000)]
  0x000001e1adc8c020 JavaThread "Monitor Deflation Thread" daemon [_thread_blocked, id=3816, stack(0x000000b65a900000,0x000000b65aa00000)]
  0x000001e1adc83d70 JavaThread "C2 CompilerThread0" daemon [_thread_in_native, id=10708, stack(0x000000b65aa00000,0x000000b65ab00000)]
  0x000001e1adc84810 JavaThread "C1 CompilerThread0" daemon [_thread_blocked, id=13816, stack(0x000000b65ab00000,0x000000b65ac00000)]
  0x000001e1adc859e0 JavaThread "Sweeper thread" daemon [_thread_blocked, id=3084, stack(0x000000b65ac00000,0x000000b65ad00000)]
  0x000001e1add3b3e0 JavaThread "Common-Cleaner" daemon [_thread_blocked, id=11272, stack(0x000000b65ad00000,0x000000b65ae00000)]
  0x000001e1aded5c70 JavaThread "Notification Thread" daemon [_thread_blocked, id=4620, stack(0x000000b65af00000,0x000000b65b000000)]
  0x000001e1b05a0890 JavaThread "Daemon health stats" [_thread_blocked, id=11464, stack(0x000000b65b600000,0x000000b65b700000)]
  0x000001e1b0961b30 JavaThread "Incoming local TCP Connector on port 61029" [_thread_in_native, id=16404, stack(0x000000b65ae00000,0x000000b65af00000)]
  0x000001e1af7ce7a0 JavaThread "Daemon periodic checks" [_thread_blocked, id=2424, stack(0x000000b65b100000,0x000000b65b200000)]
  0x000001e1b0c325d0 JavaThread "Daemon" [_thread_blocked, id=10020, stack(0x000000b65b700000,0x000000b65b800000)]
  0x000001e1b13059a0 JavaThread "Handler for socket connection from /127.0.0.1:61029 to /127.0.0.1:61030" [_thread_in_native, id=16356, stack(0x000000b65b800000,0x000000b65b900000)]
  0x000001e1b065d960 JavaThread "Cancel handler" [_thread_blocked, id=10144, stack(0x000000b65b900000,0x000000b65ba00000)]
  0x000001e1b04b57a0 JavaThread "Daemon worker" [_thread_in_vm, id=12652, stack(0x000000b65ba00000,0x000000b65bb00000)]
  0x000001e1aed33de0 JavaThread "Asynchronous log dispatcher for DefaultDaemonConnection: socket connection from /127.0.0.1:61029 to /127.0.0.1:61030" [_thread_blocked, id=812, stack(0x000000b65bb00000,0x000000b65bc00000)]
  0x000001e1aed35120 JavaThread "Stdin handler" [_thread_blocked, id=11424, stack(0x000000b65bc00000,0x000000b65bd00000)]
=>0x000001e1b0b75b80 JavaThread "C2 CompilerThread1" daemon [_thread_in_native, id=6996, stack(0x000000b65bd00000,0x000000b65be00000)]
  0x000001e1aed355f0 JavaThread "Daemon client event forwarder" [_thread_blocked, id=9668, stack(0x000000b65be00000,0x000000b65bf00000)]
  0x000001e1aed36460 JavaThread "Cache worker for journal cache (C:\Users\RoGad\.gradle\caches\journal-1)" [_thread_blocked, id=4812, stack(0x000000b65c300000,0x000000b65c400000)]
  0x000001e1aed35ac0 JavaThread "File lock request listener" [_thread_in_native, id=5704, stack(0x000000b65c400000,0x000000b65c500000)]
  0x000001e1aed33440 JavaThread "Cache worker for file hash cache (C:\Users\RoGad\.gradle\caches\8.4\fileHashes)" [_thread_blocked, id=17352, stack(0x000000b65c500000,0x000000b65c600000)]

Other Threads:
  0x000001e1adc25930 VMThread "VM Thread" [stack: 0x000000b65a300000,0x000000b65a400000] [id=15376]
  0x000001e1adeb9a10 WatcherThread [stack: 0x000000b65b000000,0x000000b65b100000] [id=11112]
  0x000001e1932f52a0 GCTaskThread "GC Thread#0" [stack: 0x000000b659e00000,0x000000b659f00000] [id=3596]
  0x000001e1af521e20 GCTaskThread "GC Thread#1" [stack: 0x000000b65b200000,0x000000b65b300000] [id=15692]
  0x000001e1af5220d0 GCTaskThread "GC Thread#2" [stack: 0x000000b65b300000,0x000000b65b400000] [id=13424]
  0x000001e1af522380 GCTaskThread "GC Thread#3" [stack: 0x000000b65b400000,0x000000b65b500000] [id=6364]
  0x000001e1af5d13e0 GCTaskThread "GC Thread#4" [stack: 0x000000b65b500000,0x000000b65b600000] [id=9444]
  0x000001e1b0afc090 GCTaskThread "GC Thread#5" [stack: 0x000000b65bf00000,0x000000b65c000000] [id=9468]
  0x000001e1b125fc40 GCTaskThread "GC Thread#6" [stack: 0x000000b65c000000,0x000000b65c100000] [id=11936]
  0x000001e1b125fef0 GCTaskThread "GC Thread#7" [stack: 0x000000b65c100000,0x000000b65c200000] [id=6320]
  0x000001e1933061e0 ConcurrentGCThread "G1 Main Marker" [stack: 0x000000b659f00000,0x000000b65a000000] [id=10312]
  0x000001e193307390 ConcurrentGCThread "G1 Conc#0" [stack: 0x000000b65a000000,0x000000b65a100000] [id=16080]
  0x000001e1af2a9440 ConcurrentGCThread "G1 Conc#1" [stack: 0x000000b65c200000,0x000000b65c300000] [id=5172]
  0x000001e19335e7d0 ConcurrentGCThread "G1 Refine#0" [stack: 0x000000b65a100000,0x000000b65a200000] [id=17016]
  0x000001e1acf823c0 ConcurrentGCThread "G1 Service" [stack: 0x000000b65a200000,0x000000b65a300000] [id=264]

Threads with active compile tasks:
C2 CompilerThread0     5919 2239   !   4       java.lang.ClassLoader::loadClass (121 bytes)
C2 CompilerThread1     5919 2106       4       jdk.internal.org.objectweb.asm.Frame::execute (2305 bytes)

VM state: not at safepoint (normal execution)

VM Mutex/Monitor currently owned by a thread:  ([mutex/lock_event])
[0x000001e1932951d0] Heap_lock - owner thread: 0x000001e1b04b57a0

Heap address: 0x0000000080000000, size: 2048 MB, Compressed Oops mode: 32-bit

CDS archive(s) not mapped
Compressed class space mapped at: 0x0000000100000000-0x0000000140000000, reserved size: 1073741824
Narrow klass base: 0x0000000000000000, Narrow klass shift: 3, Narrow klass range: 0x140000000

GC Precious Log:
 CPUs: 8 total, 8 available
 Memory: 15295M
 Large Page Support: Disabled
 NUMA Support: Disabled
 Compressed Oops: Enabled (32-bit)
 Heap Region Size: 1M
 Heap Min Capacity: 8M
 Heap Initial Capacity: 240M
 Heap Max Capacity: 2G
 Pre-touch: Disabled
 Parallel Workers: 8
 Concurrent Workers: 2
 Concurrent Refinement Workers: 8
 Periodic GC: Disabled

Heap:
 garbage-first heap   total 68608K, used 21477K [0x0000000080000000, 0x0000000100000000)
  region size 1024K, 2 young (2048K), 1 survivors (1024K)
 Metaspace       used 26095K, committed 26304K, reserved 1073152K
  class space    used 3379K, committed 3456K, reserved 1048576K

Heap Regions: E=young(eden), S=young(survivor), O=old, HS=humongous(starts), HC=humongous(continues), CS=collection set, F=free, OA=open archive, CA=closed archive, TAMS=top-at-mark-start (previous, next)
|   0|0x0000000080000000, 0x0000000080100000, 0x0000000080100000|100%|HS|  |TAMS 0x0000000080100000, 0x0000000080000000| Complete 
|   1|0x0000000080100000, 0x0000000080200000, 0x0000000080200000|100%|HC|  |TAMS 0x0000000080200000, 0x0000000080100000| Complete 
|   2|0x0000000080200000, 0x0000000080300000, 0x0000000080300000|100%|HC|  |TAMS 0x0000000080300000, 0x0000000080200000| Complete 
|   3|0x0000000080300000, 0x0000000080400000, 0x0000000080400000|100%|HC|  |TAMS 0x0000000080400000, 0x0000000080300000| Complete 
|   4|0x0000000080400000, 0x0000000080500000, 0x0000000080500000|100%| O|  |TAMS 0x0000000080500000, 0x0000000080400000| Untracked 
|   5|0x0000000080500000, 0x0000000080600000, 0x0000000080600000|100%| O|  |TAMS 0x0000000080600000, 0x0000000080500000| Untracked 
|   6|0x0000000080600000, 0x0000000080700000, 0x0000000080700000|100%| O|  |TAMS 0x0000000080700000, 0x0000000080600000| Untracked 
|   7|0x0000000080700000, 0x0000000080800000, 0x0000000080800000|100%| O|  |TAMS 0x0000000080800000, 0x0000000080700000| Untracked 
|   8|0x0000000080800000, 0x0000000080900000, 0x0000000080900000|100%| O|  |TAMS 0x0000000080900000, 0x0000000080800000| Untracked 
|   9|0x0000000080900000, 0x0000000080a00000, 0x0000000080a00000|100%| O|  |TAMS 0x0000000080a00000, 0x0000000080900000| Untracked 
|  10|0x0000000080a00000, 0x0000000080a00000, 0x0000000080b00000|  0%| F|  |TAMS 0x0000000080a00000, 0x0000000080a00000| Untracked 
|  11|0x0000000080b00000, 0x0000000080c00000, 0x0000000080c00000|100%| O|  |TAMS 0x0000000080b00000, 0x0000000080b00000| Untracked 
|  12|0x0000000080c00000, 0x0000000080d00000, 0x0000000080d00000|100%| O|  |TAMS 0x0000000080c00000, 0x0000000080c00000| Untracked 
|  13|0x0000000080d00000, 0x0000000080e00000, 0x0000000080e00000|100%| O|  |TAMS 0x0000000080d00000, 0x0000000080d00000| Untracked 
|  14|0x0000000080e00000, 0x0000000080f00000, 0x0000000080f00000|100%| O|  |TAMS 0x0000000080e00000, 0x0000000080e00000| Untracked 
|  15|0x0000000080f00000, 0x0000000081000000, 0x0000000081000000|100%| O|  |TAMS 0x0000000080f00000, 0x0000000080f00000| Untracked 
|  16|0x0000000081000000, 0x0000000081100000, 0x0000000081100000|100%| O|  |TAMS 0x0000000081000000, 0x0000000081000000| Untracked 
|  17|0x0000000081100000, 0x0000000081200000, 0x0000000081200000|100%| O|  |TAMS 0x0000000081100000, 0x0000000081100000| Untracked 
|  18|0x0000000081200000, 0x0000000081300000, 0x0000000081300000|100%| O|  |TAMS 0x0000000081200000, 0x0000000081200000| Untracked 
|  19|0x0000000081300000, 0x0000000081400000, 0x0000000081400000|100%| O|  |TAMS 0x0000000081300000, 0x0000000081300000| Untracked 
|  20|0x0000000081400000, 0x00000000814cba00, 0x0000000081500000| 79%| O|  |TAMS 0x0000000081400000, 0x0000000081400000| Untracked 
|  21|0x0000000081500000, 0x0000000081500000, 0x0000000081600000|  0%| F|  |TAMS 0x0000000081500000, 0x0000000081500000| Untracked 
|  22|0x0000000081600000, 0x0000000081600000, 0x0000000081700000|  0%| F|  |TAMS 0x0000000081600000, 0x0000000081600000| Untracked 
|  23|0x0000000081700000, 0x0000000081700000, 0x0000000081800000|  0%| F|  |TAMS 0x0000000081700000, 0x0000000081700000| Untracked 
|  24|0x0000000081800000, 0x0000000081800000, 0x0000000081900000|  0%| F|  |TAMS 0x0000000081800000, 0x0000000081800000| Untracked 
|  25|0x0000000081900000, 0x0000000081900000, 0x0000000081a00000|  0%| F|  |TAMS 0x0000000081900000, 0x0000000081900000| Untracked 
|  26|0x0000000081a00000, 0x0000000081a00000, 0x0000000081b00000|  0%| F|  |TAMS 0x0000000081a00000, 0x0000000081a00000| Untracked 
|  27|0x0000000081b00000, 0x0000000081b00000, 0x0000000081c00000|  0%| F|  |TAMS 0x0000000081b00000, 0x0000000081b00000| Untracked 
|  28|0x0000000081c00000, 0x0000000081c00000, 0x0000000081d00000|  0%| F|  |TAMS 0x0000000081c00000, 0x0000000081c00000| Untracked 
|  29|0x0000000081d00000, 0x0000000081d00000, 0x0000000081e00000|  0%| F|  |TAMS 0x0000000081d00000, 0x0000000081d00000| Untracked 
|  30|0x0000000081e00000, 0x0000000081e00000, 0x0000000081f00000|  0%| F|  |TAMS 0x0000000081e00000, 0x0000000081e00000| Untracked 
|  31|0x0000000081f00000, 0x0000000081f00000, 0x0000000082000000|  0%| F|  |TAMS 0x0000000081f00000, 0x0000000081f00000| Untracked 
|  32|0x0000000082000000, 0x0000000082000000, 0x0000000082100000|  0%| F|  |TAMS 0x0000000082000000, 0x0000000082000000| Untracked 
|  33|0x0000000082100000, 0x0000000082100000, 0x0000000082200000|  0%| F|  |TAMS 0x0000000082100000, 0x0000000082100000| Untracked 
|  34|0x0000000082200000, 0x0000000082200000, 0x0000000082300000|  0%| F|  |TAMS 0x0000000082200000, 0x0000000082200000| Untracked 
|  35|0x0000000082300000, 0x0000000082300000, 0x0000000082400000|  0%| F|  |TAMS 0x0000000082300000, 0x0000000082300000| Untracked 
|  36|0x0000000082400000, 0x0000000082400000, 0x0000000082500000|  0%| F|  |TAMS 0x0000000082400000, 0x0000000082400000| Untracked 
|  37|0x0000000082500000, 0x0000000082500000, 0x0000000082600000|  0%| F|  |TAMS 0x0000000082500000, 0x0000000082500000| Untracked 
|  38|0x0000000082600000, 0x0000000082600000, 0x0000000082700000|  0%| F|  |TAMS 0x0000000082600000, 0x0000000082600000| Untracked 
|  39|0x0000000082700000, 0x0000000082700000, 0x0000000082800000|  0%| F|  |TAMS 0x0000000082700000, 0x0000000082700000| Untracked 
|  40|0x0000000082800000, 0x0000000082800000, 0x0000000082900000|  0%| F|  |TAMS 0x0000000082800000, 0x0000000082800000| Untracked 
|  41|0x0000000082900000, 0x0000000082900000, 0x0000000082a00000|  0%| F|  |TAMS 0x0000000082900000, 0x0000000082900000| Untracked 
|  42|0x0000000082a00000, 0x0000000082a00000, 0x0000000082b00000|  0%| F|  |TAMS 0x0000000082a00000, 0x0000000082a00000| Untracked 
|  43|0x0000000082b00000, 0x0000000082b00000, 0x0000000082c00000|  0%| F|  |TAMS 0x0000000082b00000, 0x0000000082b00000| Untracked 
|  44|0x0000000082c00000, 0x0000000082c00000, 0x0000000082d00000|  0%| F|  |TAMS 0x0000000082c00000, 0x0000000082c00000| Untracked 
|  45|0x0000000082d00000, 0x0000000082d00000, 0x0000000082e00000|  0%| F|  |TAMS 0x0000000082d00000, 0x0000000082d00000| Untracked 
|  46|0x0000000082e00000, 0x0000000082e00000, 0x0000000082f00000|  0%| F|  |TAMS 0x0000000082e00000, 0x0000000082e00000| Untracked 
|  47|0x0000000082f00000, 0x0000000082f00000, 0x0000000083000000|  0%| F|  |TAMS 0x0000000082f00000, 0x0000000082f00000| Untracked 
|  48|0x0000000083000000, 0x0000000083000000, 0x0000000083100000|  0%| F|  |TAMS 0x0000000083000000, 0x0000000083000000| Untracked 
|  49|0x0000000083100000, 0x0000000083100000, 0x0000000083200000|  0%| F|  |TAMS 0x0000000083100000, 0x0000000083100000| Untracked 
|  50|0x0000000083200000, 0x0000000083200000, 0x0000000083300000|  0%| F|  |TAMS 0x0000000083200000, 0x0000000083200000| Untracked 
|  51|0x0000000083300000, 0x0000000083300000, 0x0000000083400000|  0%| F|  |TAMS 0x0000000083300000, 0x0000000083300000| Untracked 
|  52|0x0000000083400000, 0x0000000083400000, 0x0000000083500000|  0%| F|  |TAMS 0x0000000083400000, 0x0000000083400000| Untracked 
|  53|0x0000000083500000, 0x0000000083500000, 0x0000000083600000|  0%| F|  |TAMS 0x0000000083500000, 0x0000000083500000| Untracked 
|  54|0x0000000083600000, 0x0000000083600000, 0x0000000083700000|  0%| F|  |TAMS 0x0000000083600000, 0x0000000083600000| Untracked 
|  55|0x0000000083700000, 0x0000000083700000, 0x0000000083800000|  0%| F|  |TAMS 0x0000000083700000, 0x0000000083700000| Untracked 
|  56|0x0000000083800000, 0x0000000083800000, 0x0000000083900000|  0%| F|  |TAMS 0x0000000083800000, 0x0000000083800000| Untracked 
|  57|0x0000000083900000, 0x0000000083900000, 0x0000000083a00000|  0%| F|  |TAMS 0x0000000083900000, 0x0000000083900000| Untracked 
| 178|0x000000008b200000, 0x000000008b200000, 0x000000008b300000|  0%| F|  |TAMS 0x000000008b200000, 0x000000008b200000| Untracked 
| 179|0x000000008b300000, 0x000000008b300000, 0x000000008b400000|  0%| F|  |TAMS 0x000000008b300000, 0x000000008b300000| Untracked 
| 180|0x000000008b400000, 0x000000008b400000, 0x000000008b500000|  0%| F|  |TAMS 0x000000008b400000, 0x000000008b400000| Untracked 
| 181|0x000000008b500000, 0x000000008b500000, 0x000000008b600000|  0%| F|  |TAMS 0x000000008b500000, 0x000000008b500000| Untracked 
| 182|0x000000008b600000, 0x000000008b600000, 0x000000008b700000|  0%| F|  |TAMS 0x000000008b600000, 0x000000008b600000| Untracked 
| 183|0x000000008b700000, 0x000000008b700000, 0x000000008b800000|  0%| F|  |TAMS 0x000000008b700000, 0x000000008b700000| Untracked 
| 184|0x000000008b800000, 0x000000008b800000, 0x000000008b900000|  0%| F|  |TAMS 0x000000008b800000, 0x000000008b800000| Untracked 
| 185|0x000000008b900000, 0x000000008b96bac0, 0x000000008ba00000| 42%| S|CS|TAMS 0x000000008b900000, 0x000000008b900000| Complete 
| 239|0x000000008ef00000, 0x000000008ef61d98, 0x000000008f000000| 38%| E|  |TAMS 0x000000008ef00000, 0x000000008ef00000| Complete 

Card table byte_map: [0x000001e1a5e90000,0x000001e1a6290000] _byte_map_base: 0x000001e1a5a90000

Marking Bits (Prev, Next): (CMBitMap*) 0x000001e1932f58f0, (CMBitMap*) 0x000001e1932f58b0
 Prev Bits: [0x000001e1a8690000, 0x000001e1aa690000)
 Next Bits: [0x000001e1a6690000, 0x000001e1a8690000)

Polling page: 0x000001e191230000

Metaspace:

Usage:
  Non-class:     22.19 MB used.
      Class:      3.30 MB used.
       Both:     25.49 MB used.

Virtual space:
  Non-class space:       24.00 MB reserved,      22.31 MB ( 93%) committed,  3 nodes.
      Class space:        1.00 GB reserved,       3.38 MB ( <1%) committed,  1 nodes.
             Both:        1.02 GB reserved,      25.69 MB (  2%) committed. 

Chunk freelists:
   Non-Class:  1.70 MB
       Class:  578.00 KB
        Both:  2.27 MB

MaxMetaspaceSize: unlimited
CompressedClassSpaceSize: 1.00 GB
Initial GC threshold: 21.00 MB
Current GC threshold: 35.25 MB
CDS: off
MetaspaceReclaimPolicy: balanced
 - commit_granule_bytes: 65536.
 - commit_granule_words: 8192.
 - virtual_space_node_default_size: 1048576.
 - enlarge_chunks_in_place: 1.
 - new_chunks_are_fully_committed: 0.
 - uncommit_free_chunks: 1.
 - use_allocation_guard: 0.
 - handle_deallocations: 1.


Internal statistics:

num_allocs_failed_limit: 3.
num_arena_births: 230.
num_arena_deaths: 0.
num_vsnodes_births: 4.
num_vsnodes_deaths: 0.
num_space_committed: 411.
num_space_uncommitted: 0.
num_chunks_returned_to_freelist: 3.
num_chunks_taken_from_freelist: 823.
num_chunk_merges: 3.
num_chunk_splits: 535.
num_chunks_enlarged: 383.
num_purges: 0.
num_inconsistent_stats: 0.

CodeHeap 'non-profiled nmethods': size=120000Kb used=1256Kb max_used=1256Kb free=118744Kb
 bounds [0x000001e19e230000, 0x000001e19e4a0000, 0x000001e1a5760000]
CodeHeap 'profiled nmethods': size=120000Kb used=4472Kb max_used=4472Kb free=115527Kb
 bounds [0x000001e196760000, 0x000001e196bc0000, 0x000001e19dc90000]
CodeHeap 'non-nmethods': size=5760Kb used=1264Kb max_used=1264Kb free=4495Kb
 bounds [0x000001e19dc90000, 0x000001e19df00000, 0x000001e19e230000]
 total_blobs=2818 nmethods=2282 adapters=447
 compilation: enabled
              stopped_count=0, restarted_count=0
 full_count=0

Compilation events (20 events):
Event: 5.749 Thread 0x000001e1adc84810 2260       3       org.gradle.internal.service.DefaultServiceRegistry$CompositeServiceProvider::getService (49 bytes)
Event: 5.749 Thread 0x000001e1adc84810 nmethod 2260 0x000001e196ba6f10 code [0x000001e196ba70c0, 0x000001e196ba73e8]
Event: 5.749 Thread 0x000001e1adc84810 2261       3       java.util.regex.Matcher::group (112 bytes)
Event: 5.751 Thread 0x000001e1adc84810 nmethod 2261 0x000001e196ba7510 code [0x000001e196ba77a0, 0x000001e196ba8288]
Event: 5.752 Thread 0x000001e1adc84810 2263       3       java.util.regex.Matcher::getSubSequence (12 bytes)
Event: 5.752 Thread 0x000001e1adc84810 nmethod 2263 0x000001e196ba8690 code [0x000001e196ba8840, 0x000001e196ba8a08]
Event: 5.752 Thread 0x000001e1adc84810 2264       3       java.lang.String::subSequence (7 bytes)
Event: 5.753 Thread 0x000001e1adc84810 nmethod 2264 0x000001e196ba8b10 code [0x000001e196ba8ca0, 0x000001e196ba8de8]
Event: 5.753 Thread 0x000001e1adc84810 2258       3       org.gradle.internal.service.DefaultServiceRegistry$SingletonService::getService (18 bytes)
Event: 5.754 Thread 0x000001e1adc84810 nmethod 2258 0x000001e196ba8e90 code [0x000001e196ba9060, 0x000001e196ba9298]
Event: 5.754 Thread 0x000001e1adc84810 2259       3       org.gradle.internal.service.DefaultServiceRegistry::access$1300 (6 bytes)
Event: 5.755 Thread 0x000001e1adc84810 nmethod 2259 0x000001e196ba9390 code [0x000001e196ba9520, 0x000001e196ba9628]
Event: 5.755 Thread 0x000001e1adc84810 2265       3       java.util.regex.Pattern$GroupHead::match (47 bytes)
Event: 5.756 Thread 0x000001e1adc84810 nmethod 2265 0x000001e196ba9710 code [0x000001e196ba98c0, 0x000001e196ba9b28]
Event: 5.791 Thread 0x000001e1adc84810 2268       3       jdk.internal.reflect.ReflectionFactory::copyConstructor (11 bytes)
Event: 5.792 Thread 0x000001e1adc84810 nmethod 2268 0x000001e196ba9d10 code [0x000001e196ba9ec0, 0x000001e196baa0a8]
Event: 5.792 Thread 0x000001e1adc84810 2269       3       java.lang.reflect.ReflectAccess::copyConstructor (5 bytes)
Event: 5.792 Thread 0x000001e1adc84810 nmethod 2269 0x000001e196baa210 code [0x000001e196baa3c0, 0x000001e196baa508]
Event: 5.792 Thread 0x000001e1adc84810 2270       3       java.lang.reflect.Constructor::copy (72 bytes)
Event: 5.793 Thread 0x000001e1adc84810 nmethod 2270 0x000001e196baa610 code [0x000001e196baa7e0, 0x000001e196baab98]

GC Heap History (6 events):
Event: 1.509 GC heap before
{Heap before GC invocations=0 (full 0):
 garbage-first heap   total 245760K, used 26624K [0x0000000080000000, 0x0000000100000000)
  region size 1024K, 23 young (23552K), 0 survivors (0K)
 Metaspace       used 10297K, committed 10368K, reserved 1064960K
  class space    used 1055K, committed 1088K, reserved 1048576K
}
Event: 1.516 GC heap after
{Heap after GC invocations=1 (full 0):
 garbage-first heap   total 245760K, used 10636K [0x0000000080000000, 0x0000000100000000)
  region size 1024K, 3 young (3072K), 3 survivors (3072K)
 Metaspace       used 10297K, committed 10368K, reserved 1064960K
  class space    used 1055K, committed 1088K, reserved 1048576K
}
Event: 2.309 GC heap before
{Heap before GC invocations=1 (full 0):
 garbage-first heap   total 245760K, used 38284K [0x0000000080000000, 0x0000000100000000)
  region size 1024K, 30 young (30720K), 3 survivors (3072K)
 Metaspace       used 11492K, committed 11648K, reserved 1064960K
  class space    used 1202K, committed 1280K, reserved 1048576K
}
Event: 2.317 GC heap after
{Heap after GC invocations=2 (full 0):
 garbage-first heap   total 245760K, used 11343K [0x0000000080000000, 0x0000000100000000)
  region size 1024K, 1 young (1024K), 1 survivors (1024K)
 Metaspace       used 11492K, committed 11648K, reserved 1064960K
  class space    used 1202K, committed 1280K, reserved 1048576K
}
Event: 4.788 GC heap before
{Heap before GC invocations=2 (full 0):
 garbage-first heap   total 245760K, used 65615K [0x0000000080000000, 0x0000000100000000)
  region size 1024K, 54 young (55296K), 1 survivors (1024K)
 Metaspace       used 21312K, committed 21504K, reserved 1073152K
  class space    used 2555K, committed 2688K, reserved 1048576K
}
Event: 4.803 GC heap after
{Heap after GC invocations=3 (full 0):
 garbage-first heap   total 245760K, used 18633K [0x0000000080000000, 0x0000000100000000)
  region size 1024K, 8 young (8192K), 8 survivors (8192K)
 Metaspace       used 21312K, committed 21504K, reserved 1073152K
  class space    used 2555K, committed 2688K, reserved 1048576K
}

Dll operation events (3 events):
Event: 0.023 Loaded shared library D:\Program Files\Android\Android Studio1\jbr\bin\java.dll
Event: 0.293 Loaded shared library D:\Program Files\Android\Android Studio1\jbr\bin\zip.dll
Event: 0.916 Loaded shared library D:\Program Files\Android\Android Studio1\jbr\bin\verify.dll

Deoptimization events (20 events):
Event: 5.359 Thread 0x000001e1b04b57a0 Uncommon trap: trap_request=0xffffff45 fr.pc=0x000001e19e2b9f10 relative=0x0000000000000270
Event: 5.359 Thread 0x000001e1b04b57a0 Uncommon trap: reason=unstable_if action=reinterpret pc=0x000001e19e2b9f10 method=java.io.File.getName()Ljava/lang/String; @ 16 c2
Event: 5.359 Thread 0x000001e1b04b57a0 DEOPT PACKING pc=0x000001e19e2b9f10 sp=0x000000b65bafd110
Event: 5.359 Thread 0x000001e1b04b57a0 DEOPT UNPACKING pc=0x000001e19dce69a3 sp=0x000000b65bafd0a0 mode 2
Event: 5.742 Thread 0x000001e1b04b57a0 Uncommon trap: trap_request=0xffffffbe fr.pc=0x000001e19e3618fc relative=0x000000000000073c
Event: 5.742 Thread 0x000001e1b04b57a0 Uncommon trap: reason=profile_predicate action=maybe_recompile pc=0x000001e19e3618fc method=java.lang.Integer.parseInt(Ljava/lang/String;I)I @ 178 c2
Event: 5.742 Thread 0x000001e1b04b57a0 DEOPT PACKING pc=0x000001e19e3618fc sp=0x000000b65bafbcb0
Event: 5.742 Thread 0x000001e1b04b57a0 DEOPT UNPACKING pc=0x000001e19dce69a3 sp=0x000000b65bafbc28 mode 2
Event: 5.742 Thread 0x000001e1b04b57a0 Uncommon trap: trap_request=0xffffffbe fr.pc=0x000001e19e3618fc relative=0x000000000000073c
Event: 5.742 Thread 0x000001e1b04b57a0 Uncommon trap: reason=profile_predicate action=maybe_recompile pc=0x000001e19e3618fc method=java.lang.Integer.parseInt(Ljava/lang/String;I)I @ 178 c2
Event: 5.742 Thread 0x000001e1b04b57a0 DEOPT PACKING pc=0x000001e19e3618fc sp=0x000000b65bafbae0
Event: 5.743 Thread 0x000001e1b04b57a0 DEOPT UNPACKING pc=0x000001e19dce69a3 sp=0x000000b65bafba48 mode 2
Event: 5.743 Thread 0x000001e1b04b57a0 Uncommon trap: trap_request=0xffffffbe fr.pc=0x000001e19e3618fc relative=0x000000000000073c
Event: 5.743 Thread 0x000001e1b04b57a0 Uncommon trap: reason=profile_predicate action=maybe_recompile pc=0x000001e19e3618fc method=java.lang.Integer.parseInt(Ljava/lang/String;I)I @ 178 c2
Event: 5.743 Thread 0x000001e1b04b57a0 DEOPT PACKING pc=0x000001e19e3618fc sp=0x000000b65bafbae0
Event: 5.743 Thread 0x000001e1b04b57a0 DEOPT UNPACKING pc=0x000001e19dce69a3 sp=0x000000b65bafba48 mode 2
Event: 5.743 Thread 0x000001e1b04b57a0 Uncommon trap: trap_request=0xffffffbe fr.pc=0x000001e19e3618fc relative=0x000000000000073c
Event: 5.743 Thread 0x000001e1b04b57a0 Uncommon trap: reason=profile_predicate action=maybe_recompile pc=0x000001e19e3618fc method=java.lang.Integer.parseInt(Ljava/lang/String;I)I @ 178 c2
Event: 5.743 Thread 0x000001e1b04b57a0 DEOPT PACKING pc=0x000001e19e3618fc sp=0x000000b65bafbae0
Event: 5.743 Thread 0x000001e1b04b57a0 DEOPT UNPACKING pc=0x000001e19dce69a3 sp=0x000000b65bafba48 mode 2

Classes unloaded (0 events):
No events

Classes redefined (0 events):
No events

Internal exceptions (20 events):
Event: 4.059 Thread 0x000001e19329a1e0 Exception <a 'java/io/IOException'{0x000000008c96f5a8}> (0x000000008c96f5a8) 
thrown [s\src\hotspot\share\prims\jni.cpp, line 517]
Event: 4.329 Thread 0x000001e1b13059a0 Exception <a 'java/lang/NoSuchMethodError'{0x000000008c440568}: static Lorg/gradle/tooling/internal/provider/serialization/ClassLoaderDetails;.<clinit>()V> (0x000000008c440568) 
thrown [s\src\hotspot\share\prims\jni.cpp, line 1108]
Event: 4.335 Thread 0x000001e1b13059a0 Exception <a 'java/lang/NoSuchMethodError'{0x000000008c459830}: static Lorg/gradle/internal/classloader/ClassLoaderSpec;.<clinit>()V> (0x000000008c459830) 
thrown [s\src\hotspot\share\prims\jni.cpp, line 1108]
Event: 4.337 Thread 0x000001e1b13059a0 Exception <a 'java/lang/NoSuchMethodError'{0x000000008c462ff8}: static Lorg/gradle/tooling/internal/provider/serialization/WellKnownClassLoaderRegistry$KnownClassLoaderSpec;.<clinit>()V> (0x000000008c462ff8) 
thrown [s\src\hotspot\share\prims\jni.cpp, line 1108]
Event: 4.343 Thread 0x000001e1b13059a0 Exception <a 'java/lang/NoSuchMethodError'{0x000000008c479210}: static Lorg/gradle/tooling/internal/provider/serialization/ClientOwnedClassLoaderSpec;.<clinit>()V> (0x000000008c479210) 
thrown [s\src\hotspot\share\prims\jni.cpp, line 1108]
Event: 4.536 Thread 0x000001e1b04b57a0 Exception <a 'java/lang/NoSuchMethodError'{0x000000008c1a52f0}: 'long java.lang.invoke.DirectMethodHandle$Holder.invokeInterface(java.lang.Object, java.lang.Object)'> (0x000000008c1a52f0) 
thrown [s\src\hotspot\share\interpreter\linkResolver.cpp, line 771]
Event: 4.552 Thread 0x000001e1b04b57a0 Exception <a 'java/lang/NoSuchMethodError'{0x000000008c1e0490}: 'java.lang.Object java.lang.invoke.DirectMethodHandle$Holder.invokeVirtual(java.lang.Object, java.lang.Object, java.lang.Object)'> (0x000000008c1e0490) 
thrown [s\src\hotspot\share\interpreter\linkResolver.cpp, line 771]
Event: 4.698 Thread 0x000001e1b04b57a0 Exception <a 'java/lang/NoSuchMethodError'{0x000000008bdbc1c8}: 'void java.lang.invoke.DirectMethodHandle$Holder.invokeStatic(java.lang.Object, java.lang.Object)'> (0x000000008bdbc1c8) 
thrown [s\src\hotspot\share\interpreter\linkResolver.cpp, line 771]
Event: 4.909 Thread 0x000001e1b04b57a0 Exception <a 'java/lang/NoSuchMethodError'{0x0000000083711f38}: 'java.lang.Object java.lang.invoke.DirectMethodHandle$Holder.newInvokeSpecial(java.lang.Object, java.lang.Object, java.lang.Object, java.lang.Object, java.lang.Object, java.lang.Object)'> (0x0000000083711f38) 
thrown [s\src\hotspot\share\interpreter\linkResolver.cpp, line 771]
Event: 4.915 Thread 0x000001e1b04b57a0 Exception <a 'java/lang/NoSuchMethodError'{0x000000008372e620}: 'void java.lang.invoke.DirectMethodHandle$Holder.invokeSpecial(java.lang.Object, java.lang.Object, java.lang.Object, java.lang.Object, java.lang.Object)'> (0x000000008372e620) 
thrown [s\src\hotspot\share\interpreter\linkResolver.cpp, line 771]
Event: 4.920 Thread 0x000001e1b04b57a0 Exception <a 'java/lang/NoSuchMethodError'{0x0000000083742dd0}: 'void java.lang.invoke.DirectMethodHandle$Holder.invokeStaticInit(java.lang.Object, java.lang.Object)'> (0x0000000083742dd0) 
thrown [s\src\hotspot\share\interpreter\linkResolver.cpp, line 771]
Event: 4.953 Thread 0x000001e1b04b57a0 Exception <a 'java/lang/NoSuchMethodError'{0x000000008364c258}: 'java.lang.Object java.lang.invoke.DirectMethodHandle$Holder.newInvokeSpecial(java.lang.Object, java.lang.Object, java.lang.Object, int, java.lang.Object, java.lang.Object)'> (0x000000008364c258) 
thrown [s\src\hotspot\share\interpreter\linkResolver.cpp, line 771]
Event: 5.019 Thread 0x000001e1b04b57a0 Exception <a 'java/lang/NoSuchMethodError'{0x000000008341b760}: 'void java.lang.invoke.DelegatingMethodHandle$Holder.reinvoke_L(java.lang.Object, java.lang.Object, java.lang.Object, java.lang.Object, java.lang.Object, java.lang.Object, java.lang.Object, java.lang.Object, java.lang.Object, java.lang.Object)'> (0x000000008341b760) 
thrown [s\src\hotspot\share\interpreter\linkResolver.cpp, line 771]
Event: 5.020 Thread 0x000001e1b04b57a0 Exception <a 'java/lang/NoSuchMethodError'{0x0000000083423d10}: 'java.lang.Object java.lang.invoke.DirectMethodHandle$Holder.invokeSpecial(java.lang.Object, java.lang.Object, java.lang.Object, java.lang.Object, java.lang.Object, java.lang.Object, java.lang.Object, java.lang.Object, java.lang.Object, java.lang.Object)'> (0x0000000083423d10) 
thrown [s\src\hotspot\share\interpreter\linkResolver.cpp, line 771]
Event: 5.021 Thread 0x000001e1b04b57a0 Exception <a 'java/lang/NoSuchMethodError'{0x00000000834285e0}: 'java.lang.Object java.lang.invoke.Invokers$Holder.invoker(java.lang.Object, java.lang.Object, java.lang.Object, java.lang.Object, java.lang.Object, java.lang.Object, java.lang.Object, java.lang.Object, java.lang.Object, java.lang.Object)'> (0x00000000834285e0) 
thrown [s\src\hotspot\share\interpreter\linkResolver.cpp, line 771]
Event: 5.021 Thread 0x000001e1b04b57a0 Exception <a 'java/lang/NoSuchMethodError'{0x000000008342e1e8}: 'java.lang.Object java.lang.invoke.DirectMethodHandle$Holder.invokeSpecial(java.lang.Object, java.lang.Object, java.lang.Object, java.lang.Object, java.lang.Object, java.lang.Object, java.lang.Object, java.lang.Object, java.lang.Object, java.lang.Object, java.lang.Object)'> (0x000000008342e1e8) 
thrown [s\src\hotspot\share\interpreter\linkResolver.cpp, line 771]
Event: 5.220 Thread 0x000001e1b04b57a0 Exception <a 'java/lang/NoSuchMethodError'{0x0000000082ece210}: 'void java.lang.invoke.DirectMethodHandle$Holder.invokeStaticInit(java.lang.Object)'> (0x0000000082ece210) 
thrown [s\src\hotspot\share\interpreter\linkResolver.cpp, line 771]
Event: 5.239 Thread 0x000001e1b04b57a0 Exception <a 'java/lang/NoSuchMethodError'{0x0000000082da63e8}: 'java.lang.Object java.lang.invoke.DirectMethodHandle$Holder.newInvokeSpecial(java.lang.Object, java.lang.Object, java.lang.Object, int)'> (0x0000000082da63e8) 
thrown [s\src\hotspot\share\interpreter\linkResolver.cpp, line 771]
Event: 5.240 Thread 0x000001e1b04b57a0 Exception <a 'java/lang/NoSuchMethodError'{0x0000000082daad18}: 'java.lang.Object java.lang.invoke.DirectMethodHandle$Holder.invokeSpecial(java.lang.Object, java.lang.Object, java.lang.Object, java.lang.Object, int)'> (0x0000000082daad18) 
thrown [s\src\hotspot\share\interpreter\linkResolver.cpp, line 771]
Event: 5.240 Thread 0x000001e1b04b57a0 Exception <a 'java/lang/NoSuchMethodError'{0x0000000082daee30}: 'java.lang.Object java.lang.invoke.Invokers$Holder.linkToTargetMethod(java.lang.Object, java.lang.Object, int, java.lang.Object)'> (0x0000000082daee30) 
thrown [s\src\hotspot\share\interpreter\linkResolver.cpp, line 771]

VM Operations (20 events):
Event: 3.621 Executing VM operation: HandshakeAllThreads
Event: 3.621 Executing VM operation: HandshakeAllThreads done
Event: 3.621 Executing VM operation: Cleanup
Event: 3.621 Executing VM operation: Cleanup done
Event: 4.022 Executing VM operation: HandshakeAllThreads
Event: 4.022 Executing VM operation: HandshakeAllThreads done
Event: 4.119 Executing VM operation: HandshakeAllThreads
Event: 4.120 Executing VM operation: HandshakeAllThreads done
Event: 4.788 Executing VM operation: CollectForMetadataAllocation
Event: 4.803 Executing VM operation: CollectForMetadataAllocation done
Event: 4.814 Executing VM operation: G1Concurrent
Event: 4.818 Executing VM operation: G1Concurrent done
Event: 4.820 Executing VM operation: G1Concurrent
Event: 4.825 Executing VM operation: G1Concurrent done
Event: 4.971 Executing VM operation: HandshakeAllThreads
Event: 4.971 Executing VM operation: HandshakeAllThreads done
Event: 5.421 Executing VM operation: HandshakeAllThreads
Event: 5.421 Executing VM operation: HandshakeAllThreads done
Event: 5.421 Executing VM operation: HandshakeAllThreads
Event: 5.421 Executing VM operation: HandshakeAllThreads done

Events (20 events):
Event: 5.384 loading class java/nio/file/FileVisitor done
Event: 5.602 loading class java/util/function/LongFunction
Event: 5.602 loading class java/util/function/LongFunction done
Event: 5.650 loading class java/security/InvalidKeyException
Event: 5.651 loading class java/security/KeyException
Event: 5.651 loading class java/security/KeyException done
Event: 5.651 loading class java/security/InvalidKeyException done
Event: 5.747 Thread 0x000001e1aed33440 Thread added: 0x000001e1aed33440
Event: 5.756 loading class sun/security/provider/MD5
Event: 5.756 loading class sun/security/provider/MD5 done
Event: 5.757 loading class sun/security/provider/SHA5$SHA512
Event: 5.757 loading class sun/security/provider/SHA5
Event: 5.757 loading class sun/security/provider/SHA5 done
Event: 5.757 loading class sun/security/provider/SHA5$SHA512 done
Event: 5.760 loading class sun/security/provider/ByteArrayAccess$LE
Event: 5.760 loading class sun/security/provider/ByteArrayAccess$LE done
Event: 5.790 loading class java/util/concurrent/Semaphore
Event: 5.790 loading class java/util/concurrent/Semaphore done
Event: 5.793 loading class java/nio/file/FileVisitOption
Event: 5.793 loading class java/nio/file/FileVisitOption done


Dynamic libraries:
0x00007ff76c920000 - 0x00007ff76c92a000 	D:\Program Files\Android\Android Studio1\jbr\bin\java.exe
0x00007ffbd81f0000 - 0x00007ffbd8407000 	C:\Windows\SYSTEM32\ntdll.dll
0x00007ffbd7930000 - 0x00007ffbd79f4000 	C:\Windows\System32\KERNEL32.DLL
0x00007ffbd5800000 - 0x00007ffbd5ba6000 	C:\Windows\System32\KERNELBASE.dll
0x00007ffbd5d90000 - 0x00007ffbd5ea1000 	C:\Windows\System32\ucrtbase.dll
0x00007ffbca5f0000 - 0x00007ffbca607000 	D:\Program Files\Android\Android Studio1\jbr\bin\jli.dll
0x00007ffbcf1c0000 - 0x00007ffbcf1db000 	D:\Program Files\Android\Android Studio1\jbr\bin\VCRUNTIME140.dll
0x00007ffbd6cf0000 - 0x00007ffbd6e9d000 	C:\Windows\System32\USER32.dll
0x00007ffbd5f20000 - 0x00007ffbd5f46000 	C:\Windows\System32\win32u.dll
0x00007ffbd4830000 - 0x00007ffbd4ac3000 	C:\Windows\WinSxS\amd64_microsoft.windows.common-controls_6595b64144ccf1df_6.0.22621.2361_none_2712ced57382f843\COMCTL32.dll
0x00007ffbd6300000 - 0x00007ffbd6329000 	C:\Windows\System32\GDI32.dll
0x00007ffbd7b50000 - 0x00007ffbd7bf7000 	C:\Windows\System32\msvcrt.dll
0x00007ffbd56e0000 - 0x00007ffbd57f8000 	C:\Windows\System32\gdi32full.dll
0x00007ffbd5c30000 - 0x00007ffbd5cca000 	C:\Windows\System32\msvcp_win.dll
0x00007ffbd62c0000 - 0x00007ffbd62f1000 	C:\Windows\System32\IMM32.DLL
0x00007ffbcf1b0000 - 0x00007ffbcf1bc000 	D:\Program Files\Android\Android Studio1\jbr\bin\vcruntime140_1.dll
0x00007ffb61050000 - 0x00007ffb610dd000 	D:\Program Files\Android\Android Studio1\jbr\bin\msvcp140.dll
0x00007ffb3eb70000 - 0x00007ffb3f7de000 	D:\Program Files\Android\Android Studio1\jbr\bin\server\jvm.dll
0x00007ffbd61f0000 - 0x00007ffbd62a0000 	C:\Windows\System32\ADVAPI32.dll
0x00007ffbd7290000 - 0x00007ffbd7336000 	C:\Windows\System32\sechost.dll
0x00007ffbd7a20000 - 0x00007ffbd7b37000 	C:\Windows\System32\RPCRT4.dll
0x00007ffbae770000 - 0x00007ffbae779000 	C:\Windows\SYSTEM32\WSOCK32.dll
0x00007ffbd2260000 - 0x00007ffbd2294000 	C:\Windows\SYSTEM32\WINMM.dll
0x00007ffbd3d50000 - 0x00007ffbd3d5a000 	C:\Windows\SYSTEM32\VERSION.dll
0x00007ffbd7350000 - 0x00007ffbd73c1000 	C:\Windows\System32\WS2_32.dll
0x00007ffbd35f0000 - 0x00007ffbd3608000 	C:\Windows\SYSTEM32\kernel.appcore.dll
0x00007ffbd0cb0000 - 0x00007ffbd0cba000 	D:\Program Files\Android\Android Studio1\jbr\bin\jimage.dll
0x00007ffbd4e00000 - 0x00007ffbd502e000 	C:\Windows\SYSTEM32\DBGHELP.DLL
0x00007ffbd7db0000 - 0x00007ffbd813a000 	C:\Windows\System32\combase.dll
0x00007ffbd6ec0000 - 0x00007ffbd6f97000 	C:\Windows\System32\OLEAUT32.dll
0x00007ffbd4cc0000 - 0x00007ffbd4cf2000 	C:\Windows\SYSTEM32\dbgcore.DLL
0x00007ffbd5bb0000 - 0x00007ffbd5c2a000 	C:\Windows\System32\bcryptPrimitives.dll
0x00007ffbcbba0000 - 0x00007ffbcbbae000 	D:\Program Files\Android\Android Studio1\jbr\bin\instrument.dll
0x00007ffbcfac0000 - 0x00007ffbcfae5000 	D:\Program Files\Android\Android Studio1\jbr\bin\java.dll
0x00007ffbcfb30000 - 0x00007ffbcfb48000 	D:\Program Files\Android\Android Studio1\jbr\bin\zip.dll
0x00007ffbd6490000 - 0x00007ffbd6ce8000 	C:\Windows\System32\SHELL32.dll
0x00007ffbd2570000 - 0x00007ffbd2e62000 	C:\Windows\SYSTEM32\windows.storage.dll
0x00007ffbd2430000 - 0x00007ffbd256e000 	C:\Windows\SYSTEM32\wintypes.dll
0x00007ffbd6390000 - 0x00007ffbd6483000 	C:\Windows\System32\SHCORE.dll
0x00007ffbd6330000 - 0x00007ffbd638e000 	C:\Windows\System32\shlwapi.dll
0x00007ffbd54a0000 - 0x00007ffbd54c6000 	C:\Windows\SYSTEM32\profapi.dll
0x00007ffbcc910000 - 0x00007ffbcc929000 	D:\Program Files\Android\Android Studio1\jbr\bin\net.dll
0x00007ffbcc040000 - 0x00007ffbcc177000 	C:\Windows\SYSTEM32\WINHTTP.dll
0x00007ffbd3a30000 - 0x00007ffbd3a99000 	C:\Windows\system32\mswsock.dll
0x00007ffbcc690000 - 0x00007ffbcc6a6000 	D:\Program Files\Android\Android Studio1\jbr\bin\nio.dll
0x00007ffbcbbd0000 - 0x00007ffbcbbe0000 	D:\Program Files\Android\Android Studio1\jbr\bin\verify.dll
0x00007ffbc2ae0000 - 0x00007ffbc2b07000 	C:\Users\RoGad\.gradle\native\c067742578af261105cb4f569cf0c3c89f3d7b1fecec35dd04571415982c5e48\windows-amd64\native-platform.dll
0x00007ffb41110000 - 0x00007ffb41254000 	C:\Users\RoGad\.gradle\native\38dada09dfb8b06ba9b0570ebf7e218e3eb74d4ef43ca46872605cf95ebc2f47\windows-amd64\native-platform-file-events.dll
0x00007ffbcbbc0000 - 0x00007ffbcbbc9000 	D:\Program Files\Android\Android Studio1\jbr\bin\management.dll
0x00007ffbcbbb0000 - 0x00007ffbcbbbb000 	D:\Program Files\Android\Android Studio1\jbr\bin\management_ext.dll
0x00007ffbd62a0000 - 0x00007ffbd62a8000 	C:\Windows\System32\PSAPI.DLL
0x00007ffbd5120000 - 0x00007ffbd513b000 	C:\Windows\SYSTEM32\CRYPTSP.dll
0x00007ffbd35b0000 - 0x00007ffbd35e5000 	C:\Windows\system32\rsaenh.dll
0x00007ffbd3ad0000 - 0x00007ffbd3afc000 	C:\Windows\SYSTEM32\USERENV.dll
0x00007ffbd4d00000 - 0x00007ffbd4d28000 	C:\Windows\SYSTEM32\bcrypt.dll
0x00007ffbd3d30000 - 0x00007ffbd3d3c000 	C:\Windows\SYSTEM32\CRYPTBASE.dll
0x00007ffbd3110000 - 0x00007ffbd313d000 	C:\Windows\SYSTEM32\IPHLPAPI.DLL
0x00007ffbd7340000 - 0x00007ffbd7349000 	C:\Windows\System32\NSI.dll
0x00007ffbcb3c0000 - 0x00007ffbcb3d9000 	C:\Windows\SYSTEM32\dhcpcsvc6.DLL
0x00007ffbcb3a0000 - 0x00007ffbcb3bf000 	C:\Windows\SYSTEM32\dhcpcsvc.DLL
0x00007ffbd3140000 - 0x00007ffbd3239000 	C:\Windows\SYSTEM32\DNSAPI.dll
0x00007ffbae4e0000 - 0x00007ffbae4e8000 	C:\Windows\system32\wshunix.dll

dbghelp: loaded successfully - version: 4.0.5 - missing functions: none
symbol engine: initialized successfully - sym options: 0x614 - pdb path: .;D:\Program Files\Android\Android Studio1\jbr\bin;C:\Windows\SYSTEM32;C:\Windows\WinSxS\amd64_microsoft.windows.common-controls_6595b64144ccf1df_6.0.22621.2361_none_2712ced57382f843;D:\Program Files\Android\Android Studio1\jbr\bin\server;C:\Users\RoGad\.gradle\native\c067742578af261105cb4f569cf0c3c89f3d7b1fecec35dd04571415982c5e48\windows-amd64;C:\Users\RoGad\.gradle\native\38dada09dfb8b06ba9b0570ebf7e218e3eb74d4ef43ca46872605cf95ebc2f47\windows-amd64

VM Arguments:
jvm_args: --add-opens=java.base/java.util=ALL-UNNAMED --add-opens=java.base/java.lang=ALL-UNNAMED --add-opens=java.base/java.lang.invoke=ALL-UNNAMED --add-opens=java.prefs/java.util.prefs=ALL-UNNAMED --add-opens=java.base/java.nio.charset=ALL-UNNAMED --add-opens=java.base/java.net=ALL-UNNAMED --add-opens=java.base/java.util.concurrent.atomic=ALL-UNNAMED -Xmx2048m -Dfile.encoding=UTF-8 -Duser.country=RU -Duser.language=ru -Duser.variant -javaagent:C:\Users\RoGad\OneDrive\Рабочий стол\gradle-8.4\lib\agents\gradle-instrumentation-agent-8.4.jar 
java_command: org.gradle.launcher.daemon.bootstrap.GradleDaemon 8.4
java_class_path (initial): C:\Users\RoGad\OneDrive\Рабочий стол\gradle-8.4\lib\gradle-launcher-8.4.jar
Launcher Type: SUN_STANDARD

[Global flags]
     intx CICompilerCount                          = 4                                         {product} {ergonomic}
     uint ConcGCThreads                            = 2                                         {product} {ergonomic}
     uint G1ConcRefinementThreads                  = 8                                         {product} {ergonomic}
   size_t G1HeapRegionSize                         = 1048576                                   {product} {ergonomic}
    uintx GCDrainStackTargetSize                   = 64                                        {product} {ergonomic}
   size_t InitialHeapSize                          = 251658240                                 {product} {ergonomic}
   size_t MarkStackSize                            = 4194304                                   {product} {ergonomic}
   size_t MaxHeapSize                              = 2147483648                                {product} {command line}
   size_t MaxNewSize                               = 1287651328                                {product} {ergonomic}
   size_t MinHeapDeltaBytes                        = 1048576                                   {product} {ergonomic}
   size_t MinHeapSize                              = 8388608                                   {product} {ergonomic}
    uintx NonNMethodCodeHeapSize                   = 5839372                                {pd product} {ergonomic}
    uintx NonProfiledCodeHeapSize                  = 122909434                              {pd product} {ergonomic}
    uintx ProfiledCodeHeapSize                     = 122909434                              {pd product} {ergonomic}
    uintx ReservedCodeCacheSize                    = 251658240                              {pd product} {ergonomic}
     bool SegmentedCodeCache                       = true                                      {product} {ergonomic}
   size_t SoftMaxHeapSize                          = 2147483648                             {manageable} {ergonomic}
     bool UseCompressedClassPointers               = true                           {product lp64_product} {ergonomic}
     bool UseCompressedOops                        = true                           {product lp64_product} {ergonomic}
     bool UseG1GC                                  = true                                      {product} {ergonomic}
     bool UseLargePagesIndividualAllocation        = false                                  {pd product} {ergonomic}

Logging:
Log output configuration:
 #0: stdout all=warning uptime,level,tags
 #1: stderr all=off uptime,level,tags

Environment Variables:
PATH=C:\Program Files (x86)\Common Files\Oracle\Java\javapath;C:\WINDOWS\system32;C:\WINDOWS;C:\WINDOWS\System32\Wbem;C:\WINDOWS\System32\WindowsPowerShell\v1.0\;C:\WINDOWS\System32\OpenSSH\;C:\Program Files\Microsoft SQL Server\150\Tools\Binn\;C:\Windows\system32;C:\Windows;C:\Windows\System32\Wbem;C:\Windows\System32\WindowsPowerShell\v1.0\;C:\Windows\System32\OpenSSH\;C:\Program Files\Git\cmd;C:\Program Files\dotnet\;C:\ProgramData\chocolatey\bin;C:\MinGW\bin;C:\Users\RoGad\AppData\Local\Microsoft\WindowsApps;C:\Users\RoGad\.dotnet\tools;C:\tools\dart-sdk\bin;C:\Users\RoGad\AppData\Local\Pub\Cache\bin;C:\Users\RoGad\AppData\Local\Programs\Microsoft VS Code\bin;C:\flutter\bin;
USERNAME=RoGad
OS=Windows_NT
PROCESSOR_IDENTIFIER=AMD64 Family 23 Model 24 Stepping 1, AuthenticAMD
TMP=C:\Users\RoGad\AppData\Local\Temp
TEMP=C:\Users\RoGad\AppData\Local\Temp


JNI global refs:
JNI global refs: 25, weak refs: 0

JNI global refs memory usage: 843, weak refs: 209


---------------  S Y S T E M  ---------------

OS:
 Windows 11 , 64 bit Build 22621 (10.0.22621.2428)
OS uptime: 0 days 7:31 hours
Hyper-V role detected

CPU: total 8 (initial active 8) (8 cores per cpu, 2 threads per core) family 23 model 24 stepping 1 microcode 0x0, cx8, cmov, fxsr, ht, mmx, 3dnowpref, sse, sse2, sse3, ssse3, sse4a, sse4.1, sse4.2, popcnt, lzcnt, tsc, tscinvbit, avx, avx2, aes, clmul, bmi1, bmi2, adx, sha, fma, vzeroupper, clflush, clflushopt, hv

Memory: 4k page, system-wide physical 15295M (6804M free)
TotalPageFile size 17599M (AvailPageFile size 6914M)
current process WorkingSet (physical memory assigned to process): 183M, peak: 183M
current process commit charge ("private bytes"): 228M, peak: 382M

vm_info: OpenJDK 64-Bit Server VM (17.0.6+0-b2043.56-10027231) for windows-amd64 JRE (17.0.6+0-b2043.56-10027231), built on Apr 28 2023 00:43:19 by "androidbuild" with MS VC++ 16.10 / 16.11 (VS2019)

END.
