#
# A fatal error has been detected by the Java Runtime Environment:
#
#  EXCEPTION_ACCESS_VIOLATION (0xc0000005) at pc=0x0000029d7274bd06, pid=7092, tid=1324
#
# JRE version: OpenJDK Runtime Environment (17.0.6) (build 17.0.6+0-b2043.56-10027231)
# Java VM: OpenJDK 64-Bit Server VM (17.0.6+0-b2043.56-10027231, mixed mode, tiered, compressed oops, compressed class ptrs, g1 gc, windows-amd64)
# Problematic frame:
# j  java.lang.String.equals(Ljava/lang/Object;)Z+8 java.base@17.0.6
#
# No core dump will be written. Minidumps are not enabled by default on client versions of Windows
#
# If you would like to submit a bug report, please visit:
#   https://bugreport.java.com/bugreport/crash.jsp
#

---------------  S U M M A R Y ------------

Command Line: --add-opens=java.base/java.util=ALL-UNNAMED --add-opens=java.base/java.lang=ALL-UNNAMED --add-opens=java.base/java.lang.invoke=ALL-UNNAMED --add-opens=java.prefs/java.util.prefs=ALL-UNNAMED --add-opens=java.base/java.nio.charset=ALL-UNNAMED --add-opens=java.base/java.net=ALL-UNNAMED --add-opens=java.base/java.util.concurrent.atomic=ALL-UNNAMED -Xmx2048m -Dfile.encoding=UTF-8 -Duser.country=RU -Duser.language=ru -Duser.variant -javaagent:C:\Users\RoGad\OneDrive\Рабочий стол\gradle-8.4\lib\agents\gradle-instrumentation-agent-8.4.jar org.gradle.launcher.daemon.bootstrap.GradleDaemon 8.4

Host: AMD Ryzen 5 3500U with Radeon Vega Mobile Gfx  , 8 cores, 14G,  Windows 11 , 64 bit Build 22621 (10.0.22621.2428)
Time: Wed Nov  1 21:38:34 2023  Windows 11 , 64 bit Build 22621 (10.0.22621.2428) elapsed time: 16.120605 seconds (0d 0h 0m 16s)

---------------  T H R E A D  ---------------

Current thread (0x0000029d05421540):  JavaThread "Daemon worker" [_thread_in_Java, id=1324, stack(0x000000bf62600000,0x000000bf62700000)]

Stack: [0x000000bf62600000,0x000000bf62700000],  sp=0x000000bf626f5520,  free space=981k
Native frames: (J=compiled Java code, j=interpreted, Vv=VM code, C=native code)
C  0x0000029d7274bd06


siginfo: EXCEPTION_ACCESS_VIOLATION (0xc0000005), reading address 0x0000000140041dc0


Register to memory mapping:

RIP=0x0000029d7274bd06 is at code_begin+422 in an Interpreter codelet
instanceof  193 instanceof  [0x0000029d7274bb60, 0x0000029d7274bda0]  576 bytes
RAX=0x0000000100041d88 is a pointer to class: 
java.lang.String {0x0000000100041d90}
 - instance size:     3
 - klass size:        88
 - access:            public final synchronized 
 - state:             fully_initialized
 - name:              'java/lang/String'
 - super:             'java/lang/Object'
 - sub:               
 - arrays:            'java/lang/String'[]
 - methods:           Array<T>(0x0000029d02005818)
 - method ordering:   Array<T>(0x0000029d02000018)
 - default_methods:   Array<T>(0x0000000000000000)
 - local interfaces:  Array<T>(0x0000029d02004220)
 - trans. interfaces: Array<T>(0x0000029d02004220)
 - constants:         constant pool [1396]/operands[28] {0x0000029d020013b8} for 'java/lang/String' cache=0x0000029d021457e8
 - class loader data:  loader data: 0x0000029d7fa40550 of 'bootstrap'
 - source file:       'String.java'
 - class annotations:       Array<T>(0x0000000000000000)
 - class type annotations:  Array<T>(0x0000000000000000)
 - field annotations:       Array<T>(0x0000029d02005720)
 - field type annotations:  Array<T>(0x0000000000000000)
 - generic signature: 'Ljava/lang/Object;Ljava/io/Serializable;Ljava/lang/Comparable<Ljava/lang/String;>;Ljava/lang/CharSequence;Ljava/lang/constant/Constable;Ljava/lang/constant/ConstantDesc;'
 - inner classes:     Array<T>(0x0000029d02010950)
 - nest members:     Array<T>(0x0000029d02010990)
 - permitted subclasses:     Array<T>(0x0000029d02000028)
 - java mirror:       a 'java/lang/Class'{0x000000008077e4a0} = 'java/lang/String'
 - vtable length      5  (start addr: 0x0000000100041f78)
 - itable length      20 (start addr: 0x0000000100041fa0)
 - ---- static fields (3 words):
 - private static final 'serialVersionUID' 'J' @120 
 - static final 'COMPACT_STRINGS' 'Z' @130 
 - private static final 'serialPersistentFields' '[Ljava/io/ObjectStreamField;' @112 
 - private static final 'REPL' 'C' @128 
 - public static final 'CASE_INSENSITIVE_ORDER' 'Ljava/util/Comparator;' @116 
 - static final 'LATIN1' 'B' @131 
 - static final 'UTF16' 'B' @132 
 - ---- non-static fields (3 words):
 - private 'hash' 'I' @12 
 - private final 'coder' 'B' @16 
 - private 'hashIsZero' 'Z' @17 
 - private final synchronized 'value' '[B' @20 
 - non-static oop maps: 20-20 
RBX=0x0000000000000001 is an unknown value
RCX=0x0000000000000038 is an unknown value
RDX=0x0000000140041d88 is an unknown value
RSP=0x000000bf626f5520 is pointing into the stack for thread: 0x0000029d05421540
RBP=0x000000bf626f5568 is pointing into the stack for thread: 0x0000029d05421540
RSI=0x0000029d038ef318 points into unknown readable memory: 0x80000a00ae1c4154 | 54 41 1c ae 00 0a 00 80
RDI=0x0000000000000001 is an unknown value
R8 =0x0000029d65a66fc0 points into unknown readable memory: 0x0000029d65a60d20 | 20 0d a6 65 9d 02 00 00
R9 =0x0000000000000001 is an unknown value
R10=0x00007ffe0b7f7490 jvm.dll
R11=0x000000bf626f54c0 is pointing into the stack for thread: 0x0000029d05421540
R12=0x0 is NULL
R13=0x0000029d0200a800 is pointing into metadata
R14=0x000000bf626f5588 is pointing into the stack for thread: 0x0000029d05421540
R15=0x0000029d05421540 is a thread


Registers:
RAX=0x0000000100041d88, RBX=0x0000000000000001, RCX=0x0000000000000038, RDX=0x0000000140041d88
RSP=0x000000bf626f5520, RBP=0x000000bf626f5568, RSI=0x0000029d038ef318, RDI=0x0000000000000001
R8 =0x0000029d65a66fc0, R9 =0x0000000000000001, R10=0x00007ffe0b7f7490, R11=0x000000bf626f54c0
R12=0x0000000000000000, R13=0x0000029d0200a800, R14=0x000000bf626f5588, R15=0x0000029d05421540
RIP=0x0000029d7274bd06, EFLAGS=0x0000000000010206

Top of Stack: (sp=0x000000bf626f5520)
0x000000bf626f5520:   000000bf626f5520 0000029d0200a800
0x000000bf626f5530:   000000bf626f5588 0000029d021457e8
0x000000bf626f5540:   0000029d022d6e90 000000008077e4a0
0x000000bf626f5550:   0000029d0200a868 0000000000000000
0x000000bf626f5560:   000000bf626f5590 000000008b75c6f0
0x000000bf626f5570:   0000029d6b37505c 0000000000000000
0x000000bf626f5580:   000000008eeae100 000000008eee3ef0
0x000000bf626f5590:   0000000000000001 0000000000000000
0x000000bf626f55a0:   200041588ee765b8 0000029d8ee58e88
0x000000bf626f55b0:   000000008ee58e88 000000008eedc930
0x000000bf626f55c0:   000000008ee765b8 000000008eee3fd8
0x000000bf626f55d0:   000000008eeae1e8 000000008eee1dc0
0x000000bf626f55e0:   000000008b75c6f0 0000029d6ba9b57c
0x000000bf626f55f0:   0000000000000001 0000000000000001
0x000000bf626f5600:   000000008ee58db0 000000008ee58b28
0x000000bf626f5610:   0000029d7a943be3 0000029d72f9bbc0 

Instructions: (pc=0x0000029d7274bd06)
0x0000029d7274bc06:   00 00 49 c7 87 90 02 00 00 00 00 00 00 c5 f8 77
0x0000029d7274bc16:   49 81 7f 08 00 00 00 00 0f 84 05 00 00 00 e9 d7
0x0000029d7274bc26:   52 fe ff 4c 8b 6d c0 4c 8b 75 c8 c3 49 8b 87 e8
0x0000029d7274bc36:   02 00 00 49 c7 87 e8 02 00 00 00 00 00 00 5a 8b
0x0000029d7274bc46:   52 08 48 c1 e2 03 eb 15 8b 50 08 48 c1 e2 03 66
0x0000029d7274bc56:   8b 5c d9 48 48 8b 49 28 48 8b 44 d9 08 48 8b 4d
0x0000029d7274bc66:   d8 48 85 c9 0f 84 8a 00 00 00 48 8b 79 18 48 3b
0x0000029d7274bc76:   fa 0f 85 0f 00 00 00 48 83 41 20 01 48 83 59 20
0x0000029d7274bc86:   00 e9 66 00 00 00 48 85 ff 0f 84 37 00 00 00 48
0x0000029d7274bc96:   8b 79 28 48 3b fa 0f 85 0f 00 00 00 48 83 41 30
0x0000029d7274bca6:   01 48 83 59 30 00 e9 41 00 00 00 48 85 ff 0f 85
0x0000029d7274bcb6:   38 00 00 00 48 89 51 28 bf 01 00 00 00 48 89 79
0x0000029d7274bcc6:   30 e9 26 00 00 00 48 3b 51 28 0f 85 0f 00 00 00
0x0000029d7274bcd6:   48 83 41 30 01 48 83 59 30 00 e9 0d 00 00 00 48
0x0000029d7274bce6:   89 51 18 bf 01 00 00 00 48 89 79 20 48 83 c1 38
0x0000029d7274bcf6:   48 89 4d d8 48 3b d0 0f 84 54 00 00 00 8b 48 14
0x0000029d7274bd06:   48 3b 04 0a 0f 84 47 00 00 00 83 f9 20 0f 85 1d
0x0000029d7274bd16:   00 00 00 57 48 8b 7a 28 8b 0f 48 83 c7 08 48 85
0x0000029d7274bd26:   c0 f2 48 af 5f 75 09 48 89 42 20 e9 21 00 00 00
0x0000029d7274bd36:   48 8b 4d d8 48 85 c9 0f 84 10 00 00 00 48 83 41
0x0000029d7274bd46:   d0 ff 0f 88 05 00 00 00 48 83 41 d0 01 33 c0 eb
0x0000029d7274bd56:   23 b8 01 00 00 00 e9 19 00 00 00 48 8b 4d d8 48
0x0000029d7274bd66:   85 c9 0f 84 0c 00 00 00 80 49 01 01 48 83 c1 38
0x0000029d7274bd76:   48 89 4d d8 41 0f b6 5d 03 49 83 c5 03 49 ba 90
0x0000029d7274bd86:   4c 7f 0b fe 7f 00 00 41 ff 24 da 0f 1f 80 00 00
0x0000029d7274bd96:   00 00 00 00 00 00 00 00 00 00 80 c1 56 0b fe 7f
0x0000029d7274bda6:   00 00 80 01 00 00 c2 00 00 00 00 00 00 00 00 00
0x0000029d7274bdb6:   00 00 00 00 00 00 00 00 00 00 58 48 3b 00 33 d2
0x0000029d7274bdc6:   4c 8b 4d b8 4c 8d 45 b8 eb 16 49 81 79 08 00 00
0x0000029d7274bdd6:   00 00 49 0f 44 d1 49 3b 41 08 74 09 49 83 c1 10
0x0000029d7274bde6:   4d 3b c8 75 e5 48 85 d2 0f 85 28 00 00 00 48 8b
0x0000029d7274bdf6:   55 b8 48 83 ec 10 48 83 ea 10 4c 8b cc 48 89 55 


Stack slot to memory mapping:
stack at sp + 0 slots: 0x000000bf626f5520 is pointing into the stack for thread: 0x0000029d05421540
stack at sp + 1 slots: 0x0000029d0200a800 is pointing into metadata
stack at sp + 2 slots: 0x000000bf626f5588 is pointing into the stack for thread: 0x0000029d05421540
stack at sp + 3 slots: 0x0000029d021457e8 is pointing into metadata
stack at sp + 4 slots: 0x0000029d022d6e90 is pointing into metadata
stack at sp + 5 slots: 0x000000008077e4a0 is an oop: java.lang.Class 
{0x000000008077e4a0} - klass: 'java/lang/Class'
 - ---- fields (total size 17 words):
 - private volatile transient 'classRedefinedCount' 'I' @12  0
 - private volatile transient 'cachedConstructor' 'Ljava/lang/reflect/Constructor;' @40  NULL (0)
 - private transient 'name' 'Ljava/lang/String;' @44  "java.lang.String"{0x0000000080702088} (80702088)
 - private transient 'module' 'Ljava/lang/Module;' @48  a 'java/lang/Module'{0x000000008076c4a0} (8076c4a0)
 - private final 'classLoader' 'Ljava/lang/ClassLoader;' @52  NULL (0)
 - private transient 'classData' 'Ljava/lang/Object;' @56  NULL (0)
 - private transient 'packageName' 'Ljava/lang/String;' @60  "java.lang"{0x000000008076dea0} (8076dea0)
 - private final 'componentType' 'Ljava/lang/Class;' @64  NULL (0)
 - private volatile transient 'reflectionData' 'Ljava/lang/ref/SoftReference;' @68  a 'java/lang/ref/SoftReference'{0x0000000081e77098} (81e77098)
 - private volatile transient 'genericInfo' 'Lsun/reflect/generics/repository/ClassRepository;' @72  a 'sun/reflect/generics/repository/ClassRepository'{0x000000008191d668} (8191d668)
 - private volatile transient 'enumConstants' '[Ljava/lang/Object;' @76  NULL (0)
 - private volatile transient 'enumConstantDirectory' 'Ljava/util/Map;' @80  NULL (0)
 - private volatile transient 'annotationData' 'Ljava/lang/Class$AnnotationData;' @84  NULL (0)
 - private volatile transient 'annotationType' 'Lsun/reflect/annotation/AnnotationType;' @88  NULL (0)
 - transient 'classValueMap' 'Ljava/lang/ClassValue$ClassValueMap;' @92  a 'java/lang/ClassValue$ClassValueMap'{0x0000000081e76f00} (81e76f00)
 - signature: Ljava/lang/String;
 - fake entry for mirror: 'java/lang/String'
 - fake entry for array: 'java/lang/String'[]
 - fake entry for oop_size: 17
 - fake entry for static_oop_field_count: 2
 - private static final 'serialVersionUID' 'J' @120  -6849794470754667710 (7a3bb342 a0f0a438)
 - static final 'COMPACT_STRINGS' 'Z' @130  true
 - private static final 'serialPersistentFields' '[Ljava/io/ObjectStreamField;' @112  a 'java/io/ObjectStreamField'[0] {0x00000000807020c0} (807020c0)
 - private static final 'REPL' 'C' @128    65533 (fffd)
 - public static final 'CASE_INSENSITIVE_ORDER' 'Ljava/util/Comparator;' @116  a 'java/lang/String$CaseInsensitiveComparator'{0x0000000080a78c40} (80a78c40)
 - static final 'LATIN1' 'B' @131  0
 - static final 'UTF16' 'B' @132  1
stack at sp + 6 slots: {method} {0x0000029d0200a870} 'equals' '(Ljava/lang/Object;)Z' in 'java/lang/String'
stack at sp + 7 slots: 0x0 is NULL

instanceof  193 instanceof  [0x0000029d7274bb60, 0x0000029d7274bda0]  576 bytes
[MachCode]
  0x0000029d7274bb60: 5848 85c0 | 0f84 f701 | 0000 488b | 4de8 488b | 4908 488b | 4908 488b | 5108 410f | b75d 010f 
  0x0000029d7274bb80: cbc1 eb10 | 807c 1a04 | 070f 84bf | 0000 0050 | e805 0000 | 00e9 9800 | 0000 488d | 4424 084c 
  0x0000029d7274bba0: 896d c049 | 8bcf c5f8 | 7749 89af | 9802 0000 | 4989 8788 | 0200 0048 | 83ec 20f7 | c40f 0000 
  0x0000029d7274bbc0: 000f 841a | 0000 0048 | 83ec 0849 | ba20 77fc | 0afe 7f00 | 0041 ffd2 | 4883 c408 | e90d 0000 
  0x0000029d7274bbe0: 0049 ba20 | 77fc 0afe | 7f00 0041 | ffd2 4883 | c420 49c7 | 8788 0200 | 0000 0000 | 0049 c787 
  0x0000029d7274bc00: 9802 0000 | 0000 0000 | 49c7 8790 | 0200 0000 | 0000 00c5 | f877 4981 | 7f08 0000 | 0000 0f84 
  0x0000029d7274bc20: 0500 0000 | e9d7 52fe | ff4c 8b6d | c04c 8b75 | c8c3 498b | 87e8 0200 | 0049 c787 | e802 0000 
  0x0000029d7274bc40: 0000 0000 | 5a8b 5208 | 48c1 e203 | eb15 8b50 | 0848 c1e2 | 0366 8b5c | d948 488b | 4928 488b 
  0x0000029d7274bc60: 44d9 0848 | 8b4d d848 | 85c9 0f84 | 8a00 0000 | 488b 7918 | 483b fa0f | 850f 0000 | 0048 8341 
  0x0000029d7274bc80: 2001 4883 | 5920 00e9 | 6600 0000 | 4885 ff0f | 8437 0000 | 0048 8b79 | 2848 3bfa | 0f85 0f00 
  0x0000029d7274bca0: 0000 4883 | 4130 0148 | 8359 3000 | e941 0000 | 0048 85ff | 0f85 3800 | 0000 4889 | 5128 bf01 
  0x0000029d7274bcc0: 0000 0048 | 8979 30e9 | 2600 0000 | 483b 5128 | 0f85 0f00 | 0000 4883 | 4130 0148 | 8359 3000 
  0x0000029d7274bce0: e90d 0000 | 0048 8951 | 18bf 0100 | 0000 4889 | 7920 4883 | c138 4889 | 4dd8 483b | d00f 8454 
  0x0000029d7274bd00: 0000 008b | 4814 483b | 040a 0f84 | 4700 0000 | 83f9 200f | 851d 0000 | 0057 488b | 7a28 8b0f 
  0x0000029d7274bd20: 4883 c708 | 4885 c0f2 | 48af 5f75 | 0948 8942 | 20e9 2100 | 0000 488b | 4dd8 4885 | c90f 8410 
  0x0000029d7274bd40: 0000 0048 | 8341 d0ff | 0f88 0500 | 0000 4883 | 41d0 0133 | c0eb 23b8 | 0100 0000 | e919 0000 
  0x0000029d7274bd60: 0048 8b4d | d848 85c9 | 0f84 0c00 | 0000 8049 | 0101 4883 | c138 4889 | 4dd8 410f | b65d 0349 
  0x0000029d7274bd80: 83c5 0349 | ba90 4c7f | 0bfe 7f00 | 0041 ff24 | da0f 1f80 | 0000 0000 | 0000 0000 | 0000 0000 
[/MachCode]

---------------  P R O C E S S  ---------------

Threads class SMR info:
_java_thread_list=0x0000029d058b7d90, length=53, elements={
0x0000029d67d3a410, 0x0000029d7fbd0430, 0x0000029d7fbd1520, 0x0000029d7fbf6f00,
0x0000029d7fc1f4d0, 0x0000029d7fc21da0, 0x0000029d7fc22750, 0x0000029d7fc40500,
0x0000029d7fc40fa0, 0x0000029d7fc44180, 0x0000029d7fd3d8c0, 0x0000029d7ff028b0,
0x0000029d04dfa000, 0x0000029d02955030, 0x0000029d0531ec20, 0x0000029d037c8520,
0x0000029d05544280, 0x0000029d054a1840, 0x0000029d05421540, 0x0000029d0551c7e0,
0x0000029d054fd830, 0x0000029d02b24410, 0x0000029d02b22c00, 0x0000029d02b21d90,
0x0000029d02b248e0, 0x0000029d02b230d0, 0x0000029d02b235a0, 0x0000029d02b23a70,
0x0000029d02b23f40, 0x0000029d02b22260, 0x0000029d02b22730, 0x0000029d02b24db0,
0x0000029d02b25750, 0x0000029d05795850, 0x0000029d05797ed0, 0x0000029d05795d20,
0x0000029d05792360, 0x0000029d05798d40, 0x0000029d057919c0, 0x0000029d057961f0,
0x0000029d057914f0, 0x0000029d05793b70, 0x0000029d05791e90, 0x0000029d05794040,
0x0000029d05dc5d00, 0x0000029d05dc7140, 0x0000029d057966c0, 0x0000029d05794510,
0x0000029d05796b90, 0x0000029d05797530, 0x0000029d05794eb0, 0x0000029d05792d00,
0x0000029d05797a00
}

Java Threads: ( => current thread )
  0x0000029d67d3a410 JavaThread "main" [_thread_blocked, id=8392, stack(0x000000bf60900000,0x000000bf60a00000)]
  0x0000029d7fbd0430 JavaThread "Reference Handler" daemon [_thread_blocked, id=7156, stack(0x000000bf61000000,0x000000bf61100000)]
  0x0000029d7fbd1520 JavaThread "Finalizer" daemon [_thread_blocked, id=5048, stack(0x000000bf61100000,0x000000bf61200000)]
  0x0000029d7fbf6f00 JavaThread "Signal Dispatcher" daemon [_thread_blocked, id=6488, stack(0x000000bf61200000,0x000000bf61300000)]
  0x0000029d7fc1f4d0 JavaThread "Attach Listener" daemon [_thread_blocked, id=18336, stack(0x000000bf61300000,0x000000bf61400000)]
  0x0000029d7fc21da0 JavaThread "Service Thread" daemon [_thread_blocked, id=12176, stack(0x000000bf61400000,0x000000bf61500000)]
  0x0000029d7fc22750 JavaThread "Monitor Deflation Thread" daemon [_thread_blocked, id=17836, stack(0x000000bf61500000,0x000000bf61600000)]
  0x0000029d7fc40500 JavaThread "C2 CompilerThread0" daemon [_thread_blocked, id=5092, stack(0x000000bf61600000,0x000000bf61700000)]
  0x0000029d7fc40fa0 JavaThread "C1 CompilerThread0" daemon [_thread_blocked, id=17020, stack(0x000000bf61700000,0x000000bf61800000)]
  0x0000029d7fc44180 JavaThread "Sweeper thread" daemon [_thread_blocked, id=11384, stack(0x000000bf61800000,0x000000bf61900000)]
  0x0000029d7fd3d8c0 JavaThread "Common-Cleaner" daemon [_thread_blocked, id=5112, stack(0x000000bf61900000,0x000000bf61a00000)]
  0x0000029d7ff028b0 JavaThread "Notification Thread" daemon [_thread_blocked, id=12476, stack(0x000000bf61a00000,0x000000bf61b00000)]
  0x0000029d04dfa000 JavaThread "Daemon health stats" [_thread_blocked, id=2624, stack(0x000000bf61d00000,0x000000bf61e00000)]
  0x0000029d02955030 JavaThread "Incoming local TCP Connector on port 62759" [_thread_in_native, id=1112, stack(0x000000bf61c00000,0x000000bf61d00000)]
  0x0000029d0531ec20 JavaThread "Daemon periodic checks" [_thread_blocked, id=16368, stack(0x000000bf62200000,0x000000bf62300000)]
  0x0000029d037c8520 JavaThread "Daemon" [_thread_blocked, id=7120, stack(0x000000bf62300000,0x000000bf62400000)]
  0x0000029d05544280 JavaThread "Handler for socket connection from /127.0.0.1:62759 to /127.0.0.1:62760" [_thread_in_native, id=17668, stack(0x000000bf62400000,0x000000bf62500000)]
  0x0000029d054a1840 JavaThread "Cancel handler" [_thread_blocked, id=15972, stack(0x000000bf62500000,0x000000bf62600000)]
=>0x0000029d05421540 JavaThread "Daemon worker" [_thread_in_Java, id=1324, stack(0x000000bf62600000,0x000000bf62700000)]
  0x0000029d0551c7e0 JavaThread "Asynchronous log dispatcher for DefaultDaemonConnection: socket connection from /127.0.0.1:62759 to /127.0.0.1:62760" [_thread_blocked, id=2900, stack(0x000000bf62700000,0x000000bf62800000)]
  0x0000029d054fd830 JavaThread "Stdin handler" [_thread_blocked, id=9180, stack(0x000000bf62800000,0x000000bf62900000)]
  0x0000029d02b24410 JavaThread "Daemon client event forwarder" [_thread_blocked, id=16288, stack(0x000000bf62900000,0x000000bf62a00000)]
  0x0000029d02b22c00 JavaThread "Cache worker for journal cache (C:\Users\RoGad\.gradle\caches\journal-1)" [_thread_blocked, id=18184, stack(0x000000bf62e00000,0x000000bf62f00000)]
  0x0000029d02b21d90 JavaThread "File lock request listener" [_thread_in_native, id=14384, stack(0x000000bf62f00000,0x000000bf63000000)]
  0x0000029d02b248e0 JavaThread "Cache worker for file hash cache (C:\Users\RoGad\.gradle\caches\8.4\fileHashes)" [_thread_blocked, id=18256, stack(0x000000bf63100000,0x000000bf63200000)]
  0x0000029d02b230d0 JavaThread "File watcher server" daemon [_thread_in_native, id=18064, stack(0x000000bf63200000,0x000000bf63300000)]
  0x0000029d02b235a0 JavaThread "File watcher consumer" daemon [_thread_blocked, id=4700, stack(0x000000bf63300000,0x000000bf63400000)]
  0x0000029d02b23a70 JavaThread "Cache worker for checksums cache (C:\Users\RoGad\AndroidStudioProjects\xuy\.gradle\8.4\checksums)" [_thread_blocked, id=4808, stack(0x000000bf63400000,0x000000bf63500000)]
  0x0000029d02b23f40 JavaThread "Cache worker for file hash cache (C:\Users\RoGad\AndroidStudioProjects\xuy\.gradle\8.4\fileHashes)" [_thread_blocked, id=13428, stack(0x000000bf63000000,0x000000bf63100000)]
  0x0000029d02b22260 JavaThread "Cache worker for cache directory md-supplier (C:\Users\RoGad\.gradle\caches\8.4\md-supplier)" [_thread_blocked, id=7832, stack(0x000000bf63500000,0x000000bf63600000)]
  0x0000029d02b22730 JavaThread "Cache worker for file content cache (C:\Users\RoGad\.gradle\caches\8.4\fileContent)" [_thread_blocked, id=6816, stack(0x000000bf63600000,0x000000bf63700000)]
  0x0000029d02b24db0 JavaThread "Cache worker for cache directory md-rule (C:\Users\RoGad\.gradle\caches\8.4\md-rule)" [_thread_blocked, id=11756, stack(0x000000bf63700000,0x000000bf63800000)]
  0x0000029d02b25750 JavaThread "Cache worker for execution history cache (C:\Users\RoGad\.gradle\caches\8.4\executionHistory)" [_thread_blocked, id=18016, stack(0x000000bf63800000,0x000000bf63900000)]
  0x0000029d05795850 JavaThread "jar transforms" [_thread_blocked, id=13704, stack(0x000000bf63c00000,0x000000bf63d00000)]
  0x0000029d05797ed0 JavaThread "jar transforms Thread 2" [_thread_blocked, id=9360, stack(0x000000bf63d00000,0x000000bf63e00000)]
  0x0000029d05795d20 JavaThread "Cache worker for kotlin-dsl (C:\Users\RoGad\.gradle\caches\8.4\kotlin-dsl)" [_thread_blocked, id=7848, stack(0x000000bf63a00000,0x000000bf63b00000)]
  0x0000029d05792360 JavaThread "jar transforms Thread 3" [_thread_blocked, id=7492, stack(0x000000bf63f00000,0x000000bf64000000)]
  0x0000029d05798d40 JavaThread "jar transforms Thread 4" [_thread_blocked, id=12764, stack(0x000000bf64000000,0x000000bf64100000)]
  0x0000029d057919c0 JavaThread "jar transforms Thread 5" [_thread_blocked, id=13232, stack(0x000000bf64100000,0x000000bf64200000)]
  0x0000029d057961f0 JavaThread "jar transforms Thread 6" [_thread_blocked, id=14528, stack(0x000000bf64200000,0x000000bf64300000)]
  0x0000029d057914f0 JavaThread "Cache worker for dependencies-accessors (C:\Users\RoGad\AndroidStudioProjects\xuy\.gradle\8.4\dependencies-accessors)" [_thread_blocked, id=9628, stack(0x000000bf64300000,0x000000bf64400000)]
  0x0000029d05793b70 JavaThread "Cache worker for Build Output Cleanup Cache (C:\Users\RoGad\AndroidStudioProjects\xuy\.gradle\buildOutputCleanup)" [_thread_blocked, id=14108, stack(0x000000bf64400000,0x000000bf64500000)]
  0x0000029d05791e90 JavaThread "jar transforms Thread 7" [_thread_blocked, id=7868, stack(0x000000bf64500000,0x000000bf64600000)]
  0x0000029d05794040 JavaThread "jar transforms Thread 8" [_thread_blocked, id=1504, stack(0x000000bf64600000,0x000000bf64700000)]
  0x0000029d05dc5d00 JavaThread "C2 CompilerThread1" daemon [_thread_in_native, id=8000, stack(0x000000bf63900000,0x000000bf63a00000)]
  0x0000029d05dc7140 JavaThread "C2 CompilerThread2" daemon [_thread_blocked, id=11536, stack(0x000000bf63e00000,0x000000bf63f00000)]
  0x0000029d057966c0 JavaThread "Unconstrained build operations" [_thread_blocked, id=1624, stack(0x000000bf64700000,0x000000bf64800000)]
  0x0000029d05794510 JavaThread "Unconstrained build operations Thread 2" [_thread_blocked, id=17516, stack(0x000000bf64800000,0x000000bf64900000)]
  0x0000029d05796b90 JavaThread "Unconstrained build operations Thread 3" [_thread_blocked, id=17244, stack(0x000000bf64900000,0x000000bf64a00000)]
  0x0000029d05797530 JavaThread "Unconstrained build operations Thread 4" [_thread_blocked, id=3416, stack(0x000000bf64a00000,0x000000bf64b00000)]
  0x0000029d05794eb0 JavaThread "Unconstrained build operations Thread 5" [_thread_blocked, id=5976, stack(0x000000bf64b00000,0x000000bf64c00000)]
  0x0000029d05792d00 JavaThread "Unconstrained build operations Thread 6" [_thread_blocked, id=13800, stack(0x000000bf64c00000,0x000000bf64d00000)]
  0x0000029d05797a00 JavaThread "Unconstrained build operations Thread 7" [_thread_blocked, id=2488, stack(0x000000bf64d00000,0x000000bf64e00000)]

Other Threads:
  0x0000029d7fbcfdb0 VMThread "VM Thread" [stack: 0x000000bf60f00000,0x000000bf61000000] [id=16832]
  0x0000029d7fea2fa0 WatcherThread [stack: 0x000000bf61b00000,0x000000bf61c00000] [id=12044]
  0x0000029d67d953e0 GCTaskThread "GC Thread#0" [stack: 0x000000bf60a00000,0x000000bf60b00000] [id=14508]
  0x0000029d04033400 GCTaskThread "GC Thread#1" [stack: 0x000000bf61e00000,0x000000bf61f00000] [id=18240]
  0x0000029d04cdfb20 GCTaskThread "GC Thread#2" [stack: 0x000000bf61f00000,0x000000bf62000000] [id=17800]
  0x0000029d035c5b10 GCTaskThread "GC Thread#3" [stack: 0x000000bf62000000,0x000000bf62100000] [id=14596]
  0x0000029d035c5dc0 GCTaskThread "GC Thread#4" [stack: 0x000000bf62100000,0x000000bf62200000] [id=5972]
  0x0000029d0546f020 GCTaskThread "GC Thread#5" [stack: 0x000000bf62a00000,0x000000bf62b00000] [id=7264]
  0x0000029d05501cc0 GCTaskThread "GC Thread#6" [stack: 0x000000bf62b00000,0x000000bf62c00000] [id=10988]
  0x0000029d04cded70 GCTaskThread "GC Thread#7" [stack: 0x000000bf62c00000,0x000000bf62d00000] [id=12164]
  0x0000029d67da6ac0 ConcurrentGCThread "G1 Main Marker" [stack: 0x000000bf60b00000,0x000000bf60c00000] [id=16940]
  0x0000029d67da74d0 ConcurrentGCThread "G1 Conc#0" [stack: 0x000000bf60c00000,0x000000bf60d00000] [id=13432]
  0x0000029d0529b2d0 ConcurrentGCThread "G1 Conc#1" [stack: 0x000000bf62d00000,0x000000bf62e00000] [id=13708]
  0x0000029d7fa32160 ConcurrentGCThread "G1 Refine#0" [stack: 0x000000bf60d00000,0x000000bf60e00000] [id=8624]
  0x0000029d056063b0 ConcurrentGCThread "G1 Refine#1" [stack: 0x000000bf63b00000,0x000000bf63c00000] [id=16084]
  0x0000029d7fa33b90 ConcurrentGCThread "G1 Service" [stack: 0x000000bf60e00000,0x000000bf60f00000] [id=8740]

Threads with active compile tasks:
C2 CompilerThread1    16220 5690       4       java.lang.invoke.MethodType::makeImpl (109 bytes)

VM state: not at safepoint (normal execution)

VM Mutex/Monitor currently owned by a thread: None

Heap address: 0x0000000080000000, size: 2048 MB, Compressed Oops mode: 32-bit

CDS archive(s) not mapped
Compressed class space mapped at: 0x0000000100000000-0x0000000140000000, reserved size: 1073741824
Narrow klass base: 0x0000000000000000, Narrow klass shift: 3, Narrow klass range: 0x140000000

GC Precious Log:
 CPUs: 8 total, 8 available
 Memory: 15295M
 Large Page Support: Disabled
 NUMA Support: Disabled
 Compressed Oops: Enabled (32-bit)
 Heap Region Size: 1M
 Heap Min Capacity: 8M
 Heap Initial Capacity: 240M
 Heap Max Capacity: 2G
 Pre-touch: Disabled
 Parallel Workers: 8
 Concurrent Workers: 2
 Concurrent Refinement Workers: 8
 Periodic GC: Disabled

Heap:
 garbage-first heap   total 75776K, used 44901K [0x0000000080000000, 0x0000000100000000)
  region size 1024K, 3 young (3072K), 1 survivors (1024K)
 Metaspace       used 55114K, committed 55616K, reserved 1097728K
  class space    used 7457K, committed 7680K, reserved 1048576K

Heap Regions: E=young(eden), S=young(survivor), O=old, HS=humongous(starts), HC=humongous(continues), CS=collection set, F=free, OA=open archive, CA=closed archive, TAMS=top-at-mark-start (previous, next)
|   0|0x0000000080000000, 0x0000000080100000, 0x0000000080100000|100%|HS|  |TAMS 0x0000000080100000, 0x0000000080000000| Complete 
|   1|0x0000000080100000, 0x0000000080200000, 0x0000000080200000|100%|HC|  |TAMS 0x0000000080200000, 0x0000000080100000| Complete 
|   2|0x0000000080200000, 0x0000000080300000, 0x0000000080300000|100%|HC|  |TAMS 0x0000000080300000, 0x0000000080200000| Complete 
|   3|0x0000000080300000, 0x0000000080400000, 0x0000000080400000|100%|HC|  |TAMS 0x0000000080400000, 0x0000000080300000| Complete 
|   4|0x0000000080400000, 0x0000000080500000, 0x0000000080500000|100%| O|  |TAMS 0x0000000080500000, 0x0000000080400000| Untracked 
|   5|0x0000000080500000, 0x0000000080600000, 0x0000000080600000|100%| O|  |TAMS 0x0000000080600000, 0x0000000080500000| Untracked 
|   6|0x0000000080600000, 0x0000000080700000, 0x0000000080700000|100%| O|  |TAMS 0x0000000080700000, 0x0000000080600000| Untracked 
|   7|0x0000000080700000, 0x0000000080800000, 0x0000000080800000|100%| O|  |TAMS 0x0000000080800000, 0x0000000080700000| Untracked 
|   8|0x0000000080800000, 0x0000000080900000, 0x0000000080900000|100%| O|  |TAMS 0x0000000080900000, 0x0000000080800000| Untracked 
|   9|0x0000000080900000, 0x0000000080a00000, 0x0000000080a00000|100%| O|  |TAMS 0x0000000080a00000, 0x0000000080900000| Untracked 
|  10|0x0000000080a00000, 0x0000000080aa3000, 0x0000000080b00000| 63%| O|  |TAMS 0x0000000080aa3000, 0x0000000080a00000| Untracked 
|  11|0x0000000080b00000, 0x0000000080c00000, 0x0000000080c00000|100%| O|  |TAMS 0x0000000080c00000, 0x0000000080b00000| Untracked 
|  12|0x0000000080c00000, 0x0000000080d00000, 0x0000000080d00000|100%| O|  |TAMS 0x0000000080d00000, 0x0000000080c00000| Untracked 
|  13|0x0000000080d00000, 0x0000000080e00000, 0x0000000080e00000|100%| O|  |TAMS 0x0000000080e00000, 0x0000000080d00000| Untracked 
|  14|0x0000000080e00000, 0x0000000080f00000, 0x0000000080f00000|100%| O|  |TAMS 0x0000000080f00000, 0x0000000080e00000| Untracked 
|  15|0x0000000080f00000, 0x0000000081000000, 0x0000000081000000|100%| O|  |TAMS 0x0000000081000000, 0x0000000080f00000| Untracked 
|  16|0x0000000081000000, 0x0000000081100000, 0x0000000081100000|100%| O|  |TAMS 0x0000000081100000, 0x0000000081000000| Untracked 
|  17|0x0000000081100000, 0x0000000081200000, 0x0000000081200000|100%| O|  |TAMS 0x0000000081200000, 0x0000000081100000| Untracked 
|  18|0x0000000081200000, 0x0000000081300000, 0x0000000081300000|100%| O|  |TAMS 0x0000000081300000, 0x0000000081200000| Untracked 
|  19|0x0000000081300000, 0x0000000081400000, 0x0000000081400000|100%| O|  |TAMS 0x0000000081400000, 0x0000000081300000| Untracked 
|  20|0x0000000081400000, 0x0000000081500000, 0x0000000081500000|100%| O|  |TAMS 0x0000000081500000, 0x0000000081400000| Untracked 
|  21|0x0000000081500000, 0x0000000081600000, 0x0000000081600000|100%| O|  |TAMS 0x0000000081600000, 0x0000000081500000| Untracked 
|  22|0x0000000081600000, 0x0000000081700000, 0x0000000081700000|100%| O|  |TAMS 0x0000000081700000, 0x0000000081600000| Untracked 
|  23|0x0000000081700000, 0x0000000081800000, 0x0000000081800000|100%| O|  |TAMS 0x0000000081800000, 0x0000000081700000| Untracked 
|  24|0x0000000081800000, 0x0000000081900000, 0x0000000081900000|100%| O|  |TAMS 0x0000000081900000, 0x0000000081800000| Untracked 
|  25|0x0000000081900000, 0x0000000081a00000, 0x0000000081a00000|100%| O|  |TAMS 0x0000000081a00000, 0x0000000081900000| Untracked 
|  26|0x0000000081a00000, 0x0000000081b00000, 0x0000000081b00000|100%| O|  |TAMS 0x0000000081b00000, 0x0000000081a00000| Untracked 
|  27|0x0000000081b00000, 0x0000000081c00000, 0x0000000081c00000|100%| O|  |TAMS 0x0000000081c00000, 0x0000000081b00000| Untracked 
|  28|0x0000000081c00000, 0x0000000081d00000, 0x0000000081d00000|100%| O|  |TAMS 0x0000000081d00000, 0x0000000081c00000| Untracked 
|  29|0x0000000081d00000, 0x0000000081e00000, 0x0000000081e00000|100%| O|  |TAMS 0x0000000081e00000, 0x0000000081d00000| Untracked 
|  30|0x0000000081e00000, 0x0000000081f00000, 0x0000000081f00000|100%| O|  |TAMS 0x0000000081f00000, 0x0000000081e00000| Untracked 
|  31|0x0000000081f00000, 0x0000000082000000, 0x0000000082000000|100%| O|  |TAMS 0x0000000082000000, 0x0000000081f00000| Untracked 
|  32|0x0000000082000000, 0x0000000082100000, 0x0000000082100000|100%| O|  |TAMS 0x0000000082047600, 0x0000000082000000| Untracked 
|  33|0x0000000082100000, 0x0000000082200000, 0x0000000082200000|100%| O|  |TAMS 0x0000000082100000, 0x0000000082100000| Untracked 
|  34|0x0000000082200000, 0x0000000082300000, 0x0000000082300000|100%| O|  |TAMS 0x0000000082200000, 0x0000000082200000| Untracked 
|  35|0x0000000082300000, 0x000000008237e000, 0x0000000082400000| 49%| O|  |TAMS 0x0000000082300000, 0x0000000082300000| Untracked 
|  36|0x0000000082400000, 0x0000000082500000, 0x0000000082500000|100%|HS|  |TAMS 0x0000000082400000, 0x0000000082400000| Complete 
|  37|0x0000000082500000, 0x0000000082600000, 0x0000000082600000|100%| O|  |TAMS 0x0000000082600000, 0x0000000082500000| Untracked 
|  38|0x0000000082600000, 0x0000000082700000, 0x0000000082700000|100%|HS|  |TAMS 0x0000000082600000, 0x0000000082600000| Complete 
|  39|0x0000000082700000, 0x0000000082800000, 0x0000000082800000|100%|HS|  |TAMS 0x0000000082700000, 0x0000000082700000| Complete 
|  40|0x0000000082800000, 0x0000000082900000, 0x0000000082900000|100%|HC|  |TAMS 0x0000000082800000, 0x0000000082800000| Complete 
|  41|0x0000000082900000, 0x0000000082a00000, 0x0000000082a00000|100%|HS|  |TAMS 0x0000000082900000, 0x0000000082900000| Complete 
|  42|0x0000000082a00000, 0x0000000082b00000, 0x0000000082b00000|100%|HC|  |TAMS 0x0000000082a00000, 0x0000000082a00000| Complete 
|  43|0x0000000082b00000, 0x0000000082b00000, 0x0000000082c00000|  0%| F|  |TAMS 0x0000000082b00000, 0x0000000082b00000| Untracked 
|  44|0x0000000082c00000, 0x0000000082c00000, 0x0000000082d00000|  0%| F|  |TAMS 0x0000000082c00000, 0x0000000082c00000| Untracked 
|  45|0x0000000082d00000, 0x0000000082d00000, 0x0000000082e00000|  0%| F|  |TAMS 0x0000000082d00000, 0x0000000082d00000| Untracked 
|  46|0x0000000082e00000, 0x0000000082e00000, 0x0000000082f00000|  0%| F|  |TAMS 0x0000000082e00000, 0x0000000082e00000| Untracked 
|  47|0x0000000082f00000, 0x0000000082f00000, 0x0000000083000000|  0%| F|  |TAMS 0x0000000082f00000, 0x0000000082f00000| Untracked 
|  48|0x0000000083000000, 0x0000000083000000, 0x0000000083100000|  0%| F|  |TAMS 0x0000000083000000, 0x0000000083000000| Untracked 
|  49|0x0000000083100000, 0x0000000083100000, 0x0000000083200000|  0%| F|  |TAMS 0x0000000083100000, 0x0000000083100000| Untracked 
|  50|0x0000000083200000, 0x0000000083200000, 0x0000000083300000|  0%| F|  |TAMS 0x0000000083200000, 0x0000000083200000| Untracked 
|  51|0x0000000083300000, 0x0000000083300000, 0x0000000083400000|  0%| F|  |TAMS 0x0000000083300000, 0x0000000083300000| Untracked 
|  52|0x0000000083400000, 0x0000000083400000, 0x0000000083500000|  0%| F|  |TAMS 0x0000000083400000, 0x0000000083400000| Untracked 
|  53|0x0000000083500000, 0x0000000083500000, 0x0000000083600000|  0%| F|  |TAMS 0x0000000083500000, 0x0000000083500000| Untracked 
|  54|0x0000000083600000, 0x0000000083600000, 0x0000000083700000|  0%| F|  |TAMS 0x0000000083600000, 0x0000000083600000| Untracked 
|  55|0x0000000083700000, 0x0000000083700000, 0x0000000083800000|  0%| F|  |TAMS 0x0000000083700000, 0x0000000083700000| Untracked 
|  56|0x0000000083800000, 0x0000000083800000, 0x0000000083900000|  0%| F|  |TAMS 0x0000000083800000, 0x0000000083800000| Untracked 
|  57|0x0000000083900000, 0x0000000083900000, 0x0000000083a00000|  0%| F|  |TAMS 0x0000000083900000, 0x0000000083900000| Untracked 
|  58|0x0000000083a00000, 0x0000000083a00000, 0x0000000083b00000|  0%| F|  |TAMS 0x0000000083a00000, 0x0000000083a00000| Untracked 
|  59|0x0000000083b00000, 0x0000000083b00000, 0x0000000083c00000|  0%| F|  |TAMS 0x0000000083b00000, 0x0000000083b00000| Untracked 
|  60|0x0000000083c00000, 0x0000000083c00000, 0x0000000083d00000|  0%| F|  |TAMS 0x0000000083c00000, 0x0000000083c00000| Untracked 
|  61|0x0000000083d00000, 0x0000000083d00000, 0x0000000083e00000|  0%| F|  |TAMS 0x0000000083d00000, 0x0000000083d00000| Untracked 
|  62|0x0000000083e00000, 0x0000000083e00000, 0x0000000083f00000|  0%| F|  |TAMS 0x0000000083e00000, 0x0000000083e00000| Untracked 
|  63|0x0000000083f00000, 0x0000000083f00000, 0x0000000084000000|  0%| F|  |TAMS 0x0000000083f00000, 0x0000000083f00000| Untracked 
| 178|0x000000008b200000, 0x000000008b200000, 0x000000008b300000|  0%| F|  |TAMS 0x000000008b200000, 0x000000008b200000| Untracked 
| 179|0x000000008b300000, 0x000000008b300000, 0x000000008b400000|  0%| F|  |TAMS 0x000000008b300000, 0x000000008b300000| Untracked 
| 180|0x000000008b400000, 0x000000008b400000, 0x000000008b500000|  0%| F|  |TAMS 0x000000008b400000, 0x000000008b400000| Untracked 
| 181|0x000000008b500000, 0x000000008b500000, 0x000000008b600000|  0%| F|  |TAMS 0x000000008b500000, 0x000000008b500000| Untracked 
| 182|0x000000008b600000, 0x000000008b600000, 0x000000008b700000|  0%| F|  |TAMS 0x000000008b600000, 0x000000008b600000| Untracked 
| 183|0x000000008b700000, 0x000000008b7b85b0, 0x000000008b800000| 72%| S|CS|TAMS 0x000000008b700000, 0x000000008b700000| Complete 
| 184|0x000000008b800000, 0x000000008b800000, 0x000000008b900000|  0%| F|  |TAMS 0x000000008b800000, 0x000000008b800000| Untracked 
| 185|0x000000008b900000, 0x000000008b900000, 0x000000008ba00000|  0%| F|  |TAMS 0x000000008b900000, 0x000000008b900000| Untracked 
| 238|0x000000008ee00000, 0x000000008eef94a0, 0x000000008ef00000| 97%| E|  |TAMS 0x000000008ee00000, 0x000000008ee00000| Complete 
| 239|0x000000008ef00000, 0x000000008f000000, 0x000000008f000000|100%| E|CS|TAMS 0x000000008ef00000, 0x000000008ef00000| Complete 

Card table byte_map: [0x0000029d7a940000,0x0000029d7ad40000] _byte_map_base: 0x0000029d7a540000

Marking Bits (Prev, Next): (CMBitMap*) 0x0000029d67d959f0, (CMBitMap*) 0x0000029d67d95a30
 Prev Bits: [0x0000029d7b140000, 0x0000029d7d140000)
 Next Bits: [0x0000029d7d140000, 0x0000029d7f140000)

Polling page: 0x0000029d67500000

Metaspace:

Usage:
  Non-class:     46.54 MB used.
      Class:      7.28 MB used.
       Both:     53.82 MB used.

Virtual space:
  Non-class space:       48.00 MB reserved,      46.81 MB ( 98%) committed,  6 nodes.
      Class space:        1.00 GB reserved,       7.50 MB ( <1%) committed,  1 nodes.
             Both:        1.05 GB reserved,      54.31 MB (  5%) committed. 

Chunk freelists:
   Non-Class:  1.14 MB
       Class:  338.00 KB
        Both:  1.47 MB

MaxMetaspaceSize: unlimited
CompressedClassSpaceSize: 1.00 GB
Initial GC threshold: 21.00 MB
Current GC threshold: 90.56 MB
CDS: off
MetaspaceReclaimPolicy: balanced
 - commit_granule_bytes: 65536.
 - commit_granule_words: 8192.
 - virtual_space_node_default_size: 1048576.
 - enlarge_chunks_in_place: 1.
 - new_chunks_are_fully_committed: 0.
 - uncommit_free_chunks: 1.
 - use_allocation_guard: 0.
 - handle_deallocations: 1.


Internal statistics:

num_allocs_failed_limit: 6.
num_arena_births: 596.
num_arena_deaths: 0.
num_vsnodes_births: 7.
num_vsnodes_deaths: 0.
num_space_committed: 869.
num_space_uncommitted: 0.
num_chunks_returned_to_freelist: 6.
num_chunks_taken_from_freelist: 2396.
num_chunk_merges: 6.
num_chunk_splits: 1582.
num_chunks_enlarged: 1086.
num_purges: 0.
num_inconsistent_stats: 0.

CodeHeap 'non-profiled nmethods': size=120000Kb used=2625Kb max_used=3423Kb free=117374Kb
 bounds [0x0000029d72cd0000, 0x0000029d73030000, 0x0000029d7a200000]
CodeHeap 'profiled nmethods': size=120000Kb used=8837Kb max_used=10484Kb free=111162Kb
 bounds [0x0000029d6b200000, 0x0000029d6bc40000, 0x0000029d72730000]
CodeHeap 'non-nmethods': size=5760Kb used=2315Kb max_used=2412Kb free=3444Kb
 bounds [0x0000029d72730000, 0x0000029d729a0000, 0x0000029d72cd0000]
 total_blobs=5812 nmethods=4981 adapters=743
 compilation: enabled
              stopped_count=0, restarted_count=0
 full_count=0

Compilation events (20 events):
Event: 16.043 Thread 0x0000029d05dc7140 nmethod 5721 0x0000029d72dbd810 code [0x0000029d72dbd9c0, 0x0000029d72dbdff8]
Event: 16.044 Thread 0x0000029d7fc40fa0 5792       3       org.gradle.internal.instantiation.generator.AsmBackedClassGenerator::getServicesForNext (13 bytes)
Event: 16.044 Thread 0x0000029d7fc40fa0 nmethod 5792 0x0000029d6b31c490 code [0x0000029d6b31c640, 0x0000029d6b31c8c8]
Event: 16.044 Thread 0x0000029d7fc40fa0 5793       3       com.google.common.collect.Sets::newHashSet (8 bytes)
Event: 16.045 Thread 0x0000029d05dc7140 5734 %     4       java.net.URI::quote @ 24 (214 bytes)
Event: 16.045 Thread 0x0000029d7fc40fa0 nmethod 5793 0x0000029d6b43df90 code [0x0000029d6b43e160, 0x0000029d6b43e5f8]
Event: 16.045 Thread 0x0000029d7fc40fa0 5796       3       org.gradle.internal.service.DefaultServiceRegistry$SingletonService::<init> (26 bytes)
Event: 16.046 Thread 0x0000029d7fc40fa0 nmethod 5796 0x0000029d6b37d910 code [0x0000029d6b37db20, 0x0000029d6b37e308]
Event: 16.047 Thread 0x0000029d7fc40fa0 5797       3       org.gradle.internal.service.DefaultServiceRegistry$ManagedObjectServiceProvider::<init> (21 bytes)
Event: 16.053 Thread 0x0000029d7fc40fa0 nmethod 5797 0x0000029d6b51ff10 code [0x0000029d6b520100, 0x0000029d6b5206d8]
Event: 16.053 Thread 0x0000029d7fc40fa0 5794       3       com.google.common.base.CharMatcher$Or::matches (28 bytes)
Event: 16.054 Thread 0x0000029d7fc40fa0 nmethod 5794 0x0000029d6b4aa410 code [0x0000029d6b4aa5c0, 0x0000029d6b4aa8f8]
Event: 16.054 Thread 0x0000029d7fc40fa0 5795       3       org.gradle.internal.service.DefaultServiceRegistry::serviceRequested (42 bytes)
Event: 16.058 Thread 0x0000029d7fc40fa0 nmethod 5795 0x0000029d6b20dc10 code [0x0000029d6b20dfe0, 0x0000029d6b20f8b8]
Event: 16.058 Thread 0x0000029d7fc40fa0 5798       1       com.google.common.collect.ImmutableCollection::internalArray (2 bytes)
Event: 16.059 Thread 0x0000029d7fc40fa0 nmethod 5798 0x0000029d72e63a10 code [0x0000029d72e63ba0, 0x0000029d72e63c78]
Event: 16.078 Thread 0x0000029d7fc40fa0 5799       3       java.io.RandomAccessFile::open (7 bytes)
Event: 16.079 Thread 0x0000029d7fc40fa0 nmethod 5799 0x0000029d6b561c90 code [0x0000029d6b561e20, 0x0000029d6b561f68]
Event: 16.107 Thread 0x0000029d7fc40fa0 5803       3       com.google.common.cache.LocalCache::customWeigher (16 bytes)
Event: 16.108 Thread 0x0000029d7fc40fa0 nmethod 5803 0x0000029d6b564890 code [0x0000029d6b564a20, 0x0000029d6b564b98]

GC Heap History (20 events):
Event: 9.679 GC heap before
{Heap before GC invocations=6 (full 0):
 garbage-first heap   total 71680K, used 51884K [0x0000000080000000, 0x0000000100000000)
  region size 1024K, 33 young (33792K), 4 survivors (4096K)
 Metaspace       used 33714K, committed 34048K, reserved 1081344K
  class space    used 4623K, committed 4736K, reserved 1048576K
}
Event: 9.685 GC heap after
{Heap after GC invocations=7 (full 0):
 garbage-first heap   total 71680K, used 23446K [0x0000000080000000, 0x0000000100000000)
  region size 1024K, 3 young (3072K), 3 survivors (3072K)
 Metaspace       used 33714K, committed 34048K, reserved 1081344K
  class space    used 4623K, committed 4736K, reserved 1048576K
}
Event: 10.180 GC heap before
{Heap before GC invocations=7 (full 0):
 garbage-first heap   total 71680K, used 35734K [0x0000000080000000, 0x0000000100000000)
  region size 1024K, 16 young (16384K), 3 survivors (3072K)
 Metaspace       used 35865K, committed 36096K, reserved 1081344K
  class space    used 4952K, committed 5056K, reserved 1048576K
}
Event: 10.186 GC heap after
{Heap after GC invocations=8 (full 0):
 garbage-first heap   total 71680K, used 24178K [0x0000000080000000, 0x0000000100000000)
  region size 1024K, 2 young (2048K), 2 survivors (2048K)
 Metaspace       used 35865K, committed 36096K, reserved 1081344K
  class space    used 4952K, committed 5056K, reserved 1048576K
}
Event: 11.468 GC heap before
{Heap before GC invocations=9 (full 0):
 garbage-first heap   total 71680K, used 54898K [0x0000000080000000, 0x0000000100000000)
  region size 1024K, 33 young (33792K), 2 survivors (2048K)
 Metaspace       used 42044K, committed 42432K, reserved 1089536K
  class space    used 5603K, committed 5760K, reserved 1048576K
}
Event: 11.475 GC heap after
{Heap after GC invocations=10 (full 0):
 garbage-first heap   total 71680K, used 27966K [0x0000000080000000, 0x0000000100000000)
  region size 1024K, 5 young (5120K), 5 survivors (5120K)
 Metaspace       used 42044K, committed 42432K, reserved 1089536K
  class space    used 5603K, committed 5760K, reserved 1048576K
}
Event: 12.149 GC heap before
{Heap before GC invocations=10 (full 0):
 garbage-first heap   total 71680K, used 58686K [0x0000000080000000, 0x0000000100000000)
  region size 1024K, 31 young (31744K), 5 survivors (5120K)
 Metaspace       used 44359K, committed 44736K, reserved 1089536K
  class space    used 5838K, committed 6016K, reserved 1048576K
}
Event: 12.156 GC heap after
{Heap after GC invocations=11 (full 0):
 garbage-first heap   total 71680K, used 30259K [0x0000000080000000, 0x0000000100000000)
  region size 1024K, 3 young (3072K), 3 survivors (3072K)
 Metaspace       used 44359K, committed 44736K, reserved 1089536K
  class space    used 5838K, committed 6016K, reserved 1048576K
}
Event: 12.674 GC heap before
{Heap before GC invocations=11 (full 0):
 garbage-first heap   total 71680K, used 55859K [0x0000000080000000, 0x0000000100000000)
  region size 1024K, 27 young (27648K), 3 survivors (3072K)
 Metaspace       used 46274K, committed 46720K, reserved 1089536K
  class space    used 6042K, committed 6208K, reserved 1048576K
}
Event: 12.679 GC heap after
{Heap after GC invocations=12 (full 0):
 garbage-first heap   total 71680K, used 31601K [0x0000000080000000, 0x0000000100000000)
  region size 1024K, 2 young (2048K), 2 survivors (2048K)
 Metaspace       used 46274K, committed 46720K, reserved 1089536K
  class space    used 6042K, committed 6208K, reserved 1048576K
}
Event: 13.527 GC heap before
{Heap before GC invocations=12 (full 0):
 garbage-first heap   total 71680K, used 56177K [0x0000000080000000, 0x0000000100000000)
  region size 1024K, 26 young (26624K), 2 survivors (2048K)
 Metaspace       used 49030K, committed 49472K, reserved 1097728K
  class space    used 6507K, committed 6720K, reserved 1048576K
}
Event: 13.530 GC heap after
{Heap after GC invocations=13 (full 0):
 garbage-first heap   total 71680K, used 32593K [0x0000000080000000, 0x0000000100000000)
  region size 1024K, 3 young (3072K), 3 survivors (3072K)
 Metaspace       used 49030K, committed 49472K, reserved 1097728K
  class space    used 6507K, committed 6720K, reserved 1048576K
}
Event: 14.394 GC heap before
{Heap before GC invocations=13 (full 0):
 garbage-first heap   total 71680K, used 56145K [0x0000000080000000, 0x0000000100000000)
  region size 1024K, 27 young (27648K), 3 survivors (3072K)
 Metaspace       used 51972K, committed 52480K, reserved 1097728K
  class space    used 7011K, committed 7232K, reserved 1048576K
}
Event: 14.397 GC heap after
{Heap after GC invocations=14 (full 0):
 garbage-first heap   total 71680K, used 33776K [0x0000000080000000, 0x0000000100000000)
  region size 1024K, 3 young (3072K), 3 survivors (3072K)
 Metaspace       used 51972K, committed 52480K, reserved 1097728K
  class space    used 7011K, committed 7232K, reserved 1048576K
}
Event: 15.206 GC heap before
{Heap before GC invocations=14 (full 0):
 garbage-first heap   total 71680K, used 57328K [0x0000000080000000, 0x0000000100000000)
  region size 1024K, 26 young (26624K), 3 survivors (3072K)
 Metaspace       used 54411K, committed 54976K, reserved 1097728K
  class space    used 7375K, committed 7616K, reserved 1048576K
}
Event: 15.211 GC heap after
{Heap after GC invocations=15 (full 0):
 garbage-first heap   total 71680K, used 35281K [0x0000000080000000, 0x0000000100000000)
  region size 1024K, 3 young (3072K), 3 survivors (3072K)
 Metaspace       used 54411K, committed 54976K, reserved 1097728K
  class space    used 7375K, committed 7616K, reserved 1048576K
}
Event: 15.948 GC heap before
{Heap before GC invocations=16 (full 0):
 garbage-first heap   total 71680K, used 56785K [0x0000000080000000, 0x0000000100000000)
  region size 1024K, 25 young (25600K), 3 survivors (3072K)
 Metaspace       used 55003K, committed 55552K, reserved 1097728K
  class space    used 7446K, committed 7680K, reserved 1048576K
}
Event: 15.954 GC heap after
{Heap after GC invocations=17 (full 0):
 garbage-first heap   total 71680K, used 37066K [0x0000000080000000, 0x0000000100000000)
  region size 1024K, 4 young (4096K), 4 survivors (4096K)
 Metaspace       used 55003K, committed 55552K, reserved 1097728K
  class space    used 7446K, committed 7680K, reserved 1048576K
}
Event: 16.047 GC heap before
{Heap before GC invocations=17 (full 0):
 garbage-first heap   total 71680K, used 39114K [0x0000000080000000, 0x0000000100000000)
  region size 1024K, 8 young (8192K), 4 survivors (4096K)
 Metaspace       used 55098K, committed 55616K, reserved 1097728K
  class space    used 7455K, committed 7680K, reserved 1048576K
}
Event: 16.052 GC heap after
{Heap after GC invocations=18 (full 0):
 garbage-first heap   total 71680K, used 37733K [0x0000000080000000, 0x0000000100000000)
  region size 1024K, 1 young (1024K), 1 survivors (1024K)
 Metaspace       used 55098K, committed 55616K, reserved 1097728K
  class space    used 7455K, committed 7680K, reserved 1048576K
}

Dll operation events (3 events):
Event: 0.025 Loaded shared library D:\Program Files\Android\Android Studio1\jbr\bin\java.dll
Event: 0.379 Loaded shared library D:\Program Files\Android\Android Studio1\jbr\bin\zip.dll
Event: 1.048 Loaded shared library D:\Program Files\Android\Android Studio1\jbr\bin\verify.dll

Deoptimization events (20 events):
Event: 15.985 Thread 0x0000029d05421540 DEOPT PACKING pc=0x0000029d6baba3d1 sp=0x000000bf626f8c70
Event: 15.985 Thread 0x0000029d05421540 DEOPT UNPACKING pc=0x0000029d72787143 sp=0x000000bf626f8168 mode 0
Event: 15.989 Thread 0x0000029d05421540 DEOPT PACKING pc=0x0000029d6baba3d1 sp=0x000000bf626f92a0
Event: 15.989 Thread 0x0000029d05421540 DEOPT UNPACKING pc=0x0000029d72787143 sp=0x000000bf626f8798 mode 0
Event: 15.990 Thread 0x0000029d05421540 DEOPT PACKING pc=0x0000029d6baba3d1 sp=0x000000bf626f92a0
Event: 15.990 Thread 0x0000029d05421540 DEOPT UNPACKING pc=0x0000029d72787143 sp=0x000000bf626f8798 mode 0
Event: 15.991 Thread 0x0000029d05421540 DEOPT PACKING pc=0x0000029d6baba3d1 sp=0x000000bf626f92a0
Event: 15.991 Thread 0x0000029d05421540 DEOPT UNPACKING pc=0x0000029d72787143 sp=0x000000bf626f8798 mode 0
Event: 15.994 Thread 0x0000029d05421540 DEOPT PACKING pc=0x0000029d6b9f0417 sp=0x000000bf626f8d30
Event: 15.994 Thread 0x0000029d05421540 DEOPT UNPACKING pc=0x0000029d72787143 sp=0x000000bf626f81f8 mode 0
Event: 16.033 Thread 0x0000029d05421540 DEOPT PACKING pc=0x0000029d6b66c8d4 sp=0x000000bf626f7720
Event: 16.033 Thread 0x0000029d05421540 DEOPT UNPACKING pc=0x0000029d72787143 sp=0x000000bf626f6c78 mode 0
Event: 16.044 Thread 0x0000029d05421540 Uncommon trap: trap_request=0xffffffbe fr.pc=0x0000029d72e5d728 relative=0x0000000000000508
Event: 16.044 Thread 0x0000029d05421540 Uncommon trap: reason=profile_predicate action=maybe_recompile pc=0x0000029d72e5d728 method=com.google.common.base.CharMatcher.indexIn(Ljava/lang/CharSequence;I)I @ 19 c2
Event: 16.045 Thread 0x0000029d05421540 DEOPT PACKING pc=0x0000029d72e5d728 sp=0x000000bf626f9b20
Event: 16.045 Thread 0x0000029d05421540 DEOPT UNPACKING pc=0x0000029d727869a3 sp=0x000000bf626f9ab8 mode 2
Event: 16.118 Thread 0x0000029d05421540 Uncommon trap: trap_request=0xffffffde fr.pc=0x0000029d72d04b08 relative=0x0000000000000188
Event: 16.118 Thread 0x0000029d05421540 Uncommon trap: reason=class_check action=maybe_recompile pc=0x0000029d72d04b08 method=java.lang.String.equals(Ljava/lang/Object;)Z @ 8 c2
Event: 16.118 Thread 0x0000029d05421540 DEOPT PACKING pc=0x0000029d72d04b08 sp=0x000000bf626f5560
Event: 16.118 Thread 0x0000029d05421540 DEOPT UNPACKING pc=0x0000029d727869a3 sp=0x000000bf626f54e8 mode 2

Classes unloaded (0 events):
No events

Classes redefined (0 events):
No events

Internal exceptions (20 events):
Event: 13.684 Thread 0x0000029d02b24410 Exception <a 'java/lang/NoSuchMethodError'{0x000000008b51d738}: static Lorg/gradle/internal/build/event/types/DefaultOperationDescriptor;.<clinit>()V> (0x000000008b51d738) 
thrown [s\src\hotspot\share\prims\jni.cpp, line 1108]
Event: 13.688 Thread 0x0000029d02b24410 Exception <a 'java/lang/NoSuchMethodError'{0x000000008b536ef0}: static Lorg/gradle/internal/operations/OperationIdentifier;.<clinit>()V> (0x000000008b536ef0) 
thrown [s\src\hotspot\share\prims\jni.cpp, line 1108]
Event: 13.918 Thread 0x0000029d05421540 Exception <a 'java/lang/NoSuchMethodError'{0x000000008394bcb0}: 'long java.lang.invoke.DirectMethodHandle$Holder.invokeStatic(java.lang.Object, long)'> (0x000000008394bcb0) 
thrown [s\src\hotspot\share\interpreter\linkResolver.cpp, line 771]
Event: 14.685 Thread 0x0000029d05421540 Exception <a 'java/lang/NoSuchMethodError'{0x0000000083a700b0}: 'int java.lang.invoke.DirectMethodHandle$Holder.invokeSpecialIFC(java.lang.Object, java.lang.Object, java.lang.Object)'> (0x0000000083a700b0) 
thrown [s\src\hotspot\share\interpreter\linkResolver.cpp, line 771]
Event: 14.833 Thread 0x0000029d05421540 Exception <a 'java/lang/NoSuchMethodError'{0x00000000837cce78}: 'int java.lang.invoke.DirectMethodHandle$Holder.invokeStatic(java.lang.Object)'> (0x00000000837cce78) 
thrown [s\src\hotspot\share\interpreter\linkResolver.cpp, line 771]
Event: 14.834 Thread 0x0000029d05421540 Exception <a 'java/lang/NoSuchMethodError'{0x00000000837d1510}: 'int java.lang.invoke.DirectMethodHandle$Holder.invokeStaticInit(java.lang.Object)'> (0x00000000837d1510) 
thrown [s\src\hotspot\share\interpreter\linkResolver.cpp, line 771]
Event: 14.861 Thread 0x0000029d05421540 Exception <a 'java/lang/NoSuchMethodError'{0x0000000083663778}: 'java.lang.Object java.lang.invoke.DirectMethodHandle$Holder.newInvokeSpecial(java.lang.Object, java.lang.Object, java.lang.Object, java.lang.Object, java.lang.Object, int)'> (0x0000000083663778) 
thrown [s\src\hotspot\share\interpreter\linkResolver.cpp, line 771]
Event: 14.863 Thread 0x0000029d05421540 Exception <a 'java/lang/NoSuchMethodError'{0x0000000083668dd0}: 'java.lang.Object java.lang.invoke.DirectMethodHandle$Holder.invokeSpecial(java.lang.Object, java.lang.Object, java.lang.Object, java.lang.Object, java.lang.Object, java.lang.Object, int)'> (0x0000000083668dd0) 
thrown [s\src\hotspot\share\interpreter\linkResolver.cpp, line 771]
Event: 14.882 Thread 0x0000029d05421540 Exception <a 'java/lang/NoSuchMethodError'{0x00000000836bb950}: 'java.lang.Object java.lang.invoke.DirectMethodHandle$Holder.invokeSpecial(java.lang.Object, java.lang.Object, java.lang.Object, java.lang.Object, java.lang.Object, long)'> (0x00000000836bb950) 
thrown [s\src\hotspot\share\interpreter\linkResolver.cpp, line 771]
Event: 14.889 Thread 0x0000029d05421540 Exception <a 'java/lang/NoSuchMethodError'{0x00000000836ecf58}: 'void java.lang.invoke.DirectMethodHandle$Holder.invokeStatic(java.lang.Object, java.lang.Object, java.lang.Object, int, java.lang.Object)'> (0x00000000836ecf58) 
thrown [s\src\hotspot\share\interpreter\linkResolver.cpp, line 771]
Event: 15.089 Thread 0x0000029d05421540 Exception <a 'java/lang/NoSuchMethodError'{0x00000000831e4118}: 'java.lang.Object java.lang.invoke.DirectMethodHandle$Holder.newInvokeSpecial(java.lang.Object, java.lang.Object, int)'> (0x00000000831e4118) 
thrown [s\src\hotspot\share\interpreter\linkResolver.cpp, line 771]
Event: 15.938 Thread 0x0000029d05421540 Exception <a 'java/lang/NoSuchMethodError'{0x00000000830c90b0}: 'long java.lang.invoke.DirectMethodHandle$Holder.invokeVirtual(java.lang.Object, java.lang.Object)'> (0x00000000830c90b0) 
thrown [s\src\hotspot\share\interpreter\linkResolver.cpp, line 771]
Event: 15.955 Thread 0x0000029d02b24410 Exception <a 'java/lang/NoSuchMethodError'{0x000000008ef5b798}: static Lorg/gradle/internal/build/event/types/DefaultOperationFinishedProgressEvent;.<clinit>()V> (0x000000008ef5b798) 
thrown [s\src\hotspot\share\prims\jni.cpp, line 1108]
Event: 15.959 Thread 0x0000029d02b24410 Exception <a 'java/lang/NoSuchMethodError'{0x000000008ef86070}: static Lorg/gradle/internal/build/event/types/DefaultProjectConfigurationSuccessResult;.<clinit>()V> (0x000000008ef86070) 
thrown [s\src\hotspot\share\prims\jni.cpp, line 1108]
Event: 15.959 Thread 0x0000029d02b24410 Exception <a 'java/lang/NoSuchMethodError'{0x000000008ef87608}: static Lorg/gradle/internal/build/event/types/AbstractProjectConfigurationResult;.<clinit>()V> (0x000000008ef87608) 
thrown [s\src\hotspot\share\prims\jni.cpp, line 1108]
Event: 15.960 Thread 0x0000029d02b24410 Exception <a 'java/lang/NoSuchMethodError'{0x000000008ef88d50}: static Lorg/gradle/internal/build/event/types/AbstractOperationResult;.<clinit>()V> (0x000000008ef88d50) 
thrown [s\src\hotspot\share\prims\jni.cpp, line 1108]
Event: 15.960 Thread 0x0000029d02b24410 Exception <a 'java/lang/NoSuchMethodError'{0x000000008ef8aed0}: static Lorg/gradle/internal/build/event/types/AbstractResult;.<clinit>()V> (0x000000008ef8aed0) 
thrown [s\src\hotspot\share\prims\jni.cpp, line 1108]
Event: 15.963 Thread 0x0000029d02b24410 Exception <a 'java/lang/NoSuchMethodError'{0x000000008efa3b40}: static Lorg/gradle/internal/build/event/types/DefaultPluginApplicationResult;.<clinit>()V> (0x000000008efa3b40) 
thrown [s\src\hotspot\share\prims\jni.cpp, line 1108]
Event: 15.964 Thread 0x0000029d02b24410 Exception <a 'java/lang/NoSuchMethodError'{0x000000008efb1490}: static Lorg/gradle/internal/build/event/types/DefaultBinaryPluginIdentifier;.<clinit>()V> (0x000000008efb1490) 
thrown [s\src\hotspot\share\prims\jni.cpp, line 1108]
Event: 15.968 Thread 0x0000029d02b24410 Exception <a 'java/lang/NoSuchMethodError'{0x000000008ee04378}: static Lorg/gradle/internal/build/event/types/DefaultScriptPluginIdentifier;.<clinit>()V> (0x000000008ee04378) 
thrown [s\src\hotspot\share\prims\jni.cpp, line 1108]

VM Operations (20 events):
Event: 15.526 Executing VM operation: ICBufferFull
Event: 15.526 Executing VM operation: ICBufferFull done
Event: 15.803 Executing VM operation: HandshakeAllThreads
Event: 15.818 Executing VM operation: HandshakeAllThreads done
Event: 15.833 Executing VM operation: HandshakeAllThreads
Event: 15.833 Executing VM operation: HandshakeAllThreads done
Event: 15.851 Executing VM operation: ICBufferFull
Event: 15.851 Executing VM operation: ICBufferFull done
Event: 15.852 Executing VM operation: HandshakeAllThreads
Event: 15.852 Executing VM operation: HandshakeAllThreads done
Event: 15.941 Executing VM operation: HandshakeAllThreads
Event: 15.941 Executing VM operation: HandshakeAllThreads done
Event: 15.948 Executing VM operation: G1CollectForAllocation
Event: 15.954 Executing VM operation: G1CollectForAllocation done
Event: 16.047 Executing VM operation: G1TryInitiateConcMark
Event: 16.052 Executing VM operation: G1TryInitiateConcMark done
Event: 16.097 Executing VM operation: G1Concurrent
Event: 16.101 Executing VM operation: G1Concurrent done
Event: 16.117 Executing VM operation: G1Concurrent
Event: 16.118 Executing VM operation: G1Concurrent done

Events (20 events):
Event: 15.866 Thread 0x0000029d7fc44180 flushing nmethod 0x0000029d6bae6610
Event: 15.866 Thread 0x0000029d7fc44180 flushing nmethod 0x0000029d6bae6e10
Event: 15.866 Thread 0x0000029d7fc44180 flushing nmethod 0x0000029d6bae8a10
Event: 15.866 Thread 0x0000029d7fc44180 flushing nmethod 0x0000029d6baf0210
Event: 15.866 Thread 0x0000029d7fc44180 flushing nmethod 0x0000029d6bafb810
Event: 15.866 Thread 0x0000029d7fc44180 flushing nmethod 0x0000029d6bb0a190
Event: 15.867 Thread 0x0000029d7fc44180 flushing nmethod 0x0000029d6bb31290
Event: 15.867 Thread 0x0000029d7fc44180 flushing nmethod 0x0000029d6bb80b10
Event: 15.939 loading class java/util/stream/SortedOps
Event: 15.939 loading class java/util/stream/SortedOps done
Event: 15.939 loading class java/util/stream/SortedOps$OfRef
Event: 15.940 loading class java/util/stream/ReferencePipeline$StatefulOp
Event: 15.940 loading class java/util/stream/ReferencePipeline$StatefulOp done
Event: 15.940 loading class java/util/stream/SortedOps$OfRef done
Event: 15.943 loading class java/util/stream/SortedOps$RefSortingSink
Event: 15.944 loading class java/util/stream/SortedOps$AbstractRefSortingSink
Event: 15.944 loading class java/util/stream/SortedOps$AbstractRefSortingSink done
Event: 15.944 loading class java/util/stream/SortedOps$RefSortingSink done
Event: 15.966 loading class java/time/Ser
Event: 15.967 loading class java/time/Ser done


Dynamic libraries:
0x00007ff702c10000 - 0x00007ff702c1a000 	D:\Program Files\Android\Android Studio1\jbr\bin\java.exe
0x00007ffe7a1d0000 - 0x00007ffe7a3e7000 	C:\Windows\SYSTEM32\ntdll.dll
0x00007ffe79540000 - 0x00007ffe79604000 	C:\Windows\System32\KERNEL32.DLL
0x00007ffe77580000 - 0x00007ffe77926000 	C:\Windows\System32\KERNELBASE.dll
0x00007ffe77c00000 - 0x00007ffe77d11000 	C:\Windows\System32\ucrtbase.dll
0x00007ffe5d320000 - 0x00007ffe5d337000 	D:\Program Files\Android\Android Studio1\jbr\bin\jli.dll
0x00007ffe718f0000 - 0x00007ffe7190b000 	D:\Program Files\Android\Android Studio1\jbr\bin\VCRUNTIME140.dll
0x00007ffe783f0000 - 0x00007ffe7859d000 	C:\Windows\System32\USER32.dll
0x00007ffe77550000 - 0x00007ffe77576000 	C:\Windows\System32\win32u.dll
0x00007ffe79ce0000 - 0x00007ffe79d09000 	C:\Windows\System32\GDI32.dll
0x00007ffe77ae0000 - 0x00007ffe77bf8000 	C:\Windows\System32\gdi32full.dll
0x00007ffe77e90000 - 0x00007ffe77f2a000 	C:\Windows\System32\msvcp_win.dll
0x00007ffe76810000 - 0x00007ffe76aa3000 	C:\Windows\WinSxS\amd64_microsoft.windows.common-controls_6595b64144ccf1df_6.0.22621.2361_none_2712ced57382f843\COMCTL32.dll
0x00007ffe78290000 - 0x00007ffe78337000 	C:\Windows\System32\msvcrt.dll
0x00007ffe79ed0000 - 0x00007ffe79f01000 	C:\Windows\System32\IMM32.DLL
0x00007ffe76d10000 - 0x00007ffe76d1c000 	D:\Program Files\Android\Android Studio1\jbr\bin\vcruntime140_1.dll
0x00007ffe60dc0000 - 0x00007ffe60e4d000 	D:\Program Files\Android\Android Studio1\jbr\bin\msvcp140.dll
0x00007ffe0ac40000 - 0x00007ffe0b8ae000 	D:\Program Files\Android\Android Studio1\jbr\bin\server\jvm.dll
0x00007ffe77fc0000 - 0x00007ffe78070000 	C:\Windows\System32\ADVAPI32.dll
0x00007ffe79ab0000 - 0x00007ffe79b56000 	C:\Windows\System32\sechost.dll
0x00007ffe78090000 - 0x00007ffe781a7000 	C:\Windows\System32\RPCRT4.dll
0x00007ffe74240000 - 0x00007ffe74274000 	C:\Windows\SYSTEM32\WINMM.dll
0x00007ffe75d30000 - 0x00007ffe75d3a000 	C:\Windows\SYSTEM32\VERSION.dll
0x00007ffe53050000 - 0x00007ffe53059000 	C:\Windows\SYSTEM32\WSOCK32.dll
0x00007ffe79c50000 - 0x00007ffe79cc1000 	C:\Windows\System32\WS2_32.dll
0x00007ffe755d0000 - 0x00007ffe755e8000 	C:\Windows\SYSTEM32\kernel.appcore.dll
0x00007ffe71890000 - 0x00007ffe7189a000 	D:\Program Files\Android\Android Studio1\jbr\bin\jimage.dll
0x00007ffe76df0000 - 0x00007ffe7701e000 	C:\Windows\SYSTEM32\DBGHELP.DLL
0x00007ffe785a0000 - 0x00007ffe7892a000 	C:\Windows\System32\combase.dll
0x00007ffe781b0000 - 0x00007ffe78287000 	C:\Windows\System32\OLEAUT32.dll
0x00007ffe76ca0000 - 0x00007ffe76cd2000 	C:\Windows\SYSTEM32\dbgcore.DLL
0x00007ffe77a60000 - 0x00007ffe77ada000 	C:\Windows\System32\bcryptPrimitives.dll
0x00007ffe6a720000 - 0x00007ffe6a72e000 	D:\Program Files\Android\Android Studio1\jbr\bin\instrument.dll
0x00007ffe70490000 - 0x00007ffe704b5000 	D:\Program Files\Android\Android Studio1\jbr\bin\java.dll
0x00007ffe63c30000 - 0x00007ffe63c48000 	D:\Program Files\Android\Android Studio1\jbr\bin\zip.dll
0x00007ffe78a30000 - 0x00007ffe79288000 	C:\Windows\System32\SHELL32.dll
0x00007ffe74550000 - 0x00007ffe74e42000 	C:\Windows\SYSTEM32\windows.storage.dll
0x00007ffe74410000 - 0x00007ffe7454e000 	C:\Windows\SYSTEM32\wintypes.dll
0x00007ffe792a0000 - 0x00007ffe79393000 	C:\Windows\System32\SHCORE.dll
0x00007ffe79b60000 - 0x00007ffe79bbe000 	C:\Windows\System32\shlwapi.dll
0x00007ffe77480000 - 0x00007ffe774a6000 	C:\Windows\SYSTEM32\profapi.dll
0x00007ffe62bf0000 - 0x00007ffe62c09000 	D:\Program Files\Android\Android Studio1\jbr\bin\net.dll
0x00007ffe6e440000 - 0x00007ffe6e577000 	C:\Windows\SYSTEM32\WINHTTP.dll
0x00007ffe75a10000 - 0x00007ffe75a79000 	C:\Windows\system32\mswsock.dll
0x00007ffe62ac0000 - 0x00007ffe62ad6000 	D:\Program Files\Android\Android Studio1\jbr\bin\nio.dll
0x00007ffe71880000 - 0x00007ffe71890000 	D:\Program Files\Android\Android Studio1\jbr\bin\verify.dll
0x00007ffe71940000 - 0x00007ffe71967000 	C:\Users\RoGad\.gradle\native\c067742578af261105cb4f569cf0c3c89f3d7b1fecec35dd04571415982c5e48\windows-amd64\native-platform.dll
0x00007ffe45330000 - 0x00007ffe45474000 	C:\Users\RoGad\.gradle\native\38dada09dfb8b06ba9b0570ebf7e218e3eb74d4ef43ca46872605cf95ebc2f47\windows-amd64\native-platform-file-events.dll
0x00007ffe702e0000 - 0x00007ffe702e9000 	D:\Program Files\Android\Android Studio1\jbr\bin\management.dll
0x00007ffe6d9a0000 - 0x00007ffe6d9ab000 	D:\Program Files\Android\Android Studio1\jbr\bin\management_ext.dll
0x00007ffe78080000 - 0x00007ffe78088000 	C:\Windows\System32\PSAPI.DLL
0x00007ffe77100000 - 0x00007ffe7711b000 	C:\Windows\SYSTEM32\CRYPTSP.dll
0x00007ffe75590000 - 0x00007ffe755c5000 	C:\Windows\system32\rsaenh.dll
0x00007ffe75ab0000 - 0x00007ffe75adc000 	C:\Windows\SYSTEM32\USERENV.dll
0x00007ffe76ce0000 - 0x00007ffe76d08000 	C:\Windows\SYSTEM32\bcrypt.dll
0x00007ffe75d10000 - 0x00007ffe75d1c000 	C:\Windows\SYSTEM32\CRYPTBASE.dll
0x00007ffe750b0000 - 0x00007ffe750dd000 	C:\Windows\SYSTEM32\IPHLPAPI.DLL
0x00007ffe79290000 - 0x00007ffe79299000 	C:\Windows\System32\NSI.dll
0x00007ffe6da40000 - 0x00007ffe6da59000 	C:\Windows\SYSTEM32\dhcpcsvc6.DLL
0x00007ffe6d9d0000 - 0x00007ffe6d9ef000 	C:\Windows\SYSTEM32\dhcpcsvc.DLL
0x00007ffe750e0000 - 0x00007ffe751d9000 	C:\Windows\SYSTEM32\DNSAPI.dll
0x00007ffe1d350000 - 0x00007ffe1d358000 	C:\Windows\system32\wshunix.dll

dbghelp: loaded successfully - version: 4.0.5 - missing functions: none
symbol engine: initialized successfully - sym options: 0x614 - pdb path: .;D:\Program Files\Android\Android Studio1\jbr\bin;C:\Windows\SYSTEM32;C:\Windows\WinSxS\amd64_microsoft.windows.common-controls_6595b64144ccf1df_6.0.22621.2361_none_2712ced57382f843;D:\Program Files\Android\Android Studio1\jbr\bin\server;C:\Users\RoGad\.gradle\native\c067742578af261105cb4f569cf0c3c89f3d7b1fecec35dd04571415982c5e48\windows-amd64;C:\Users\RoGad\.gradle\native\38dada09dfb8b06ba9b0570ebf7e218e3eb74d4ef43ca46872605cf95ebc2f47\windows-amd64

VM Arguments:
jvm_args: --add-opens=java.base/java.util=ALL-UNNAMED --add-opens=java.base/java.lang=ALL-UNNAMED --add-opens=java.base/java.lang.invoke=ALL-UNNAMED --add-opens=java.prefs/java.util.prefs=ALL-UNNAMED --add-opens=java.base/java.nio.charset=ALL-UNNAMED --add-opens=java.base/java.net=ALL-UNNAMED --add-opens=java.base/java.util.concurrent.atomic=ALL-UNNAMED -Xmx2048m -Dfile.encoding=UTF-8 -Duser.country=RU -Duser.language=ru -Duser.variant -javaagent:C:\Users\RoGad\OneDrive\Рабочий стол\gradle-8.4\lib\agents\gradle-instrumentation-agent-8.4.jar 
java_command: org.gradle.launcher.daemon.bootstrap.GradleDaemon 8.4
java_class_path (initial): C:\Users\RoGad\OneDrive\Рабочий стол\gradle-8.4\lib\gradle-launcher-8.4.jar
Launcher Type: SUN_STANDARD

[Global flags]
     intx CICompilerCount                          = 4                                         {product} {ergonomic}
     uint ConcGCThreads                            = 2                                         {product} {ergonomic}
     uint G1ConcRefinementThreads                  = 8                                         {product} {ergonomic}
   size_t G1HeapRegionSize                         = 1048576                                   {product} {ergonomic}
    uintx GCDrainStackTargetSize                   = 64                                        {product} {ergonomic}
   size_t InitialHeapSize                          = 251658240                                 {product} {ergonomic}
   size_t MarkStackSize                            = 4194304                                   {product} {ergonomic}
   size_t MaxHeapSize                              = 2147483648                                {product} {command line}
   size_t MaxNewSize                               = 1287651328                                {product} {ergonomic}
   size_t MinHeapDeltaBytes                        = 1048576                                   {product} {ergonomic}
   size_t MinHeapSize                              = 8388608                                   {product} {ergonomic}
    uintx NonNMethodCodeHeapSize                   = 5839372                                {pd product} {ergonomic}
    uintx NonProfiledCodeHeapSize                  = 122909434                              {pd product} {ergonomic}
    uintx ProfiledCodeHeapSize                     = 122909434                              {pd product} {ergonomic}
    uintx ReservedCodeCacheSize                    = 251658240                              {pd product} {ergonomic}
     bool SegmentedCodeCache                       = true                                      {product} {ergonomic}
   size_t SoftMaxHeapSize                          = 2147483648                             {manageable} {ergonomic}
     bool UseCompressedClassPointers               = true                           {product lp64_product} {ergonomic}
     bool UseCompressedOops                        = true                           {product lp64_product} {ergonomic}
     bool UseG1GC                                  = true                                      {product} {ergonomic}
     bool UseLargePagesIndividualAllocation        = false                                  {pd product} {ergonomic}

Logging:
Log output configuration:
 #0: stdout all=warning uptime,level,tags
 #1: stderr all=off uptime,level,tags

Environment Variables:
PATH=C:\Program Files (x86)\Common Files\Oracle\Java\javapath;C:\WINDOWS\system32;C:\WINDOWS;C:\WINDOWS\System32\Wbem;C:\WINDOWS\System32\WindowsPowerShell\v1.0\;C:\WINDOWS\System32\OpenSSH\;C:\Program Files\Microsoft SQL Server\150\Tools\Binn\;C:\Windows\system32;C:\Windows;C:\Windows\System32\Wbem;C:\Windows\System32\WindowsPowerShell\v1.0\;C:\Windows\System32\OpenSSH\;C:\Program Files\Git\cmd;C:\Program Files\dotnet\;C:\ProgramData\chocolatey\bin;C:\MinGW\bin;C:\Users\RoGad\AppData\Local\Microsoft\WindowsApps;C:\Users\RoGad\.dotnet\tools;C:\tools\dart-sdk\bin;C:\Users\RoGad\AppData\Local\Pub\Cache\bin;C:\Users\RoGad\AppData\Local\Programs\Microsoft VS Code\bin;C:\flutter\bin;
USERNAME=RoGad
OS=Windows_NT
PROCESSOR_IDENTIFIER=AMD64 Family 23 Model 24 Stepping 1, AuthenticAMD
TMP=C:\Users\RoGad\AppData\Local\Temp
TEMP=C:\Users\RoGad\AppData\Local\Temp


JNI global refs:
JNI global refs: 27, weak refs: 0

JNI global refs memory usage: 843, weak refs: 841


---------------  S Y S T E M  ---------------

OS:
 Windows 11 , 64 bit Build 22621 (10.0.22621.2428)
OS uptime: 0 days 0:39 hours
Hyper-V role detected

CPU: total 8 (initial active 8) (8 cores per cpu, 2 threads per core) family 23 model 24 stepping 1 microcode 0x0, cx8, cmov, fxsr, ht, mmx, 3dnowpref, sse, sse2, sse3, ssse3, sse4a, sse4.1, sse4.2, popcnt, lzcnt, tsc, tscinvbit, avx, avx2, aes, clmul, bmi1, bmi2, adx, sha, fma, vzeroupper, clflush, clflushopt, hv

Memory: 4k page, system-wide physical 15295M (6762M free)
TotalPageFile size 17599M (AvailPageFile size 7150M)
current process WorkingSet (physical memory assigned to process): 254M, peak: 258M
current process commit charge ("private bytes"): 291M, peak: 378M

vm_info: OpenJDK 64-Bit Server VM (17.0.6+0-b2043.56-10027231) for windows-amd64 JRE (17.0.6+0-b2043.56-10027231), built on Apr 28 2023 00:43:19 by "androidbuild" with MS VC++ 16.10 / 16.11 (VS2019)

END.
