#
# A fatal error has been detected by the Java Runtime Environment:
#
#  EXCEPTION_ACCESS_VIOLATION (0xc0000005) at pc=0x00007ffb3ed6f719, pid=4772, tid=11812
#
# JRE version: OpenJDK Runtime Environment (17.0.6) (build 17.0.6+0-b2043.56-10027231)
# Java VM: OpenJDK 64-Bit Server VM (17.0.6+0-b2043.56-10027231, mixed mode, tiered, compressed oops, compressed class ptrs, g1 gc, windows-amd64)
# Problematic frame:
# V  [jvm.dll+0x1ff719]
#
# No core dump will be written. Minidumps are not enabled by default on client versions of Windows
#
# If you would like to submit a bug report, please visit:
#   https://bugreport.java.com/bugreport/crash.jsp
#

---------------  S U M M A R Y ------------

Command Line: --add-opens=java.base/java.util=ALL-UNNAMED --add-opens=java.base/java.lang=ALL-UNNAMED --add-opens=java.base/java.lang.invoke=ALL-UNNAMED --add-opens=java.prefs/java.util.prefs=ALL-UNNAMED --add-opens=java.base/java.nio.charset=ALL-UNNAMED --add-opens=java.base/java.net=ALL-UNNAMED --add-opens=java.base/java.util.concurrent.atomic=ALL-UNNAMED -Xmx2048m -Dfile.encoding=UTF-8 -Duser.country=RU -Duser.language=ru -Duser.variant -javaagent:C:\Users\RoGad\OneDrive\Рабочий стол\gradle-8.4\lib\agents\gradle-instrumentation-agent-8.4.jar org.gradle.launcher.daemon.bootstrap.GradleDaemon 8.4

Host: AMD Ryzen 5 3500U with Radeon Vega Mobile Gfx  , 8 cores, 14G,  Windows 11 , 64 bit Build 22621 (10.0.22621.2428)
Time: Thu Nov  2 20:13:46 2023  Windows 11 , 64 bit Build 22621 (10.0.22621.2428) elapsed time: 5.755712 seconds (0d 0h 0m 5s)

---------------  T H R E A D  ---------------

Current thread (0x00000247ab47d950):  JavaThread "C2 CompilerThread0" daemon [_thread_in_native, id=11812, stack(0x000000f422f00000,0x000000f423000000)]


Current CompileTask:
C2:   5755 2144       4       jdk.internal.org.objectweb.asm.Frame::execute (2305 bytes)

Stack: [0x000000f422f00000,0x000000f423000000],  sp=0x000000f422ffbe60,  free space=1007k
Native frames: (J=compiled Java code, j=interpreted, Vv=VM code, C=native code)
V  [jvm.dll+0x1ff719]
V  [jvm.dll+0x1bcca5]
V  [jvm.dll+0x21c359]
V  [jvm.dll+0x21b621]
V  [jvm.dll+0x1a4fdd]
V  [jvm.dll+0x22b098]
V  [jvm.dll+0x229159]
V  [jvm.dll+0x7f81ec]
V  [jvm.dll+0x7f274a]
V  [jvm.dll+0x682ad5]
C  [ucrtbase.dll+0x29363]
C  [KERNEL32.DLL+0x1257d]
C  [ntdll.dll+0x5aa78]


siginfo: EXCEPTION_ACCESS_VIOLATION (0xc0000005), reading address 0x00000247b8b89680


Register to memory mapping:

RIP=0x00007ffb3ed6f719 jvm.dll
RAX=0x00000247afacc110 points into unknown readable memory: 0x00000247b8b89680 | 80 96 b8 b8 47 02 00 00
RBX=0x00000247afacc100 points into unknown readable memory: 0x0000000b00000016 | 16 00 00 00 0b 00 00 00
RCX=0x00000247b8b89680 is an unknown value
RDX=0x000000f422ffc370 is pointing into the stack for thread: 0x00000247ab47d950
RSP=0x000000f422ffbe60 is pointing into the stack for thread: 0x00000247ab47d950
RBP=0x0 is NULL
RSI=0x000000000000000c is an unknown value
RDI=0x0000000000000557 is an unknown value
R8 =0x000000f422ffc370 is pointing into the stack for thread: 0x00000247ab47d950
R9 =0x0 is NULL
R10=0x00007ffb3f7011c8 jvm.dll
R11=0x000000f422ffc450 is pointing into the stack for thread: 0x00000247ab47d950
R12=0x000000f422ffc010 is pointing into the stack for thread: 0x00000247ab47d950
R13=0x000000000000000c is an unknown value
R14=0x0000000000100000 is an unknown value
R15=0x000000000000000c is an unknown value


Registers:
RAX=0x00000247afacc110, RBX=0x00000247afacc100, RCX=0x00000247b8b89680, RDX=0x000000f422ffc370
RSP=0x000000f422ffbe60, RBP=0x0000000000000000, RSI=0x000000000000000c, RDI=0x0000000000000557
R8 =0x000000f422ffc370, R9 =0x0000000000000000, R10=0x00007ffb3f7011c8, R11=0x000000f422ffc450
R12=0x000000f422ffc010, R13=0x000000000000000c, R14=0x0000000000100000, R15=0x000000000000000c
RIP=0x00007ffb3ed6f719, EFLAGS=0x0000000000010206

Top of Stack: (sp=0x000000f422ffbe60)
0x000000f422ffbe60:   000000f422ffc370 00000247ab575818
0x000000f422ffbe70:   0000000000000000 0000000000000001
0x000000f422ffbe80:   000000f422ffc010 0000000000000008
0x000000f422ffbe90:   00000247ac8b1978 00007ffb3ed6e9d7
0x000000f422ffbea0:   0000024700000e38 00000247ac8af9e8
0x000000f422ffbeb0:   00000000000003d8 000000000000000e
0x000000f422ffbec0:   00000247ab575440 00000247aa823030
0x000000f422ffbed0:   00000247ab575430 00000247ab575440
0x000000f422ffbee0:   00000247aa823030 00000000000003d8
0x000000f422ffbef0:   00000247ab575818 000000f422ffc450
0x000000f422ffbf00:   000000f422ffc010 00007ffb3ed2cca5
0x000000f422ffbf10:   000000f422ffc010 000000f422ffc370
0x000000f422ffbf20:   0000024700000014 0000000000000000
0x000000f422ffbf30:   0000000000000000 000000f422ffbff0
0x000000f422ffbf40:   0000000000000006 00000247ab575430
0x000000f422ffbf50:   00000247ae501a00 00000247ae508cd0 

Instructions: (pc=0x00007ffb3ed6f719)
0x00007ffb3ed6f619:   4c 8b e9 48 8b 49 18 48 81 c1 e0 00 00 00 e8 54
0x00007ffb3ed6f629:   f2 fb ff 49 8b 55 18 41 bc 01 00 00 00 44 89 a4
0x00007ffb3ed6f639:   24 c0 00 00 00 44 39 a2 e0 00 00 00 0f 86 85 01
0x00007ffb3ed6f649:   00 00 4c 8b ca 4c 8d 15 73 1b 99 00 66 66 66 0f
0x00007ffb3ed6f659:   1f 84 00 00 00 00 00 49 8b 81 f0 00 00 00 49 63
0x00007ffb3ed6f669:   cc 8b 34 88 41 3b f4 75 09 49 8b 55 18 4d 8b c1
0x00007ffb3ed6f679:   eb 1f 41 8b d4 49 8d 89 e0 00 00 00 e8 f6 f9 fb
0x00007ffb3ed6f689:   ff 49 8b 55 18 4c 8d 15 33 1b 99 00 4c 8b c2 8b
0x00007ffb3ed6f699:   f0 4d 8b c8 44 3b e6 0f 84 12 01 00 00 49 8b 40
0x00007ffb3ed6f6a9:   48 33 ff 39 78 40 0f 86 03 01 00 00 41 8b ec 41
0x00007ffb3ed6f6b9:   be 01 00 00 00 48 c1 ed 06 41 8b cc 83 e5 03 45
0x00007ffb3ed6f6c9:   8b cc 83 e1 3f 4c 8b a4 24 b0 00 00 00 49 c1 e9
0x00007ffb3ed6f6d9:   08 44 8b ee 41 83 e5 3f 44 8b fe 49 d3 e6 4c 89
0x00007ffb3ed6f6e9:   8c 24 c8 00 00 00 90 49 8b 40 48 48 8b 40 30 48
0x00007ffb3ed6f6f9:   8b 0c f8 8b 41 4c ff c8 48 8d 1c 80 49 8b 40 68
0x00007ffb3ed6f709:   48 c1 e3 05 48 03 58 10 48 8b 43 08 4a 8b 0c c8
0x00007ffb3ed6f719:   48 8b 14 e9 49 85 d6 74 6c 49 8b c6 48 f7 d0 48
0x00007ffb3ed6f729:   23 c2 48 89 04 e9 ff 0b 85 f6 74 59 48 8b 43 08
0x00007ffb3ed6f739:   49 8b cf 48 c1 e9 08 48 8b 04 c8 49 3b c2 75 11
0x00007ffb3ed6f749:   8b d6 48 8b cb e8 ad e1 16 00 4c 8d 15 6e 1a 99
0x00007ffb3ed6f759:   00 49 8b cd 4d 8b c7 49 c1 e8 06 41 b9 01 00 00
0x00007ffb3ed6f769:   00 49 d3 e1 41 83 e0 03 4a 8b 14 c0 48 8b ca 49
0x00007ffb3ed6f779:   0b c9 49 85 d1 4a 89 0c c0 4c 8b 8c 24 c8 00 00
0x00007ffb3ed6f789:   00 75 02 ff 03 49 8b 54 24 18 ff c7 4c 8b c2 48
0x00007ffb3ed6f799:   8b 42 48 3b 78 40 0f 82 4b ff ff ff 44 8b a4 24
0x00007ffb3ed6f7a9:   c0 00 00 00 4c 8b ca 4c 8b ac 24 b0 00 00 00 41
0x00007ffb3ed6f7b9:   ff c4 44 89 a4 24 c0 00 00 00 45 3b a1 e0 00 00
0x00007ffb3ed6f7c9:   00 0f 82 90 fe ff ff 49 8b 45 10 45 33 c0 44 89
0x00007ffb3ed6f7d9:   44 24 30 8b 88 40 02 00 00 41 89 4d 20 48 8b 42
0x00007ffb3ed6f7e9:   48 44 39 40 40 0f 86 ce 0f 00 00 0f 29 74 24 60
0x00007ffb3ed6f7f9:   f2 0f 10 35 57 74 74 00 0f 1f 40 00 66 66 66 0f
0x00007ffb3ed6f809:   1f 84 00 00 00 00 00 49 8b 5d 10 8b 83 40 02 00 


Stack slot to memory mapping:
stack at sp + 0 slots: 0x000000f422ffc370 is pointing into the stack for thread: 0x00000247ab47d950
stack at sp + 1 slots: 0x00000247ab575818 points into unknown readable memory: 0x880006008e3e0fcb | cb 0f 3e 8e 00 06 00 88
stack at sp + 2 slots: 0x0 is NULL
stack at sp + 3 slots: 0x0000000000000001 is an unknown value
stack at sp + 4 slots: 0x000000f422ffc010 is pointing into the stack for thread: 0x00000247ab47d950
stack at sp + 5 slots: 0x0000000000000008 is an unknown value
stack at sp + 6 slots: 0x00000247ac8b1978 points into unknown readable memory: 0x00007ffb3f49a580 | 80 a5 49 3f fb 7f 00 00
stack at sp + 7 slots: 0x00007ffb3ed6e9d7 jvm.dll


---------------  P R O C E S S  ---------------

Threads class SMR info:
_java_thread_list=0x00000247aef1e970, length=25, elements={
0x000002478eb9f830, 0x00000247ab423530, 0x00000247ab4242b0, 0x00000247ab478c40,
0x00000247ab479700, 0x00000247ab47a2b0, 0x00000247ab47cc70, 0x00000247ab47d950,
0x00000247ab47e3f0, 0x00000247ab492010, 0x00000247aa95c760, 0x00000247ab6b7230,
0x00000247ae096920, 0x00000247adb01880, 0x00000247adb00a10, 0x00000247adb00ee0,
0x00000247adb043d0, 0x00000247adb013b0, 0x00000247adb01d50, 0x00000247adb02220,
0x00000247adb026f0, 0x00000247adb02bc0, 0x00000247addd99b0, 0x00000247adb03a30,
0x00000247adb03560
}

Java Threads: ( => current thread )
  0x000002478eb9f830 JavaThread "main" [_thread_blocked, id=16932, stack(0x000000f422200000,0x000000f422300000)]
  0x00000247ab423530 JavaThread "Reference Handler" daemon [_thread_blocked, id=15572, stack(0x000000f422900000,0x000000f422a00000)]
  0x00000247ab4242b0 JavaThread "Finalizer" daemon [_thread_blocked, id=9728, stack(0x000000f422a00000,0x000000f422b00000)]
  0x00000247ab478c40 JavaThread "Signal Dispatcher" daemon [_thread_blocked, id=10668, stack(0x000000f422b00000,0x000000f422c00000)]
  0x00000247ab479700 JavaThread "Attach Listener" daemon [_thread_blocked, id=8032, stack(0x000000f422c00000,0x000000f422d00000)]
  0x00000247ab47a2b0 JavaThread "Service Thread" daemon [_thread_blocked, id=4396, stack(0x000000f422d00000,0x000000f422e00000)]
  0x00000247ab47cc70 JavaThread "Monitor Deflation Thread" daemon [_thread_blocked, id=15116, stack(0x000000f422e00000,0x000000f422f00000)]
=>0x00000247ab47d950 JavaThread "C2 CompilerThread0" daemon [_thread_in_native, id=11812, stack(0x000000f422f00000,0x000000f423000000)]
  0x00000247ab47e3f0 JavaThread "C1 CompilerThread0" daemon [_thread_blocked, id=1980, stack(0x000000f423000000,0x000000f423100000)]
  0x00000247ab492010 JavaThread "Sweeper thread" daemon [_thread_blocked, id=17244, stack(0x000000f423100000,0x000000f423200000)]
  0x00000247aa95c760 JavaThread "Common-Cleaner" daemon [_thread_blocked, id=15648, stack(0x000000f423200000,0x000000f423300000)]
  0x00000247ab6b7230 JavaThread "Notification Thread" daemon [_thread_blocked, id=3328, stack(0x000000f423300000,0x000000f423400000)]
  0x00000247ae096920 JavaThread "Daemon health stats" [_thread_blocked, id=16036, stack(0x000000f423b00000,0x000000f423c00000)]
  0x00000247adb01880 JavaThread "Incoming local TCP Connector on port 60923" [_thread_in_native, id=3588, stack(0x000000f423500000,0x000000f423600000)]
  0x00000247adb00a10 JavaThread "Daemon periodic checks" [_thread_blocked, id=17180, stack(0x000000f423600000,0x000000f423700000)]
  0x00000247adb00ee0 JavaThread "Daemon" [_thread_blocked, id=17236, stack(0x000000f423d00000,0x000000f423e00000)]
  0x00000247adb043d0 JavaThread "Handler for socket connection from /127.0.0.1:60923 to /127.0.0.1:60924" [_thread_in_native, id=15096, stack(0x000000f423e00000,0x000000f423f00000)]
  0x00000247adb013b0 JavaThread "Cancel handler" [_thread_blocked, id=15020, stack(0x000000f423f00000,0x000000f424000000)]
  0x00000247adb01d50 JavaThread "Daemon worker" [_thread_in_vm, id=17360, stack(0x000000f424000000,0x000000f424100000)]
  0x00000247adb02220 JavaThread "Asynchronous log dispatcher for DefaultDaemonConnection: socket connection from /127.0.0.1:60923 to /127.0.0.1:60924" [_thread_blocked, id=1744, stack(0x000000f424100000,0x000000f424200000)]
  0x00000247adb026f0 JavaThread "Stdin handler" [_thread_blocked, id=6436, stack(0x000000f424200000,0x000000f424300000)]
  0x00000247adb02bc0 JavaThread "Daemon client event forwarder" [_thread_blocked, id=15984, stack(0x000000f424300000,0x000000f424400000)]
  0x00000247addd99b0 JavaThread "C2 CompilerThread1" daemon [_thread_in_native, id=1892, stack(0x000000f424700000,0x000000f424800000)]
  0x00000247adb03a30 JavaThread "Cache worker for journal cache (C:\Users\RoGad\.gradle\caches\journal-1)" [_thread_blocked, id=9408, stack(0x000000f424800000,0x000000f424900000)]
  0x00000247adb03560 JavaThread "File lock request listener" [_thread_in_native, id=6368, stack(0x000000f424900000,0x000000f424a00000)]

Other Threads:
  0x00000247ab423010 VMThread "VM Thread" [stack: 0x000000f422800000,0x000000f422900000] [id=17084]
  0x000002478ec1b620 WatcherThread [stack: 0x000000f423400000,0x000000f423500000] [id=2636]
  0x000002478eb2e810 GCTaskThread "GC Thread#0" [stack: 0x000000f422300000,0x000000f422400000] [id=10204]
  0x00000247abcb95a0 GCTaskThread "GC Thread#1" [stack: 0x000000f423700000,0x000000f423800000] [id=14116]
  0x00000247ac739d30 GCTaskThread "GC Thread#2" [stack: 0x000000f423800000,0x000000f423900000] [id=13564]
  0x00000247ac739fe0 GCTaskThread "GC Thread#3" [stack: 0x000000f423900000,0x000000f423a00000] [id=12136]
  0x00000247acab1680 GCTaskThread "GC Thread#4" [stack: 0x000000f423a00000,0x000000f423b00000] [id=13240]
  0x00000247acae6100 GCTaskThread "GC Thread#5" [stack: 0x000000f423c00000,0x000000f423d00000] [id=2840]
  0x00000247aefc1f10 GCTaskThread "GC Thread#6" [stack: 0x000000f424400000,0x000000f424500000] [id=11564]
  0x00000247abd8a8b0 GCTaskThread "GC Thread#7" [stack: 0x000000f424500000,0x000000f424600000] [id=9612]
  0x000002478ec075f0 ConcurrentGCThread "G1 Main Marker" [stack: 0x000000f422400000,0x000000f422500000] [id=14004]
  0x000002478ec07f10 ConcurrentGCThread "G1 Conc#0" [stack: 0x000000f422500000,0x000000f422600000] [id=14316]
  0x00000247aeda3c40 ConcurrentGCThread "G1 Conc#1" [stack: 0x000000f424600000,0x000000f424700000] [id=2816]
  0x00000247aa824570 ConcurrentGCThread "G1 Refine#0" [stack: 0x000000f422600000,0x000000f422700000] [id=16620]
  0x00000247aa824da0 ConcurrentGCThread "G1 Service" [stack: 0x000000f422700000,0x000000f422800000] [id=16928]

Threads with active compile tasks:
C2 CompilerThread0     5836 2144       4       jdk.internal.org.objectweb.asm.Frame::execute (2305 bytes)
C2 CompilerThread1     5836 2249   !   4       java.lang.ClassLoader::loadClass (121 bytes)

VM state: not at safepoint (normal execution)

VM Mutex/Monitor currently owned by a thread: None

Heap address: 0x0000000080000000, size: 2048 MB, Compressed Oops mode: 32-bit

CDS archive(s) not mapped
Compressed class space mapped at: 0x0000000100000000-0x0000000140000000, reserved size: 1073741824
Narrow klass base: 0x0000000000000000, Narrow klass shift: 3, Narrow klass range: 0x140000000

GC Precious Log:
 CPUs: 8 total, 8 available
 Memory: 15295M
 Large Page Support: Disabled
 NUMA Support: Disabled
 Compressed Oops: Enabled (32-bit)
 Heap Region Size: 1M
 Heap Min Capacity: 8M
 Heap Initial Capacity: 240M
 Heap Max Capacity: 2G
 Pre-touch: Disabled
 Parallel Workers: 8
 Concurrent Workers: 2
 Concurrent Refinement Workers: 8
 Periodic GC: Disabled

Heap:
 garbage-first heap   total 71680K, used 40527K [0x0000000080000000, 0x0000000100000000)
  region size 1024K, 31 young (31744K), 9 survivors (9216K)
 Metaspace       used 24557K, committed 24768K, reserved 1073152K
  class space    used 3096K, committed 3200K, reserved 1048576K

Heap Regions: E=young(eden), S=young(survivor), O=old, HS=humongous(starts), HC=humongous(continues), CS=collection set, F=free, OA=open archive, CA=closed archive, TAMS=top-at-mark-start (previous, next)
|   0|0x0000000080000000, 0x0000000080100000, 0x0000000080100000|100%|HS|  |TAMS 0x0000000080100000, 0x0000000080000000| Complete 
|   1|0x0000000080100000, 0x0000000080200000, 0x0000000080200000|100%|HC|  |TAMS 0x0000000080200000, 0x0000000080100000| Complete 
|   2|0x0000000080200000, 0x0000000080300000, 0x0000000080300000|100%|HC|  |TAMS 0x0000000080300000, 0x0000000080200000| Complete 
|   3|0x0000000080300000, 0x0000000080400000, 0x0000000080400000|100%|HC|  |TAMS 0x0000000080400000, 0x0000000080300000| Complete 
|   4|0x0000000080400000, 0x0000000080500000, 0x0000000080500000|100%| O|  |TAMS 0x0000000080500000, 0x0000000080400000| Untracked 
|   5|0x0000000080500000, 0x0000000080600000, 0x0000000080600000|100%| O|  |TAMS 0x0000000080600000, 0x0000000080500000| Untracked 
|   6|0x0000000080600000, 0x0000000080700000, 0x0000000080700000|100%| O|  |TAMS 0x0000000080700000, 0x0000000080600000| Untracked 
|   7|0x0000000080700000, 0x0000000080800000, 0x0000000080800000|100%| O|  |TAMS 0x0000000080800000, 0x0000000080700000| Untracked 
|   8|0x0000000080800000, 0x0000000080900000, 0x0000000080900000|100%| O|  |TAMS 0x0000000080900000, 0x0000000080800000| Untracked 
|   9|0x0000000080900000, 0x0000000080a00000, 0x0000000080a00000|100%| O|  |TAMS 0x0000000080a00000, 0x0000000080900000| Untracked 
|  10|0x0000000080a00000, 0x0000000080a22400, 0x0000000080b00000| 13%| O|  |TAMS 0x0000000080a22400, 0x0000000080a00000| Complete 
|  11|0x0000000080b00000, 0x0000000080b00000, 0x0000000080c00000|  0%| F|  |TAMS 0x0000000080b00000, 0x0000000080b00000| Untracked 
|  12|0x0000000080c00000, 0x0000000080c00000, 0x0000000080d00000|  0%| F|  |TAMS 0x0000000080c00000, 0x0000000080c00000| Untracked 
|  13|0x0000000080d00000, 0x0000000080d00000, 0x0000000080e00000|  0%| F|  |TAMS 0x0000000080d00000, 0x0000000080d00000| Untracked 
|  14|0x0000000080e00000, 0x0000000080e00000, 0x0000000080f00000|  0%| F|  |TAMS 0x0000000080e00000, 0x0000000080e00000| Untracked 
|  15|0x0000000080f00000, 0x0000000080f00000, 0x0000000081000000|  0%| F|  |TAMS 0x0000000080f00000, 0x0000000080f00000| Untracked 
|  16|0x0000000081000000, 0x0000000081000000, 0x0000000081100000|  0%| F|  |TAMS 0x0000000081000000, 0x0000000081000000| Untracked 
|  17|0x0000000081100000, 0x0000000081100000, 0x0000000081200000|  0%| F|  |TAMS 0x0000000081100000, 0x0000000081100000| Untracked 
|  18|0x0000000081200000, 0x0000000081200000, 0x0000000081300000|  0%| F|  |TAMS 0x0000000081200000, 0x0000000081200000| Untracked 
|  19|0x0000000081300000, 0x0000000081300000, 0x0000000081400000|  0%| F|  |TAMS 0x0000000081300000, 0x0000000081300000| Untracked 
|  20|0x0000000081400000, 0x0000000081400000, 0x0000000081500000|  0%| F|  |TAMS 0x0000000081400000, 0x0000000081400000| Untracked 
|  21|0x0000000081500000, 0x0000000081500000, 0x0000000081600000|  0%| F|  |TAMS 0x0000000081500000, 0x0000000081500000| Untracked 
|  22|0x0000000081600000, 0x0000000081600000, 0x0000000081700000|  0%| F|  |TAMS 0x0000000081600000, 0x0000000081600000| Untracked 
|  23|0x0000000081700000, 0x0000000081700000, 0x0000000081800000|  0%| F|  |TAMS 0x0000000081700000, 0x0000000081700000| Untracked 
|  24|0x0000000081800000, 0x0000000081800000, 0x0000000081900000|  0%| F|  |TAMS 0x0000000081800000, 0x0000000081800000| Untracked 
|  25|0x0000000081900000, 0x0000000081900000, 0x0000000081a00000|  0%| F|  |TAMS 0x0000000081900000, 0x0000000081900000| Untracked 
|  26|0x0000000081a00000, 0x0000000081a00000, 0x0000000081b00000|  0%| F|  |TAMS 0x0000000081a00000, 0x0000000081a00000| Untracked 
|  27|0x0000000081b00000, 0x0000000081b00000, 0x0000000081c00000|  0%| F|  |TAMS 0x0000000081b00000, 0x0000000081b00000| Untracked 
|  28|0x0000000081c00000, 0x0000000081c00000, 0x0000000081d00000|  0%| F|  |TAMS 0x0000000081c00000, 0x0000000081c00000| Untracked 
|  29|0x0000000081d00000, 0x0000000081d00000, 0x0000000081e00000|  0%| F|  |TAMS 0x0000000081d00000, 0x0000000081d00000| Untracked 
|  30|0x0000000081e00000, 0x0000000081e00000, 0x0000000081f00000|  0%| F|  |TAMS 0x0000000081e00000, 0x0000000081e00000| Untracked 
|  31|0x0000000081f00000, 0x0000000081f00000, 0x0000000082000000|  0%| F|  |TAMS 0x0000000081f00000, 0x0000000081f00000| Untracked 
|  32|0x0000000082000000, 0x0000000082000000, 0x0000000082100000|  0%| F|  |TAMS 0x0000000082000000, 0x0000000082000000| Untracked 
|  33|0x0000000082100000, 0x0000000082100000, 0x0000000082200000|  0%| F|  |TAMS 0x0000000082100000, 0x0000000082100000| Untracked 
|  34|0x0000000082200000, 0x0000000082200000, 0x0000000082300000|  0%| F|  |TAMS 0x0000000082200000, 0x0000000082200000| Untracked 
|  35|0x0000000082300000, 0x0000000082300000, 0x0000000082400000|  0%| F|  |TAMS 0x0000000082300000, 0x0000000082300000| Untracked 
|  36|0x0000000082400000, 0x0000000082400000, 0x0000000082500000|  0%| F|  |TAMS 0x0000000082400000, 0x0000000082400000| Untracked 
|  37|0x0000000082500000, 0x0000000082500000, 0x0000000082600000|  0%| F|  |TAMS 0x0000000082500000, 0x0000000082500000| Untracked 
|  38|0x0000000082600000, 0x0000000082600000, 0x0000000082700000|  0%| F|  |TAMS 0x0000000082600000, 0x0000000082600000| Untracked 
|  39|0x0000000082700000, 0x0000000082780800, 0x0000000082800000| 50%| E|  |TAMS 0x0000000082700000, 0x0000000082700000| Complete 
|  40|0x0000000082800000, 0x0000000082900000, 0x0000000082900000|100%| E|CS|TAMS 0x0000000082800000, 0x0000000082800000| Complete 
|  41|0x0000000082900000, 0x0000000082a00000, 0x0000000082a00000|100%| E|CS|TAMS 0x0000000082900000, 0x0000000082900000| Complete 
|  42|0x0000000082a00000, 0x0000000082b00000, 0x0000000082b00000|100%| E|CS|TAMS 0x0000000082a00000, 0x0000000082a00000| Complete 
|  43|0x0000000082b00000, 0x0000000082c00000, 0x0000000082c00000|100%| E|CS|TAMS 0x0000000082b00000, 0x0000000082b00000| Complete 
|  44|0x0000000082c00000, 0x0000000082d00000, 0x0000000082d00000|100%| E|CS|TAMS 0x0000000082c00000, 0x0000000082c00000| Complete 
|  45|0x0000000082d00000, 0x0000000082e00000, 0x0000000082e00000|100%| E|CS|TAMS 0x0000000082d00000, 0x0000000082d00000| Complete 
|  46|0x0000000082e00000, 0x0000000082f00000, 0x0000000082f00000|100%| E|CS|TAMS 0x0000000082e00000, 0x0000000082e00000| Complete 
|  47|0x0000000082f00000, 0x0000000083000000, 0x0000000083000000|100%| E|CS|TAMS 0x0000000082f00000, 0x0000000082f00000| Complete 
|  48|0x0000000083000000, 0x0000000083100000, 0x0000000083100000|100%| E|CS|TAMS 0x0000000083000000, 0x0000000083000000| Complete 
|  49|0x0000000083100000, 0x0000000083200000, 0x0000000083200000|100%| E|CS|TAMS 0x0000000083100000, 0x0000000083100000| Complete 
|  50|0x0000000083200000, 0x0000000083300000, 0x0000000083300000|100%| E|CS|TAMS 0x0000000083200000, 0x0000000083200000| Complete 
|  51|0x0000000083300000, 0x0000000083400000, 0x0000000083400000|100%| E|CS|TAMS 0x0000000083300000, 0x0000000083300000| Complete 
|  52|0x0000000083400000, 0x0000000083500000, 0x0000000083500000|100%| E|CS|TAMS 0x0000000083400000, 0x0000000083400000| Complete 
|  53|0x0000000083500000, 0x0000000083600000, 0x0000000083600000|100%| E|CS|TAMS 0x0000000083500000, 0x0000000083500000| Complete 
|  54|0x0000000083600000, 0x0000000083700000, 0x0000000083700000|100%| E|CS|TAMS 0x0000000083600000, 0x0000000083600000| Complete 
|  55|0x0000000083700000, 0x0000000083800000, 0x0000000083800000|100%| E|CS|TAMS 0x0000000083700000, 0x0000000083700000| Complete 
|  56|0x0000000083800000, 0x0000000083900000, 0x0000000083900000|100%| E|CS|TAMS 0x0000000083800000, 0x0000000083800000| Complete 
|  57|0x0000000083900000, 0x0000000083a00000, 0x0000000083a00000|100%| E|CS|TAMS 0x0000000083900000, 0x0000000083900000| Complete 
|  58|0x0000000083a00000, 0x0000000083b00000, 0x0000000083b00000|100%| E|CS|TAMS 0x0000000083a00000, 0x0000000083a00000| Complete 
|  59|0x0000000083b00000, 0x0000000083c00000, 0x0000000083c00000|100%| E|CS|TAMS 0x0000000083b00000, 0x0000000083b00000| Complete 
| 177|0x000000008b100000, 0x000000008b171b08, 0x000000008b200000| 44%| S|CS|TAMS 0x000000008b100000, 0x000000008b100000| Complete 
| 178|0x000000008b200000, 0x000000008b300000, 0x000000008b300000|100%| S|CS|TAMS 0x000000008b200000, 0x000000008b200000| Complete 
| 179|0x000000008b300000, 0x000000008b400000, 0x000000008b400000|100%| S|CS|TAMS 0x000000008b300000, 0x000000008b300000| Complete 
| 180|0x000000008b400000, 0x000000008b500000, 0x000000008b500000|100%| S|CS|TAMS 0x000000008b400000, 0x000000008b400000| Complete 
| 181|0x000000008b500000, 0x000000008b600000, 0x000000008b600000|100%| S|CS|TAMS 0x000000008b500000, 0x000000008b500000| Complete 
| 182|0x000000008b600000, 0x000000008b700000, 0x000000008b700000|100%| S|CS|TAMS 0x000000008b600000, 0x000000008b600000| Complete 
| 183|0x000000008b700000, 0x000000008b800000, 0x000000008b800000|100%| S|CS|TAMS 0x000000008b700000, 0x000000008b700000| Complete 
| 184|0x000000008b800000, 0x000000008b900000, 0x000000008b900000|100%| S|CS|TAMS 0x000000008b800000, 0x000000008b800000| Complete 
| 185|0x000000008b900000, 0x000000008ba00000, 0x000000008ba00000|100%| S|CS|TAMS 0x000000008b900000, 0x000000008b900000| Complete 
| 239|0x000000008ef00000, 0x000000008f000000, 0x000000008f000000|100%| E|CS|TAMS 0x000000008ef00000, 0x000000008ef00000| Complete 

Card table byte_map: [0x00000247a36a0000,0x00000247a3aa0000] _byte_map_base: 0x00000247a32a0000

Marking Bits (Prev, Next): (CMBitMap*) 0x000002478ebf6560, (CMBitMap*) 0x000002478ebf6520
 Prev Bits: [0x00000247a5ea0000, 0x00000247a7ea0000)
 Next Bits: [0x00000247a3ea0000, 0x00000247a5ea0000)

Polling page: 0x000002478ec60000

Metaspace:

Usage:
  Non-class:     20.97 MB used.
      Class:      3.03 MB used.
       Both:     24.00 MB used.

Virtual space:
  Non-class space:       24.00 MB reserved,      21.12 MB ( 88%) committed,  3 nodes.
      Class space:        1.00 GB reserved,       3.12 MB ( <1%) committed,  1 nodes.
             Both:        1.02 GB reserved,      24.25 MB (  2%) committed. 

Chunk freelists:
   Non-Class:  2.86 MB
       Class:  848.00 KB
        Both:  3.69 MB

MaxMetaspaceSize: unlimited
CompressedClassSpaceSize: 1.00 GB
Initial GC threshold: 21.00 MB
Current GC threshold: 35.12 MB
CDS: off
MetaspaceReclaimPolicy: balanced
 - commit_granule_bytes: 65536.
 - commit_granule_words: 8192.
 - virtual_space_node_default_size: 1048576.
 - enlarge_chunks_in_place: 1.
 - new_chunks_are_fully_committed: 0.
 - uncommit_free_chunks: 1.
 - use_allocation_guard: 0.
 - handle_deallocations: 1.


Internal statistics:

num_allocs_failed_limit: 3.
num_arena_births: 218.
num_arena_deaths: 0.
num_vsnodes_births: 4.
num_vsnodes_deaths: 0.
num_space_committed: 388.
num_space_uncommitted: 0.
num_chunks_returned_to_freelist: 3.
num_chunks_taken_from_freelist: 736.
num_chunk_merges: 3.
num_chunk_splits: 482.
num_chunks_enlarged: 351.
num_purges: 0.
num_inconsistent_stats: 0.

CodeHeap 'non-profiled nmethods': size=120000Kb used=1160Kb max_used=1160Kb free=118839Kb
 bounds [0x000002479b300000, 0x000002479b570000, 0x00000247a2830000]
CodeHeap 'profiled nmethods': size=120000Kb used=4384Kb max_used=4384Kb free=115615Kb
 bounds [0x0000024793830000, 0x0000024793c80000, 0x000002479ad60000]
CodeHeap 'non-nmethods': size=5760Kb used=1215Kb max_used=1227Kb free=4544Kb
 bounds [0x000002479ad60000, 0x000002479afd0000, 0x000002479b300000]
 total_blobs=2781 nmethods=2256 adapters=438
 compilation: enabled
              stopped_count=0, restarted_count=0
 full_count=0

Compilation events (20 events):
Event: 5.625 Thread 0x00000247ab47e3f0 2253       3       jdk.internal.reflect.MethodAccessorImpl::<init> (5 bytes)
Event: 5.626 Thread 0x00000247ab47e3f0 nmethod 2253 0x0000024793c72310 code [0x0000024793c724c0, 0x0000024793c72678]
Event: 5.630 Thread 0x00000247ab47e3f0 2254       1       java.lang.reflect.Method::getMethodAccessor (5 bytes)
Event: 5.630 Thread 0x00000247ab47e3f0 nmethod 2254 0x000002479b421c10 code [0x000002479b421da0, 0x000002479b421e78]
Event: 5.630 Thread 0x00000247ab47e3f0 2255       1       jdk.internal.reflect.NativeMethodAccessorImpl::setParent (6 bytes)
Event: 5.631 Thread 0x00000247ab47e3f0 nmethod 2255 0x000002479b421f10 code [0x000002479b4220a0, 0x000002479b4221b8]
Event: 5.637 Thread 0x00000247ab47e3f0 2256       3       java.lang.reflect.Constructor::getRoot (5 bytes)
Event: 5.637 Thread 0x00000247ab47e3f0 nmethod 2256 0x0000024793c72790 code [0x0000024793c72920, 0x0000024793c72a38]
Event: 5.649 Thread 0x00000247ab47e3f0 2257       3       org.gradle.internal.file.FilePathUtil::sizeOfCommonPrefix (142 bytes)
Event: 5.655 Thread 0x00000247ab47e3f0 nmethod 2257 0x0000024793c72b10 code [0x0000024793c72f60, 0x0000024793c75198]
Event: 5.655 Thread 0x00000247ab47e3f0 2258       3       org.gradle.internal.file.FileHierarchySet$Node::sizeOfCommonPrefix (10 bytes)
Event: 5.655 Thread 0x00000247ab47e3f0 nmethod 2258 0x0000024793c75f10 code [0x0000024793c760c0, 0x0000024793c76268]
Event: 5.656 Thread 0x00000247ab47e3f0 2259       3       org.gradle.internal.file.FilePathUtil::sizeOfCommonPrefix (10 bytes)
Event: 5.656 Thread 0x00000247ab47e3f0 nmethod 2259 0x0000024793c76390 code [0x0000024793c76520, 0x0000024793c76648]
Event: 5.709 Thread 0x00000247ab47e3f0 2260       3       java.lang.ClassLoader::definePackage (53 bytes)
Event: 5.710 Thread 0x00000247ab47e3f0 nmethod 2260 0x0000024793c76710 code [0x0000024793c76900, 0x0000024793c76e38]
Event: 5.717 Thread 0x00000247ab47e3f0 2261       3       jdk.internal.org.objectweb.asm.FieldVisitor::<init> (88 bytes)
Event: 5.720 Thread 0x00000247ab47e3f0 nmethod 2261 0x0000024793c77110 code [0x0000024793c77360, 0x0000024793c77c28]
Event: 5.727 Thread 0x00000247ab47e3f0 2262       3       java.lang.invoke.MemberName::changeReferenceKind (60 bytes)
Event: 5.728 Thread 0x00000247ab47e3f0 nmethod 2262 0x0000024793c77f10 code [0x0000024793c780a0, 0x0000024793c781d8]

GC Heap History (6 events):
Event: 1.307 GC heap before
{Heap before GC invocations=0 (full 0):
 garbage-first heap   total 245760K, used 26624K [0x0000000080000000, 0x0000000100000000)
  region size 1024K, 23 young (23552K), 0 survivors (0K)
 Metaspace       used 10285K, committed 10368K, reserved 1064960K
  class space    used 1054K, committed 1088K, reserved 1048576K
}
Event: 1.313 GC heap after
{Heap after GC invocations=1 (full 0):
 garbage-first heap   total 245760K, used 10342K [0x0000000080000000, 0x0000000100000000)
  region size 1024K, 3 young (3072K), 3 survivors (3072K)
 Metaspace       used 10285K, committed 10368K, reserved 1064960K
  class space    used 1054K, committed 1088K, reserved 1048576K
}
Event: 2.186 GC heap before
{Heap before GC invocations=1 (full 0):
 garbage-first heap   total 245760K, used 37990K [0x0000000080000000, 0x0000000100000000)
  region size 1024K, 30 young (30720K), 3 survivors (3072K)
 Metaspace       used 11506K, committed 11648K, reserved 1064960K
  class space    used 1202K, committed 1280K, reserved 1048576K
}
Event: 2.192 GC heap after
{Heap after GC invocations=2 (full 0):
 garbage-first heap   total 245760K, used 11193K [0x0000000080000000, 0x0000000100000000)
  region size 1024K, 1 young (1024K), 1 survivors (1024K)
 Metaspace       used 11506K, committed 11648K, reserved 1064960K
  class space    used 1202K, committed 1280K, reserved 1048576K
}
Event: 4.847 GC heap before
{Heap before GC invocations=2 (full 0):
 garbage-first heap   total 245760K, used 65465K [0x0000000080000000, 0x0000000100000000)
  region size 1024K, 54 young (55296K), 1 survivors (1024K)
 Metaspace       used 21275K, committed 21504K, reserved 1073152K
  class space    used 2552K, committed 2688K, reserved 1048576K
}
Event: 4.862 GC heap after
{Heap after GC invocations=3 (full 0):
 garbage-first heap   total 245760K, used 19023K [0x0000000080000000, 0x0000000100000000)
  region size 1024K, 9 young (9216K), 9 survivors (9216K)
 Metaspace       used 21275K, committed 21504K, reserved 1073152K
  class space    used 2552K, committed 2688K, reserved 1048576K
}

Dll operation events (3 events):
Event: 0.021 Loaded shared library D:\Program Files\Android\Android Studio1\jbr\bin\java.dll
Event: 0.291 Loaded shared library D:\Program Files\Android\Android Studio1\jbr\bin\zip.dll
Event: 0.796 Loaded shared library D:\Program Files\Android\Android Studio1\jbr\bin\verify.dll

Deoptimization events (20 events):
Event: 4.372 Thread 0x00000247adb00ee0 DEOPT PACKING pc=0x000002479b3733c4 sp=0x000000f423dfe220
Event: 4.372 Thread 0x00000247adb00ee0 DEOPT UNPACKING pc=0x000002479adb69a3 sp=0x000000f423dfe190 mode 2
Event: 4.381 Thread 0x00000247adb01d50 Uncommon trap: trap_request=0xffffff45 fr.pc=0x000002479b3dee48 relative=0x00000000000011a8
Event: 4.381 Thread 0x00000247adb01d50 Uncommon trap: reason=unstable_if action=reinterpret pc=0x000002479b3dee48 method=java.util.concurrent.ConcurrentHashMap.putVal(Ljava/lang/Object;Ljava/lang/Object;Z)Ljava/lang/Object; @ 256 c2
Event: 4.381 Thread 0x00000247adb01d50 DEOPT PACKING pc=0x000002479b3dee48 sp=0x000000f4240ff020
Event: 4.381 Thread 0x00000247adb01d50 DEOPT UNPACKING pc=0x000002479adb69a3 sp=0x000000f4240fefa8 mode 2
Event: 4.789 Thread 0x00000247adb01d50 Uncommon trap: trap_request=0xffffff45 fr.pc=0x000002479b3399ac relative=0x00000000000003ec
Event: 4.789 Thread 0x00000247adb01d50 Uncommon trap: reason=unstable_if action=reinterpret pc=0x000002479b3399ac method=java.util.HashMap.getNode(Ljava/lang/Object;)Ljava/util/HashMap$Node; @ 66 c2
Event: 4.789 Thread 0x00000247adb01d50 DEOPT PACKING pc=0x000002479b3399ac sp=0x000000f4240fc520
Event: 4.789 Thread 0x00000247adb01d50 DEOPT UNPACKING pc=0x000002479adb69a3 sp=0x000000f4240fc490 mode 2
Event: 4.823 Thread 0x00000247adb01d50 Uncommon trap: trap_request=0xffffff45 fr.pc=0x000002479b3ac4e0 relative=0x0000000000000240
Event: 4.823 Thread 0x00000247adb01d50 Uncommon trap: reason=unstable_if action=reinterpret pc=0x000002479b3ac4e0 method=java.util.concurrent.ConcurrentHashMap.get(Ljava/lang/Object;)Ljava/lang/Object; @ 76 c2
Event: 4.823 Thread 0x00000247adb01d50 DEOPT PACKING pc=0x000002479b3ac4e0 sp=0x000000f4240fba50
Event: 4.823 Thread 0x00000247adb01d50 DEOPT UNPACKING pc=0x000002479adb69a3 sp=0x000000f4240fb9c8 mode 2
Event: 5.528 Thread 0x00000247adb01d50 DEOPT PACKING pc=0x0000024793bb2788 sp=0x000000f4240fbf30
Event: 5.528 Thread 0x00000247adb01d50 DEOPT UNPACKING pc=0x000002479adb7143 sp=0x000000f4240fb438 mode 0
Event: 5.659 Thread 0x00000247adb01d50 Uncommon trap: trap_request=0xffffff45 fr.pc=0x000002479b389c10 relative=0x0000000000000270
Event: 5.659 Thread 0x00000247adb01d50 Uncommon trap: reason=unstable_if action=reinterpret pc=0x000002479b389c10 method=java.io.File.getName()Ljava/lang/String; @ 16 c2
Event: 5.659 Thread 0x00000247adb01d50 DEOPT PACKING pc=0x000002479b389c10 sp=0x000000f4240fd040
Event: 5.659 Thread 0x00000247adb01d50 DEOPT UNPACKING pc=0x000002479adb69a3 sp=0x000000f4240fcfd0 mode 2

Classes unloaded (0 events):
No events

Classes redefined (0 events):
No events

Internal exceptions (20 events):
Event: 3.969 Thread 0x000002478eb9f830 Exception <a 'java/io/IOException'{0x000000008ca6b498}> (0x000000008ca6b498) 
thrown [s\src\hotspot\share\prims\jni.cpp, line 517]
Event: 4.301 Thread 0x00000247adb043d0 Exception <a 'java/lang/NoSuchMethodError'{0x000000008c4409e0}: static Lorg/gradle/tooling/internal/provider/serialization/ClassLoaderDetails;.<clinit>()V> (0x000000008c4409e0) 
thrown [s\src\hotspot\share\prims\jni.cpp, line 1108]
Event: 4.309 Thread 0x00000247adb043d0 Exception <a 'java/lang/NoSuchMethodError'{0x000000008c459ca8}: static Lorg/gradle/internal/classloader/ClassLoaderSpec;.<clinit>()V> (0x000000008c459ca8) 
thrown [s\src\hotspot\share\prims\jni.cpp, line 1108]
Event: 4.312 Thread 0x00000247adb043d0 Exception <a 'java/lang/NoSuchMethodError'{0x000000008c463470}: static Lorg/gradle/tooling/internal/provider/serialization/WellKnownClassLoaderRegistry$KnownClassLoaderSpec;.<clinit>()V> (0x000000008c463470) 
thrown [s\src\hotspot\share\prims\jni.cpp, line 1108]
Event: 4.320 Thread 0x00000247adb043d0 Exception <a 'java/lang/NoSuchMethodError'{0x000000008c479688}: static Lorg/gradle/tooling/internal/provider/serialization/ClientOwnedClassLoaderSpec;.<clinit>()V> (0x000000008c479688) 
thrown [s\src\hotspot\share\prims\jni.cpp, line 1108]
Event: 4.481 Thread 0x00000247adb01d50 Exception <a 'java/lang/NoSuchMethodError'{0x000000008c1a4bd0}: 'long java.lang.invoke.DirectMethodHandle$Holder.invokeInterface(java.lang.Object, java.lang.Object)'> (0x000000008c1a4bd0) 
thrown [s\src\hotspot\share\interpreter\linkResolver.cpp, line 771]
Event: 4.490 Thread 0x00000247adb01d50 Exception <a 'java/lang/NoSuchMethodError'{0x000000008c1dfd70}: 'java.lang.Object java.lang.invoke.DirectMethodHandle$Holder.invokeVirtual(java.lang.Object, java.lang.Object, java.lang.Object)'> (0x000000008c1dfd70) 
thrown [s\src\hotspot\share\interpreter\linkResolver.cpp, line 771]
Event: 4.695 Thread 0x00000247adb01d50 Exception <a 'java/lang/NoSuchMethodError'{0x000000008bdbc1c8}: 'void java.lang.invoke.DirectMethodHandle$Holder.invokeStatic(java.lang.Object, java.lang.Object)'> (0x000000008bdbc1c8) 
thrown [s\src\hotspot\share\interpreter\linkResolver.cpp, line 771]
Event: 5.020 Thread 0x00000247adb01d50 Exception <a 'java/lang/NoSuchMethodError'{0x00000000839269f8}: 'java.lang.Object java.lang.invoke.DirectMethodHandle$Holder.newInvokeSpecial(java.lang.Object, java.lang.Object, java.lang.Object, java.lang.Object, java.lang.Object, java.lang.Object)'> (0x00000000839269f8) 
thrown [s\src\hotspot\share\interpreter\linkResolver.cpp, line 771]
Event: 5.028 Thread 0x00000247adb01d50 Exception <a 'java/lang/NoSuchMethodError'{0x00000000839430e0}: 'void java.lang.invoke.DirectMethodHandle$Holder.invokeSpecial(java.lang.Object, java.lang.Object, java.lang.Object, java.lang.Object, java.lang.Object)'> (0x00000000839430e0) 
thrown [s\src\hotspot\share\interpreter\linkResolver.cpp, line 771]
Event: 5.035 Thread 0x00000247adb01d50 Exception <a 'java/lang/NoSuchMethodError'{0x0000000083957890}: 'void java.lang.invoke.DirectMethodHandle$Holder.invokeStaticInit(java.lang.Object, java.lang.Object)'> (0x0000000083957890) 
thrown [s\src\hotspot\share\interpreter\linkResolver.cpp, line 771]
Event: 5.097 Thread 0x00000247adb01d50 Exception <a 'java/lang/NoSuchMethodError'{0x00000000838e16b8}: 'java.lang.Object java.lang.invoke.DirectMethodHandle$Holder.newInvokeSpecial(java.lang.Object, java.lang.Object, java.lang.Object, int, java.lang.Object, java.lang.Object)'> (0x00000000838e16b8) 
thrown [s\src\hotspot\share\interpreter\linkResolver.cpp, line 771]
Event: 5.205 Thread 0x00000247adb01d50 Exception <a 'java/lang/NoSuchMethodError'{0x00000000836b0890}: 'void java.lang.invoke.DelegatingMethodHandle$Holder.reinvoke_L(java.lang.Object, java.lang.Object, java.lang.Object, java.lang.Object, java.lang.Object, java.lang.Object, java.lang.Object, java.lang.Object, java.lang.Object, java.lang.Object)'> (0x00000000836b0890) 
thrown [s\src\hotspot\share\interpreter\linkResolver.cpp, line 771]
Event: 5.207 Thread 0x00000247adb01d50 Exception <a 'java/lang/NoSuchMethodError'{0x00000000836b8e40}: 'java.lang.Object java.lang.invoke.DirectMethodHandle$Holder.invokeSpecial(java.lang.Object, java.lang.Object, java.lang.Object, java.lang.Object, java.lang.Object, java.lang.Object, java.lang.Object, java.lang.Object, java.lang.Object, java.lang.Object)'> (0x00000000836b8e40) 
thrown [s\src\hotspot\share\interpreter\linkResolver.cpp, line 771]
Event: 5.208 Thread 0x00000247adb01d50 Exception <a 'java/lang/NoSuchMethodError'{0x00000000836bd710}: 'java.lang.Object java.lang.invoke.Invokers$Holder.invoker(java.lang.Object, java.lang.Object, java.lang.Object, java.lang.Object, java.lang.Object, java.lang.Object, java.lang.Object, java.lang.Object, java.lang.Object, java.lang.Object)'> (0x00000000836bd710) 
thrown [s\src\hotspot\share\interpreter\linkResolver.cpp, line 771]
Event: 5.209 Thread 0x00000247adb01d50 Exception <a 'java/lang/NoSuchMethodError'{0x00000000836c3318}: 'java.lang.Object java.lang.invoke.DirectMethodHandle$Holder.invokeSpecial(java.lang.Object, java.lang.Object, java.lang.Object, java.lang.Object, java.lang.Object, java.lang.Object, java.lang.Object, java.lang.Object, java.lang.Object, java.lang.Object, java.lang.Object)'> (0x00000000836c3318) 
thrown [s\src\hotspot\share\interpreter\linkResolver.cpp, line 771]
Event: 5.468 Thread 0x00000247adb01d50 Exception <a 'java/lang/NoSuchMethodError'{0x00000000830e6878}: 'void java.lang.invoke.DirectMethodHandle$Holder.invokeStaticInit(java.lang.Object)'> (0x00000000830e6878) 
thrown [s\src\hotspot\share\interpreter\linkResolver.cpp, line 771]
Event: 5.511 Thread 0x00000247adb01d50 Exception <a 'java/lang/NoSuchMethodError'{0x0000000082f9f0b0}: 'java.lang.Object java.lang.invoke.DirectMethodHandle$Holder.newInvokeSpecial(java.lang.Object, java.lang.Object, java.lang.Object, int)'> (0x0000000082f9f0b0) 
thrown [s\src\hotspot\share\interpreter\linkResolver.cpp, line 771]
Event: 5.512 Thread 0x00000247adb01d50 Exception <a 'java/lang/NoSuchMethodError'{0x0000000082fa39e0}: 'java.lang.Object java.lang.invoke.DirectMethodHandle$Holder.invokeSpecial(java.lang.Object, java.lang.Object, java.lang.Object, java.lang.Object, int)'> (0x0000000082fa39e0) 
thrown [s\src\hotspot\share\interpreter\linkResolver.cpp, line 771]
Event: 5.512 Thread 0x00000247adb01d50 Exception <a 'java/lang/NoSuchMethodError'{0x0000000082fa7af8}: 'java.lang.Object java.lang.invoke.Invokers$Holder.linkToTargetMethod(java.lang.Object, java.lang.Object, int, java.lang.Object)'> (0x0000000082fa7af8) 
thrown [s\src\hotspot\share\interpreter\linkResolver.cpp, line 771]

VM Operations (20 events):
Event: 3.014 Executing VM operation: HandshakeAllThreads
Event: 3.014 Executing VM operation: HandshakeAllThreads done
Event: 3.188 Executing VM operation: HandshakeAllThreads
Event: 3.188 Executing VM operation: HandshakeAllThreads done
Event: 3.409 Executing VM operation: HandshakeAllThreads
Event: 3.409 Executing VM operation: HandshakeAllThreads done
Event: 3.409 Executing VM operation: Cleanup
Event: 3.409 Executing VM operation: Cleanup done
Event: 3.932 Executing VM operation: HandshakeAllThreads
Event: 3.932 Executing VM operation: HandshakeAllThreads done
Event: 4.059 Executing VM operation: HandshakeAllThreads
Event: 4.059 Executing VM operation: HandshakeAllThreads done
Event: 4.846 Executing VM operation: CollectForMetadataAllocation
Event: 4.862 Executing VM operation: CollectForMetadataAllocation done
Event: 4.879 Executing VM operation: G1Concurrent
Event: 4.884 Executing VM operation: G1Concurrent done
Event: 4.888 Executing VM operation: G1Concurrent
Event: 4.891 Executing VM operation: G1Concurrent done
Event: 5.124 Executing VM operation: HandshakeAllThreads
Event: 5.124 Executing VM operation: HandshakeAllThreads done

Events (20 events):
Event: 5.507 loading class java/util/concurrent/locks/ReentrantLock$FairSync
Event: 5.507 loading class java/util/concurrent/locks/ReentrantLock$FairSync done
Event: 5.508 Thread 0x00000247adb03a30 Thread added: 0x00000247adb03a30
Event: 5.517 loading class sun/misc/Unsafe
Event: 5.518 loading class sun/misc/Unsafe done
Event: 5.524 Thread 0x00000247adb03560 Thread added: 0x00000247adb03560
Event: 5.525 loading class java/net/DatagramPacket
Event: 5.525 loading class java/net/DatagramPacket done
Event: 5.526 loading class sun/nio/ch/DatagramSocketAdaptor$DatagramPackets
Event: 5.527 loading class sun/nio/ch/DatagramSocketAdaptor$DatagramPackets done
Event: 5.542 loading class java/lang/Character$CharacterCache
Event: 5.542 loading class java/lang/Character$CharacterCache done
Event: 5.657 loading class java/io/File$TempDirectory
Event: 5.657 loading class java/io/File$TempDirectory done
Event: 5.668 loading class java/io/PrintWriter
Event: 5.669 loading class java/io/PrintWriter done
Event: 5.697 loading class java/nio/file/FileVisitor
Event: 5.697 loading class java/nio/file/FileVisitor done
Event: 5.701 loading class java/util/zip/CheckedInputStream
Event: 5.701 loading class java/util/zip/CheckedInputStream done


Dynamic libraries:
0x00007ff76c920000 - 0x00007ff76c92a000 	D:\Program Files\Android\Android Studio1\jbr\bin\java.exe
0x00007ffbd81f0000 - 0x00007ffbd8407000 	C:\Windows\SYSTEM32\ntdll.dll
0x00007ffbd7930000 - 0x00007ffbd79f4000 	C:\Windows\System32\KERNEL32.DLL
0x00007ffbd5800000 - 0x00007ffbd5ba6000 	C:\Windows\System32\KERNELBASE.dll
0x00007ffbd5d90000 - 0x00007ffbd5ea1000 	C:\Windows\System32\ucrtbase.dll
0x00007ffbca5f0000 - 0x00007ffbca607000 	D:\Program Files\Android\Android Studio1\jbr\bin\jli.dll
0x00007ffbd45d0000 - 0x00007ffbd45eb000 	D:\Program Files\Android\Android Studio1\jbr\bin\VCRUNTIME140.dll
0x00007ffbd6cf0000 - 0x00007ffbd6e9d000 	C:\Windows\System32\USER32.dll
0x00007ffbd5f20000 - 0x00007ffbd5f46000 	C:\Windows\System32\win32u.dll
0x00007ffbd4830000 - 0x00007ffbd4ac3000 	C:\Windows\WinSxS\amd64_microsoft.windows.common-controls_6595b64144ccf1df_6.0.22621.2361_none_2712ced57382f843\COMCTL32.dll
0x00007ffbd6300000 - 0x00007ffbd6329000 	C:\Windows\System32\GDI32.dll
0x00007ffbd7b50000 - 0x00007ffbd7bf7000 	C:\Windows\System32\msvcrt.dll
0x00007ffbd56e0000 - 0x00007ffbd57f8000 	C:\Windows\System32\gdi32full.dll
0x00007ffbd5c30000 - 0x00007ffbd5cca000 	C:\Windows\System32\msvcp_win.dll
0x00007ffbd62c0000 - 0x00007ffbd62f1000 	C:\Windows\System32\IMM32.DLL
0x00007ffbd45c0000 - 0x00007ffbd45cc000 	D:\Program Files\Android\Android Studio1\jbr\bin\vcruntime140_1.dll
0x00007ffbd4530000 - 0x00007ffbd45bd000 	D:\Program Files\Android\Android Studio1\jbr\bin\msvcp140.dll
0x00007ffb3eb70000 - 0x00007ffb3f7de000 	D:\Program Files\Android\Android Studio1\jbr\bin\server\jvm.dll
0x00007ffbd61f0000 - 0x00007ffbd62a0000 	C:\Windows\System32\ADVAPI32.dll
0x00007ffbd7290000 - 0x00007ffbd7336000 	C:\Windows\System32\sechost.dll
0x00007ffbd7a20000 - 0x00007ffbd7b37000 	C:\Windows\System32\RPCRT4.dll
0x00007ffbd2260000 - 0x00007ffbd2294000 	C:\Windows\SYSTEM32\WINMM.dll
0x00007ffbd3d50000 - 0x00007ffbd3d5a000 	C:\Windows\SYSTEM32\VERSION.dll
0x00007ffbae770000 - 0x00007ffbae779000 	C:\Windows\SYSTEM32\WSOCK32.dll
0x00007ffbd7350000 - 0x00007ffbd73c1000 	C:\Windows\System32\WS2_32.dll
0x00007ffbd35f0000 - 0x00007ffbd3608000 	C:\Windows\SYSTEM32\kernel.appcore.dll
0x00007ffbd0cb0000 - 0x00007ffbd0cba000 	D:\Program Files\Android\Android Studio1\jbr\bin\jimage.dll
0x00007ffbd4e00000 - 0x00007ffbd502e000 	C:\Windows\SYSTEM32\DBGHELP.DLL
0x00007ffbd7db0000 - 0x00007ffbd813a000 	C:\Windows\System32\combase.dll
0x00007ffbd6ec0000 - 0x00007ffbd6f97000 	C:\Windows\System32\OLEAUT32.dll
0x00007ffbd4cc0000 - 0x00007ffbd4cf2000 	C:\Windows\SYSTEM32\dbgcore.DLL
0x00007ffbd5bb0000 - 0x00007ffbd5c2a000 	C:\Windows\System32\bcryptPrimitives.dll
0x00007ffbcbba0000 - 0x00007ffbcbbae000 	D:\Program Files\Android\Android Studio1\jbr\bin\instrument.dll
0x00007ffbcfac0000 - 0x00007ffbcfae5000 	D:\Program Files\Android\Android Studio1\jbr\bin\java.dll
0x00007ffbcfb30000 - 0x00007ffbcfb48000 	D:\Program Files\Android\Android Studio1\jbr\bin\zip.dll
0x00007ffbd6490000 - 0x00007ffbd6ce8000 	C:\Windows\System32\SHELL32.dll
0x00007ffbd2570000 - 0x00007ffbd2e62000 	C:\Windows\SYSTEM32\windows.storage.dll
0x00007ffbd2430000 - 0x00007ffbd256e000 	C:\Windows\SYSTEM32\wintypes.dll
0x00007ffbd6390000 - 0x00007ffbd6483000 	C:\Windows\System32\SHCORE.dll
0x00007ffbd6330000 - 0x00007ffbd638e000 	C:\Windows\System32\shlwapi.dll
0x00007ffbd54a0000 - 0x00007ffbd54c6000 	C:\Windows\SYSTEM32\profapi.dll
0x00007ffbcc910000 - 0x00007ffbcc929000 	D:\Program Files\Android\Android Studio1\jbr\bin\net.dll
0x00007ffbcc040000 - 0x00007ffbcc177000 	C:\Windows\SYSTEM32\WINHTTP.dll
0x00007ffbd3a30000 - 0x00007ffbd3a99000 	C:\Windows\system32\mswsock.dll
0x00007ffbcc690000 - 0x00007ffbcc6a6000 	D:\Program Files\Android\Android Studio1\jbr\bin\nio.dll
0x00007ffbcbbd0000 - 0x00007ffbcbbe0000 	D:\Program Files\Android\Android Studio1\jbr\bin\verify.dll
0x00007ffbc2ae0000 - 0x00007ffbc2b07000 	C:\Users\RoGad\.gradle\native\c067742578af261105cb4f569cf0c3c89f3d7b1fecec35dd04571415982c5e48\windows-amd64\native-platform.dll
0x00007ffbd43e0000 - 0x00007ffbd4524000 	C:\Users\RoGad\.gradle\native\38dada09dfb8b06ba9b0570ebf7e218e3eb74d4ef43ca46872605cf95ebc2f47\windows-amd64\native-platform-file-events.dll
0x00007ffbcbbc0000 - 0x00007ffbcbbc9000 	D:\Program Files\Android\Android Studio1\jbr\bin\management.dll
0x00007ffbcbbb0000 - 0x00007ffbcbbbb000 	D:\Program Files\Android\Android Studio1\jbr\bin\management_ext.dll
0x00007ffbd62a0000 - 0x00007ffbd62a8000 	C:\Windows\System32\PSAPI.DLL
0x00007ffbd5120000 - 0x00007ffbd513b000 	C:\Windows\SYSTEM32\CRYPTSP.dll
0x00007ffbd35b0000 - 0x00007ffbd35e5000 	C:\Windows\system32\rsaenh.dll
0x00007ffbd3ad0000 - 0x00007ffbd3afc000 	C:\Windows\SYSTEM32\USERENV.dll
0x00007ffbd4d00000 - 0x00007ffbd4d28000 	C:\Windows\SYSTEM32\bcrypt.dll
0x00007ffbd3d30000 - 0x00007ffbd3d3c000 	C:\Windows\SYSTEM32\CRYPTBASE.dll
0x00007ffbd3110000 - 0x00007ffbd313d000 	C:\Windows\SYSTEM32\IPHLPAPI.DLL
0x00007ffbd7340000 - 0x00007ffbd7349000 	C:\Windows\System32\NSI.dll
0x00007ffbcb3c0000 - 0x00007ffbcb3d9000 	C:\Windows\SYSTEM32\dhcpcsvc6.DLL
0x00007ffbcb3a0000 - 0x00007ffbcb3bf000 	C:\Windows\SYSTEM32\dhcpcsvc.DLL
0x00007ffbd3140000 - 0x00007ffbd3239000 	C:\Windows\SYSTEM32\DNSAPI.dll
0x00007ffbae4e0000 - 0x00007ffbae4e8000 	C:\Windows\system32\wshunix.dll

dbghelp: loaded successfully - version: 4.0.5 - missing functions: none
symbol engine: initialized successfully - sym options: 0x614 - pdb path: .;D:\Program Files\Android\Android Studio1\jbr\bin;C:\Windows\SYSTEM32;C:\Windows\WinSxS\amd64_microsoft.windows.common-controls_6595b64144ccf1df_6.0.22621.2361_none_2712ced57382f843;D:\Program Files\Android\Android Studio1\jbr\bin\server;C:\Users\RoGad\.gradle\native\c067742578af261105cb4f569cf0c3c89f3d7b1fecec35dd04571415982c5e48\windows-amd64;C:\Users\RoGad\.gradle\native\38dada09dfb8b06ba9b0570ebf7e218e3eb74d4ef43ca46872605cf95ebc2f47\windows-amd64

VM Arguments:
jvm_args: --add-opens=java.base/java.util=ALL-UNNAMED --add-opens=java.base/java.lang=ALL-UNNAMED --add-opens=java.base/java.lang.invoke=ALL-UNNAMED --add-opens=java.prefs/java.util.prefs=ALL-UNNAMED --add-opens=java.base/java.nio.charset=ALL-UNNAMED --add-opens=java.base/java.net=ALL-UNNAMED --add-opens=java.base/java.util.concurrent.atomic=ALL-UNNAMED -Xmx2048m -Dfile.encoding=UTF-8 -Duser.country=RU -Duser.language=ru -Duser.variant -javaagent:C:\Users\RoGad\OneDrive\Рабочий стол\gradle-8.4\lib\agents\gradle-instrumentation-agent-8.4.jar 
java_command: org.gradle.launcher.daemon.bootstrap.GradleDaemon 8.4
java_class_path (initial): C:\Users\RoGad\OneDrive\Рабочий стол\gradle-8.4\lib\gradle-launcher-8.4.jar
Launcher Type: SUN_STANDARD

[Global flags]
     intx CICompilerCount                          = 4                                         {product} {ergonomic}
     uint ConcGCThreads                            = 2                                         {product} {ergonomic}
     uint G1ConcRefinementThreads                  = 8                                         {product} {ergonomic}
   size_t G1HeapRegionSize                         = 1048576                                   {product} {ergonomic}
    uintx GCDrainStackTargetSize                   = 64                                        {product} {ergonomic}
   size_t InitialHeapSize                          = 251658240                                 {product} {ergonomic}
   size_t MarkStackSize                            = 4194304                                   {product} {ergonomic}
   size_t MaxHeapSize                              = 2147483648                                {product} {command line}
   size_t MaxNewSize                               = 1287651328                                {product} {ergonomic}
   size_t MinHeapDeltaBytes                        = 1048576                                   {product} {ergonomic}
   size_t MinHeapSize                              = 8388608                                   {product} {ergonomic}
    uintx NonNMethodCodeHeapSize                   = 5839372                                {pd product} {ergonomic}
    uintx NonProfiledCodeHeapSize                  = 122909434                              {pd product} {ergonomic}
    uintx ProfiledCodeHeapSize                     = 122909434                              {pd product} {ergonomic}
    uintx ReservedCodeCacheSize                    = 251658240                              {pd product} {ergonomic}
     bool SegmentedCodeCache                       = true                                      {product} {ergonomic}
   size_t SoftMaxHeapSize                          = 2147483648                             {manageable} {ergonomic}
     bool UseCompressedClassPointers               = true                           {product lp64_product} {ergonomic}
     bool UseCompressedOops                        = true                           {product lp64_product} {ergonomic}
     bool UseG1GC                                  = true                                      {product} {ergonomic}
     bool UseLargePagesIndividualAllocation        = false                                  {pd product} {ergonomic}

Logging:
Log output configuration:
 #0: stdout all=warning uptime,level,tags
 #1: stderr all=off uptime,level,tags

Environment Variables:
PATH=C:\Program Files (x86)\Common Files\Oracle\Java\javapath;C:\WINDOWS\system32;C:\WINDOWS;C:\WINDOWS\System32\Wbem;C:\WINDOWS\System32\WindowsPowerShell\v1.0\;C:\WINDOWS\System32\OpenSSH\;C:\Program Files\Microsoft SQL Server\150\Tools\Binn\;C:\Windows\system32;C:\Windows;C:\Windows\System32\Wbem;C:\Windows\System32\WindowsPowerShell\v1.0\;C:\Windows\System32\OpenSSH\;C:\Program Files\Git\cmd;C:\Program Files\dotnet\;C:\ProgramData\chocolatey\bin;C:\MinGW\bin;C:\Users\RoGad\AppData\Local\Microsoft\WindowsApps;C:\Users\RoGad\.dotnet\tools;C:\tools\dart-sdk\bin;C:\Users\RoGad\AppData\Local\Pub\Cache\bin;C:\Users\RoGad\AppData\Local\Programs\Microsoft VS Code\bin;C:\flutter\bin;
USERNAME=RoGad
OS=Windows_NT
PROCESSOR_IDENTIFIER=AMD64 Family 23 Model 24 Stepping 1, AuthenticAMD
TMP=C:\Users\RoGad\AppData\Local\Temp
TEMP=C:\Users\RoGad\AppData\Local\Temp


JNI global refs:
JNI global refs: 25, weak refs: 0

JNI global refs memory usage: 843, weak refs: 841


---------------  S Y S T E M  ---------------

OS:
 Windows 11 , 64 bit Build 22621 (10.0.22621.2428)
OS uptime: 0 days 7:29 hours
Hyper-V role detected

CPU: total 8 (initial active 8) (8 cores per cpu, 2 threads per core) family 23 model 24 stepping 1 microcode 0x0, cx8, cmov, fxsr, ht, mmx, 3dnowpref, sse, sse2, sse3, ssse3, sse4a, sse4.1, sse4.2, popcnt, lzcnt, tsc, tscinvbit, avx, avx2, aes, clmul, bmi1, bmi2, adx, sha, fma, vzeroupper, clflush, clflushopt, hv

Memory: 4k page, system-wide physical 15295M (6957M free)
TotalPageFile size 17599M (AvailPageFile size 7032M)
current process WorkingSet (physical memory assigned to process): 160M, peak: 169M
current process commit charge ("private bytes"): 228M, peak: 383M

vm_info: OpenJDK 64-Bit Server VM (17.0.6+0-b2043.56-10027231) for windows-amd64 JRE (17.0.6+0-b2043.56-10027231), built on Apr 28 2023 00:43:19 by "androidbuild" with MS VC++ 16.10 / 16.11 (VS2019)

END.
