#
# A fatal error has been detected by the Java Runtime Environment:
#
#  EXCEPTION_ACCESS_VIOLATION (0xc0000005) at pc=0x00007ffb3f1d262d, pid=7896, tid=14860
#
# JRE version: OpenJDK Runtime Environment (17.0.6) (build 17.0.6+0-b2043.56-10027231)
# Java VM: OpenJDK 64-Bit Server VM (17.0.6+0-b2043.56-10027231, mixed mode, tiered, compressed oops, compressed class ptrs, g1 gc, windows-amd64)
# Problematic frame:
# V  [jvm.dll+0x66262d]
#
# No core dump will be written. Minidumps are not enabled by default on client versions of Windows
#
# If you would like to submit a bug report, please visit:
#   https://bugreport.java.com/bugreport/crash.jsp
#

---------------  S U M M A R Y ------------

Command Line: org.jetbrains.kotlin.cli.jvm.K2JVMCompiler @C:\Users\RoGad\AndroidStudioProjects\xuy\app\build\20231102_2487037620914850946.compiler.options

Host: AMD Ryzen 5 3500U with Radeon Vega Mobile Gfx  , 8 cores, 14G,  Windows 11 , 64 bit Build 22621 (10.0.22621.2428)
Time: Thu Nov  2 20:10:22 2023  Windows 11 , 64 bit Build 22621 (10.0.22621.2428) elapsed time: 18.101275 seconds (0d 0h 0m 18s)

---------------  T H R E A D  ---------------

Current thread (0x0000012817a71ec0):  JavaThread "C2 CompilerThread1" daemon [_thread_in_native, id=14860, stack(0x0000000fe3d00000,0x0000000fe3e00000)]


Current CompileTask:
C2:  18101 9202       4       org.jetbrains.kotlin.load.kotlin.TypeSignatureMappingKt::mapBuiltInType (339 bytes)

Stack: [0x0000000fe3d00000,0x0000000fe3e00000],  sp=0x0000000fe3dfa210,  free space=1000k
Native frames: (J=compiled Java code, j=interpreted, Vv=VM code, C=native code)
V  [jvm.dll+0x66262d]
V  [jvm.dll+0x650d78]
V  [jvm.dll+0x58b7fa]
V  [jvm.dll+0x58b444]
V  [jvm.dll+0x58a688]
V  [jvm.dll+0x2243b2]
V  [jvm.dll+0x22478f]
V  [jvm.dll+0x21e055]
V  [jvm.dll+0x21b51b]
V  [jvm.dll+0x1a4fdd]
V  [jvm.dll+0x22b098]
V  [jvm.dll+0x229159]
V  [jvm.dll+0x7f81ec]
V  [jvm.dll+0x7f274a]
V  [jvm.dll+0x682ad5]
C  [ucrtbase.dll+0x29363]
C  [KERNEL32.DLL+0x1257d]
C  [ntdll.dll+0x5aa78]


siginfo: EXCEPTION_ACCESS_VIOLATION (0xc0000005), reading address 0xffffffffffffffff


Register to memory mapping:

RIP=0x00007ffb3f1d262d jvm.dll
RAX=0x000001281ddda2c0 is pointing into metadata
RBX=0x0 is NULL
RCX=0x0101010101010a0c is an unknown value
RDX=0x0 is NULL
RSP=0x0000000fe3dfa210 is pointing into the stack for thread: 0x0000012817a71ec0
RBP=0x0 is NULL
RSI=0x0000012815dda110 points into unknown readable memory: 0x00007ffb3f495e08 | 08 5e 49 3f fb 7f 00 00
RDI=0x0101010101010a0c is an unknown value
R8 =0x0000012815dda168 points into unknown readable memory: 0x0000050000000005 | 05 00 00 00 00 05 00 00
R9 =0x0 is NULL
R10=0x00007ffbbff50000 VCRUNTIME140.dll
R11=0x000001281b616d30 points into unknown readable memory: 0x00000128197770f0 | f0 70 77 19 28 01 00 00
R12=0x0000000fe3dfa360 is pointing into the stack for thread: 0x0000012817a71ec0
R13=0x0000000fe3dfa340 is pointing into the stack for thread: 0x0000012817a71ec0
R14=0x0000012817417060 points into unknown readable memory: 0x00007ffb3f4dd948 | 48 d9 4d 3f fb 7f 00 00
R15=0x0000012815dd77f8 points into unknown readable memory: 0x00007ffb3f495d38 | 38 5d 49 3f fb 7f 00 00


Registers:
RAX=0x000001281ddda2c0, RBX=0x0000000000000000, RCX=0x0101010101010a0c, RDX=0x0000000000000000
RSP=0x0000000fe3dfa210, RBP=0x0000000000000000, RSI=0x0000012815dda110, RDI=0x0101010101010a0c
R8 =0x0000012815dda168, R9 =0x0000000000000000, R10=0x00007ffbbff50000, R11=0x000001281b616d30
R12=0x0000000fe3dfa360, R13=0x0000000fe3dfa340, R14=0x0000012817417060, R15=0x0000012815dd77f8
RIP=0x00007ffb3f1d262d, EFLAGS=0x0000000000010202

Top of Stack: (sp=0x0000000fe3dfa210)
0x0000000fe3dfa210:   0000000fe3dfa690 00007ffb3f0fcafd
0x0000000fe3dfa220:   0000000000000000 00000128174146a0
0x0000000fe3dfa230:   0000000000000000 00007ffb3f1c0d78
0x0000000fe3dfa240:   0000012815dda110 0000012819457748
0x0000000fe3dfa250:   0000000000000000 0000000fe3dfa360
0x0000000fe3dfa260:   0000000fe3dfa690 00007ffb3f0fb7fa
0x0000000fe3dfa270:   0000012815dd77f8 0000012819457748
0x0000000fe3dfa280:   0000000000000001 0000000fe3dfa690
0x0000000fe3dfa290:   0000000000000001 0000000fe3dfa380
0x0000000fe3dfa2a0:   00000128174146a0 00007ffb3f0fb444
0x0000000fe3dfa2b0:   000000000000000c 0000000000000111
0x0000000fe3dfa2c0:   0000012817417060 0000012815d30b30
0x0000000fe3dfa2d0:   0000000000000000 0000012815d30b60
0x0000000fe3dfa2e0:   0000012817202578 0000000fe3dfa410
0x0000000fe3dfa2f0:   0000000000078100 0000012876300950
0x0000000fe3dfa300:   0000000000000001 00007ffb3f0fa688 

Instructions: (pc=0x00007ffb3f1d262d)
0x00007ffb3f1d252d:   d3 49 8b c9 e9 aa d8 ff ff c3 cc cc cc cc cc cc
0x00007ffb3f1d253d:   cc cc cc 48 89 5c 24 08 57 48 83 ec 20 65 48 8b
0x00007ffb3f1d254d:   04 25 58 00 00 00 48 8b d9 8b 15 5c d4 56 00 48
0x00007ffb3f1d255d:   8b 3c d0 b8 50 00 00 00 80 3c 38 00 75 05 e8 60
0x00007ffb3f1d256d:   b5 23 00 b8 20 00 00 00 48 8b 04 38 48 8b 88 d0
0x00007ffb3f1d257d:   04 00 00 48 8b 81 80 00 00 00 48 3b 98 d8 02 00
0x00007ffb3f1d258d:   00 75 15 33 c0 48 89 43 20 48 89 43 10 48 8b 5c
0x00007ffb3f1d259d:   24 30 48 83 c4 20 5f c3 48 83 7b 10 00 75 08 48
0x00007ffb3f1d25ad:   c7 43 10 ff ff ff ff 48 8b 5c 24 30 48 83 c4 20
0x00007ffb3f1d25bd:   5f c3 cc 8b 41 2c 83 e0 1f 3c 14 75 2d 66 0f 1f
0x00007ffb3f1d25cd:   44 00 00 83 79 18 02 75 21 8b 41 2c 83 e0 1f 3c
0x00007ffb3f1d25dd:   14 75 17 84 d2 74 06 83 79 40 00 75 0d 48 8b 41
0x00007ffb3f1d25ed:   08 48 8b 48 08 48 85 c9 75 d9 48 8b c1 c3 cc cc
0x00007ffb3f1d25fd:   cc cc cc 48 89 5c 24 08 48 89 6c 24 10 48 89 74
0x00007ffb3f1d260d:   24 18 57 48 83 ec 20 33 ed 48 8b f1 8b dd 39 59
0x00007ffb3f1d261d:   20 76 2b 48 8b 46 10 8b d3 48 8b 3c d0 48 8b cf
0x00007ffb3f1d262d:   48 8b 07 ff 50 10 84 c0 74 0d 48 3b fe 74 08 48
0x00007ffb3f1d263d:   85 ed 75 22 48 8b ef ff c3 3b 5e 20 72 d5 48 8b
0x00007ffb3f1d264d:   c5 48 8b 5c 24 30 48 8b 6c 24 38 48 8b 74 24 40
0x00007ffb3f1d265d:   48 83 c4 20 5f c3 33 c0 eb e7 cc cc cc cc cc cc
0x00007ffb3f1d266d:   cc cc cc 44 8b 41 18 33 c0 45 85 c0 74 2a 4c 8b
0x00007ffb3f1d267d:   51 10 90 44 8b c8 49 39 14 c2 74 08 ff c0 41 3b
0x00007ffb3f1d268d:   c0 72 f0 c3 41 3b c0 73 0f 41 8d 40 ff 89 41 18
0x00007ffb3f1d269d:   49 8b 0c c2 4b 89 0c ca c3 cc cc cc cc cc cc cc
0x00007ffb3f1d26ad:   cc cc cc b8 02 00 00 00 f0 0f c1 05 e3 35 54 00
0x00007ffb3f1d26bd:   83 c0 02 89 01 48 8b 05 cf 35 54 00 48 89 41 08
0x00007ffb3f1d26cd:   48 8b c1 c3 cc cc cc cc cc cc cc cc cc cc cc cc
0x00007ffb3f1d26dd:   cc cc cc 40 53 48 83 ec 20 48 8b d9 e8 72 f4 18
0x00007ffb3f1d26ed:   00 33 c9 c7 83 90 02 00 00 ff ff ff ff 48 8d 05
0x00007ffb3f1d26fd:   a7 fd 34 00 48 89 8b 80 02 00 00 48 89 03 48 8d
0x00007ffb3f1d270d:   05 7e fe 34 00 48 89 03 48 8b c3 48 89 8b 78 02
0x00007ffb3f1d271d:   00 00 48 89 8b 88 02 00 00 48 83 c4 20 5b c3 cc 


Stack slot to memory mapping:
stack at sp + 0 slots: 0x0000000fe3dfa690 is pointing into the stack for thread: 0x0000012817a71ec0
stack at sp + 1 slots: 0x00007ffb3f0fcafd jvm.dll
stack at sp + 2 slots: 0x0 is NULL
stack at sp + 3 slots: 0x00000128174146a0 points into unknown readable memory: 0x00007ffb3f4910e0 | e0 10 49 3f fb 7f 00 00
stack at sp + 4 slots: 0x0 is NULL
stack at sp + 5 slots: 0x00007ffb3f1c0d78 jvm.dll
stack at sp + 6 slots: 0x0000012815dda110 points into unknown readable memory: 0x00007ffb3f495e08 | 08 5e 49 3f fb 7f 00 00
stack at sp + 7 slots: 0x0000012819457748 points into unknown readable memory: 0x00007ffb3f495d38 | 38 5d 49 3f fb 7f 00 00


---------------  P R O C E S S  ---------------

Threads class SMR info:
_java_thread_list=0x000001281b38f540, length=13, elements={
0x00000128762e8e00, 0x000001287f79e9e0, 0x000001281541cd40, 0x0000012815474270,
0x0000012815499960, 0x0000012815475040, 0x000001281548f5c0, 0x00000128154901b0,
0x0000012815493270, 0x00000128154a8880, 0x00000128156175d0, 0x0000012815632010,
0x0000012817a71ec0
}

Java Threads: ( => current thread )
  0x00000128762e8e00 JavaThread "main" [_thread_in_Java, id=5260, stack(0x0000000fe2200000,0x0000000fe2300000)]
  0x000001287f79e9e0 JavaThread "Reference Handler" daemon [_thread_blocked, id=9400, stack(0x0000000fe2900000,0x0000000fe2a00000)]
  0x000001281541cd40 JavaThread "Finalizer" daemon [_thread_blocked, id=6424, stack(0x0000000fe2a00000,0x0000000fe2b00000)]
  0x0000012815474270 JavaThread "Signal Dispatcher" daemon [_thread_blocked, id=3692, stack(0x0000000fe2b00000,0x0000000fe2c00000)]
  0x0000012815499960 JavaThread "Attach Listener" daemon [_thread_blocked, id=15532, stack(0x0000000fe2c00000,0x0000000fe2d00000)]
  0x0000012815475040 JavaThread "Service Thread" daemon [_thread_blocked, id=13012, stack(0x0000000fe2d00000,0x0000000fe2e00000)]
  0x000001281548f5c0 JavaThread "Monitor Deflation Thread" daemon [_thread_blocked, id=15368, stack(0x0000000fe2e00000,0x0000000fe2f00000)]
  0x00000128154901b0 JavaThread "C2 CompilerThread0" daemon [_thread_blocked, id=14196, stack(0x0000000fe2f00000,0x0000000fe3000000)]
  0x0000012815493270 JavaThread "C1 CompilerThread0" daemon [_thread_blocked, id=14592, stack(0x0000000fe3000000,0x0000000fe3100000)]
  0x00000128154a8880 JavaThread "Sweeper thread" daemon [_thread_blocked, id=5464, stack(0x0000000fe3100000,0x0000000fe3200000)]
  0x00000128156175d0 JavaThread "Notification Thread" daemon [_thread_blocked, id=5860, stack(0x0000000fe3200000,0x0000000fe3300000)]
  0x0000012815632010 JavaThread "Common-Cleaner" daemon [_thread_blocked, id=11172, stack(0x0000000fe3400000,0x0000000fe3500000)]
=>0x0000012817a71ec0 JavaThread "C2 CompilerThread1" daemon [_thread_in_native, id=14860, stack(0x0000000fe3d00000,0x0000000fe3e00000)]

Other Threads:
  0x000001287f79ddf0 VMThread "VM Thread" [stack: 0x0000000fe2800000,0x0000000fe2900000] [id=9668]
  0x000001281561bec0 WatcherThread [stack: 0x0000000fe3300000,0x0000000fe3400000] [id=10256]
  0x0000012876351ab0 GCTaskThread "GC Thread#0" [stack: 0x0000000fe2300000,0x0000000fe2400000] [id=14948]
  0x0000012815c3a180 GCTaskThread "GC Thread#1" [stack: 0x0000000fe3500000,0x0000000fe3600000] [id=14456]
  0x0000012815c1ac90 GCTaskThread "GC Thread#2" [stack: 0x0000000fe3600000,0x0000000fe3700000] [id=16416]
  0x0000012815c1af40 GCTaskThread "GC Thread#3" [stack: 0x0000000fe3700000,0x0000000fe3800000] [id=2860]
  0x0000012815c1b1f0 GCTaskThread "GC Thread#4" [stack: 0x0000000fe3800000,0x0000000fe3900000] [id=8500]
  0x0000012815e60690 GCTaskThread "GC Thread#5" [stack: 0x0000000fe3900000,0x0000000fe3a00000] [id=12152]
  0x0000012816036470 GCTaskThread "GC Thread#6" [stack: 0x0000000fe3a00000,0x0000000fe3b00000] [id=10940]
  0x0000012816e90070 GCTaskThread "GC Thread#7" [stack: 0x0000000fe3b00000,0x0000000fe3c00000] [id=7108]
  0x00000128763618f0 ConcurrentGCThread "G1 Main Marker" [stack: 0x0000000fe2400000,0x0000000fe2500000] [id=14848]
  0x0000012876362aa0 ConcurrentGCThread "G1 Conc#0" [stack: 0x0000000fe2500000,0x0000000fe2600000] [id=9288]
  0x0000012816e90320 ConcurrentGCThread "G1 Conc#1" [stack: 0x0000000fe3c00000,0x0000000fe3d00000] [id=11936]
  0x00000128763ae7c0 ConcurrentGCThread "G1 Refine#0" [stack: 0x0000000fe2600000,0x0000000fe2700000] [id=4700]
  0x000001281bb39a60 ConcurrentGCThread "G1 Refine#1" [stack: 0x0000000fe3f00000,0x0000000fe4000000] [id=6620]
  0x000001287f60a260 ConcurrentGCThread "G1 Service" [stack: 0x0000000fe2700000,0x0000000fe2800000] [id=16576]

Threads with active compile tasks:
C2 CompilerThread1    18184 9202       4       org.jetbrains.kotlin.load.kotlin.TypeSignatureMappingKt::mapBuiltInType (339 bytes)

VM state: not at safepoint (normal execution)

VM Mutex/Monitor currently owned by a thread: None

Heap address: 0x0000000711000000, size: 3824 MB, Compressed Oops mode: Zero based, Oop shift amount: 3

CDS archive(s) not mapped
Compressed class space mapped at: 0x0000000800000000-0x0000000840000000, reserved size: 1073741824
Narrow klass base: 0x0000000800000000, Narrow klass shift: 0, Narrow klass range: 0x40000000

GC Precious Log:
 CPUs: 8 total, 8 available
 Memory: 15295M
 Large Page Support: Disabled
 NUMA Support: Disabled
 Compressed Oops: Enabled (Zero based)
 Heap Region Size: 2M
 Heap Min Capacity: 8M
 Heap Initial Capacity: 240M
 Heap Max Capacity: 3824M
 Pre-touch: Disabled
 Parallel Workers: 8
 Concurrent Workers: 2
 Concurrent Refinement Workers: 8
 Periodic GC: Disabled

Heap:
 garbage-first heap   total 147456K, used 101922K [0x0000000711000000, 0x0000000800000000)
  region size 2048K, 26 young (53248K), 4 survivors (8192K)
 Metaspace       used 74593K, committed 75008K, reserved 1122304K
  class space    used 8658K, committed 8832K, reserved 1048576K

Heap Regions: E=young(eden), S=young(survivor), O=old, HS=humongous(starts), HC=humongous(continues), CS=collection set, F=free, OA=open archive, CA=closed archive, TAMS=top-at-mark-start (previous, next)
|   0|0x0000000711000000, 0x0000000711200000, 0x0000000711200000|100%|HS|  |TAMS 0x0000000711200000, 0x0000000711000000| Complete 
|   1|0x0000000711200000, 0x0000000711400000, 0x0000000711400000|100%|HC|  |TAMS 0x0000000711400000, 0x0000000711200000| Complete 
|   2|0x0000000711400000, 0x0000000711600000, 0x0000000711600000|100%|HS|  |TAMS 0x0000000711600000, 0x0000000711400000| Complete 
|   3|0x0000000711600000, 0x0000000711800000, 0x0000000711800000|100%|HC|  |TAMS 0x0000000711800000, 0x0000000711600000| Complete 
|   4|0x0000000711800000, 0x0000000711a00000, 0x0000000711a00000|100%| O|  |TAMS 0x0000000711a00000, 0x0000000711800000| Untracked 
|   5|0x0000000711a00000, 0x0000000711c00000, 0x0000000711c00000|100%|HS|  |TAMS 0x0000000711c00000, 0x0000000711a00000| Complete 
|   6|0x0000000711c00000, 0x0000000711e00000, 0x0000000711e00000|100%| O|  |TAMS 0x0000000711e00000, 0x0000000711c00000| Untracked 
|   7|0x0000000711e00000, 0x0000000712000000, 0x0000000712000000|100%| O|  |TAMS 0x0000000712000000, 0x0000000711e00000| Untracked 
|   8|0x0000000712000000, 0x0000000712200000, 0x0000000712200000|100%| O|  |TAMS 0x0000000712200000, 0x0000000712000000| Untracked 
|   9|0x0000000712200000, 0x0000000712400000, 0x0000000712400000|100%| O|  |TAMS 0x0000000712400000, 0x0000000712200000| Untracked 
|  10|0x0000000712400000, 0x0000000712600000, 0x0000000712600000|100%| O|  |TAMS 0x0000000712600000, 0x0000000712400000| Untracked 
|  11|0x0000000712600000, 0x0000000712800000, 0x0000000712800000|100%| O|  |TAMS 0x0000000712800000, 0x0000000712600000| Untracked 
|  12|0x0000000712800000, 0x0000000712a00000, 0x0000000712a00000|100%| O|  |TAMS 0x0000000712a00000, 0x0000000712800000| Untracked 
|  13|0x0000000712a00000, 0x0000000712c00000, 0x0000000712c00000|100%| O|  |TAMS 0x0000000712c00000, 0x0000000712a00000| Untracked 
|  14|0x0000000712c00000, 0x0000000712e00000, 0x0000000712e00000|100%| O|  |TAMS 0x0000000712e00000, 0x0000000712c00000| Untracked 
|  15|0x0000000712e00000, 0x0000000713000000, 0x0000000713000000|100%| O|  |TAMS 0x0000000713000000, 0x0000000712e00000| Untracked 
|  16|0x0000000713000000, 0x0000000713200000, 0x0000000713200000|100%| O|  |TAMS 0x0000000713200000, 0x0000000713000000| Untracked 
|  17|0x0000000713200000, 0x0000000713400000, 0x0000000713400000|100%| O|  |TAMS 0x0000000713400000, 0x0000000713200000| Untracked 
|  18|0x0000000713400000, 0x0000000713600000, 0x0000000713600000|100%| O|  |TAMS 0x0000000713600000, 0x0000000713400000| Untracked 
|  19|0x0000000713600000, 0x0000000713800000, 0x0000000713800000|100%| O|  |TAMS 0x0000000713800000, 0x0000000713600000| Untracked 
|  20|0x0000000713800000, 0x0000000713a00000, 0x0000000713a00000|100%| O|  |TAMS 0x0000000713979800, 0x0000000713800000| Untracked 
|  21|0x0000000713a00000, 0x0000000713c00000, 0x0000000713c00000|100%| O|  |TAMS 0x0000000713a00000, 0x0000000713a00000| Untracked 
|  22|0x0000000713c00000, 0x0000000713e00000, 0x0000000713e00000|100%| O|  |TAMS 0x0000000713c00000, 0x0000000713c00000| Untracked 
|  23|0x0000000713e00000, 0x0000000714000000, 0x0000000714000000|100%| O|  |TAMS 0x0000000713e00000, 0x0000000713e00000| Untracked 
|  24|0x0000000714000000, 0x0000000714200000, 0x0000000714200000|100%| O|  |TAMS 0x0000000714000000, 0x0000000714000000| Untracked 
|  25|0x0000000714200000, 0x0000000714388a00, 0x0000000714400000| 76%| O|  |TAMS 0x0000000714200000, 0x0000000714200000| Untracked 
|  26|0x0000000714400000, 0x0000000714400000, 0x0000000714600000|  0%| F|  |TAMS 0x0000000714400000, 0x0000000714400000| Untracked 
|  27|0x0000000714600000, 0x0000000714600000, 0x0000000714800000|  0%| F|  |TAMS 0x0000000714600000, 0x0000000714600000| Untracked 
|  28|0x0000000714800000, 0x0000000714800000, 0x0000000714a00000|  0%| F|  |TAMS 0x0000000714800000, 0x0000000714800000| Untracked 
|  29|0x0000000714a00000, 0x0000000714a00000, 0x0000000714c00000|  0%| F|  |TAMS 0x0000000714a00000, 0x0000000714a00000| Untracked 
|  30|0x0000000714c00000, 0x0000000714c00000, 0x0000000714e00000|  0%| F|  |TAMS 0x0000000714c00000, 0x0000000714c00000| Untracked 
|  31|0x0000000714e00000, 0x0000000714e00000, 0x0000000715000000|  0%| F|  |TAMS 0x0000000714e00000, 0x0000000714e00000| Untracked 
|  32|0x0000000715000000, 0x0000000715000000, 0x0000000715200000|  0%| F|  |TAMS 0x0000000715000000, 0x0000000715000000| Untracked 
|  33|0x0000000715200000, 0x0000000715200000, 0x0000000715400000|  0%| F|  |TAMS 0x0000000715200000, 0x0000000715200000| Untracked 
|  34|0x0000000715400000, 0x0000000715400000, 0x0000000715600000|  0%| F|  |TAMS 0x0000000715400000, 0x0000000715400000| Untracked 
|  35|0x0000000715600000, 0x0000000715600000, 0x0000000715800000|  0%| F|  |TAMS 0x0000000715600000, 0x0000000715600000| Untracked 
|  36|0x0000000715800000, 0x0000000715800000, 0x0000000715a00000|  0%| F|  |TAMS 0x0000000715800000, 0x0000000715800000| Untracked 
|  37|0x0000000715a00000, 0x0000000715a00000, 0x0000000715c00000|  0%| F|  |TAMS 0x0000000715a00000, 0x0000000715a00000| Untracked 
|  38|0x0000000715c00000, 0x0000000715c00000, 0x0000000715e00000|  0%| F|  |TAMS 0x0000000715c00000, 0x0000000715c00000| Untracked 
|  39|0x0000000715e00000, 0x0000000716000000, 0x0000000716000000|100%| S|CS|TAMS 0x0000000715e00000, 0x0000000715e00000| Complete 
|  40|0x0000000716000000, 0x0000000716200000, 0x0000000716200000|100%| S|CS|TAMS 0x0000000716000000, 0x0000000716000000| Complete 
|  41|0x0000000716200000, 0x0000000716400000, 0x0000000716400000|100%| S|CS|TAMS 0x0000000716200000, 0x0000000716200000| Complete 
|  42|0x0000000716400000, 0x0000000716600000, 0x0000000716600000|100%| S|CS|TAMS 0x0000000716400000, 0x0000000716400000| Complete 
|  43|0x0000000716600000, 0x0000000716600000, 0x0000000716800000|  0%| F|  |TAMS 0x0000000716600000, 0x0000000716600000| Untracked 
|  44|0x0000000716800000, 0x0000000716800000, 0x0000000716a00000|  0%| F|  |TAMS 0x0000000716800000, 0x0000000716800000| Untracked 
|  45|0x0000000716a00000, 0x0000000716a00000, 0x0000000716c00000|  0%| F|  |TAMS 0x0000000716a00000, 0x0000000716a00000| Untracked 
|  46|0x0000000716c00000, 0x0000000716c00000, 0x0000000716e00000|  0%| F|  |TAMS 0x0000000716c00000, 0x0000000716c00000| Untracked 
|  47|0x0000000716e00000, 0x0000000716e00000, 0x0000000717000000|  0%| F|  |TAMS 0x0000000716e00000, 0x0000000716e00000| Untracked 
|  48|0x0000000717000000, 0x0000000717000000, 0x0000000717200000|  0%| F|  |TAMS 0x0000000717000000, 0x0000000717000000| Untracked 
|  49|0x0000000717200000, 0x00000007172ffa90, 0x0000000717400000| 49%| E|  |TAMS 0x0000000717200000, 0x0000000717200000| Complete 
|  50|0x0000000717400000, 0x0000000717600000, 0x0000000717600000|100%| E|CS|TAMS 0x0000000717400000, 0x0000000717400000| Complete 
|  51|0x0000000717600000, 0x0000000717800000, 0x0000000717800000|100%| E|CS|TAMS 0x0000000717600000, 0x0000000717600000| Complete 
|  52|0x0000000717800000, 0x0000000717a00000, 0x0000000717a00000|100%| E|CS|TAMS 0x0000000717800000, 0x0000000717800000| Complete 
|  53|0x0000000717a00000, 0x0000000717c00000, 0x0000000717c00000|100%| E|CS|TAMS 0x0000000717a00000, 0x0000000717a00000| Complete 
|  54|0x0000000717c00000, 0x0000000717e00000, 0x0000000717e00000|100%| E|CS|TAMS 0x0000000717c00000, 0x0000000717c00000| Complete 
|  55|0x0000000717e00000, 0x0000000718000000, 0x0000000718000000|100%| E|CS|TAMS 0x0000000717e00000, 0x0000000717e00000| Complete 
|  56|0x0000000718000000, 0x0000000718200000, 0x0000000718200000|100%| E|CS|TAMS 0x0000000718000000, 0x0000000718000000| Complete 
|  57|0x0000000718200000, 0x0000000718400000, 0x0000000718400000|100%| E|CS|TAMS 0x0000000718200000, 0x0000000718200000| Complete 
|  58|0x0000000718400000, 0x0000000718600000, 0x0000000718600000|100%| E|  |TAMS 0x0000000718400000, 0x0000000718400000| Complete 
|  59|0x0000000718600000, 0x0000000718800000, 0x0000000718800000|100%| E|CS|TAMS 0x0000000718600000, 0x0000000718600000| Complete 
|  60|0x0000000718800000, 0x0000000718a00000, 0x0000000718a00000|100%| E|CS|TAMS 0x0000000718800000, 0x0000000718800000| Complete 
|  61|0x0000000718a00000, 0x0000000718c00000, 0x0000000718c00000|100%| E|CS|TAMS 0x0000000718a00000, 0x0000000718a00000| Complete 
|  62|0x0000000718c00000, 0x0000000718e00000, 0x0000000718e00000|100%| E|CS|TAMS 0x0000000718c00000, 0x0000000718c00000| Complete 
|  63|0x0000000718e00000, 0x0000000719000000, 0x0000000719000000|100%| E|CS|TAMS 0x0000000718e00000, 0x0000000718e00000| Complete 
|  64|0x0000000719000000, 0x0000000719200000, 0x0000000719200000|100%| E|CS|TAMS 0x0000000719000000, 0x0000000719000000| Complete 
|  65|0x0000000719200000, 0x0000000719400000, 0x0000000719400000|100%| E|CS|TAMS 0x0000000719200000, 0x0000000719200000| Complete 
|  66|0x0000000719400000, 0x0000000719600000, 0x0000000719600000|100%| E|CS|TAMS 0x0000000719400000, 0x0000000719400000| Complete 
| 114|0x000000071f400000, 0x000000071f600000, 0x000000071f600000|100%| E|CS|TAMS 0x000000071f400000, 0x000000071f400000| Complete 
| 115|0x000000071f600000, 0x000000071f800000, 0x000000071f800000|100%| E|CS|TAMS 0x000000071f600000, 0x000000071f600000| Complete 
| 116|0x000000071f800000, 0x000000071fa00000, 0x000000071fa00000|100%| E|CS|TAMS 0x000000071f800000, 0x000000071f800000| Complete 
| 117|0x000000071fa00000, 0x000000071fc00000, 0x000000071fc00000|100%| E|CS|TAMS 0x000000071fa00000, 0x000000071fa00000| Complete 
| 119|0x000000071fe00000, 0x0000000720000000, 0x0000000720000000|100%| E|CS|TAMS 0x000000071fe00000, 0x000000071fe00000| Complete 

Card table byte_map: [0x000001287a260000,0x000001287a9e0000] _byte_map_base: 0x00000128769d8000

Marking Bits (Prev, Next): (CMBitMap*) 0x0000012876352100, (CMBitMap*) 0x00000128763520c0
 Prev Bits: [0x000001280f000000, 0x0000012812bc0000)
 Next Bits: [0x000001287b160000, 0x000001287ed20000)

Polling page: 0x0000012875ab0000

Metaspace:

Usage:
  Non-class:     64.40 MB used.
      Class:      8.46 MB used.
       Both:     72.85 MB used.

Virtual space:
  Non-class space:       72.00 MB reserved,      64.62 MB ( 90%) committed,  9 nodes.
      Class space:        1.00 GB reserved,       8.62 MB ( <1%) committed,  1 nodes.
             Both:        1.07 GB reserved,      73.25 MB (  7%) committed. 

Chunk freelists:
   Non-Class:  2.59 MB
       Class:  3.39 MB
        Both:  5.98 MB

MaxMetaspaceSize: unlimited
CompressedClassSpaceSize: 1.00 GB
Initial GC threshold: 21.00 MB
Current GC threshold: 98.25 MB
CDS: off
MetaspaceReclaimPolicy: balanced
 - commit_granule_bytes: 65536.
 - commit_granule_words: 8192.
 - virtual_space_node_default_size: 1048576.
 - enlarge_chunks_in_place: 1.
 - new_chunks_are_fully_committed: 0.
 - uncommit_free_chunks: 1.
 - use_allocation_guard: 0.
 - handle_deallocations: 1.


Internal statistics:

num_allocs_failed_limit: 9.
num_arena_births: 402.
num_arena_deaths: 0.
num_vsnodes_births: 10.
num_vsnodes_deaths: 0.
num_space_committed: 1170.
num_space_uncommitted: 0.
num_chunks_returned_to_freelist: 9.
num_chunks_taken_from_freelist: 2707.
num_chunk_merges: 9.
num_chunk_splits: 2189.
num_chunks_enlarged: 1909.
num_purges: 0.
num_inconsistent_stats: 0.

CodeHeap 'non-profiled nmethods': size=120000Kb used=4056Kb max_used=4056Kb free=115943Kb
 bounds [0x0000012807ad0000, 0x0000012807ed0000, 0x000001280f000000]
CodeHeap 'profiled nmethods': size=120000Kb used=20795Kb max_used=20795Kb free=99205Kb
 bounds [0x0000012800000000, 0x0000012801460000, 0x0000012807530000]
CodeHeap 'non-nmethods': size=5760Kb used=1402Kb max_used=1427Kb free=4357Kb
 bounds [0x0000012807530000, 0x00000128077a0000, 0x0000012807ad0000]
 total_blobs=9122 nmethods=8394 adapters=636
 compilation: enabled
              stopped_count=0, restarted_count=0
 full_count=0

Compilation events (20 events):
Event: 18.070 Thread 0x0000012815493270 nmethod 9320 0x0000012801428610 code [0x00000128014287a0, 0x00000128014288c8]
Event: 18.070 Thread 0x0000012815493270 9323       3       org.jetbrains.kotlin.backend.jvm.JvmIrTypeSystemContext::isInlineClass (6 bytes)
Event: 18.071 Thread 0x0000012815493270 nmethod 9323 0x0000012801428990 code [0x0000012801428b20, 0x0000012801428c48]
Event: 18.071 Thread 0x0000012815493270 9324       3       org.jetbrains.kotlin.ir.types.IrTypeSystemContext$DefaultImpls::isInlineClass (55 bytes)
Event: 18.072 Thread 0x0000012815493270 nmethod 9324 0x0000012801428d10 code [0x0000012801429000, 0x000001280142a1d8]
Event: 18.072 Thread 0x0000012815493270 9290       3       org.jetbrains.kotlin.ir.declarations.lazy.IrLazyFunction$typeParameters$2::invoke (5 bytes)
Event: 18.072 Thread 0x0000012815493270 nmethod 9290 0x000001280142a690 code [0x000001280142a820, 0x000001280142a968]
Event: 18.072 Thread 0x0000012815493270 9291       3       org.jetbrains.kotlin.ir.declarations.lazy.IrLazyFunction$typeParameters$2::invoke (53 bytes)
Event: 18.074 Thread 0x0000012815493270 nmethod 9291 0x000001280142aa10 code [0x000001280142ace0, 0x000001280142ba48]
Event: 18.074 Thread 0x0000012815493270 9328       3       org.jetbrains.kotlin.backend.jvm.mapping.MethodSignatureMapper::mapSignature (573 bytes)
Event: 18.084 Thread 0x0000012815493270 nmethod 9328 0x000001280142bf90 code [0x000001280142c8e0, 0x00000128014326d8]
Event: 18.084 Thread 0x0000012815493270 9296       3       org.jetbrains.kotlin.types.checker.ClassicTypeSystemContext$DefaultImpls::getVariance (87 bytes)
Event: 18.085 Thread 0x00000128154901b0 nmethod 9247 0x0000012807ec1210 code [0x0000012807ec1520, 0x0000012807ec2cb0]
Event: 18.086 Thread 0x00000128154901b0 9317       4       java.util.ArrayList::toArray (57 bytes)
Event: 18.087 Thread 0x0000012815493270 nmethod 9296 0x0000012801434010 code [0x00000128014343a0, 0x0000012801435888]
Event: 18.087 Thread 0x0000012815493270 9300       3       org.jetbrains.kotlin.ir.types.IrTypeUtilsKt::isNullable (302 bytes)
Event: 18.090 Thread 0x0000012815493270 nmethod 9300 0x0000012801435f90 code [0x0000012801436400, 0x0000012801438fa8]
Event: 18.090 Thread 0x0000012815493270 9326       3       org.jetbrains.kotlin.backend.jvm.mapping.IrTypeCheckerContextForTypeMapping::isInlineClass (18 bytes)
Event: 18.091 Thread 0x0000012815493270 nmethod 9326 0x0000012801439910 code [0x0000012801439b20, 0x000001280143a1a8]
Event: 18.091 Thread 0x0000012815493270 9327       3       org.jetbrains.kotlin.types.AbstractTypeMapper::mapClassType (177 bytes)

GC Heap History (20 events):
Event: 4.466 GC heap before
{Heap before GC invocations=5 (full 0):
 garbage-first heap   total 49152K, used 29009K [0x0000000711000000, 0x0000000800000000)
  region size 2048K, 12 young (24576K), 5 survivors (10240K)
 Metaspace       used 31398K, committed 31616K, reserved 1081344K
  class space    used 3827K, committed 3904K, reserved 1048576K
}
Event: 4.484 GC heap after
{Heap after GC invocations=6 (full 0):
 garbage-first heap   total 49152K, used 18490K [0x0000000711000000, 0x0000000800000000)
  region size 2048K, 2 young (4096K), 2 survivors (4096K)
 Metaspace       used 31398K, committed 31616K, reserved 1081344K
  class space    used 3827K, committed 3904K, reserved 1048576K
}
Event: 5.020 GC heap before
{Heap before GC invocations=6 (full 0):
 garbage-first heap   total 49152K, used 34874K [0x0000000711000000, 0x0000000800000000)
  region size 2048K, 10 young (20480K), 2 survivors (4096K)
 Metaspace       used 33726K, committed 33984K, reserved 1081344K
  class space    used 4313K, committed 4416K, reserved 1048576K
}
Event: 5.036 GC heap after
{Heap after GC invocations=7 (full 0):
 garbage-first heap   total 49152K, used 24016K [0x0000000711000000, 0x0000000800000000)
  region size 2048K, 2 young (4096K), 2 survivors (4096K)
 Metaspace       used 33726K, committed 33984K, reserved 1081344K
  class space    used 4313K, committed 4416K, reserved 1048576K
}
Event: 5.293 GC heap before
{Heap before GC invocations=7 (full 0):
 garbage-first heap   total 49152K, used 32208K [0x0000000711000000, 0x0000000800000000)
  region size 2048K, 7 young (14336K), 2 survivors (4096K)
 Metaspace       used 35808K, committed 35968K, reserved 1081344K
  class space    used 4540K, committed 4608K, reserved 1048576K
}
Event: 5.307 GC heap after
{Heap after GC invocations=8 (full 0):
 garbage-first heap   total 49152K, used 25363K [0x0000000711000000, 0x0000000800000000)
  region size 2048K, 1 young (2048K), 1 survivors (2048K)
 Metaspace       used 35808K, committed 35968K, reserved 1081344K
  class space    used 4540K, committed 4608K, reserved 1048576K
}
Event: 5.689 GC heap before
{Heap before GC invocations=9 (full 0):
 garbage-first heap   total 49152K, used 33555K [0x0000000711000000, 0x0000000800000000)
  region size 2048K, 6 young (12288K), 1 survivors (2048K)
 Metaspace       used 37182K, committed 37376K, reserved 1089536K
  class space    used 4711K, committed 4800K, reserved 1048576K
}
Event: 5.694 GC heap after
{Heap after GC invocations=10 (full 0):
 garbage-first heap   total 49152K, used 24576K [0x0000000711000000, 0x0000000800000000)
  region size 2048K, 1 young (2048K), 1 survivors (2048K)
 Metaspace       used 37182K, committed 37376K, reserved 1089536K
  class space    used 4711K, committed 4800K, reserved 1048576K
}
Event: 5.793 GC heap before
{Heap before GC invocations=10 (full 0):
 garbage-first heap   total 49152K, used 24576K [0x0000000711000000, 0x0000000800000000)
  region size 2048K, 2 young (4096K), 1 survivors (2048K)
 Metaspace       used 37456K, committed 37632K, reserved 1089536K
  class space    used 4743K, committed 4800K, reserved 1048576K
}
Event: 5.808 GC heap after
{Heap after GC invocations=11 (full 0):
 garbage-first heap   total 147456K, used 25009K [0x0000000711000000, 0x0000000800000000)
  region size 2048K, 1 young (2048K), 1 survivors (2048K)
 Metaspace       used 37456K, committed 37632K, reserved 1089536K
  class space    used 4743K, committed 4800K, reserved 1048576K
}
Event: 8.568 GC heap before
{Heap before GC invocations=11 (full 0):
 garbage-first heap   total 147456K, used 94641K [0x0000000711000000, 0x0000000800000000)
  region size 2048K, 34 young (69632K), 1 survivors (2048K)
 Metaspace       used 51728K, committed 52032K, reserved 1097728K
  class space    used 6278K, committed 6400K, reserved 1048576K
}
Event: 8.590 GC heap after
{Heap after GC invocations=12 (full 0):
 garbage-first heap   total 147456K, used 34354K [0x0000000711000000, 0x0000000800000000)
  region size 2048K, 4 young (8192K), 4 survivors (8192K)
 Metaspace       used 51728K, committed 52032K, reserved 1097728K
  class space    used 6278K, committed 6400K, reserved 1048576K
}
Event: 10.478 GC heap before
{Heap before GC invocations=12 (full 0):
 garbage-first heap   total 147456K, used 101938K [0x0000000711000000, 0x0000000800000000)
  region size 2048K, 37 young (75776K), 4 survivors (8192K)
 Metaspace       used 54648K, committed 54976K, reserved 1097728K
  class space    used 6497K, committed 6656K, reserved 1048576K
}
Event: 10.517 GC heap after
{Heap after GC invocations=13 (full 0):
 garbage-first heap   total 147456K, used 42753K [0x0000000711000000, 0x0000000800000000)
  region size 2048K, 5 young (10240K), 5 survivors (10240K)
 Metaspace       used 54648K, committed 54976K, reserved 1097728K
  class space    used 6497K, committed 6656K, reserved 1048576K
}
Event: 12.721 GC heap before
{Heap before GC invocations=13 (full 0):
 garbage-first heap   total 147456K, used 104193K [0x0000000711000000, 0x0000000800000000)
  region size 2048K, 35 young (71680K), 5 survivors (10240K)
 Metaspace       used 58461K, committed 58752K, reserved 1105920K
  class space    used 6867K, committed 6976K, reserved 1048576K
}
Event: 12.744 GC heap after
{Heap after GC invocations=14 (full 0):
 garbage-first heap   total 147456K, used 51151K [0x0000000711000000, 0x0000000800000000)
  region size 2048K, 5 young (10240K), 5 survivors (10240K)
 Metaspace       used 58461K, committed 58752K, reserved 1105920K
  class space    used 6867K, committed 6976K, reserved 1048576K
}
Event: 13.224 GC heap before
{Heap before GC invocations=14 (full 0):
 garbage-first heap   total 147456K, used 61391K [0x0000000711000000, 0x0000000800000000)
  region size 2048K, 11 young (22528K), 5 survivors (10240K)
 Metaspace       used 59860K, committed 60096K, reserved 1105920K
  class space    used 7032K, committed 7168K, reserved 1048576K
}
Event: 13.246 GC heap after
{Heap after GC invocations=15 (full 0):
 garbage-first heap   total 147456K, used 52784K [0x0000000711000000, 0x0000000800000000)
  region size 2048K, 1 young (2048K), 1 survivors (2048K)
 Metaspace       used 59860K, committed 60096K, reserved 1105920K
  class space    used 7032K, committed 7168K, reserved 1048576K
}
Event: 16.354 GC heap before
{Heap before GC invocations=16 (full 0):
 garbage-first heap   total 147456K, used 110128K [0x0000000711000000, 0x0000000800000000)
  region size 2048K, 29 young (59392K), 1 survivors (2048K)
 Metaspace       used 67126K, committed 67392K, reserved 1114112K
  class space    used 7806K, committed 7936K, reserved 1048576K
}
Event: 16.374 GC heap after
{Heap after GC invocations=17 (full 0):
 garbage-first heap   total 147456K, used 60962K [0x0000000711000000, 0x0000000800000000)
  region size 2048K, 4 young (8192K), 4 survivors (8192K)
 Metaspace       used 67126K, committed 67392K, reserved 1114112K
  class space    used 7806K, committed 7936K, reserved 1048576K
}

Dll operation events (2 events):
Event: 0.015 Loaded shared library D:\Program Files\Android\Android Studio1\jbr\bin\java.dll
Event: 2.460 Loaded shared library D:\Program Files\Android\Android Studio1\jbr\bin\verify.dll

Deoptimization events (20 events):
Event: 17.611 Thread 0x00000128762e8e00 Uncommon trap: trap_request=0xffffffde fr.pc=0x0000012807c15008 relative=0x0000000000000648
Event: 17.611 Thread 0x00000128762e8e00 Uncommon trap: reason=class_check action=maybe_recompile pc=0x0000012807c15008 method=java.lang.AbstractStringBuilder.append(Ljava/lang/CharSequence;)Ljava/lang/AbstractStringBuilder; @ 10 c2
Event: 17.612 Thread 0x00000128762e8e00 DEOPT PACKING pc=0x0000012807c15008 sp=0x0000000fe22fd100
Event: 17.612 Thread 0x00000128762e8e00 DEOPT UNPACKING pc=0x00000128075869a3 sp=0x0000000fe22fd0f0 mode 2
Event: 18.083 Thread 0x00000128762e8e00 Uncommon trap: trap_request=0xffffffde fr.pc=0x0000012807e884fc relative=0x000000000000141c
Event: 18.083 Thread 0x00000128762e8e00 Uncommon trap: reason=class_check action=maybe_recompile pc=0x0000012807e884fc method=org.jetbrains.kotlin.ir.declarations.IrFunction.transformChildren(Lorg/jetbrains/kotlin/ir/visitors/IrElementTransformer;Ljava/lang/Object;)V @ 87 c2
Event: 18.083 Thread 0x00000128762e8e00 DEOPT PACKING pc=0x0000012807e884fc sp=0x0000000fe22fc9a0
Event: 18.083 Thread 0x00000128762e8e00 DEOPT UNPACKING pc=0x00000128075869a3 sp=0x0000000fe22fc9b0 mode 2
Event: 18.085 Thread 0x00000128762e8e00 Uncommon trap: trap_request=0xffffffde fr.pc=0x0000012807e884fc relative=0x000000000000141c
Event: 18.085 Thread 0x00000128762e8e00 Uncommon trap: reason=class_check action=maybe_recompile pc=0x0000012807e884fc method=org.jetbrains.kotlin.ir.declarations.IrFunction.transformChildren(Lorg/jetbrains/kotlin/ir/visitors/IrElementTransformer;Ljava/lang/Object;)V @ 87 c2
Event: 18.085 Thread 0x00000128762e8e00 DEOPT PACKING pc=0x0000012807e884fc sp=0x0000000fe22fc9a0
Event: 18.085 Thread 0x00000128762e8e00 DEOPT UNPACKING pc=0x00000128075869a3 sp=0x0000000fe22fc9b0 mode 2
Event: 18.086 Thread 0x00000128762e8e00 Uncommon trap: trap_request=0xffffffde fr.pc=0x0000012807e884fc relative=0x000000000000141c
Event: 18.086 Thread 0x00000128762e8e00 Uncommon trap: reason=class_check action=maybe_recompile pc=0x0000012807e884fc method=org.jetbrains.kotlin.ir.declarations.IrFunction.transformChildren(Lorg/jetbrains/kotlin/ir/visitors/IrElementTransformer;Ljava/lang/Object;)V @ 87 c2
Event: 18.086 Thread 0x00000128762e8e00 DEOPT PACKING pc=0x0000012807e884fc sp=0x0000000fe22fbe60
Event: 18.086 Thread 0x00000128762e8e00 DEOPT UNPACKING pc=0x00000128075869a3 sp=0x0000000fe22fbe70 mode 2
Event: 18.088 Thread 0x00000128762e8e00 Uncommon trap: trap_request=0xffffffde fr.pc=0x0000012807e884fc relative=0x000000000000141c
Event: 18.088 Thread 0x00000128762e8e00 Uncommon trap: reason=class_check action=maybe_recompile pc=0x0000012807e884fc method=org.jetbrains.kotlin.ir.declarations.IrFunction.transformChildren(Lorg/jetbrains/kotlin/ir/visitors/IrElementTransformer;Ljava/lang/Object;)V @ 87 c2
Event: 18.088 Thread 0x00000128762e8e00 DEOPT PACKING pc=0x0000012807e884fc sp=0x0000000fe22fbe60
Event: 18.088 Thread 0x00000128762e8e00 DEOPT UNPACKING pc=0x00000128075869a3 sp=0x0000000fe22fbe70 mode 2

Classes unloaded (0 events):
No events

Classes redefined (0 events):
No events

Internal exceptions (20 events):
Event: 7.225 Thread 0x00000128762e8e00 Exception <a 'java/lang/NoSuchMethodError'{0x0000000717df60c8}: 'java.lang.Object java.lang.invoke.DirectMethodHandle$Holder.invokeSpecial(java.lang.Object, java.lang.Object, java.lang.Object, java.lang.Object, int)'> (0x0000000717df60c8) 
thrown [s\src\hotspot\share\interpreter\linkResolver.cpp, line 771]
Event: 7.226 Thread 0x00000128762e8e00 Exception <a 'java/lang/NoSuchMethodError'{0x0000000717df9f38}: 'java.lang.Object java.lang.invoke.Invokers$Holder.linkToTargetMethod(java.lang.Object, java.lang.Object, int, java.lang.Object)'> (0x0000000717df9f38) 
thrown [s\src\hotspot\share\interpreter\linkResolver.cpp, line 771]
Event: 8.652 Thread 0x00000128762e8e00 Exception <a 'java/lang/NoSuchMethodError'{0x000000071fa8cba8}: 'java.lang.Object java.lang.invoke.DirectMethodHandle$Holder.invokeStaticInit(java.lang.Object, java.lang.Object, java.lang.Object)'> (0x000000071fa8cba8) 
thrown [s\src\hotspot\share\interpreter\linkResolver.cpp, line 771]
Event: 10.005 Thread 0x00000128762e8e00 Exception <a 'java/lang/NoSuchMethodError'{0x0000000716ae7900}: 'java.lang.Object java.lang.invoke.DirectMethodHandle$Holder.newInvokeSpecial(java.lang.Object, int, java.lang.Object)'> (0x0000000716ae7900) 
thrown [s\src\hotspot\share\interpreter\linkResolver.cpp, line 771]
Event: 10.008 Thread 0x00000128762e8e00 Exception <a 'java/lang/NoSuchMethodError'{0x0000000716aedca8}: 'int java.lang.invoke.DirectMethodHandle$Holder.invokeInterface(java.lang.Object, java.lang.Object)'> (0x0000000716aedca8) 
thrown [s\src\hotspot\share\interpreter\linkResolver.cpp, line 771]
Event: 10.032 Thread 0x00000128762e8e00 Implicit null exception at 0x0000012807b286ef to 0x0000012807b288e0
Event: 10.032 Thread 0x00000128762e8e00 Implicit null exception at 0x0000012807bf058f to 0x0000012807bf0609
Event: 10.276 Thread 0x00000128762e8e00 Exception <a 'java/lang/NoSuchMethodError'{0x0000000716065228}: 'java.lang.Object java.lang.invoke.DirectMethodHandle$Holder.newInvokeSpecial(java.lang.Object, java.lang.Object, java.lang.Object, java.lang.Object, java.lang.Object, java.lang.Object)'> (0x0000000716065228) 
thrown [s\src\hotspot\share\interpreter\linkResolver.cpp, line 771]
Event: 10.286 Thread 0x00000128762e8e00 Exception <a 'java/lang/NoSuchMethodError'{0x00000007160d1f00}: 'int java.lang.invoke.DirectMethodHandle$Holder.invokeStaticInit(java.lang.Object, int)'> (0x00000007160d1f00) 
thrown [s\src\hotspot\share\interpreter\linkResolver.cpp, line 771]
Event: 11.257 Thread 0x00000128762e8e00 Implicit null exception at 0x0000012807b715a0 to 0x0000012807b7171c
Event: 11.258 Thread 0x00000128762e8e00 Implicit null exception at 0x0000012807b351d8 to 0x0000012807b3526e
Event: 12.516 Thread 0x00000128762e8e00 Exception <a 'java/lang/NoSuchMethodError'{0x00000007169df690}: 'java.lang.Object java.lang.invoke.DirectMethodHandle$Holder.newInvokeSpecial(java.lang.Object, java.lang.Object, java.lang.Object, java.lang.Object, java.lang.Object, java.lang.Object, java.lang.Object)'> (0x00000007169df690) 
thrown [s\src\hotspot\share\interpreter\linkResolver.cpp, line 771]
Event: 12.517 Thread 0x00000128762e8e00 Exception <a 'java/lang/NoSuchMethodError'{0x00000007169e4248}: 'java.lang.Object java.lang.invoke.Invokers$Holder.linkToTargetMethod(java.lang.Object, java.lang.Object, java.lang.Object, java.lang.Object, java.lang.Object, java.lang.Object, java.lang.Object)'> (0x00000007169e4248) 
thrown [s\src\hotspot\share\interpreter\linkResolver.cpp, line 771]
Event: 12.775 Thread 0x00000128762e8e00 Exception <a 'java/lang/NoSuchMethodError'{0x000000071fa9b4a8}: 'java.lang.Object java.lang.invoke.DirectMethodHandle$Holder.invokeInterface(java.lang.Object, java.lang.Object, java.lang.Object)'> (0x000000071fa9b4a8) 
thrown [s\src\hotspot\share\interpreter\linkResolver.cpp, line 771]
Event: 12.776 Thread 0x00000128762e8e00 Exception <a 'java/lang/IncompatibleClassChangeError'{0x000000071fa9f610}: Found class java.lang.Object, but interface was expected> (0x000000071fa9f610) 
thrown [s\src\hotspot\share\interpreter\linkResolver.cpp, line 838]
Event: 12.980 Thread 0x00000128762e8e00 Implicit null exception at 0x0000012807b63cef to 0x0000012807b63ee4
Event: 13.980 Thread 0x00000128762e8e00 Exception <a 'java/lang/NoSuchMethodError'{0x0000000719102e50}: 'java.lang.Object java.lang.invoke.Invokers$Holder.linkToTargetMethod(java.lang.Object, java.lang.Object, int, int, java.lang.Object, java.lang.Object, java.lang.Object, java.lang.Object, java.lang.Object)'> (0x0000000719102e50) 
thrown [s\src\hotspot\share\interpreter\linkResolver.cpp, line 771]
Event: 14.667 Thread 0x00000128762e8e00 Exception <a 'java/lang/NoSuchMethodError'{0x00000007186a7920}: 'java.lang.Object java.lang.invoke.DirectMethodHandle$Holder.invokeStatic(java.lang.Object, int, java.lang.Object)'> (0x00000007186a7920) 
thrown [s\src\hotspot\share\interpreter\linkResolver.cpp, line 771]
Event: 14.680 Thread 0x00000128762e8e00 Exception <a 'java/lang/NoSuchMethodError'{0x00000007186cf8c0}: 'java.lang.Object java.lang.invoke.DirectMethodHandle$Holder.newInvokeSpecial(java.lang.Object, int, java.lang.Object, java.lang.Object)'> (0x00000007186cf8c0) 
thrown [s\src\hotspot\share\interpreter\linkResolver.cpp, line 771]
Event: 16.553 Thread 0x00000128762e8e00 Implicit null exception at 0x0000012807b3b574 to 0x0000012807b3b7b4

VM Operations (20 events):
Event: 16.842 Executing VM operation: HandshakeAllThreads
Event: 16.842 Executing VM operation: HandshakeAllThreads done
Event: 16.990 Executing VM operation: HandshakeAllThreads
Event: 16.990 Executing VM operation: HandshakeAllThreads done
Event: 17.019 Executing VM operation: ICBufferFull
Event: 17.020 Executing VM operation: ICBufferFull done
Event: 17.106 Executing VM operation: HandshakeAllThreads
Event: 17.106 Executing VM operation: HandshakeAllThreads done
Event: 17.238 Executing VM operation: HandshakeAllThreads
Event: 17.238 Executing VM operation: HandshakeAllThreads done
Event: 17.383 Executing VM operation: ICBufferFull
Event: 17.383 Executing VM operation: ICBufferFull done
Event: 17.434 Executing VM operation: HandshakeAllThreads
Event: 17.434 Executing VM operation: HandshakeAllThreads done
Event: 17.615 Executing VM operation: HandshakeAllThreads
Event: 17.615 Executing VM operation: HandshakeAllThreads done
Event: 17.645 Executing VM operation: ICBufferFull
Event: 17.645 Executing VM operation: ICBufferFull done
Event: 18.025 Executing VM operation: ICBufferFull
Event: 18.025 Executing VM operation: ICBufferFull done

Events (20 events):
Event: 17.461 loading class java/lang/constant/DirectMethodHandleDescImpl
Event: 17.462 loading class java/lang/constant/DirectMethodHandleDesc
Event: 17.462 loading class java/lang/constant/DirectMethodHandleDesc done
Event: 17.462 loading class java/lang/constant/DirectMethodHandleDescImpl done
Event: 17.462 loading class java/lang/constant/DirectMethodHandleDescImpl$1
Event: 17.462 loading class java/lang/constant/DirectMethodHandleDescImpl$1 done
Event: 17.462 loading class java/lang/constant/DirectMethodHandleDesc$1
Event: 17.462 loading class java/lang/constant/DirectMethodHandleDesc$1 done
Event: 17.462 loading class java/lang/constant/PrimitiveClassDescImpl
Event: 17.462 loading class java/lang/constant/DynamicConstantDesc
Event: 17.463 loading class java/lang/constant/DynamicConstantDesc done
Event: 17.463 loading class java/lang/constant/PrimitiveClassDescImpl done
Event: 17.463 loading class java/lang/constant/DynamicConstantDesc$AnonymousDynamicConstantDesc
Event: 17.463 loading class java/lang/constant/DynamicConstantDesc$AnonymousDynamicConstantDesc done
Event: 17.463 loading class java/util/Base64
Event: 17.464 loading class java/util/Base64 done
Event: 17.464 loading class java/util/Base64$Encoder
Event: 17.464 loading class java/util/Base64$Encoder done
Event: 17.610 Thread 0x0000012817a728e0 Thread exited: 0x0000012817a728e0
Event: 17.699 Thread 0x0000012817a71ec0 Thread added: 0x0000012817a71ec0


Dynamic libraries:
0x00007ff76c920000 - 0x00007ff76c92a000 	D:\Program Files\Android\Android Studio1\jbr\bin\java.exe
0x00007ffbd81f0000 - 0x00007ffbd8407000 	C:\Windows\SYSTEM32\ntdll.dll
0x00007ffbd7930000 - 0x00007ffbd79f4000 	C:\Windows\System32\KERNEL32.DLL
0x00007ffbd5800000 - 0x00007ffbd5ba6000 	C:\Windows\System32\KERNELBASE.dll
0x00007ffbd5d90000 - 0x00007ffbd5ea1000 	C:\Windows\System32\ucrtbase.dll
0x00007ffbbff50000 - 0x00007ffbbff6b000 	D:\Program Files\Android\Android Studio1\jbr\bin\VCRUNTIME140.dll
0x00007ffbca5f0000 - 0x00007ffbca607000 	D:\Program Files\Android\Android Studio1\jbr\bin\jli.dll
0x00007ffbd6cf0000 - 0x00007ffbd6e9d000 	C:\Windows\System32\USER32.dll
0x00007ffbd4830000 - 0x00007ffbd4ac3000 	C:\Windows\WinSxS\amd64_microsoft.windows.common-controls_6595b64144ccf1df_6.0.22621.2361_none_2712ced57382f843\COMCTL32.dll
0x00007ffbd5f20000 - 0x00007ffbd5f46000 	C:\Windows\System32\win32u.dll
0x00007ffbd7b50000 - 0x00007ffbd7bf7000 	C:\Windows\System32\msvcrt.dll
0x00007ffbd6300000 - 0x00007ffbd6329000 	C:\Windows\System32\GDI32.dll
0x00007ffbd56e0000 - 0x00007ffbd57f8000 	C:\Windows\System32\gdi32full.dll
0x00007ffbd5c30000 - 0x00007ffbd5cca000 	C:\Windows\System32\msvcp_win.dll
0x00007ffbd62c0000 - 0x00007ffbd62f1000 	C:\Windows\System32\IMM32.DLL
0x00007ffbca9b0000 - 0x00007ffbca9bc000 	D:\Program Files\Android\Android Studio1\jbr\bin\vcruntime140_1.dll
0x00007ffba94f0000 - 0x00007ffba957d000 	D:\Program Files\Android\Android Studio1\jbr\bin\msvcp140.dll
0x00007ffb3eb70000 - 0x00007ffb3f7de000 	D:\Program Files\Android\Android Studio1\jbr\bin\server\jvm.dll
0x00007ffbd61f0000 - 0x00007ffbd62a0000 	C:\Windows\System32\ADVAPI32.dll
0x00007ffbd7290000 - 0x00007ffbd7336000 	C:\Windows\System32\sechost.dll
0x00007ffbd7a20000 - 0x00007ffbd7b37000 	C:\Windows\System32\RPCRT4.dll
0x00007ffbd2260000 - 0x00007ffbd2294000 	C:\Windows\SYSTEM32\WINMM.dll
0x00007ffbd3d50000 - 0x00007ffbd3d5a000 	C:\Windows\SYSTEM32\VERSION.dll
0x00007ffbae770000 - 0x00007ffbae779000 	C:\Windows\SYSTEM32\WSOCK32.dll
0x00007ffbd7350000 - 0x00007ffbd73c1000 	C:\Windows\System32\WS2_32.dll
0x00007ffbd35f0000 - 0x00007ffbd3608000 	C:\Windows\SYSTEM32\kernel.appcore.dll
0x00007ffbd0cb0000 - 0x00007ffbd0cba000 	D:\Program Files\Android\Android Studio1\jbr\bin\jimage.dll
0x00007ffbd4e00000 - 0x00007ffbd502e000 	C:\Windows\SYSTEM32\DBGHELP.DLL
0x00007ffbd7db0000 - 0x00007ffbd813a000 	C:\Windows\System32\combase.dll
0x00007ffbd6ec0000 - 0x00007ffbd6f97000 	C:\Windows\System32\OLEAUT32.dll
0x00007ffbd4cc0000 - 0x00007ffbd4cf2000 	C:\Windows\SYSTEM32\dbgcore.DLL
0x00007ffbd5bb0000 - 0x00007ffbd5c2a000 	C:\Windows\System32\bcryptPrimitives.dll
0x00007ffbcfac0000 - 0x00007ffbcfae5000 	D:\Program Files\Android\Android Studio1\jbr\bin\java.dll
0x00007ffbcfb30000 - 0x00007ffbcfb48000 	D:\Program Files\Android\Android Studio1\jbr\bin\zip.dll
0x00007ffbd6490000 - 0x00007ffbd6ce8000 	C:\Windows\System32\SHELL32.dll
0x00007ffbd2570000 - 0x00007ffbd2e62000 	C:\Windows\SYSTEM32\windows.storage.dll
0x00007ffbd2430000 - 0x00007ffbd256e000 	C:\Windows\SYSTEM32\wintypes.dll
0x00007ffbd6390000 - 0x00007ffbd6483000 	C:\Windows\System32\SHCORE.dll
0x00007ffbd6330000 - 0x00007ffbd638e000 	C:\Windows\System32\shlwapi.dll
0x00007ffbd54a0000 - 0x00007ffbd54c6000 	C:\Windows\SYSTEM32\profapi.dll
0x00007ffbcc910000 - 0x00007ffbcc929000 	D:\Program Files\Android\Android Studio1\jbr\bin\net.dll
0x00007ffbcc040000 - 0x00007ffbcc177000 	C:\Windows\SYSTEM32\WINHTTP.dll
0x00007ffbd3a30000 - 0x00007ffbd3a99000 	C:\Windows\system32\mswsock.dll
0x00007ffbcc690000 - 0x00007ffbcc6a6000 	D:\Program Files\Android\Android Studio1\jbr\bin\nio.dll
0x00007ffbcbbd0000 - 0x00007ffbcbbe0000 	D:\Program Files\Android\Android Studio1\jbr\bin\verify.dll

dbghelp: loaded successfully - version: 4.0.5 - missing functions: none
symbol engine: initialized successfully - sym options: 0x614 - pdb path: .;D:\Program Files\Android\Android Studio1\jbr\bin;C:\Windows\SYSTEM32;C:\Windows\WinSxS\amd64_microsoft.windows.common-controls_6595b64144ccf1df_6.0.22621.2361_none_2712ced57382f843;D:\Program Files\Android\Android Studio1\jbr\bin\server

VM Arguments:
java_command: org.jetbrains.kotlin.cli.jvm.K2JVMCompiler @C:\Users\RoGad\AndroidStudioProjects\xuy\app\build\20231102_2487037620914850946.compiler.options
java_class_path (initial): C:\Users\RoGad\.gradle\caches\modules-2\files-2.1\org.jetbrains.kotlin\kotlin-compiler-embeddable\1.8.10\b0757fd774344d54ce93f5ad6c30ba1c1731c8ff\kotlin-compiler-embeddable-1.8.10.jar;C:\Users\RoGad\.gradle\caches\modules-2\files-2.1\org.jetbrains.kotlin\kotlin-stdlib\1.8.10\6d5560a229477df9406943d5feda5618e98eb64c\kotlin-stdlib-1.8.10.jar;C:\Users\RoGad\.gradle\caches\modules-2\files-2.1\org.jetbrains.kotlin\kotlin-script-runtime\1.8.10\b13ea9c7e46d589139e56086a878763290e20bd5\kotlin-script-runtime-1.8.10.jar;C:\Users\RoGad\.gradle\caches\modules-2\files-2.1\org.jetbrains.kotlin\kotlin-reflect\1.6.10\1cbe9c92c12a94eea200d23c2bbaedaf3daf5132\kotlin-reflect-1.6.10.jar;C:\Users\RoGad\.gradle\caches\modules-2\files-2.1\org.jetbrains.kotlin\kotlin-daemon-embeddable\1.8.10\ad8541d9bc1cf9e52c3204161247910c2cf601d4\kotlin-daemon-embeddable-1.8.10.jar;C:\Users\RoGad\.gradle\caches\modules-2\files-2.1\org.jetbrains.intellij.deps\trove4j\1.0.20200330\3afb14d5f9ceb459d724e907a21145e8ff394f02\trove4j-1.0.20200330.jar;C:\Users\RoGad\.gradle\caches\modules-2\files-2.1\net.java.dev.jna\jna\5.6.0\330f2244e9030119ab3030fc3fededc86713d9cc\jna-5.6.0.jar;C:\Users\RoGad\.gradle\caches\modules-2\files-2.1\org.jetbrains.kotlin\kotlin-stdlib-common\1.8.10\a61b182458550492c12aee66157d7b524a63a5ec\kotlin-stdlib-common-1.8.10.jar;C:\Users\RoGad\.gradle\caches\modules-2\files-2.1\org.jetbrains\annotations\13.0\919f0dfe192fb4e063e7dacadee7f8bb9a2672a9\annotations-13.0.jar
Launcher Type: SUN_STANDARD

[Global flags]
     intx CICompilerCount                          = 4                                         {product} {ergonomic}
     uint ConcGCThreads                            = 2                                         {product} {ergonomic}
     uint G1ConcRefinementThreads                  = 8                                         {product} {ergonomic}
   size_t G1HeapRegionSize                         = 2097152                                   {product} {ergonomic}
    uintx GCDrainStackTargetSize                   = 64                                        {product} {ergonomic}
   size_t InitialHeapSize                          = 251658240                                 {product} {ergonomic}
   size_t MarkStackSize                            = 4194304                                   {product} {ergonomic}
   size_t MaxHeapSize                              = 4009754624                                {product} {ergonomic}
   size_t MaxNewSize                               = 2405433344                                {product} {ergonomic}
   size_t MinHeapDeltaBytes                        = 2097152                                   {product} {ergonomic}
   size_t MinHeapSize                              = 8388608                                   {product} {ergonomic}
    uintx NonNMethodCodeHeapSize                   = 5839372                                {pd product} {ergonomic}
    uintx NonProfiledCodeHeapSize                  = 122909434                              {pd product} {ergonomic}
    uintx ProfiledCodeHeapSize                     = 122909434                              {pd product} {ergonomic}
    uintx ReservedCodeCacheSize                    = 251658240                              {pd product} {ergonomic}
     bool SegmentedCodeCache                       = true                                      {product} {ergonomic}
   size_t SoftMaxHeapSize                          = 4009754624                             {manageable} {ergonomic}
     bool UseCompressedClassPointers               = true                           {product lp64_product} {ergonomic}
     bool UseCompressedOops                        = true                           {product lp64_product} {ergonomic}
     bool UseG1GC                                  = true                                      {product} {ergonomic}
     bool UseLargePagesIndividualAllocation        = false                                  {pd product} {ergonomic}

Logging:
Log output configuration:
 #0: stdout all=warning uptime,level,tags
 #1: stderr all=off uptime,level,tags

Environment Variables:
PATH=C:\Program Files (x86)\Common Files\Oracle\Java\javapath;C:\WINDOWS\system32;C:\WINDOWS;C:\WINDOWS\System32\Wbem;C:\WINDOWS\System32\WindowsPowerShell\v1.0\;C:\WINDOWS\System32\OpenSSH\;C:\Program Files\Microsoft SQL Server\150\Tools\Binn\;C:\Windows\system32;C:\Windows;C:\Windows\System32\Wbem;C:\Windows\System32\WindowsPowerShell\v1.0\;C:\Windows\System32\OpenSSH\;C:\Program Files\Git\cmd;C:\Program Files\dotnet\;C:\ProgramData\chocolatey\bin;C:\MinGW\bin;C:\Users\RoGad\AppData\Local\Microsoft\WindowsApps;C:\Users\RoGad\.dotnet\tools;C:\tools\dart-sdk\bin;C:\Users\RoGad\AppData\Local\Pub\Cache\bin;C:\Users\RoGad\AppData\Local\Programs\Microsoft VS Code\bin;C:\flutter\bin;
USERNAME=RoGad
OS=Windows_NT
PROCESSOR_IDENTIFIER=AMD64 Family 23 Model 24 Stepping 1, AuthenticAMD
TMP=C:\Users\RoGad\AppData\Local\Temp
TEMP=C:\Users\RoGad\AppData\Local\Temp


JNI global refs:
JNI global refs: 11, weak refs: 0

JNI global refs memory usage: 843, weak refs: 841


---------------  S Y S T E M  ---------------

OS:
 Windows 11 , 64 bit Build 22621 (10.0.22621.2428)
OS uptime: 0 days 7:26 hours
Hyper-V role detected

CPU: total 8 (initial active 8) (8 cores per cpu, 2 threads per core) family 23 model 24 stepping 1 microcode 0x0, cx8, cmov, fxsr, ht, mmx, 3dnowpref, sse, sse2, sse3, ssse3, sse4a, sse4.1, sse4.2, popcnt, lzcnt, tsc, tscinvbit, avx, avx2, aes, clmul, bmi1, bmi2, adx, sha, fma, vzeroupper, clflush, clflushopt, hv

Memory: 4k page, system-wide physical 15295M (6312M free)
TotalPageFile size 17599M (AvailPageFile size 5942M)
current process WorkingSet (physical memory assigned to process): 318M, peak: 318M
current process commit charge ("private bytes"): 368M, peak: 368M

vm_info: OpenJDK 64-Bit Server VM (17.0.6+0-b2043.56-10027231) for windows-amd64 JRE (17.0.6+0-b2043.56-10027231), built on Apr 28 2023 00:43:19 by "androidbuild" with MS VC++ 16.10 / 16.11 (VS2019)

END.
